ARM GAS  /tmp/ccEbghxk.s 			page 1


   1              		.cpu cortex-m3
   2              		.eabi_attribute 20, 1
   3              		.eabi_attribute 21, 1
   4              		.eabi_attribute 23, 3
   5              		.eabi_attribute 24, 1
   6              		.eabi_attribute 25, 1
   7              		.eabi_attribute 26, 1
   8              		.eabi_attribute 30, 2
   9              		.eabi_attribute 34, 1
  10              		.eabi_attribute 18, 4
  11              		.file	"ads1115.c"
  12              		.text
  13              	.Ltext0:
  14              		.cfi_sections	.debug_frame
  15              		.section	.text.ADS1115_Init,"ax",%progbits
  16              		.align	1
  17              		.p2align 2,,3
  18              		.global	ADS1115_Init
  19              		.arch armv7-m
  20              		.syntax unified
  21              		.thumb
  22              		.thumb_func
  23              		.fpu softvfp
  25              	ADS1115_Init:
  26              	.LVL0:
  27              	.LFB29:
  28              		.file 1 "../application/Src/ads1115.c"
   1:../application/Src/ads1115.c **** /**
   2:../application/Src/ads1115.c ****   ******************************************************************************
   3:../application/Src/ads1115.c ****   * @file           : ads1115.c
   4:../application/Src/ads1115.c ****   * @brief          : ADS1115 ADC driver implementation
   5:../application/Src/ads1115.c **** 			
   6:../application/Src/ads1115.c **** 		FreeJoy software for game device controllers
   7:../application/Src/ads1115.c ****     Copyright (C) 2020  Yury Vostrenkov (yuvostrenkov@gmail.com)
   8:../application/Src/ads1115.c **** 
   9:../application/Src/ads1115.c ****     This program is free software: you can redistribute it and/or modify
  10:../application/Src/ads1115.c ****     it under the terms of the GNU General Public License as published by
  11:../application/Src/ads1115.c ****     the Free Software Foundation, either version 3 of the License, or
  12:../application/Src/ads1115.c ****     (at your option) any later version.
  13:../application/Src/ads1115.c **** 
  14:../application/Src/ads1115.c ****     This program is distributed in the hope that it will be useful,
  15:../application/Src/ads1115.c ****     but WITHOUT ANY WARRANTY; without even the implied warranty of
  16:../application/Src/ads1115.c ****     MERCHANTABILITY or FITNESS FOR A PARTICULAR PURPOSE.  See the
  17:../application/Src/ads1115.c ****     GNU General Public License for more details.
  18:../application/Src/ads1115.c **** 
  19:../application/Src/ads1115.c ****     You should have received a copy of the GNU General Public License
  20:../application/Src/ads1115.c ****     along with this program.  If not, see <https://www.gnu.org/licenses/>.
  21:../application/Src/ads1115.c **** 		
  22:../application/Src/ads1115.c ****   ******************************************************************************
  23:../application/Src/ads1115.c ****   */
  24:../application/Src/ads1115.c **** 
  25:../application/Src/ads1115.c **** #include "ads1115.h"
  26:../application/Src/ads1115.c **** 
  27:../application/Src/ads1115.c **** /**
  28:../application/Src/ads1115.c ****   * @brief ADS1115 init function
  29:../application/Src/ads1115.c ****   * @param sensor: Sensor struct
  30:../application/Src/ads1115.c ****   * @retval None
ARM GAS  /tmp/ccEbghxk.s 			page 2


  31:../application/Src/ads1115.c ****   */
  32:../application/Src/ads1115.c **** void ADS1115_Init(sensor_t * sensor)
  33:../application/Src/ads1115.c **** {
  29              		.loc 1 33 1 view -0
  30              		.cfi_startproc
  31              		@ args = 0, pretend = 0, frame = 8
  32              		@ frame_needed = 0, uses_anonymous_args = 0
  34:../application/Src/ads1115.c **** 	int status;
  33              		.loc 1 34 2 view .LVU1
  35:../application/Src/ads1115.c **** 	uint8_t tmp_buf[2];
  34              		.loc 1 35 2 view .LVU2
  36:../application/Src/ads1115.c **** 	
  37:../application/Src/ads1115.c **** 	tmp_buf[0] = 0xC3;
  35              		.loc 1 37 2 view .LVU3
  38:../application/Src/ads1115.c **** 	tmp_buf[1] = 0xE3;
  36              		.loc 1 38 2 view .LVU4
  33:../application/Src/ads1115.c **** 	int status;
  37              		.loc 1 33 1 is_stmt 0 view .LVU5
  38 0000 30B5     		push	{r4, r5, lr}
  39              	.LCFI0:
  40              		.cfi_def_cfa_offset 12
  41              		.cfi_offset 4, -12
  42              		.cfi_offset 5, -8
  43              		.cfi_offset 14, -4
  37:../application/Src/ads1115.c **** 	tmp_buf[1] = 0xE3;
  44              		.loc 1 37 13 view .LVU6
  45 0002 4EF2C335 		movw	r5, #58307
  33:../application/Src/ads1115.c **** 	int status;
  46              		.loc 1 33 1 view .LVU7
  47 0006 85B0     		sub	sp, sp, #20
  48              	.LCFI1:
  49              		.cfi_def_cfa_offset 32
  39:../application/Src/ads1115.c **** 	status = I2C_WriteBlocking(sensor->address, 1, tmp_buf, 2);
  50              		.loc 1 39 11 view .LVU8
  51 0008 0223     		movs	r3, #2
  33:../application/Src/ads1115.c **** 	int status;
  52              		.loc 1 33 1 view .LVU9
  53 000a 0446     		mov	r4, r0
  54              		.loc 1 39 11 view .LVU10
  55 000c 0121     		movs	r1, #1
  56 000e 407B     		ldrb	r0, [r0, #13]	@ zero_extendqisi2
  57              	.LVL1:
  58              		.loc 1 39 11 view .LVU11
  59 0010 03AA     		add	r2, sp, #12
  37:../application/Src/ads1115.c **** 	tmp_buf[1] = 0xE3;
  60              		.loc 1 37 13 view .LVU12
  61 0012 ADF80C50 		strh	r5, [sp, #12]	@ movhi
  62              		.loc 1 39 2 is_stmt 1 view .LVU13
  63              		.loc 1 39 11 is_stmt 0 view .LVU14
  64 0016 FFF7FEFF 		bl	I2C_WriteBlocking
  65              	.LVL2:
  40:../application/Src/ads1115.c **** 
  41:../application/Src/ads1115.c **** 	tmp_buf[0] = 0x00;
  66              		.loc 1 41 2 is_stmt 1 view .LVU15
  42:../application/Src/ads1115.c **** 	tmp_buf[1] = 0x00;
  67              		.loc 1 42 2 view .LVU16
  41:../application/Src/ads1115.c **** 	tmp_buf[1] = 0x00;
ARM GAS  /tmp/ccEbghxk.s 			page 3


  68              		.loc 1 41 13 is_stmt 0 view .LVU17
  69 001a 0023     		movs	r3, #0
  70 001c ADF80C30 		strh	r3, [sp, #12]	@ movhi
  43:../application/Src/ads1115.c **** 	if (status == 0)
  71              		.loc 1 43 2 is_stmt 1 view .LVU18
  72              		.loc 1 43 5 is_stmt 0 view .LVU19
  73 0020 08B1     		cbz	r0, .L5
  44:../application/Src/ads1115.c **** 	{
  45:../application/Src/ads1115.c **** 		status = I2C_ReadBlocking(sensor->address, 1, tmp_buf, 2, 0);
  46:../application/Src/ads1115.c **** 	}
  47:../application/Src/ads1115.c **** }
  74              		.loc 1 47 1 view .LVU20
  75 0022 05B0     		add	sp, sp, #20
  76              	.LCFI2:
  77              		.cfi_remember_state
  78              		.cfi_def_cfa_offset 12
  79              		@ sp needed
  80 0024 30BD     		pop	{r4, r5, pc}
  81              	.LVL3:
  82              	.L5:
  83              	.LCFI3:
  84              		.cfi_restore_state
  45:../application/Src/ads1115.c **** 	}
  85              		.loc 1 45 3 is_stmt 1 view .LVU21
  45:../application/Src/ads1115.c **** 	}
  86              		.loc 1 45 12 is_stmt 0 view .LVU22
  87 0026 0090     		str	r0, [sp]
  88 0028 0223     		movs	r3, #2
  89 002a 0121     		movs	r1, #1
  90 002c 607B     		ldrb	r0, [r4, #13]	@ zero_extendqisi2
  91              	.LVL4:
  45:../application/Src/ads1115.c **** 	}
  92              		.loc 1 45 12 view .LVU23
  93 002e 03AA     		add	r2, sp, #12
  94 0030 FFF7FEFF 		bl	I2C_ReadBlocking
  95              	.LVL5:
  96              		.loc 1 47 1 view .LVU24
  97 0034 05B0     		add	sp, sp, #20
  98              	.LCFI4:
  99              		.cfi_def_cfa_offset 12
 100              		@ sp needed
 101 0036 30BD     		pop	{r4, r5, pc}
 102              		.loc 1 47 1 view .LVU25
 103              		.cfi_endproc
 104              	.LFE29:
 106              		.section	.text.ADS1115_GetData,"ax",%progbits
 107              		.align	1
 108              		.p2align 2,,3
 109              		.global	ADS1115_GetData
 110              		.syntax unified
 111              		.thumb
 112              		.thumb_func
 113              		.fpu softvfp
 115              	ADS1115_GetData:
 116              	.LVL6:
 117              	.LFB30:
  48:../application/Src/ads1115.c **** 
ARM GAS  /tmp/ccEbghxk.s 			page 4


  49:../application/Src/ads1115.c **** /**
  50:../application/Src/ads1115.c ****   * @brief ADS1115 get measured data
  51:../application/Src/ads1115.c ****   * @param sensor: Sensor struct
  52:../application/Src/ads1115.c ****   * @retval data
  53:../application/Src/ads1115.c ****   */
  54:../application/Src/ads1115.c **** int16_t ADS1115_GetData(sensor_t * sensor, uint8_t channel)
  55:../application/Src/ads1115.c **** {
 118              		.loc 1 55 1 is_stmt 1 view -0
 119              		.cfi_startproc
 120              		@ args = 0, pretend = 0, frame = 0
 121              		@ frame_needed = 0, uses_anonymous_args = 0
 122              		@ link register save eliminated.
  56:../application/Src/ads1115.c **** 	return sensor->data[3+2*channel]<<8|sensor->data[4 + 2*channel];
 123              		.loc 1 56 2 view .LVU27
 124              		.loc 1 56 21 is_stmt 0 view .LVU28
 125 0000 00EB4101 		add	r1, r0, r1, lsl #1
 126              	.LVL7:
 127              		.loc 1 56 21 view .LVU29
 128 0004 4B7C     		ldrb	r3, [r1, #17]	@ zero_extendqisi2
 129              		.loc 1 56 50 view .LVU30
 130 0006 887C     		ldrb	r0, [r1, #18]	@ zero_extendqisi2
 131              	.LVL8:
 132              		.loc 1 56 37 view .LVU31
 133 0008 40EA0320 		orr	r0, r0, r3, lsl #8
  57:../application/Src/ads1115.c **** }
 134              		.loc 1 57 1 view .LVU32
 135 000c 00B2     		sxth	r0, r0
 136 000e 7047     		bx	lr
 137              		.cfi_endproc
 138              	.LFE30:
 140              		.section	.text.ADS1115_ReadBlocking,"ax",%progbits
 141              		.align	1
 142              		.p2align 2,,3
 143              		.global	ADS1115_ReadBlocking
 144              		.syntax unified
 145              		.thumb
 146              		.thumb_func
 147              		.fpu softvfp
 149              	ADS1115_ReadBlocking:
 150              	.LVL9:
 151              	.LFB31:
  58:../application/Src/ads1115.c **** 
  59:../application/Src/ads1115.c **** /**
  60:../application/Src/ads1115.c ****   * @brief ADS1115 start processing data in blocking mode
  61:../application/Src/ads1115.c ****   * @param sensor: Sensor struct
  62:../application/Src/ads1115.c ****   * @retval status
  63:../application/Src/ads1115.c ****   */
  64:../application/Src/ads1115.c **** int ADS1115_ReadBlocking(sensor_t * sensor, uint8_t channel)
  65:../application/Src/ads1115.c **** {
 152              		.loc 1 65 1 is_stmt 1 view -0
 153              		.cfi_startproc
 154              		@ args = 0, pretend = 0, frame = 8
 155              		@ frame_needed = 0, uses_anonymous_args = 0
  66:../application/Src/ads1115.c **** 	int ret;
 156              		.loc 1 66 2 view .LVU34
  67:../application/Src/ads1115.c **** 	uint8_t tmp_buf[2];
 157              		.loc 1 67 2 view .LVU35
ARM GAS  /tmp/ccEbghxk.s 			page 5


  68:../application/Src/ads1115.c **** 	
  69:../application/Src/ads1115.c **** 	ret = I2C_ReadBlocking(sensor->address, 0, tmp_buf, 2, 0);
 158              		.loc 1 69 2 view .LVU36
 159              		.loc 1 69 8 is_stmt 0 view .LVU37
 160 0000 0023     		movs	r3, #0
  65:../application/Src/ads1115.c **** 	int ret;
 161              		.loc 1 65 1 view .LVU38
 162 0002 30B5     		push	{r4, r5, lr}
 163              	.LCFI5:
 164              		.cfi_def_cfa_offset 12
 165              		.cfi_offset 4, -12
 166              		.cfi_offset 5, -8
 167              		.cfi_offset 14, -4
 168 0004 85B0     		sub	sp, sp, #20
 169              	.LCFI6:
 170              		.cfi_def_cfa_offset 32
  65:../application/Src/ads1115.c **** 	int ret;
 171              		.loc 1 65 1 view .LVU39
 172 0006 0446     		mov	r4, r0
 173 0008 0D46     		mov	r5, r1
 174              		.loc 1 69 8 view .LVU40
 175 000a 407B     		ldrb	r0, [r0, #13]	@ zero_extendqisi2
 176              	.LVL10:
 177              		.loc 1 69 8 view .LVU41
 178 000c 1946     		mov	r1, r3
 179              	.LVL11:
 180              		.loc 1 69 8 view .LVU42
 181 000e 0093     		str	r3, [sp]
 182 0010 03AA     		add	r2, sp, #12
 183 0012 0223     		movs	r3, #2
 184 0014 FFF7FEFF 		bl	I2C_ReadBlocking
 185              	.LVL12:
  70:../application/Src/ads1115.c **** 	
  71:../application/Src/ads1115.c **** 	if (ret == 0 ) 
 186              		.loc 1 71 2 is_stmt 1 view .LVU43
 187              		.loc 1 71 5 is_stmt 0 view .LVU44
 188 0018 50B9     		cbnz	r0, .L8
  72:../application/Src/ads1115.c **** 	{
  73:../application/Src/ads1115.c **** 		memcpy(&sensor->data[3 + 2*channel], tmp_buf, 2);
 189              		.loc 1 73 3 is_stmt 1 view .LVU45
 190 001a BDF80C30 		ldrh	r3, [sp, #12]
 191 001e 04EB4505 		add	r5, r4, r5, lsl #1
 192 0022 A5F81130 		strh	r3, [r5, #17]	@ unaligned
  74:../application/Src/ads1115.c **** 		sensor->ok_cnt++;
 193              		.loc 1 74 3 view .LVU46
 194              		.loc 1 74 17 is_stmt 0 view .LVU47
 195 0026 2368     		ldr	r3, [r4]
 196 0028 0133     		adds	r3, r3, #1
 197 002a 2360     		str	r3, [r4]
  75:../application/Src/ads1115.c **** 	}
  76:../application/Src/ads1115.c **** 	else sensor->err_cnt++;
  77:../application/Src/ads1115.c **** 	
  78:../application/Src/ads1115.c **** 	return ret;
  79:../application/Src/ads1115.c **** }
 198              		.loc 1 79 1 view .LVU48
 199 002c 05B0     		add	sp, sp, #20
 200              	.LCFI7:
ARM GAS  /tmp/ccEbghxk.s 			page 6


 201              		.cfi_remember_state
 202              		.cfi_def_cfa_offset 12
 203              		@ sp needed
 204 002e 30BD     		pop	{r4, r5, pc}
 205              	.LVL13:
 206              	.L8:
 207              	.LCFI8:
 208              		.cfi_restore_state
  76:../application/Src/ads1115.c **** 	
 209              		.loc 1 76 7 is_stmt 1 view .LVU49
  76:../application/Src/ads1115.c **** 	
 210              		.loc 1 76 22 is_stmt 0 view .LVU50
 211 0030 6368     		ldr	r3, [r4, #4]
 212 0032 0133     		adds	r3, r3, #1
 213 0034 6360     		str	r3, [r4, #4]
  78:../application/Src/ads1115.c **** }
 214              		.loc 1 78 2 is_stmt 1 view .LVU51
 215              		.loc 1 79 1 is_stmt 0 view .LVU52
 216 0036 05B0     		add	sp, sp, #20
 217              	.LCFI9:
 218              		.cfi_def_cfa_offset 12
 219              		@ sp needed
 220 0038 30BD     		pop	{r4, r5, pc}
 221              		.loc 1 79 1 view .LVU53
 222              		.cfi_endproc
 223              	.LFE31:
 225 003a 00BF     		.section	.text.ADS1115_SetMuxBlocking,"ax",%progbits
 226              		.align	1
 227              		.p2align 2,,3
 228              		.global	ADS1115_SetMuxBlocking
 229              		.syntax unified
 230              		.thumb
 231              		.thumb_func
 232              		.fpu softvfp
 234              	ADS1115_SetMuxBlocking:
 235              	.LVL14:
 236              	.LFB32:
  80:../application/Src/ads1115.c **** 
  81:../application/Src/ads1115.c **** /**
  82:../application/Src/ads1115.c ****   * @brief ADS1115 set mux in blocking mode
  83:../application/Src/ads1115.c ****   * @param sensor: Sensor struct
  84:../application/Src/ads1115.c ****   * @retval status
  85:../application/Src/ads1115.c ****   */
  86:../application/Src/ads1115.c **** int ADS1115_SetMuxBlocking(sensor_t * sensor, uint8_t channel)
  87:../application/Src/ads1115.c **** {
 237              		.loc 1 87 1 is_stmt 1 view -0
 238              		.cfi_startproc
 239              		@ args = 0, pretend = 0, frame = 8
 240              		@ frame_needed = 0, uses_anonymous_args = 0
  88:../application/Src/ads1115.c **** 	int ret;
 241              		.loc 1 88 2 view .LVU55
  89:../application/Src/ads1115.c **** 	uint8_t tmp_buf[3];
 242              		.loc 1 89 2 view .LVU56
  90:../application/Src/ads1115.c **** 	
  91:../application/Src/ads1115.c **** 	tmp_buf[0] = 0xC3 | (channel << 4);							// config reg MSB
 243              		.loc 1 91 2 view .LVU57
  87:../application/Src/ads1115.c **** 	int ret;
ARM GAS  /tmp/ccEbghxk.s 			page 7


 244              		.loc 1 87 1 is_stmt 0 view .LVU58
 245 0000 70B5     		push	{r4, r5, r6, lr}
 246              	.LCFI10:
 247              		.cfi_def_cfa_offset 16
 248              		.cfi_offset 4, -16
 249              		.cfi_offset 5, -12
 250              		.cfi_offset 6, -8
 251              		.cfi_offset 14, -4
  92:../application/Src/ads1115.c **** 	tmp_buf[1] = 0xE3;															// config reg LSB
 252              		.loc 1 92 13 view .LVU59
 253 0002 E326     		movs	r6, #227
  87:../application/Src/ads1115.c **** 	int ret;
 254              		.loc 1 87 1 view .LVU60
 255 0004 0D46     		mov	r5, r1
  91:../application/Src/ads1115.c **** 	tmp_buf[1] = 0xE3;															// config reg LSB
 256              		.loc 1 91 31 view .LVU61
 257 0006 0901     		lsls	r1, r1, #4
 258              	.LVL15:
  87:../application/Src/ads1115.c **** 	int ret;
 259              		.loc 1 87 1 view .LVU62
 260 0008 82B0     		sub	sp, sp, #8
 261              	.LCFI11:
 262              		.cfi_def_cfa_offset 24
  91:../application/Src/ads1115.c **** 	tmp_buf[1] = 0xE3;															// config reg LSB
 263              		.loc 1 91 20 view .LVU63
 264 000a 61F03C01 		orn	r1, r1, #60
  87:../application/Src/ads1115.c **** 	int ret;
 265              		.loc 1 87 1 view .LVU64
 266 000e 0446     		mov	r4, r0
  91:../application/Src/ads1115.c **** 	tmp_buf[1] = 0xE3;															// config reg LSB
 267              		.loc 1 91 13 view .LVU65
 268 0010 8DF80410 		strb	r1, [sp, #4]
 269              		.loc 1 92 2 is_stmt 1 view .LVU66
  93:../application/Src/ads1115.c **** 	
  94:../application/Src/ads1115.c **** 	ret = I2C_WriteBlocking(sensor->address, 1, tmp_buf, 2);
 270              		.loc 1 94 8 is_stmt 0 view .LVU67
 271 0014 0223     		movs	r3, #2
 272 0016 0121     		movs	r1, #1
 273 0018 01AA     		add	r2, sp, #4
 274 001a 407B     		ldrb	r0, [r0, #13]	@ zero_extendqisi2
 275              	.LVL16:
  92:../application/Src/ads1115.c **** 	
 276              		.loc 1 92 13 view .LVU68
 277 001c 8DF80560 		strb	r6, [sp, #5]
 278              		.loc 1 94 2 is_stmt 1 view .LVU69
 279              		.loc 1 94 8 is_stmt 0 view .LVU70
 280 0020 FFF7FEFF 		bl	I2C_WriteBlocking
 281              	.LVL17:
  95:../application/Src/ads1115.c **** 	
  96:../application/Src/ads1115.c **** 	sensor->curr_channel = channel;
 282              		.loc 1 96 2 is_stmt 1 view .LVU71
 283              		.loc 1 96 23 is_stmt 0 view .LVU72
 284 0024 A572     		strb	r5, [r4, #10]
  97:../application/Src/ads1115.c **** 	
  98:../application/Src/ads1115.c **** 	return ret;
 285              		.loc 1 98 2 is_stmt 1 view .LVU73
  99:../application/Src/ads1115.c **** }
ARM GAS  /tmp/ccEbghxk.s 			page 8


 286              		.loc 1 99 1 is_stmt 0 view .LVU74
 287 0026 02B0     		add	sp, sp, #8
 288              	.LCFI12:
 289              		.cfi_def_cfa_offset 16
 290              		@ sp needed
 291 0028 70BD     		pop	{r4, r5, r6, pc}
 292              		.loc 1 99 1 view .LVU75
 293              		.cfi_endproc
 294              	.LFE32:
 296 002a 00BF     		.section	.text.ADS1115_StartDMA,"ax",%progbits
 297              		.align	1
 298              		.p2align 2,,3
 299              		.global	ADS1115_StartDMA
 300              		.syntax unified
 301              		.thumb
 302              		.thumb_func
 303              		.fpu softvfp
 305              	ADS1115_StartDMA:
 306              	.LVL18:
 307              	.LFB33:
 100:../application/Src/ads1115.c **** 
 101:../application/Src/ads1115.c **** /**
 102:../application/Src/ads1115.c ****   * @brief ADS1115 start processing data in DMA mode
 103:../application/Src/ads1115.c ****   * @param sensor: Sensor struct
 104:../application/Src/ads1115.c ****   * @retval status
 105:../application/Src/ads1115.c ****   */
 106:../application/Src/ads1115.c **** int ADS1115_StartDMA(sensor_t * sensor, uint8_t channel)
 107:../application/Src/ads1115.c **** {
 308              		.loc 1 107 1 is_stmt 1 view -0
 309              		.cfi_startproc
 310              		@ args = 0, pretend = 0, frame = 0
 311              		@ frame_needed = 0, uses_anonymous_args = 0
 108:../application/Src/ads1115.c **** 	int ret;
 312              		.loc 1 108 2 view .LVU77
 109:../application/Src/ads1115.c **** 	
 110:../application/Src/ads1115.c **** 	sensor->rx_complete = 0;	
 313              		.loc 1 110 2 view .LVU78
 107:../application/Src/ads1115.c **** 	int ret;
 314              		.loc 1 107 1 is_stmt 0 view .LVU79
 315 0000 0A46     		mov	r2, r1
 111:../application/Src/ads1115.c **** 	ret = I2C_ReadNonBlocking(sensor->address, 0, &sensor->data[3 + 2*channel], 2, 1);
 316              		.loc 1 111 8 view .LVU80
 317 0002 0123     		movs	r3, #1
 110:../application/Src/ads1115.c **** 	ret = I2C_ReadNonBlocking(sensor->address, 0, &sensor->data[3 + 2*channel], 2, 1);
 318              		.loc 1 110 22 view .LVU81
 319 0004 0021     		movs	r1, #0
 320              	.LVL19:
 107:../application/Src/ads1115.c **** 	int ret;
 321              		.loc 1 107 1 view .LVU82
 322 0006 10B5     		push	{r4, lr}
 323              	.LCFI13:
 324              		.cfi_def_cfa_offset 8
 325              		.cfi_offset 4, -8
 326              		.cfi_offset 14, -4
 327              		.loc 1 111 8 view .LVU83
 328 0008 00EB4202 		add	r2, r0, r2, lsl #1
 107:../application/Src/ads1115.c **** 	int ret;
ARM GAS  /tmp/ccEbghxk.s 			page 9


 329              		.loc 1 107 1 view .LVU84
 330 000c 82B0     		sub	sp, sp, #8
 331              	.LCFI14:
 332              		.cfi_def_cfa_offset 16
 110:../application/Src/ads1115.c **** 	ret = I2C_ReadNonBlocking(sensor->address, 0, &sensor->data[3 + 2*channel], 2, 1);
 333              		.loc 1 110 22 view .LVU85
 334 000e 0172     		strb	r1, [r0, #8]
 335              		.loc 1 111 2 is_stmt 1 view .LVU86
 107:../application/Src/ads1115.c **** 	int ret;
 336              		.loc 1 107 1 is_stmt 0 view .LVU87
 337 0010 0446     		mov	r4, r0
 338              		.loc 1 111 8 view .LVU88
 339 0012 1132     		adds	r2, r2, #17
 340 0014 407B     		ldrb	r0, [r0, #13]	@ zero_extendqisi2
 341              	.LVL20:
 342              		.loc 1 111 8 view .LVU89
 343 0016 0093     		str	r3, [sp]
 344 0018 0223     		movs	r3, #2
 345 001a FFF7FEFF 		bl	I2C_ReadNonBlocking
 346              	.LVL21:
 112:../application/Src/ads1115.c **** 	
 113:../application/Src/ads1115.c **** 	if (ret != 0 )  	// communication error occured
 347              		.loc 1 113 2 is_stmt 1 view .LVU90
 348              		.loc 1 113 5 is_stmt 0 view .LVU91
 349 001e 28B1     		cbz	r0, .L13
 114:../application/Src/ads1115.c **** 	{
 115:../application/Src/ads1115.c **** 		sensor->err_cnt++;
 350              		.loc 1 115 3 is_stmt 1 view .LVU92
 116:../application/Src/ads1115.c **** 		sensor->tx_complete = 1;
 117:../application/Src/ads1115.c **** 		sensor->rx_complete = 1;
 351              		.loc 1 117 23 is_stmt 0 view .LVU93
 352 0020 40F20112 		movw	r2, #257
 115:../application/Src/ads1115.c **** 		sensor->tx_complete = 1;
 353              		.loc 1 115 18 view .LVU94
 354 0024 6368     		ldr	r3, [r4, #4]
 355              		.loc 1 117 23 view .LVU95
 356 0026 2281     		strh	r2, [r4, #8]	@ movhi
 115:../application/Src/ads1115.c **** 		sensor->tx_complete = 1;
 357              		.loc 1 115 18 view .LVU96
 358 0028 0133     		adds	r3, r3, #1
 359 002a 6360     		str	r3, [r4, #4]
 116:../application/Src/ads1115.c **** 		sensor->tx_complete = 1;
 360              		.loc 1 116 3 is_stmt 1 view .LVU97
 361              		.loc 1 117 3 view .LVU98
 118:../application/Src/ads1115.c **** 	}
 119:../application/Src/ads1115.c **** 	
 120:../application/Src/ads1115.c **** 	return ret;
 362              		.loc 1 120 2 view .LVU99
 363              	.L13:
 121:../application/Src/ads1115.c **** }
 364              		.loc 1 121 1 is_stmt 0 view .LVU100
 365 002c 02B0     		add	sp, sp, #8
 366              	.LCFI15:
 367              		.cfi_def_cfa_offset 8
 368              		@ sp needed
 369 002e 10BD     		pop	{r4, pc}
 370              		.loc 1 121 1 view .LVU101
ARM GAS  /tmp/ccEbghxk.s 			page 10


 371              		.cfi_endproc
 372              	.LFE33:
 374              		.section	.text.ADS1115_SetMuxDMA,"ax",%progbits
 375              		.align	1
 376              		.p2align 2,,3
 377              		.global	ADS1115_SetMuxDMA
 378              		.syntax unified
 379              		.thumb
 380              		.thumb_func
 381              		.fpu softvfp
 383              	ADS1115_SetMuxDMA:
 384              	.LVL22:
 385              	.LFB34:
 122:../application/Src/ads1115.c **** 
 123:../application/Src/ads1115.c **** /**
 124:../application/Src/ads1115.c ****   * @brief ADS1115 set mux in DMA mode
 125:../application/Src/ads1115.c ****   * @param sensor: Sensor struct
 126:../application/Src/ads1115.c ****   * @retval status
 127:../application/Src/ads1115.c ****   */
 128:../application/Src/ads1115.c **** int ADS1115_SetMuxDMA(sensor_t * sensor, uint8_t channel)
 129:../application/Src/ads1115.c **** {
 386              		.loc 1 129 1 is_stmt 1 view -0
 387              		.cfi_startproc
 388              		@ args = 0, pretend = 0, frame = 0
 389              		@ frame_needed = 0, uses_anonymous_args = 0
 130:../application/Src/ads1115.c **** 	int ret;
 390              		.loc 1 130 2 view .LVU103
 131:../application/Src/ads1115.c **** 	
 132:../application/Src/ads1115.c **** 	sensor->data[0] = 0x01;															// config reg address
 391              		.loc 1 132 2 view .LVU104
 129:../application/Src/ads1115.c **** 	int ret;
 392              		.loc 1 129 1 is_stmt 0 view .LVU105
 393 0000 38B5     		push	{r3, r4, r5, lr}
 394              	.LCFI16:
 395              		.cfi_def_cfa_offset 16
 396              		.cfi_offset 3, -16
 397              		.cfi_offset 4, -12
 398              		.cfi_offset 5, -8
 399              		.cfi_offset 14, -4
 129:../application/Src/ads1115.c **** 	int ret;
 400              		.loc 1 129 1 view .LVU106
 401 0002 0D46     		mov	r5, r1
 402 0004 0446     		mov	r4, r0
 133:../application/Src/ads1115.c **** 	sensor->data[1] = 0xC3 | (channel << 4);							// config reg MSB
 134:../application/Src/ads1115.c **** 	sensor->data[2] = 0xE3;															// config reg LSB
 403              		.loc 1 134 18 view .LVU107
 404 0006 E321     		movs	r1, #227
 405              	.LVL23:
 132:../application/Src/ads1115.c **** 	sensor->data[1] = 0xC3 | (channel << 4);							// config reg MSB
 406              		.loc 1 132 18 view .LVU108
 407 0008 0120     		movs	r0, #1
 408              	.LVL24:
 135:../application/Src/ads1115.c **** 	
 136:../application/Src/ads1115.c **** 	sensor->tx_complete = 0;	
 409              		.loc 1 136 22 view .LVU109
 410 000a 0022     		movs	r2, #0
 133:../application/Src/ads1115.c **** 	sensor->data[2] = 0xE3;															// config reg LSB
ARM GAS  /tmp/ccEbghxk.s 			page 11


 411              		.loc 1 133 36 view .LVU110
 412 000c 2B01     		lsls	r3, r5, #4
 133:../application/Src/ads1115.c **** 	sensor->data[2] = 0xE3;															// config reg LSB
 413              		.loc 1 133 25 view .LVU111
 414 000e 63F03C03 		orn	r3, r3, #60
 132:../application/Src/ads1115.c **** 	sensor->data[1] = 0xC3 | (channel << 4);							// config reg MSB
 415              		.loc 1 132 18 view .LVU112
 416 0012 A073     		strb	r0, [r4, #14]
 133:../application/Src/ads1115.c **** 	sensor->data[2] = 0xE3;															// config reg LSB
 417              		.loc 1 133 2 is_stmt 1 view .LVU113
 134:../application/Src/ads1115.c **** 	
 418              		.loc 1 134 18 is_stmt 0 view .LVU114
 419 0014 2174     		strb	r1, [r4, #16]
 420              		.loc 1 136 22 view .LVU115
 421 0016 6272     		strb	r2, [r4, #9]
 137:../application/Src/ads1115.c **** 	ret = I2C_WriteNonBlocking(sensor->address, &sensor->data[0], 3);
 422              		.loc 1 137 8 view .LVU116
 423 0018 607B     		ldrb	r0, [r4, #13]	@ zero_extendqisi2
 424 001a 0322     		movs	r2, #3
 133:../application/Src/ads1115.c **** 	sensor->data[2] = 0xE3;															// config reg LSB
 425              		.loc 1 133 18 view .LVU117
 426 001c E373     		strb	r3, [r4, #15]
 134:../application/Src/ads1115.c **** 	
 427              		.loc 1 134 2 is_stmt 1 view .LVU118
 136:../application/Src/ads1115.c **** 	ret = I2C_WriteNonBlocking(sensor->address, &sensor->data[0], 3);
 428              		.loc 1 136 2 view .LVU119
 429              		.loc 1 137 2 view .LVU120
 430              		.loc 1 137 8 is_stmt 0 view .LVU121
 431 001e 04F10E01 		add	r1, r4, #14
 432 0022 FFF7FEFF 		bl	I2C_WriteNonBlocking
 433              	.LVL25:
 138:../application/Src/ads1115.c **** 	
 139:../application/Src/ads1115.c **** 	
 140:../application/Src/ads1115.c **** 	if (ret != 0 ) 	// communication error occured
 434              		.loc 1 140 2 is_stmt 1 view .LVU122
 435              		.loc 1 140 5 is_stmt 0 view .LVU123
 436 0026 18B1     		cbz	r0, .L20
 141:../application/Src/ads1115.c **** 	{
 142:../application/Src/ads1115.c **** //		sensor->err_cnt++;
 143:../application/Src/ads1115.c **** 		sensor->tx_complete = 1;
 437              		.loc 1 143 3 is_stmt 1 view .LVU124
 144:../application/Src/ads1115.c **** 		sensor->rx_complete = 1;		
 438              		.loc 1 144 3 view .LVU125
 439              		.loc 1 144 23 is_stmt 0 view .LVU126
 440 0028 40F20113 		movw	r3, #257
 441 002c 2381     		strh	r3, [r4, #8]	@ movhi
 145:../application/Src/ads1115.c **** 	}
 146:../application/Src/ads1115.c **** 	else sensor->curr_channel = channel;
 147:../application/Src/ads1115.c **** 	
 148:../application/Src/ads1115.c **** 	return ret;
 149:../application/Src/ads1115.c **** }
 442              		.loc 1 149 1 view .LVU127
 443 002e 38BD     		pop	{r3, r4, r5, pc}
 444              	.LVL26:
 445              	.L20:
 146:../application/Src/ads1115.c **** 	
 446              		.loc 1 146 7 is_stmt 1 view .LVU128
ARM GAS  /tmp/ccEbghxk.s 			page 12


 146:../application/Src/ads1115.c **** 	
 447              		.loc 1 146 28 is_stmt 0 view .LVU129
 448 0030 A572     		strb	r5, [r4, #10]
 148:../application/Src/ads1115.c **** }
 449              		.loc 1 148 2 is_stmt 1 view .LVU130
 450              		.loc 1 149 1 is_stmt 0 view .LVU131
 451 0032 38BD     		pop	{r3, r4, r5, pc}
 452              		.loc 1 149 1 view .LVU132
 453              		.cfi_endproc
 454              	.LFE34:
 456              		.text
 457              	.Letext0:
 458              		.file 2 "/usr/lib/gcc/arm-none-eabi/9.2.1/include/stdint.h"
 459              		.file 3 "../application/Inc/common_types.h"
 460              		.file 4 "../Drivers/CMSIS/CM3/CoreSupport/core_cm3.h"
 461              		.file 5 "../Drivers/CMSIS/CM3/DeviceSupport/ST/STM32F10x/system_stm32f10x.h"
 462              		.file 6 "../Drivers/CMSIS/CM3/DeviceSupport/ST/STM32F10x/stm32f10x.h"
 463              		.file 7 "/usr/lib/gcc/arm-none-eabi/9.2.1/include/stddef.h"
 464              		.file 8 "/usr/include/newlib/sys/_types.h"
 465              		.file 9 "/usr/include/newlib/sys/reent.h"
 466              		.file 10 "/usr/include/newlib/sys/lock.h"
 467              		.file 11 "../application/Inc/periphery.h"
 468              		.file 12 "../application/Inc/i2c.h"
ARM GAS  /tmp/ccEbghxk.s 			page 13


DEFINED SYMBOLS
                            *ABS*:0000000000000000 ads1115.c
     /tmp/ccEbghxk.s:16     .text.ADS1115_Init:0000000000000000 $t
     /tmp/ccEbghxk.s:25     .text.ADS1115_Init:0000000000000000 ADS1115_Init
     /tmp/ccEbghxk.s:107    .text.ADS1115_GetData:0000000000000000 $t
     /tmp/ccEbghxk.s:115    .text.ADS1115_GetData:0000000000000000 ADS1115_GetData
     /tmp/ccEbghxk.s:141    .text.ADS1115_ReadBlocking:0000000000000000 $t
     /tmp/ccEbghxk.s:149    .text.ADS1115_ReadBlocking:0000000000000000 ADS1115_ReadBlocking
     /tmp/ccEbghxk.s:226    .text.ADS1115_SetMuxBlocking:0000000000000000 $t
     /tmp/ccEbghxk.s:234    .text.ADS1115_SetMuxBlocking:0000000000000000 ADS1115_SetMuxBlocking
     /tmp/ccEbghxk.s:297    .text.ADS1115_StartDMA:0000000000000000 $t
     /tmp/ccEbghxk.s:305    .text.ADS1115_StartDMA:0000000000000000 ADS1115_StartDMA
     /tmp/ccEbghxk.s:375    .text.ADS1115_SetMuxDMA:0000000000000000 $t
     /tmp/ccEbghxk.s:383    .text.ADS1115_SetMuxDMA:0000000000000000 ADS1115_SetMuxDMA

UNDEFINED SYMBOLS
I2C_WriteBlocking
I2C_ReadBlocking
I2C_ReadNonBlocking
I2C_WriteNonBlocking
