ARM GAS  /tmp/cc5LQABx.s 			page 1


   1              		.cpu cortex-m3
   2              		.eabi_attribute 20, 1
   3              		.eabi_attribute 21, 1
   4              		.eabi_attribute 23, 3
   5              		.eabi_attribute 24, 1
   6              		.eabi_attribute 25, 1
   7              		.eabi_attribute 26, 1
   8              		.eabi_attribute 30, 2
   9              		.eabi_attribute 34, 1
  10              		.eabi_attribute 18, 4
  11              		.file	"axis_to_buttons.c"
  12              		.text
  13              	.Ltext0:
  14              		.cfi_sections	.debug_frame
  15              		.section	.text.GetPressedFromAxis,"ax",%progbits
  16              		.align	1
  17              		.p2align 2,,3
  18              		.global	GetPressedFromAxis
  19              		.arch armv7-m
  20              		.syntax unified
  21              		.thumb
  22              		.thumb_func
  23              		.fpu softvfp
  25              	GetPressedFromAxis:
  26              	.LVL0:
  27              	.LFB29:
  28              		.file 1 "../application/Src/axis_to_buttons.c"
   1:../application/Src/axis_to_buttons.c **** /**
   2:../application/Src/axis_to_buttons.c ****   ******************************************************************************
   3:../application/Src/axis_to_buttons.c ****   * @file           : axes_to_buttons.c
   4:../application/Src/axis_to_buttons.c ****   * @brief          : Axis to buttons driver implementation
   5:../application/Src/axis_to_buttons.c **** 		
   6:../application/Src/axis_to_buttons.c **** 		FreeJoy software for game device controllers
   7:../application/Src/axis_to_buttons.c ****     Copyright (C) 2020  Yury Vostrenkov (yuvostrenkov@gmail.com)
   8:../application/Src/axis_to_buttons.c **** 
   9:../application/Src/axis_to_buttons.c ****     This program is free software: you can redistribute it and/or modify
  10:../application/Src/axis_to_buttons.c ****     it under the terms of the GNU General Public License as published by
  11:../application/Src/axis_to_buttons.c ****     the Free Software Foundation, either version 3 of the License, or
  12:../application/Src/axis_to_buttons.c ****     (at your option) any later version.
  13:../application/Src/axis_to_buttons.c **** 
  14:../application/Src/axis_to_buttons.c ****     This program is distributed in the hope that it will be useful,
  15:../application/Src/axis_to_buttons.c ****     but WITHOUT ANY WARRANTY; without even the implied warranty of
  16:../application/Src/axis_to_buttons.c ****     MERCHANTABILITY or FITNESS FOR A PARTICULAR PURPOSE.  See the
  17:../application/Src/axis_to_buttons.c ****     GNU General Public License for more details.
  18:../application/Src/axis_to_buttons.c **** 
  19:../application/Src/axis_to_buttons.c ****     You should have received a copy of the GNU General Public License
  20:../application/Src/axis_to_buttons.c ****     along with this program.  If not, see <https://www.gnu.org/licenses/>.
  21:../application/Src/axis_to_buttons.c **** 		
  22:../application/Src/axis_to_buttons.c ****   ******************************************************************************
  23:../application/Src/axis_to_buttons.c ****   */
  24:../application/Src/axis_to_buttons.c **** 
  25:../application/Src/axis_to_buttons.c **** #include "axis_to_buttons.h"
  26:../application/Src/axis_to_buttons.c **** #include "buttons.h"
  27:../application/Src/axis_to_buttons.c **** 
  28:../application/Src/axis_to_buttons.c **** 
  29:../application/Src/axis_to_buttons.c **** /**
  30:../application/Src/axis_to_buttons.c ****   * @brief  Getting buttons state from axis to buttons
ARM GAS  /tmp/cc5LQABx.s 			page 2


  31:../application/Src/axis_to_buttons.c **** 	* @param  axis_data: Input axis data
  32:../application/Src/axis_to_buttons.c **** 	* @param  btn_num: Number of button in axis to buttons
  33:../application/Src/axis_to_buttons.c **** 	* @param  axis_to_btn: Pointer to axis to button configuration
  34:../application/Src/axis_to_buttons.c ****   * @retval Button state
  35:../application/Src/axis_to_buttons.c ****   */
  36:../application/Src/axis_to_buttons.c **** uint8_t GetPressedFromAxis (analog_data_t axis_data, uint8_t btn_num, axis_to_buttons_t * axis_to_b
  37:../application/Src/axis_to_buttons.c **** {
  29              		.loc 1 37 1 view -0
  30              		.cfi_startproc
  31              		@ args = 0, pretend = 0, frame = 0
  32              		@ frame_needed = 0, uses_anonymous_args = 0
  33              		@ link register save eliminated.
  38:../application/Src/axis_to_buttons.c **** 	uint8_t ret = 0;
  34              		.loc 1 38 2 view .LVU1
  39:../application/Src/axis_to_buttons.c **** 	int32_t tmp = ((int32_t)axis_data - AXIS_MIN_VALUE) * 255;
  35              		.loc 1 39 2 view .LVU2
  40:../application/Src/axis_to_buttons.c **** 	
  41:../application/Src/axis_to_buttons.c **** 	if (tmp >= (uint32_t) (axis_to_btn->points[0] * AXIS_FULLSCALE) &&
  36              		.loc 1 41 2 view .LVU3
  37:../application/Src/axis_to_buttons.c **** 	uint8_t ret = 0;
  37              		.loc 1 37 1 is_stmt 0 view .LVU4
  38 0000 10B4     		push	{r4}
  39              	.LCFI0:
  40              		.cfi_def_cfa_offset 4
  41              		.cfi_offset 4, -4
  39:../application/Src/axis_to_buttons.c **** 	int32_t tmp = ((int32_t)axis_data - AXIS_MIN_VALUE) * 255;
  42              		.loc 1 39 36 view .LVU5
  43 0002 00F5FF43 		add	r3, r0, #32640
  44              		.loc 1 41 44 view .LVU6
  45 0006 1478     		ldrb	r4, [r2]	@ zero_extendqisi2
  39:../application/Src/axis_to_buttons.c **** 	int32_t tmp = ((int32_t)axis_data - AXIS_MIN_VALUE) * 255;
  46              		.loc 1 39 36 view .LVU7
  47 0008 7F33     		adds	r3, r3, #127
  42:../application/Src/axis_to_buttons.c **** 			tmp <= (uint32_t) (axis_to_btn->points[1] * AXIS_FULLSCALE) &&
  48              		.loc 1 42 42 view .LVU8
  49 000a 5078     		ldrb	r0, [r2, #1]	@ zero_extendqisi2
  50              	.LVL1:
  39:../application/Src/axis_to_buttons.c **** 	
  51              		.loc 1 39 10 view .LVU9
  52 000c C3EB0323 		rsb	r3, r3, r3, lsl #8
  41:../application/Src/axis_to_buttons.c **** 			tmp <= (uint32_t) (axis_to_btn->points[1] * AXIS_FULLSCALE) &&
  53              		.loc 1 41 48 view .LVU10
  54 0010 C4EB0444 		rsb	r4, r4, r4, lsl #16
  41:../application/Src/axis_to_buttons.c **** 			tmp <= (uint32_t) (axis_to_btn->points[1] * AXIS_FULLSCALE) &&
  55              		.loc 1 41 5 view .LVU11
  56 0014 9C42     		cmp	r4, r3
  57              		.loc 1 42 46 view .LVU12
  58 0016 C0EB0040 		rsb	r0, r0, r0, lsl #16
  41:../application/Src/axis_to_buttons.c **** 			tmp <= (uint32_t) (axis_to_btn->points[1] * AXIS_FULLSCALE) &&
  59              		.loc 1 41 5 view .LVU13
  60 001a 0BD8     		bhi	.L2
  41:../application/Src/axis_to_buttons.c **** 			tmp <= (uint32_t) (axis_to_btn->points[1] * AXIS_FULLSCALE) &&
  61              		.loc 1 41 66 discriminator 1 view .LVU14
  62 001c 8342     		cmp	r3, r0
  63 001e 40D9     		bls	.L42
  64              	.L3:
  43:../application/Src/axis_to_buttons.c **** 			btn_num == 0)
ARM GAS  /tmp/cc5LQABx.s 			page 3


  44:../application/Src/axis_to_buttons.c **** 	{
  45:../application/Src/axis_to_buttons.c **** 		ret =  1;
  46:../application/Src/axis_to_buttons.c **** 	}	
  47:../application/Src/axis_to_buttons.c **** 	else if (tmp > (uint32_t) (axis_to_btn->points[1] * AXIS_FULLSCALE ) && 
  48:../application/Src/axis_to_buttons.c **** 			tmp <= (uint32_t) (axis_to_btn->points[2] * AXIS_FULLSCALE) && 
  65              		.loc 1 48 42 discriminator 1 view .LVU15
  66 0020 9078     		ldrb	r0, [r2, #2]	@ zero_extendqisi2
  67              		.loc 1 48 46 discriminator 1 view .LVU16
  68 0022 C0EB0040 		rsb	r0, r0, r0, lsl #16
  47:../application/Src/axis_to_buttons.c **** 			tmp <= (uint32_t) (axis_to_btn->points[2] * AXIS_FULLSCALE) && 
  69              		.loc 1 47 71 discriminator 1 view .LVU17
  70 0026 8342     		cmp	r3, r0
  71 0028 42D8     		bhi	.L6
  72              		.loc 1 48 64 view .LVU18
  73 002a 0129     		cmp	r1, #1
  74 002c 09D1     		bne	.L7
  75              	.L34:
  45:../application/Src/axis_to_buttons.c **** 	}	
  76              		.loc 1 45 7 view .LVU19
  77 002e 0120     		movs	r0, #1
  78              	.LVL2:
  79              	.L4:
  49:../application/Src/axis_to_buttons.c **** 			btn_num == 1)
  50:../application/Src/axis_to_buttons.c **** 	{
  51:../application/Src/axis_to_buttons.c **** 		ret =  1;
  52:../application/Src/axis_to_buttons.c **** 	}
  53:../application/Src/axis_to_buttons.c **** 	else if (tmp > (uint32_t) (axis_to_btn->points[2] * AXIS_FULLSCALE) && 
  54:../application/Src/axis_to_buttons.c **** 			tmp <= (uint32_t) (axis_to_btn->points[3] * AXIS_FULLSCALE) && 
  55:../application/Src/axis_to_buttons.c **** 			btn_num == 2)
  56:../application/Src/axis_to_buttons.c **** 	{
  57:../application/Src/axis_to_buttons.c **** 		ret =  1;
  58:../application/Src/axis_to_buttons.c **** 	}
  59:../application/Src/axis_to_buttons.c **** 	else if (tmp > (uint32_t) (axis_to_btn->points[3] * AXIS_FULLSCALE) && 
  60:../application/Src/axis_to_buttons.c **** 			tmp <= (uint32_t) (axis_to_btn->points[4] * AXIS_FULLSCALE) && 
  61:../application/Src/axis_to_buttons.c **** 			btn_num == 3)
  62:../application/Src/axis_to_buttons.c **** 	{
  63:../application/Src/axis_to_buttons.c **** 		ret =  1;
  64:../application/Src/axis_to_buttons.c **** 	}
  65:../application/Src/axis_to_buttons.c **** 	else if (tmp > (uint32_t) (axis_to_btn->points[4] * AXIS_FULLSCALE) && 
  66:../application/Src/axis_to_buttons.c **** 			tmp <= (uint32_t) (axis_to_btn->points[5] * AXIS_FULLSCALE) && 
  67:../application/Src/axis_to_buttons.c **** 			btn_num == 4)
  68:../application/Src/axis_to_buttons.c **** 	{
  69:../application/Src/axis_to_buttons.c **** 		ret =  1;
  70:../application/Src/axis_to_buttons.c **** 	}
  71:../application/Src/axis_to_buttons.c **** 	else if (tmp > (uint32_t) (axis_to_btn->points[5] * AXIS_FULLSCALE) && 
  72:../application/Src/axis_to_buttons.c **** 			tmp <= (uint32_t) (axis_to_btn->points[6] * AXIS_FULLSCALE) && 
  73:../application/Src/axis_to_buttons.c **** 			btn_num == 5)
  74:../application/Src/axis_to_buttons.c **** 	{
  75:../application/Src/axis_to_buttons.c **** 		ret =  1;
  76:../application/Src/axis_to_buttons.c **** 	}
  77:../application/Src/axis_to_buttons.c **** 	else if (tmp > (uint32_t) (axis_to_btn->points[6] * AXIS_FULLSCALE) && 
  78:../application/Src/axis_to_buttons.c **** 			tmp <= (uint32_t) (axis_to_btn->points[7] * AXIS_FULLSCALE) && 
  79:../application/Src/axis_to_buttons.c **** 			btn_num == 6)
  80:../application/Src/axis_to_buttons.c **** 	{
  81:../application/Src/axis_to_buttons.c **** 		ret =  1;
  82:../application/Src/axis_to_buttons.c **** 	}
  83:../application/Src/axis_to_buttons.c **** 	else if (tmp > (uint32_t) (axis_to_btn->points[7] * AXIS_FULLSCALE) && 
ARM GAS  /tmp/cc5LQABx.s 			page 4


  84:../application/Src/axis_to_buttons.c **** 			tmp <= (uint32_t) (axis_to_btn->points[8] * AXIS_FULLSCALE) && 
  85:../application/Src/axis_to_buttons.c **** 			btn_num == 7)
  86:../application/Src/axis_to_buttons.c **** 	{
  87:../application/Src/axis_to_buttons.c **** 		ret =  1;
  88:../application/Src/axis_to_buttons.c **** 	}
  89:../application/Src/axis_to_buttons.c **** 	else if (tmp > (uint32_t) (axis_to_btn->points[8] * AXIS_FULLSCALE) && 
  90:../application/Src/axis_to_buttons.c **** 			tmp <= (uint32_t) (axis_to_btn->points[9] * AXIS_FULLSCALE) && 
  91:../application/Src/axis_to_buttons.c **** 			btn_num == 8)
  92:../application/Src/axis_to_buttons.c **** 	{
  93:../application/Src/axis_to_buttons.c **** 		ret =  1;
  94:../application/Src/axis_to_buttons.c **** 	}
  95:../application/Src/axis_to_buttons.c **** 	else if (tmp > (uint32_t) (axis_to_btn->points[9] * AXIS_FULLSCALE) && 
  96:../application/Src/axis_to_buttons.c **** 			tmp <= (uint32_t) (axis_to_btn->points[10] * AXIS_FULLSCALE) && 
  97:../application/Src/axis_to_buttons.c **** 			btn_num == 9)
  98:../application/Src/axis_to_buttons.c **** 	{
  99:../application/Src/axis_to_buttons.c **** 		ret =  1;
 100:../application/Src/axis_to_buttons.c **** 	}
 101:../application/Src/axis_to_buttons.c **** 	else if (tmp > (uint32_t) (axis_to_btn->points[10] * AXIS_FULLSCALE) && 
 102:../application/Src/axis_to_buttons.c **** 			tmp <= (uint32_t) (axis_to_btn->points[11] * AXIS_FULLSCALE ) && 
 103:../application/Src/axis_to_buttons.c **** 			btn_num == 10)
 104:../application/Src/axis_to_buttons.c **** 	{
 105:../application/Src/axis_to_buttons.c **** 		ret =  1;
 106:../application/Src/axis_to_buttons.c **** 	}
 107:../application/Src/axis_to_buttons.c **** 	else if (tmp > (uint32_t) (axis_to_btn->points[11] * AXIS_FULLSCALE) && 
 108:../application/Src/axis_to_buttons.c **** 			tmp <= (uint32_t) (axis_to_btn->points[12] * AXIS_FULLSCALE) && 
 109:../application/Src/axis_to_buttons.c **** 			btn_num == 11)
 110:../application/Src/axis_to_buttons.c **** 	{
 111:../application/Src/axis_to_buttons.c **** 		ret =  1;
 112:../application/Src/axis_to_buttons.c **** 	}
 113:../application/Src/axis_to_buttons.c **** 	
 114:../application/Src/axis_to_buttons.c **** 	return ret;
  80              		.loc 1 114 2 is_stmt 1 view .LVU20
 115:../application/Src/axis_to_buttons.c **** }
  81              		.loc 1 115 1 is_stmt 0 view .LVU21
  82 0030 10BC     		pop	{r4}
  83              	.LCFI1:
  84              		.cfi_remember_state
  85              		.cfi_restore 4
  86              		.cfi_def_cfa_offset 0
  87 0032 7047     		bx	lr
  88              	.LVL3:
  89              	.L2:
  90              	.LCFI2:
  91              		.cfi_restore_state
  47:../application/Src/axis_to_buttons.c **** 			tmp <= (uint32_t) (axis_to_btn->points[2] * AXIS_FULLSCALE) && 
  92              		.loc 1 47 7 is_stmt 1 view .LVU22
  47:../application/Src/axis_to_buttons.c **** 			tmp <= (uint32_t) (axis_to_btn->points[2] * AXIS_FULLSCALE) && 
  93              		.loc 1 47 10 is_stmt 0 view .LVU23
  94 0034 8342     		cmp	r3, r0
  95 0036 F3D8     		bhi	.L3
  53:../application/Src/axis_to_buttons.c **** 			tmp <= (uint32_t) (axis_to_btn->points[3] * AXIS_FULLSCALE) && 
  96              		.loc 1 53 7 is_stmt 1 view .LVU24
  53:../application/Src/axis_to_buttons.c **** 			tmp <= (uint32_t) (axis_to_btn->points[3] * AXIS_FULLSCALE) && 
  97              		.loc 1 53 48 is_stmt 0 view .LVU25
  98 0038 9078     		ldrb	r0, [r2, #2]	@ zero_extendqisi2
  53:../application/Src/axis_to_buttons.c **** 			tmp <= (uint32_t) (axis_to_btn->points[3] * AXIS_FULLSCALE) && 
  99              		.loc 1 53 52 view .LVU26
ARM GAS  /tmp/cc5LQABx.s 			page 5


 100 003a C0EB0040 		rsb	r0, r0, r0, lsl #16
  53:../application/Src/axis_to_buttons.c **** 			tmp <= (uint32_t) (axis_to_btn->points[3] * AXIS_FULLSCALE) && 
 101              		.loc 1 53 10 view .LVU27
 102 003e 8342     		cmp	r3, r0
 103 0040 36D8     		bhi	.L6
 104              	.L7:
  59:../application/Src/axis_to_buttons.c **** 			tmp <= (uint32_t) (axis_to_btn->points[4] * AXIS_FULLSCALE) && 
 105              		.loc 1 59 7 is_stmt 1 view .LVU28
  59:../application/Src/axis_to_buttons.c **** 			tmp <= (uint32_t) (axis_to_btn->points[4] * AXIS_FULLSCALE) && 
 106              		.loc 1 59 48 is_stmt 0 view .LVU29
 107 0042 D078     		ldrb	r0, [r2, #3]	@ zero_extendqisi2
  59:../application/Src/axis_to_buttons.c **** 			tmp <= (uint32_t) (axis_to_btn->points[4] * AXIS_FULLSCALE) && 
 108              		.loc 1 59 52 view .LVU30
 109 0044 C0EB0040 		rsb	r0, r0, r0, lsl #16
  59:../application/Src/axis_to_buttons.c **** 			tmp <= (uint32_t) (axis_to_btn->points[4] * AXIS_FULLSCALE) && 
 110              		.loc 1 59 10 view .LVU31
 111 0048 8342     		cmp	r3, r0
 112 004a 7FD8     		bhi	.L8
  65:../application/Src/axis_to_buttons.c **** 			tmp <= (uint32_t) (axis_to_btn->points[5] * AXIS_FULLSCALE) && 
 113              		.loc 1 65 7 is_stmt 1 view .LVU32
  65:../application/Src/axis_to_buttons.c **** 			tmp <= (uint32_t) (axis_to_btn->points[5] * AXIS_FULLSCALE) && 
 114              		.loc 1 65 48 is_stmt 0 view .LVU33
 115 004c 1079     		ldrb	r0, [r2, #4]	@ zero_extendqisi2
  65:../application/Src/axis_to_buttons.c **** 			tmp <= (uint32_t) (axis_to_btn->points[5] * AXIS_FULLSCALE) && 
 116              		.loc 1 65 52 view .LVU34
 117 004e C0EB0040 		rsb	r0, r0, r0, lsl #16
  65:../application/Src/axis_to_buttons.c **** 			tmp <= (uint32_t) (axis_to_btn->points[5] * AXIS_FULLSCALE) && 
 118              		.loc 1 65 10 view .LVU35
 119 0052 8342     		cmp	r3, r0
 120 0054 38D8     		bhi	.L10
 121              	.L11:
  71:../application/Src/axis_to_buttons.c **** 			tmp <= (uint32_t) (axis_to_btn->points[6] * AXIS_FULLSCALE) && 
 122              		.loc 1 71 7 is_stmt 1 view .LVU36
  71:../application/Src/axis_to_buttons.c **** 			tmp <= (uint32_t) (axis_to_btn->points[6] * AXIS_FULLSCALE) && 
 123              		.loc 1 71 48 is_stmt 0 view .LVU37
 124 0056 5079     		ldrb	r0, [r2, #5]	@ zero_extendqisi2
  71:../application/Src/axis_to_buttons.c **** 			tmp <= (uint32_t) (axis_to_btn->points[6] * AXIS_FULLSCALE) && 
 125              		.loc 1 71 52 view .LVU38
 126 0058 C0EB0040 		rsb	r0, r0, r0, lsl #16
  71:../application/Src/axis_to_buttons.c **** 			tmp <= (uint32_t) (axis_to_btn->points[6] * AXIS_FULLSCALE) && 
 127              		.loc 1 71 10 view .LVU39
 128 005c 8342     		cmp	r3, r0
 129 005e 40D8     		bhi	.L12
  77:../application/Src/axis_to_buttons.c **** 			tmp <= (uint32_t) (axis_to_btn->points[7] * AXIS_FULLSCALE) && 
 130              		.loc 1 77 7 is_stmt 1 view .LVU40
  77:../application/Src/axis_to_buttons.c **** 			tmp <= (uint32_t) (axis_to_btn->points[7] * AXIS_FULLSCALE) && 
 131              		.loc 1 77 48 is_stmt 0 view .LVU41
 132 0060 9079     		ldrb	r0, [r2, #6]	@ zero_extendqisi2
  77:../application/Src/axis_to_buttons.c **** 			tmp <= (uint32_t) (axis_to_btn->points[7] * AXIS_FULLSCALE) && 
 133              		.loc 1 77 52 view .LVU42
 134 0062 C0EB0040 		rsb	r0, r0, r0, lsl #16
  77:../application/Src/axis_to_buttons.c **** 			tmp <= (uint32_t) (axis_to_btn->points[7] * AXIS_FULLSCALE) && 
 135              		.loc 1 77 10 view .LVU43
 136 0066 8342     		cmp	r3, r0
 137 0068 48D8     		bhi	.L14
 138              	.L15:
  83:../application/Src/axis_to_buttons.c **** 			tmp <= (uint32_t) (axis_to_btn->points[8] * AXIS_FULLSCALE) && 
ARM GAS  /tmp/cc5LQABx.s 			page 6


 139              		.loc 1 83 7 is_stmt 1 view .LVU44
  83:../application/Src/axis_to_buttons.c **** 			tmp <= (uint32_t) (axis_to_btn->points[8] * AXIS_FULLSCALE) && 
 140              		.loc 1 83 48 is_stmt 0 view .LVU45
 141 006a D079     		ldrb	r0, [r2, #7]	@ zero_extendqisi2
  83:../application/Src/axis_to_buttons.c **** 			tmp <= (uint32_t) (axis_to_btn->points[8] * AXIS_FULLSCALE) && 
 142              		.loc 1 83 52 view .LVU46
 143 006c C0EB0040 		rsb	r0, r0, r0, lsl #16
  83:../application/Src/axis_to_buttons.c **** 			tmp <= (uint32_t) (axis_to_btn->points[8] * AXIS_FULLSCALE) && 
 144              		.loc 1 83 10 view .LVU47
 145 0070 8342     		cmp	r3, r0
 146 0072 4BD8     		bhi	.L16
 147              	.L17:
  89:../application/Src/axis_to_buttons.c **** 			tmp <= (uint32_t) (axis_to_btn->points[9] * AXIS_FULLSCALE) && 
 148              		.loc 1 89 7 is_stmt 1 view .LVU48
  89:../application/Src/axis_to_buttons.c **** 			tmp <= (uint32_t) (axis_to_btn->points[9] * AXIS_FULLSCALE) && 
 149              		.loc 1 89 48 is_stmt 0 view .LVU49
 150 0074 107A     		ldrb	r0, [r2, #8]	@ zero_extendqisi2
  89:../application/Src/axis_to_buttons.c **** 			tmp <= (uint32_t) (axis_to_btn->points[9] * AXIS_FULLSCALE) && 
 151              		.loc 1 89 52 view .LVU50
 152 0076 C0EB0040 		rsb	r0, r0, r0, lsl #16
  89:../application/Src/axis_to_buttons.c **** 			tmp <= (uint32_t) (axis_to_btn->points[9] * AXIS_FULLSCALE) && 
 153              		.loc 1 89 10 view .LVU51
 154 007a 8342     		cmp	r3, r0
 155 007c 4ED8     		bhi	.L18
 156              	.L19:
  95:../application/Src/axis_to_buttons.c **** 			tmp <= (uint32_t) (axis_to_btn->points[10] * AXIS_FULLSCALE) && 
 157              		.loc 1 95 7 is_stmt 1 view .LVU52
  95:../application/Src/axis_to_buttons.c **** 			tmp <= (uint32_t) (axis_to_btn->points[10] * AXIS_FULLSCALE) && 
 158              		.loc 1 95 48 is_stmt 0 view .LVU53
 159 007e 507A     		ldrb	r0, [r2, #9]	@ zero_extendqisi2
  95:../application/Src/axis_to_buttons.c **** 			tmp <= (uint32_t) (axis_to_btn->points[10] * AXIS_FULLSCALE) && 
 160              		.loc 1 95 52 view .LVU54
 161 0080 C0EB0040 		rsb	r0, r0, r0, lsl #16
  95:../application/Src/axis_to_buttons.c **** 			tmp <= (uint32_t) (axis_to_btn->points[10] * AXIS_FULLSCALE) && 
 162              		.loc 1 95 10 view .LVU55
 163 0084 8342     		cmp	r3, r0
 164 0086 51D8     		bhi	.L20
 165              	.L21:
 101:../application/Src/axis_to_buttons.c **** 			tmp <= (uint32_t) (axis_to_btn->points[11] * AXIS_FULLSCALE ) && 
 166              		.loc 1 101 7 is_stmt 1 view .LVU56
 101:../application/Src/axis_to_buttons.c **** 			tmp <= (uint32_t) (axis_to_btn->points[11] * AXIS_FULLSCALE ) && 
 167              		.loc 1 101 48 is_stmt 0 view .LVU57
 168 0088 907A     		ldrb	r0, [r2, #10]	@ zero_extendqisi2
 101:../application/Src/axis_to_buttons.c **** 			tmp <= (uint32_t) (axis_to_btn->points[11] * AXIS_FULLSCALE ) && 
 169              		.loc 1 101 53 view .LVU58
 170 008a C0EB0040 		rsb	r0, r0, r0, lsl #16
 101:../application/Src/axis_to_buttons.c **** 			tmp <= (uint32_t) (axis_to_btn->points[11] * AXIS_FULLSCALE ) && 
 171              		.loc 1 101 10 view .LVU59
 172 008e 8342     		cmp	r3, r0
 173 0090 51D8     		bhi	.L22
 174              	.L23:
 107:../application/Src/axis_to_buttons.c **** 			tmp <= (uint32_t) (axis_to_btn->points[12] * AXIS_FULLSCALE) && 
 175              		.loc 1 107 7 is_stmt 1 view .LVU60
 107:../application/Src/axis_to_buttons.c **** 			tmp <= (uint32_t) (axis_to_btn->points[12] * AXIS_FULLSCALE) && 
 176              		.loc 1 107 48 is_stmt 0 view .LVU61
 177 0092 D07A     		ldrb	r0, [r2, #11]	@ zero_extendqisi2
 107:../application/Src/axis_to_buttons.c **** 			tmp <= (uint32_t) (axis_to_btn->points[12] * AXIS_FULLSCALE) && 
ARM GAS  /tmp/cc5LQABx.s 			page 7


 178              		.loc 1 107 53 view .LVU62
 179 0094 C0EB0040 		rsb	r0, r0, r0, lsl #16
 107:../application/Src/axis_to_buttons.c **** 			tmp <= (uint32_t) (axis_to_btn->points[12] * AXIS_FULLSCALE) && 
 180              		.loc 1 107 10 view .LVU63
 181 0098 8342     		cmp	r3, r0
 182 009a 63D8     		bhi	.L24
 183              	.LVL4:
 184              	.L36:
  38:../application/Src/axis_to_buttons.c **** 	int32_t tmp = ((int32_t)axis_data - AXIS_MIN_VALUE) * 255;
 185              		.loc 1 38 10 view .LVU64
 186 009c 0020     		movs	r0, #0
 187              	.LVL5:
 114:../application/Src/axis_to_buttons.c **** }
 188              		.loc 1 114 2 is_stmt 1 view .LVU65
 189              		.loc 1 115 1 is_stmt 0 view .LVU66
 190 009e 10BC     		pop	{r4}
 191              	.LCFI3:
 192              		.cfi_remember_state
 193              		.cfi_restore 4
 194              		.cfi_def_cfa_offset 0
 195 00a0 7047     		bx	lr
 196              	.LVL6:
 197              	.L42:
 198              	.LCFI4:
 199              		.cfi_restore_state
  42:../application/Src/axis_to_buttons.c **** 			btn_num == 0)
 200              		.loc 1 42 64 view .LVU67
 201 00a2 0029     		cmp	r1, #0
 202 00a4 C3D0     		beq	.L34
  53:../application/Src/axis_to_buttons.c **** 			tmp <= (uint32_t) (axis_to_btn->points[3] * AXIS_FULLSCALE) && 
 203              		.loc 1 53 7 is_stmt 1 view .LVU68
  53:../application/Src/axis_to_buttons.c **** 			tmp <= (uint32_t) (axis_to_btn->points[3] * AXIS_FULLSCALE) && 
 204              		.loc 1 53 48 is_stmt 0 view .LVU69
 205 00a6 9078     		ldrb	r0, [r2, #2]	@ zero_extendqisi2
  53:../application/Src/axis_to_buttons.c **** 			tmp <= (uint32_t) (axis_to_btn->points[3] * AXIS_FULLSCALE) && 
 206              		.loc 1 53 52 view .LVU70
 207 00a8 C0EB0040 		rsb	r0, r0, r0, lsl #16
  53:../application/Src/axis_to_buttons.c **** 			tmp <= (uint32_t) (axis_to_btn->points[3] * AXIS_FULLSCALE) && 
 208              		.loc 1 53 10 view .LVU71
 209 00ac 8342     		cmp	r3, r0
 210 00ae C8D9     		bls	.L7
 211              	.L6:
  54:../application/Src/axis_to_buttons.c **** 			btn_num == 2)
 212              		.loc 1 54 42 discriminator 1 view .LVU72
 213 00b0 D078     		ldrb	r0, [r2, #3]	@ zero_extendqisi2
  54:../application/Src/axis_to_buttons.c **** 			btn_num == 2)
 214              		.loc 1 54 46 discriminator 1 view .LVU73
 215 00b2 C0EB0040 		rsb	r0, r0, r0, lsl #16
  53:../application/Src/axis_to_buttons.c **** 			tmp <= (uint32_t) (axis_to_btn->points[3] * AXIS_FULLSCALE) && 
 216              		.loc 1 53 70 discriminator 1 view .LVU74
 217 00b6 8342     		cmp	r3, r0
 218 00b8 48D8     		bhi	.L8
  54:../application/Src/axis_to_buttons.c **** 			btn_num == 2)
 219              		.loc 1 54 64 view .LVU75
 220 00ba 0229     		cmp	r1, #2
 221 00bc B7D0     		beq	.L34
  65:../application/Src/axis_to_buttons.c **** 			tmp <= (uint32_t) (axis_to_btn->points[5] * AXIS_FULLSCALE) && 
ARM GAS  /tmp/cc5LQABx.s 			page 8


 222              		.loc 1 65 7 is_stmt 1 view .LVU76
  65:../application/Src/axis_to_buttons.c **** 			tmp <= (uint32_t) (axis_to_btn->points[5] * AXIS_FULLSCALE) && 
 223              		.loc 1 65 48 is_stmt 0 view .LVU77
 224 00be 1079     		ldrb	r0, [r2, #4]	@ zero_extendqisi2
  65:../application/Src/axis_to_buttons.c **** 			tmp <= (uint32_t) (axis_to_btn->points[5] * AXIS_FULLSCALE) && 
 225              		.loc 1 65 52 view .LVU78
 226 00c0 C0EB0040 		rsb	r0, r0, r0, lsl #16
  65:../application/Src/axis_to_buttons.c **** 			tmp <= (uint32_t) (axis_to_btn->points[5] * AXIS_FULLSCALE) && 
 227              		.loc 1 65 10 view .LVU79
 228 00c4 8342     		cmp	r3, r0
 229 00c6 C6D9     		bls	.L11
 230              	.L10:
  66:../application/Src/axis_to_buttons.c **** 			btn_num == 4)
 231              		.loc 1 66 42 discriminator 1 view .LVU80
 232 00c8 5079     		ldrb	r0, [r2, #5]	@ zero_extendqisi2
  66:../application/Src/axis_to_buttons.c **** 			btn_num == 4)
 233              		.loc 1 66 46 discriminator 1 view .LVU81
 234 00ca C0EB0040 		rsb	r0, r0, r0, lsl #16
  65:../application/Src/axis_to_buttons.c **** 			tmp <= (uint32_t) (axis_to_btn->points[5] * AXIS_FULLSCALE) && 
 235              		.loc 1 65 70 discriminator 1 view .LVU82
 236 00ce 8342     		cmp	r3, r0
 237 00d0 07D8     		bhi	.L12
  66:../application/Src/axis_to_buttons.c **** 			btn_num == 4)
 238              		.loc 1 66 64 view .LVU83
 239 00d2 0429     		cmp	r1, #4
 240 00d4 ABD0     		beq	.L34
  77:../application/Src/axis_to_buttons.c **** 			tmp <= (uint32_t) (axis_to_btn->points[7] * AXIS_FULLSCALE) && 
 241              		.loc 1 77 7 is_stmt 1 view .LVU84
  77:../application/Src/axis_to_buttons.c **** 			tmp <= (uint32_t) (axis_to_btn->points[7] * AXIS_FULLSCALE) && 
 242              		.loc 1 77 48 is_stmt 0 view .LVU85
 243 00d6 9079     		ldrb	r0, [r2, #6]	@ zero_extendqisi2
  77:../application/Src/axis_to_buttons.c **** 			tmp <= (uint32_t) (axis_to_btn->points[7] * AXIS_FULLSCALE) && 
 244              		.loc 1 77 52 view .LVU86
 245 00d8 C0EB0040 		rsb	r0, r0, r0, lsl #16
  77:../application/Src/axis_to_buttons.c **** 			tmp <= (uint32_t) (axis_to_btn->points[7] * AXIS_FULLSCALE) && 
 246              		.loc 1 77 10 view .LVU87
 247 00dc 8342     		cmp	r3, r0
 248 00de C4D9     		bls	.L15
 249 00e0 0CE0     		b	.L14
 250              	.L12:
  72:../application/Src/axis_to_buttons.c **** 			btn_num == 5)
 251              		.loc 1 72 42 discriminator 1 view .LVU88
 252 00e2 9079     		ldrb	r0, [r2, #6]	@ zero_extendqisi2
  72:../application/Src/axis_to_buttons.c **** 			btn_num == 5)
 253              		.loc 1 72 46 discriminator 1 view .LVU89
 254 00e4 C0EB0040 		rsb	r0, r0, r0, lsl #16
  71:../application/Src/axis_to_buttons.c **** 			tmp <= (uint32_t) (axis_to_btn->points[6] * AXIS_FULLSCALE) && 
 255              		.loc 1 71 70 discriminator 1 view .LVU90
 256 00e8 8342     		cmp	r3, r0
 257 00ea 07D8     		bhi	.L14
  72:../application/Src/axis_to_buttons.c **** 			btn_num == 5)
 258              		.loc 1 72 64 view .LVU91
 259 00ec 0529     		cmp	r1, #5
 260 00ee 9ED0     		beq	.L34
  83:../application/Src/axis_to_buttons.c **** 			tmp <= (uint32_t) (axis_to_btn->points[8] * AXIS_FULLSCALE) && 
 261              		.loc 1 83 7 is_stmt 1 view .LVU92
  83:../application/Src/axis_to_buttons.c **** 			tmp <= (uint32_t) (axis_to_btn->points[8] * AXIS_FULLSCALE) && 
ARM GAS  /tmp/cc5LQABx.s 			page 9


 262              		.loc 1 83 48 is_stmt 0 view .LVU93
 263 00f0 D079     		ldrb	r0, [r2, #7]	@ zero_extendqisi2
  83:../application/Src/axis_to_buttons.c **** 			tmp <= (uint32_t) (axis_to_btn->points[8] * AXIS_FULLSCALE) && 
 264              		.loc 1 83 52 view .LVU94
 265 00f2 C0EB0040 		rsb	r0, r0, r0, lsl #16
  83:../application/Src/axis_to_buttons.c **** 			tmp <= (uint32_t) (axis_to_btn->points[8] * AXIS_FULLSCALE) && 
 266              		.loc 1 83 10 view .LVU95
 267 00f6 8342     		cmp	r3, r0
 268 00f8 BCD9     		bls	.L17
 269 00fa 07E0     		b	.L16
 270              	.L14:
  78:../application/Src/axis_to_buttons.c **** 			btn_num == 6)
 271              		.loc 1 78 42 discriminator 1 view .LVU96
 272 00fc D079     		ldrb	r0, [r2, #7]	@ zero_extendqisi2
  78:../application/Src/axis_to_buttons.c **** 			btn_num == 6)
 273              		.loc 1 78 46 discriminator 1 view .LVU97
 274 00fe C0EB0040 		rsb	r0, r0, r0, lsl #16
  77:../application/Src/axis_to_buttons.c **** 			tmp <= (uint32_t) (axis_to_btn->points[7] * AXIS_FULLSCALE) && 
 275              		.loc 1 77 70 discriminator 1 view .LVU98
 276 0102 8342     		cmp	r3, r0
 277 0104 02D8     		bhi	.L16
  78:../application/Src/axis_to_buttons.c **** 			btn_num == 6)
 278              		.loc 1 78 64 view .LVU99
 279 0106 0629     		cmp	r1, #6
 280 0108 B4D1     		bne	.L17
 281 010a 90E7     		b	.L34
 282              	.L16:
  84:../application/Src/axis_to_buttons.c **** 			btn_num == 7)
 283              		.loc 1 84 42 discriminator 1 view .LVU100
 284 010c 107A     		ldrb	r0, [r2, #8]	@ zero_extendqisi2
  84:../application/Src/axis_to_buttons.c **** 			btn_num == 7)
 285              		.loc 1 84 46 discriminator 1 view .LVU101
 286 010e C0EB0040 		rsb	r0, r0, r0, lsl #16
  83:../application/Src/axis_to_buttons.c **** 			tmp <= (uint32_t) (axis_to_btn->points[8] * AXIS_FULLSCALE) && 
 287              		.loc 1 83 70 discriminator 1 view .LVU102
 288 0112 8342     		cmp	r3, r0
 289 0114 02D8     		bhi	.L18
  84:../application/Src/axis_to_buttons.c **** 			btn_num == 7)
 290              		.loc 1 84 64 view .LVU103
 291 0116 0729     		cmp	r1, #7
 292 0118 B1D1     		bne	.L19
 293 011a 88E7     		b	.L34
 294              	.L18:
  90:../application/Src/axis_to_buttons.c **** 			btn_num == 8)
 295              		.loc 1 90 42 discriminator 1 view .LVU104
 296 011c 507A     		ldrb	r0, [r2, #9]	@ zero_extendqisi2
  90:../application/Src/axis_to_buttons.c **** 			btn_num == 8)
 297              		.loc 1 90 46 discriminator 1 view .LVU105
 298 011e C0EB0040 		rsb	r0, r0, r0, lsl #16
  89:../application/Src/axis_to_buttons.c **** 			tmp <= (uint32_t) (axis_to_btn->points[9] * AXIS_FULLSCALE) && 
 299              		.loc 1 89 70 discriminator 1 view .LVU106
 300 0122 8342     		cmp	r3, r0
 301 0124 02D8     		bhi	.L20
  90:../application/Src/axis_to_buttons.c **** 			btn_num == 8)
 302              		.loc 1 90 64 view .LVU107
 303 0126 0829     		cmp	r1, #8
 304 0128 AED1     		bne	.L21
ARM GAS  /tmp/cc5LQABx.s 			page 10


 305 012a 80E7     		b	.L34
 306              	.L20:
  96:../application/Src/axis_to_buttons.c **** 			btn_num == 9)
 307              		.loc 1 96 42 discriminator 1 view .LVU108
 308 012c 907A     		ldrb	r0, [r2, #10]	@ zero_extendqisi2
  96:../application/Src/axis_to_buttons.c **** 			btn_num == 9)
 309              		.loc 1 96 47 discriminator 1 view .LVU109
 310 012e C0EB0040 		rsb	r0, r0, r0, lsl #16
  95:../application/Src/axis_to_buttons.c **** 			tmp <= (uint32_t) (axis_to_btn->points[10] * AXIS_FULLSCALE) && 
 311              		.loc 1 95 70 discriminator 1 view .LVU110
 312 0132 8342     		cmp	r3, r0
 313 0134 13D9     		bls	.L43
 314              	.L22:
 102:../application/Src/axis_to_buttons.c **** 			btn_num == 10)
 315              		.loc 1 102 42 discriminator 1 view .LVU111
 316 0136 D07A     		ldrb	r0, [r2, #11]	@ zero_extendqisi2
 102:../application/Src/axis_to_buttons.c **** 			btn_num == 10)
 317              		.loc 1 102 47 discriminator 1 view .LVU112
 318 0138 C0EB0040 		rsb	r0, r0, r0, lsl #16
 101:../application/Src/axis_to_buttons.c **** 			tmp <= (uint32_t) (axis_to_btn->points[11] * AXIS_FULLSCALE ) && 
 319              		.loc 1 101 71 discriminator 1 view .LVU113
 320 013c 8342     		cmp	r3, r0
 321 013e 11D8     		bhi	.L24
  45:../application/Src/axis_to_buttons.c **** 	}	
 322              		.loc 1 45 7 view .LVU114
 323 0140 A1F10A00 		sub	r0, r1, #10
 324 0144 B0FA80F0 		clz	r0, r0
 325 0148 4009     		lsrs	r0, r0, #5
 326 014a 71E7     		b	.L4
 327              	.L8:
  60:../application/Src/axis_to_buttons.c **** 			btn_num == 3)
 328              		.loc 1 60 42 discriminator 1 view .LVU115
 329 014c 1079     		ldrb	r0, [r2, #4]	@ zero_extendqisi2
  60:../application/Src/axis_to_buttons.c **** 			btn_num == 3)
 330              		.loc 1 60 46 discriminator 1 view .LVU116
 331 014e C0EB0040 		rsb	r0, r0, r0, lsl #16
  59:../application/Src/axis_to_buttons.c **** 			tmp <= (uint32_t) (axis_to_btn->points[4] * AXIS_FULLSCALE) && 
 332              		.loc 1 59 70 discriminator 1 view .LVU117
 333 0152 8342     		cmp	r3, r0
 334 0154 B8D8     		bhi	.L10
  60:../application/Src/axis_to_buttons.c **** 			btn_num == 3)
 335              		.loc 1 60 64 view .LVU118
 336 0156 0329     		cmp	r1, #3
 337 0158 7FF47DAF 		bne	.L11
 338 015c 67E7     		b	.L34
 339              	.L43:
  96:../application/Src/axis_to_buttons.c **** 			btn_num == 9)
 340              		.loc 1 96 65 view .LVU119
 341 015e 0929     		cmp	r1, #9
 342 0160 97D1     		bne	.L23
 343 0162 64E7     		b	.L34
 344              	.L24:
 108:../application/Src/axis_to_buttons.c **** 			btn_num == 11)
 345              		.loc 1 108 42 discriminator 1 view .LVU120
 346 0164 127B     		ldrb	r2, [r2, #12]	@ zero_extendqisi2
 347              	.LVL7:
 108:../application/Src/axis_to_buttons.c **** 			btn_num == 11)
ARM GAS  /tmp/cc5LQABx.s 			page 11


 348              		.loc 1 108 47 discriminator 1 view .LVU121
 349 0166 C2EB0242 		rsb	r2, r2, r2, lsl #16
 107:../application/Src/axis_to_buttons.c **** 			tmp <= (uint32_t) (axis_to_btn->points[12] * AXIS_FULLSCALE) && 
 350              		.loc 1 107 71 discriminator 1 view .LVU122
 351 016a 9342     		cmp	r3, r2
 352 016c 96D8     		bhi	.L36
  45:../application/Src/axis_to_buttons.c **** 	}	
 353              		.loc 1 45 7 view .LVU123
 354 016e A1F10B00 		sub	r0, r1, #11
 355 0172 B0FA80F0 		clz	r0, r0
 356 0176 4009     		lsrs	r0, r0, #5
 357 0178 5AE7     		b	.L4
 358              		.cfi_endproc
 359              	.LFE29:
 361 017a 00BF     		.section	.text.AxisToButtonsGet,"ax",%progbits
 362              		.align	1
 363              		.p2align 2,,3
 364              		.global	AxisToButtonsGet
 365              		.syntax unified
 366              		.thumb
 367              		.thumb_func
 368              		.fpu softvfp
 370              	AxisToButtonsGet:
 371              	.LVL8:
 372              	.LFB30:
 116:../application/Src/axis_to_buttons.c **** 
 117:../application/Src/axis_to_buttons.c **** /**
 118:../application/Src/axis_to_buttons.c ****   * @brief  Getting buttons states from axis to buttons
 119:../application/Src/axis_to_buttons.c **** 	* @param  raw_button_data_buf: Pointer to raw buttons data buffer
 120:../application/Src/axis_to_buttons.c **** 	* @param  p_dev_config: Pointer to device configuration
 121:../application/Src/axis_to_buttons.c **** 	* @param  pos: Pointer to button position counter
 122:../application/Src/axis_to_buttons.c ****   * @retval None
 123:../application/Src/axis_to_buttons.c ****   */
 124:../application/Src/axis_to_buttons.c **** void AxisToButtonsGet (uint8_t * raw_button_data_buf, dev_config_t * p_dev_config, uint8_t * pos)
 125:../application/Src/axis_to_buttons.c **** {
 373              		.loc 1 125 1 is_stmt 1 view -0
 374              		.cfi_startproc
 375              		@ args = 0, pretend = 0, frame = 16
 376              		@ frame_needed = 0, uses_anonymous_args = 0
 377              		.loc 1 125 1 is_stmt 0 view .LVU125
 378 0000 F0B5     		push	{r4, r5, r6, r7, lr}
 379              	.LCFI5:
 380              		.cfi_def_cfa_offset 20
 381              		.cfi_offset 4, -20
 382              		.cfi_offset 5, -16
 383              		.cfi_offset 6, -12
 384              		.cfi_offset 7, -8
 385              		.cfi_offset 14, -4
 386 0002 1646     		mov	r6, r2
 126:../application/Src/axis_to_buttons.c **** 	analog_data_t 		scaled_axis_data[MAX_AXIS_NUM];
 127:../application/Src/axis_to_buttons.c **** 	
 128:../application/Src/axis_to_buttons.c **** 	// get axis data
 129:../application/Src/axis_to_buttons.c **** 	AnalogGet(NULL, scaled_axis_data, NULL);
 387              		.loc 1 129 2 view .LVU126
 388 0004 0022     		movs	r2, #0
 389              	.LVL9:
 125:../application/Src/axis_to_buttons.c **** 	analog_data_t 		scaled_axis_data[MAX_AXIS_NUM];
ARM GAS  /tmp/cc5LQABx.s 			page 12


 390              		.loc 1 125 1 view .LVU127
 391 0006 0C46     		mov	r4, r1
 392 0008 85B0     		sub	sp, sp, #20
 393              	.LCFI6:
 394              		.cfi_def_cfa_offset 40
 395              		.loc 1 129 2 view .LVU128
 396 000a 6946     		mov	r1, sp
 397              	.LVL10:
 126:../application/Src/axis_to_buttons.c **** 	analog_data_t 		scaled_axis_data[MAX_AXIS_NUM];
 398              		.loc 1 126 2 is_stmt 1 view .LVU129
 399              		.loc 1 129 2 view .LVU130
 125:../application/Src/axis_to_buttons.c **** 	analog_data_t 		scaled_axis_data[MAX_AXIS_NUM];
 400              		.loc 1 125 1 is_stmt 0 view .LVU131
 401 000c 0746     		mov	r7, r0
 402              		.loc 1 129 2 view .LVU132
 403 000e 1046     		mov	r0, r2
 404              	.LVL11:
 405              		.loc 1 129 2 view .LVU133
 406 0010 FFF7FEFF 		bl	AnalogGet
 407              	.LVL12:
 130:../application/Src/axis_to_buttons.c **** 	
 131:../application/Src/axis_to_buttons.c **** 	for (uint8_t i=0; i<MAX_AXIS_NUM; i++)
 408              		.loc 1 131 2 is_stmt 1 view .LVU134
 409              	.LBB6:
 410              		.loc 1 131 7 view .LVU135
 411              		.loc 1 131 20 view .LVU136
 412 0014 2146     		mov	r1, r4
 413 0016 6846     		mov	r0, sp
 414              	.LBB7:
 415              	.LBB8:
 416              	.LBB9:
  39:../application/Src/axis_to_buttons.c **** 	
 417              		.loc 1 39 36 is_stmt 0 view .LVU137
 418 0018 47F6FF7C 		movw	ip, #32767
 419 001c 04F1700E 		add	lr, r4, #112
 420 0020 05E0     		b	.L46
 421              	.LVL13:
 422              	.L48:
  39:../application/Src/axis_to_buttons.c **** 	
 423              		.loc 1 39 36 view .LVU138
 424              	.LBE9:
 425              	.LBE8:
 426              	.LBE7:
 427              		.loc 1 131 36 is_stmt 1 view .LVU139
 428              		.loc 1 131 20 view .LVU140
 429 0022 0E31     		adds	r1, r1, #14
 430              		.loc 1 131 2 is_stmt 0 view .LVU141
 431 0024 8E45     		cmp	lr, r1
 432 0026 00F10200 		add	r0, r0, #2
 433 002a 00F00D81 		beq	.L99
 434              	.L46:
 132:../application/Src/axis_to_buttons.c **** 	{
 133:../application/Src/axis_to_buttons.c **** 		if (p_dev_config->axes_to_buttons[i].buttons_cnt > 0)
 435              		.loc 1 133 3 is_stmt 1 view .LVU142
 436              		.loc 1 133 6 is_stmt 0 view .LVU143
 437 002e 91F8C332 		ldrb	r3, [r1, #707]	@ zero_extendqisi2
 438 0032 002B     		cmp	r3, #0
ARM GAS  /tmp/cc5LQABx.s 			page 13


 439 0034 F5D0     		beq	.L48
 440 0036 0022     		movs	r2, #0
 441 0038 3478     		ldrb	r4, [r6]	@ zero_extendqisi2
 442 003a 50E0     		b	.L72
 443              	.LVL14:
 444              	.L100:
 445              	.LBB16:
 446              	.LBB13:
 447              	.LBB10:
  41:../application/Src/axis_to_buttons.c **** 			tmp <= (uint32_t) (axis_to_btn->points[1] * AXIS_FULLSCALE) &&
 448              		.loc 1 41 66 view .LVU144
 449 003c AB42     		cmp	r3, r5
 450 003e 62D8     		bhi	.L50
  42:../application/Src/axis_to_buttons.c **** 			btn_num == 0)
 451              		.loc 1 42 64 view .LVU145
 452 0040 12F0FF0F 		tst	r2, #255
 453 0044 77D0     		beq	.L81
 454              	.L52:
  53:../application/Src/axis_to_buttons.c **** 			tmp <= (uint32_t) (axis_to_btn->points[3] * AXIS_FULLSCALE) && 
 455              		.loc 1 53 7 is_stmt 1 view .LVU146
  53:../application/Src/axis_to_buttons.c **** 			tmp <= (uint32_t) (axis_to_btn->points[3] * AXIS_FULLSCALE) && 
 456              		.loc 1 53 48 is_stmt 0 view .LVU147
 457 0046 91F8B852 		ldrb	r5, [r1, #696]	@ zero_extendqisi2
  53:../application/Src/axis_to_buttons.c **** 			tmp <= (uint32_t) (axis_to_btn->points[3] * AXIS_FULLSCALE) && 
 458              		.loc 1 53 52 view .LVU148
 459 004a C5EB0545 		rsb	r5, r5, r5, lsl #16
  53:../application/Src/axis_to_buttons.c **** 			tmp <= (uint32_t) (axis_to_btn->points[3] * AXIS_FULLSCALE) && 
 460              		.loc 1 53 10 view .LVU149
 461 004e AB42     		cmp	r3, r5
 462 0050 73D8     		bhi	.L53
  59:../application/Src/axis_to_buttons.c **** 			tmp <= (uint32_t) (axis_to_btn->points[4] * AXIS_FULLSCALE) && 
 463              		.loc 1 59 7 is_stmt 1 view .LVU150
  59:../application/Src/axis_to_buttons.c **** 			tmp <= (uint32_t) (axis_to_btn->points[4] * AXIS_FULLSCALE) && 
 464              		.loc 1 59 48 is_stmt 0 view .LVU151
 465 0052 91F8B952 		ldrb	r5, [r1, #697]	@ zero_extendqisi2
  59:../application/Src/axis_to_buttons.c **** 			tmp <= (uint32_t) (axis_to_btn->points[4] * AXIS_FULLSCALE) && 
 466              		.loc 1 59 52 view .LVU152
 467 0056 C5EB0545 		rsb	r5, r5, r5, lsl #16
  59:../application/Src/axis_to_buttons.c **** 			tmp <= (uint32_t) (axis_to_btn->points[4] * AXIS_FULLSCALE) && 
 468              		.loc 1 59 10 view .LVU153
 469 005a AB42     		cmp	r3, r5
 470 005c 62D8     		bhi	.L55
 471              	.L56:
  65:../application/Src/axis_to_buttons.c **** 			tmp <= (uint32_t) (axis_to_btn->points[5] * AXIS_FULLSCALE) && 
 472              		.loc 1 65 7 is_stmt 1 view .LVU154
  65:../application/Src/axis_to_buttons.c **** 			tmp <= (uint32_t) (axis_to_btn->points[5] * AXIS_FULLSCALE) && 
 473              		.loc 1 65 48 is_stmt 0 view .LVU155
 474 005e 91F8BA52 		ldrb	r5, [r1, #698]	@ zero_extendqisi2
  65:../application/Src/axis_to_buttons.c **** 			tmp <= (uint32_t) (axis_to_btn->points[5] * AXIS_FULLSCALE) && 
 475              		.loc 1 65 52 view .LVU156
 476 0062 C5EB0545 		rsb	r5, r5, r5, lsl #16
  65:../application/Src/axis_to_buttons.c **** 			tmp <= (uint32_t) (axis_to_btn->points[5] * AXIS_FULLSCALE) && 
 477              		.loc 1 65 10 view .LVU157
 478 0066 AB42     		cmp	r3, r5
 479 0068 76D8     		bhi	.L57
 480              	.L58:
  71:../application/Src/axis_to_buttons.c **** 			tmp <= (uint32_t) (axis_to_btn->points[6] * AXIS_FULLSCALE) && 
ARM GAS  /tmp/cc5LQABx.s 			page 14


 481              		.loc 1 71 7 is_stmt 1 view .LVU158
  71:../application/Src/axis_to_buttons.c **** 			tmp <= (uint32_t) (axis_to_btn->points[6] * AXIS_FULLSCALE) && 
 482              		.loc 1 71 48 is_stmt 0 view .LVU159
 483 006a 91F8BB52 		ldrb	r5, [r1, #699]	@ zero_extendqisi2
  71:../application/Src/axis_to_buttons.c **** 			tmp <= (uint32_t) (axis_to_btn->points[6] * AXIS_FULLSCALE) && 
 484              		.loc 1 71 52 view .LVU160
 485 006e C5EB0545 		rsb	r5, r5, r5, lsl #16
  71:../application/Src/axis_to_buttons.c **** 			tmp <= (uint32_t) (axis_to_btn->points[6] * AXIS_FULLSCALE) && 
 486              		.loc 1 71 10 view .LVU161
 487 0072 AB42     		cmp	r3, r5
 488 0074 00F2AA80 		bhi	.L59
  77:../application/Src/axis_to_buttons.c **** 			tmp <= (uint32_t) (axis_to_btn->points[7] * AXIS_FULLSCALE) && 
 489              		.loc 1 77 7 is_stmt 1 view .LVU162
  77:../application/Src/axis_to_buttons.c **** 			tmp <= (uint32_t) (axis_to_btn->points[7] * AXIS_FULLSCALE) && 
 490              		.loc 1 77 48 is_stmt 0 view .LVU163
 491 0078 91F8BC52 		ldrb	r5, [r1, #700]	@ zero_extendqisi2
  77:../application/Src/axis_to_buttons.c **** 			tmp <= (uint32_t) (axis_to_btn->points[7] * AXIS_FULLSCALE) && 
 492              		.loc 1 77 52 view .LVU164
 493 007c C5EB0545 		rsb	r5, r5, r5, lsl #16
  77:../application/Src/axis_to_buttons.c **** 			tmp <= (uint32_t) (axis_to_btn->points[7] * AXIS_FULLSCALE) && 
 494              		.loc 1 77 10 view .LVU165
 495 0080 AB42     		cmp	r3, r5
 496 0082 78D8     		bhi	.L61
 497              	.L62:
  83:../application/Src/axis_to_buttons.c **** 			tmp <= (uint32_t) (axis_to_btn->points[8] * AXIS_FULLSCALE) && 
 498              		.loc 1 83 7 is_stmt 1 view .LVU166
  83:../application/Src/axis_to_buttons.c **** 			tmp <= (uint32_t) (axis_to_btn->points[8] * AXIS_FULLSCALE) && 
 499              		.loc 1 83 48 is_stmt 0 view .LVU167
 500 0084 91F8BD52 		ldrb	r5, [r1, #701]	@ zero_extendqisi2
  83:../application/Src/axis_to_buttons.c **** 			tmp <= (uint32_t) (axis_to_btn->points[8] * AXIS_FULLSCALE) && 
 501              		.loc 1 83 52 view .LVU168
 502 0088 C5EB0545 		rsb	r5, r5, r5, lsl #16
  83:../application/Src/axis_to_buttons.c **** 			tmp <= (uint32_t) (axis_to_btn->points[8] * AXIS_FULLSCALE) && 
 503              		.loc 1 83 10 view .LVU169
 504 008c AB42     		cmp	r3, r5
 505 008e 00F2AD80 		bhi	.L63
 506              	.L64:
  89:../application/Src/axis_to_buttons.c **** 			tmp <= (uint32_t) (axis_to_btn->points[9] * AXIS_FULLSCALE) && 
 507              		.loc 1 89 7 is_stmt 1 view .LVU170
  89:../application/Src/axis_to_buttons.c **** 			tmp <= (uint32_t) (axis_to_btn->points[9] * AXIS_FULLSCALE) && 
 508              		.loc 1 89 48 is_stmt 0 view .LVU171
 509 0092 91F8BE52 		ldrb	r5, [r1, #702]	@ zero_extendqisi2
  89:../application/Src/axis_to_buttons.c **** 			tmp <= (uint32_t) (axis_to_btn->points[9] * AXIS_FULLSCALE) && 
 510              		.loc 1 89 52 view .LVU172
 511 0096 C5EB0545 		rsb	r5, r5, r5, lsl #16
  89:../application/Src/axis_to_buttons.c **** 			tmp <= (uint32_t) (axis_to_btn->points[9] * AXIS_FULLSCALE) && 
 512              		.loc 1 89 10 view .LVU173
 513 009a AB42     		cmp	r3, r5
 514 009c 7AD8     		bhi	.L65
 515              	.L66:
  95:../application/Src/axis_to_buttons.c **** 			tmp <= (uint32_t) (axis_to_btn->points[10] * AXIS_FULLSCALE) && 
 516              		.loc 1 95 7 is_stmt 1 view .LVU174
  95:../application/Src/axis_to_buttons.c **** 			tmp <= (uint32_t) (axis_to_btn->points[10] * AXIS_FULLSCALE) && 
 517              		.loc 1 95 48 is_stmt 0 view .LVU175
 518 009e 91F8BF52 		ldrb	r5, [r1, #703]	@ zero_extendqisi2
  95:../application/Src/axis_to_buttons.c **** 			tmp <= (uint32_t) (axis_to_btn->points[10] * AXIS_FULLSCALE) && 
 519              		.loc 1 95 52 view .LVU176
ARM GAS  /tmp/cc5LQABx.s 			page 15


 520 00a2 C5EB0545 		rsb	r5, r5, r5, lsl #16
  95:../application/Src/axis_to_buttons.c **** 			tmp <= (uint32_t) (axis_to_btn->points[10] * AXIS_FULLSCALE) && 
 521              		.loc 1 95 10 view .LVU177
 522 00a6 AB42     		cmp	r3, r5
 523 00a8 00F2B080 		bhi	.L67
 524              	.L68:
 101:../application/Src/axis_to_buttons.c **** 			tmp <= (uint32_t) (axis_to_btn->points[11] * AXIS_FULLSCALE ) && 
 525              		.loc 1 101 7 is_stmt 1 view .LVU178
 101:../application/Src/axis_to_buttons.c **** 			tmp <= (uint32_t) (axis_to_btn->points[11] * AXIS_FULLSCALE ) && 
 526              		.loc 1 101 48 is_stmt 0 view .LVU179
 527 00ac 91F8C052 		ldrb	r5, [r1, #704]	@ zero_extendqisi2
 101:../application/Src/axis_to_buttons.c **** 			tmp <= (uint32_t) (axis_to_btn->points[11] * AXIS_FULLSCALE ) && 
 528              		.loc 1 101 53 view .LVU180
 529 00b0 C5EB0545 		rsb	r5, r5, r5, lsl #16
 101:../application/Src/axis_to_buttons.c **** 			tmp <= (uint32_t) (axis_to_btn->points[11] * AXIS_FULLSCALE ) && 
 530              		.loc 1 101 10 view .LVU181
 531 00b4 AB42     		cmp	r3, r5
 532 00b6 7CD8     		bhi	.L69
 533              	.L70:
 107:../application/Src/axis_to_buttons.c **** 			tmp <= (uint32_t) (axis_to_btn->points[12] * AXIS_FULLSCALE) && 
 534              		.loc 1 107 7 is_stmt 1 view .LVU182
 107:../application/Src/axis_to_buttons.c **** 			tmp <= (uint32_t) (axis_to_btn->points[12] * AXIS_FULLSCALE) && 
 535              		.loc 1 107 48 is_stmt 0 view .LVU183
 536 00b8 91F8C152 		ldrb	r5, [r1, #705]	@ zero_extendqisi2
 107:../application/Src/axis_to_buttons.c **** 			tmp <= (uint32_t) (axis_to_btn->points[12] * AXIS_FULLSCALE) && 
 537              		.loc 1 107 53 view .LVU184
 538 00bc C5EB0545 		rsb	r5, r5, r5, lsl #16
 107:../application/Src/axis_to_buttons.c **** 			tmp <= (uint32_t) (axis_to_btn->points[12] * AXIS_FULLSCALE) && 
 539              		.loc 1 107 10 view .LVU185
 540 00c0 AB42     		cmp	r3, r5
 541 00c2 00F2B380 		bhi	.L71
 542              	.L83:
  38:../application/Src/axis_to_buttons.c **** 	int32_t tmp = ((int32_t)axis_data - AXIS_MIN_VALUE) * 255;
 543              		.loc 1 38 10 view .LVU186
 544 00c6 0025     		movs	r5, #0
 545              	.L51:
 546              	.LVL15:
 114:../application/Src/axis_to_buttons.c **** }
 547              		.loc 1 114 2 is_stmt 1 view .LVU187
 114:../application/Src/axis_to_buttons.c **** }
 548              		.loc 1 114 2 is_stmt 0 view .LVU188
 549              	.LBE10:
 550              	.LBE13:
 134:../application/Src/axis_to_buttons.c **** 		{
 135:../application/Src/axis_to_buttons.c **** 			for (uint8_t j=0; j<p_dev_config->axes_to_buttons[i].buttons_cnt; j++)
 136:../application/Src/axis_to_buttons.c **** 			{
 137:../application/Src/axis_to_buttons.c **** 				if ((*pos) < MAX_BUTTONS_NUM)
 138:../application/Src/axis_to_buttons.c **** 				{
 139:../application/Src/axis_to_buttons.c **** 					// get raw button state from axis
 140:../application/Src/axis_to_buttons.c **** 					raw_button_data_buf[*pos] = GetPressedFromAxis(scaled_axis_data[i], j, &p_dev_config->axes_to_
 551              		.loc 1 140 32 view .LVU189
 552 00c8 2570     		strb	r5, [r4]
 141:../application/Src/axis_to_buttons.c **** 
 142:../application/Src/axis_to_buttons.c **** 					(*pos)++;
 553              		.loc 1 142 6 is_stmt 1 view .LVU190
 554              		.loc 1 142 12 is_stmt 0 view .LVU191
 555 00ca 3478     		ldrb	r4, [r6]	@ zero_extendqisi2
ARM GAS  /tmp/cc5LQABx.s 			page 16


 556 00cc 0132     		adds	r2, r2, #1
 557              	.LVL16:
 558              		.loc 1 142 12 view .LVU192
 559 00ce 0134     		adds	r4, r4, #1
 560 00d0 E4B2     		uxtb	r4, r4
 561 00d2 3470     		strb	r4, [r6]
 135:../application/Src/axis_to_buttons.c **** 			{
 562              		.loc 1 135 70 is_stmt 1 view .LVU193
 135:../application/Src/axis_to_buttons.c **** 			{
 563              		.loc 1 135 22 view .LVU194
 135:../application/Src/axis_to_buttons.c **** 			{
 564              		.loc 1 135 4 is_stmt 0 view .LVU195
 565 00d4 91F8C352 		ldrb	r5, [r1, #707]	@ zero_extendqisi2
 566 00d8 D3B2     		uxtb	r3, r2
 567 00da 9D42     		cmp	r5, r3
 568 00dc A1D9     		bls	.L48
 569              	.L72:
 570              	.LVL17:
 137:../application/Src/axis_to_buttons.c **** 				{
 571              		.loc 1 137 5 is_stmt 1 view .LVU196
 137:../application/Src/axis_to_buttons.c **** 				{
 572              		.loc 1 137 8 is_stmt 0 view .LVU197
 573 00de 2306     		lsls	r3, r4, #24
 574 00e0 9FD4     		bmi	.L48
 140:../application/Src/axis_to_buttons.c **** 
 575              		.loc 1 140 6 is_stmt 1 discriminator 2 view .LVU198
 576              	.LBB14:
 577              	.LBB11:
  39:../application/Src/axis_to_buttons.c **** 	
 578              		.loc 1 39 17 is_stmt 0 discriminator 2 view .LVU199
 579 00e2 B0F90030 		ldrsh	r3, [r0]
  41:../application/Src/axis_to_buttons.c **** 			tmp <= (uint32_t) (axis_to_btn->points[1] * AXIS_FULLSCALE) &&
 580              		.loc 1 41 44 discriminator 2 view .LVU200
 581 00e6 91F8B652 		ldrb	r5, [r1, #694]	@ zero_extendqisi2
  39:../application/Src/axis_to_buttons.c **** 	
 582              		.loc 1 39 36 discriminator 2 view .LVU201
 583 00ea 6344     		add	r3, r3, ip
  41:../application/Src/axis_to_buttons.c **** 			tmp <= (uint32_t) (axis_to_btn->points[1] * AXIS_FULLSCALE) &&
 584              		.loc 1 41 48 discriminator 2 view .LVU202
 585 00ec C5EB0545 		rsb	r5, r5, r5, lsl #16
  39:../application/Src/axis_to_buttons.c **** 	
 586              		.loc 1 39 10 discriminator 2 view .LVU203
 587 00f0 C3EB0323 		rsb	r3, r3, r3, lsl #8
  41:../application/Src/axis_to_buttons.c **** 			tmp <= (uint32_t) (axis_to_btn->points[1] * AXIS_FULLSCALE) &&
 588              		.loc 1 41 5 discriminator 2 view .LVU204
 589 00f4 9D42     		cmp	r5, r3
  42:../application/Src/axis_to_buttons.c **** 			btn_num == 0)
 590              		.loc 1 42 42 discriminator 2 view .LVU205
 591 00f6 91F8B752 		ldrb	r5, [r1, #695]	@ zero_extendqisi2
 592              	.LBE11:
 593              	.LBE14:
 140:../application/Src/axis_to_buttons.c **** 
 594              		.loc 1 140 25 discriminator 2 view .LVU206
 595 00fa 3C44     		add	r4, r4, r7
 596              	.LVL18:
 597              	.LBB15:
 598              	.LBI8:
ARM GAS  /tmp/cc5LQABx.s 			page 17


  36:../application/Src/axis_to_buttons.c **** {
 599              		.loc 1 36 9 is_stmt 1 discriminator 2 view .LVU207
 600              	.LBB12:
  38:../application/Src/axis_to_buttons.c **** 	int32_t tmp = ((int32_t)axis_data - AXIS_MIN_VALUE) * 255;
 601              		.loc 1 38 2 discriminator 2 view .LVU208
  39:../application/Src/axis_to_buttons.c **** 	
 602              		.loc 1 39 2 discriminator 2 view .LVU209
  41:../application/Src/axis_to_buttons.c **** 			tmp <= (uint32_t) (axis_to_btn->points[1] * AXIS_FULLSCALE) &&
 603              		.loc 1 41 2 discriminator 2 view .LVU210
  42:../application/Src/axis_to_buttons.c **** 			btn_num == 0)
 604              		.loc 1 42 46 is_stmt 0 discriminator 2 view .LVU211
 605 00fc C5EB0545 		rsb	r5, r5, r5, lsl #16
  41:../application/Src/axis_to_buttons.c **** 			tmp <= (uint32_t) (axis_to_btn->points[1] * AXIS_FULLSCALE) &&
 606              		.loc 1 41 5 discriminator 2 view .LVU212
 607 0100 9CD9     		bls	.L100
  47:../application/Src/axis_to_buttons.c **** 			tmp <= (uint32_t) (axis_to_btn->points[2] * AXIS_FULLSCALE) && 
 608              		.loc 1 47 7 is_stmt 1 view .LVU213
  47:../application/Src/axis_to_buttons.c **** 			tmp <= (uint32_t) (axis_to_btn->points[2] * AXIS_FULLSCALE) && 
 609              		.loc 1 47 10 is_stmt 0 view .LVU214
 610 0102 AB42     		cmp	r3, r5
 611 0104 9FD9     		bls	.L52
 612              	.L50:
  48:../application/Src/axis_to_buttons.c **** 			btn_num == 1)
 613              		.loc 1 48 42 view .LVU215
 614 0106 91F8B852 		ldrb	r5, [r1, #696]	@ zero_extendqisi2
  48:../application/Src/axis_to_buttons.c **** 			btn_num == 1)
 615              		.loc 1 48 46 view .LVU216
 616 010a C5EB0545 		rsb	r5, r5, r5, lsl #16
  47:../application/Src/axis_to_buttons.c **** 			tmp <= (uint32_t) (axis_to_btn->points[2] * AXIS_FULLSCALE) && 
 617              		.loc 1 47 71 view .LVU217
 618 010e AB42     		cmp	r3, r5
 619 0110 13D8     		bhi	.L53
 620 0112 D5B2     		uxtb	r5, r2
  48:../application/Src/axis_to_buttons.c **** 			btn_num == 1)
 621              		.loc 1 48 64 view .LVU218
 622 0114 012D     		cmp	r5, #1
 623 0116 D7D0     		beq	.L51
  59:../application/Src/axis_to_buttons.c **** 			tmp <= (uint32_t) (axis_to_btn->points[4] * AXIS_FULLSCALE) && 
 624              		.loc 1 59 7 is_stmt 1 view .LVU219
  59:../application/Src/axis_to_buttons.c **** 			tmp <= (uint32_t) (axis_to_btn->points[4] * AXIS_FULLSCALE) && 
 625              		.loc 1 59 48 is_stmt 0 view .LVU220
 626 0118 91F8B952 		ldrb	r5, [r1, #697]	@ zero_extendqisi2
  59:../application/Src/axis_to_buttons.c **** 			tmp <= (uint32_t) (axis_to_btn->points[4] * AXIS_FULLSCALE) && 
 627              		.loc 1 59 52 view .LVU221
 628 011c C5EB0545 		rsb	r5, r5, r5, lsl #16
  59:../application/Src/axis_to_buttons.c **** 			tmp <= (uint32_t) (axis_to_btn->points[4] * AXIS_FULLSCALE) && 
 629              		.loc 1 59 10 view .LVU222
 630 0120 AB42     		cmp	r3, r5
 631 0122 9CD9     		bls	.L56
 632              	.L55:
  60:../application/Src/axis_to_buttons.c **** 			btn_num == 3)
 633              		.loc 1 60 42 view .LVU223
 634 0124 91F8BA52 		ldrb	r5, [r1, #698]	@ zero_extendqisi2
  60:../application/Src/axis_to_buttons.c **** 			btn_num == 3)
 635              		.loc 1 60 46 view .LVU224
 636 0128 C5EB0545 		rsb	r5, r5, r5, lsl #16
  59:../application/Src/axis_to_buttons.c **** 			tmp <= (uint32_t) (axis_to_btn->points[4] * AXIS_FULLSCALE) && 
ARM GAS  /tmp/cc5LQABx.s 			page 18


 637              		.loc 1 59 70 view .LVU225
 638 012c AB42     		cmp	r3, r5
 639 012e 13D8     		bhi	.L57
  60:../application/Src/axis_to_buttons.c **** 			btn_num == 3)
 640              		.loc 1 60 64 view .LVU226
 641 0130 D5B2     		uxtb	r5, r2
 642 0132 032D     		cmp	r5, #3
 643 0134 99D1     		bne	.L58
 644              	.L81:
  45:../application/Src/axis_to_buttons.c **** 	}	
 645              		.loc 1 45 7 view .LVU227
 646 0136 0125     		movs	r5, #1
 647 0138 C6E7     		b	.L51
 648              	.L53:
  54:../application/Src/axis_to_buttons.c **** 			btn_num == 2)
 649              		.loc 1 54 42 view .LVU228
 650 013a 91F8B952 		ldrb	r5, [r1, #697]	@ zero_extendqisi2
  54:../application/Src/axis_to_buttons.c **** 			btn_num == 2)
 651              		.loc 1 54 46 view .LVU229
 652 013e C5EB0545 		rsb	r5, r5, r5, lsl #16
  53:../application/Src/axis_to_buttons.c **** 			tmp <= (uint32_t) (axis_to_btn->points[3] * AXIS_FULLSCALE) && 
 653              		.loc 1 53 70 view .LVU230
 654 0142 AB42     		cmp	r3, r5
 655 0144 EED8     		bhi	.L55
  54:../application/Src/axis_to_buttons.c **** 			btn_num == 2)
 656              		.loc 1 54 64 view .LVU231
 657 0146 D5B2     		uxtb	r5, r2
 658 0148 022D     		cmp	r5, #2
 659 014a F4D0     		beq	.L81
  65:../application/Src/axis_to_buttons.c **** 			tmp <= (uint32_t) (axis_to_btn->points[5] * AXIS_FULLSCALE) && 
 660              		.loc 1 65 7 is_stmt 1 view .LVU232
  65:../application/Src/axis_to_buttons.c **** 			tmp <= (uint32_t) (axis_to_btn->points[5] * AXIS_FULLSCALE) && 
 661              		.loc 1 65 48 is_stmt 0 view .LVU233
 662 014c 91F8BA52 		ldrb	r5, [r1, #698]	@ zero_extendqisi2
  65:../application/Src/axis_to_buttons.c **** 			tmp <= (uint32_t) (axis_to_btn->points[5] * AXIS_FULLSCALE) && 
 663              		.loc 1 65 52 view .LVU234
 664 0150 C5EB0545 		rsb	r5, r5, r5, lsl #16
  65:../application/Src/axis_to_buttons.c **** 			tmp <= (uint32_t) (axis_to_btn->points[5] * AXIS_FULLSCALE) && 
 665              		.loc 1 65 10 view .LVU235
 666 0154 AB42     		cmp	r3, r5
 667 0156 88D9     		bls	.L58
 668              	.L57:
  66:../application/Src/axis_to_buttons.c **** 			btn_num == 4)
 669              		.loc 1 66 42 view .LVU236
 670 0158 91F8BB52 		ldrb	r5, [r1, #699]	@ zero_extendqisi2
  66:../application/Src/axis_to_buttons.c **** 			btn_num == 4)
 671              		.loc 1 66 46 view .LVU237
 672 015c C5EB0545 		rsb	r5, r5, r5, lsl #16
  65:../application/Src/axis_to_buttons.c **** 			tmp <= (uint32_t) (axis_to_btn->points[5] * AXIS_FULLSCALE) && 
 673              		.loc 1 65 70 view .LVU238
 674 0160 AB42     		cmp	r3, r5
 675 0162 33D8     		bhi	.L59
  66:../application/Src/axis_to_buttons.c **** 			btn_num == 4)
 676              		.loc 1 66 64 view .LVU239
 677 0164 D5B2     		uxtb	r5, r2
 678 0166 042D     		cmp	r5, #4
 679 0168 E5D0     		beq	.L81
ARM GAS  /tmp/cc5LQABx.s 			page 19


  77:../application/Src/axis_to_buttons.c **** 			tmp <= (uint32_t) (axis_to_btn->points[7] * AXIS_FULLSCALE) && 
 680              		.loc 1 77 7 is_stmt 1 view .LVU240
  77:../application/Src/axis_to_buttons.c **** 			tmp <= (uint32_t) (axis_to_btn->points[7] * AXIS_FULLSCALE) && 
 681              		.loc 1 77 48 is_stmt 0 view .LVU241
 682 016a 91F8BC52 		ldrb	r5, [r1, #700]	@ zero_extendqisi2
  77:../application/Src/axis_to_buttons.c **** 			tmp <= (uint32_t) (axis_to_btn->points[7] * AXIS_FULLSCALE) && 
 683              		.loc 1 77 52 view .LVU242
 684 016e C5EB0545 		rsb	r5, r5, r5, lsl #16
  77:../application/Src/axis_to_buttons.c **** 			tmp <= (uint32_t) (axis_to_btn->points[7] * AXIS_FULLSCALE) && 
 685              		.loc 1 77 10 view .LVU243
 686 0172 AB42     		cmp	r3, r5
 687 0174 86D9     		bls	.L62
 688              	.L61:
  78:../application/Src/axis_to_buttons.c **** 			btn_num == 6)
 689              		.loc 1 78 42 view .LVU244
 690 0176 91F8BD52 		ldrb	r5, [r1, #701]	@ zero_extendqisi2
  78:../application/Src/axis_to_buttons.c **** 			btn_num == 6)
 691              		.loc 1 78 46 view .LVU245
 692 017a C5EB0545 		rsb	r5, r5, r5, lsl #16
  77:../application/Src/axis_to_buttons.c **** 			tmp <= (uint32_t) (axis_to_btn->points[7] * AXIS_FULLSCALE) && 
 693              		.loc 1 77 70 view .LVU246
 694 017e AB42     		cmp	r3, r5
 695 0180 34D8     		bhi	.L63
  78:../application/Src/axis_to_buttons.c **** 			btn_num == 6)
 696              		.loc 1 78 64 view .LVU247
 697 0182 D5B2     		uxtb	r5, r2
 698 0184 062D     		cmp	r5, #6
 699 0186 D6D0     		beq	.L81
  89:../application/Src/axis_to_buttons.c **** 			tmp <= (uint32_t) (axis_to_btn->points[9] * AXIS_FULLSCALE) && 
 700              		.loc 1 89 7 is_stmt 1 view .LVU248
  89:../application/Src/axis_to_buttons.c **** 			tmp <= (uint32_t) (axis_to_btn->points[9] * AXIS_FULLSCALE) && 
 701              		.loc 1 89 48 is_stmt 0 view .LVU249
 702 0188 91F8BE52 		ldrb	r5, [r1, #702]	@ zero_extendqisi2
  89:../application/Src/axis_to_buttons.c **** 			tmp <= (uint32_t) (axis_to_btn->points[9] * AXIS_FULLSCALE) && 
 703              		.loc 1 89 52 view .LVU250
 704 018c C5EB0545 		rsb	r5, r5, r5, lsl #16
  89:../application/Src/axis_to_buttons.c **** 			tmp <= (uint32_t) (axis_to_btn->points[9] * AXIS_FULLSCALE) && 
 705              		.loc 1 89 10 view .LVU251
 706 0190 AB42     		cmp	r3, r5
 707 0192 84D9     		bls	.L66
 708              	.L65:
  90:../application/Src/axis_to_buttons.c **** 			btn_num == 8)
 709              		.loc 1 90 42 view .LVU252
 710 0194 91F8BF52 		ldrb	r5, [r1, #703]	@ zero_extendqisi2
  90:../application/Src/axis_to_buttons.c **** 			btn_num == 8)
 711              		.loc 1 90 46 view .LVU253
 712 0198 C5EB0545 		rsb	r5, r5, r5, lsl #16
  89:../application/Src/axis_to_buttons.c **** 			tmp <= (uint32_t) (axis_to_btn->points[9] * AXIS_FULLSCALE) && 
 713              		.loc 1 89 70 view .LVU254
 714 019c AB42     		cmp	r3, r5
 715 019e 35D8     		bhi	.L67
  90:../application/Src/axis_to_buttons.c **** 			btn_num == 8)
 716              		.loc 1 90 64 view .LVU255
 717 01a0 D5B2     		uxtb	r5, r2
 718 01a2 082D     		cmp	r5, #8
 719 01a4 C7D0     		beq	.L81
 101:../application/Src/axis_to_buttons.c **** 			tmp <= (uint32_t) (axis_to_btn->points[11] * AXIS_FULLSCALE ) && 
ARM GAS  /tmp/cc5LQABx.s 			page 20


 720              		.loc 1 101 7 is_stmt 1 view .LVU256
 101:../application/Src/axis_to_buttons.c **** 			tmp <= (uint32_t) (axis_to_btn->points[11] * AXIS_FULLSCALE ) && 
 721              		.loc 1 101 48 is_stmt 0 view .LVU257
 722 01a6 91F8C052 		ldrb	r5, [r1, #704]	@ zero_extendqisi2
 101:../application/Src/axis_to_buttons.c **** 			tmp <= (uint32_t) (axis_to_btn->points[11] * AXIS_FULLSCALE ) && 
 723              		.loc 1 101 53 view .LVU258
 724 01aa C5EB0545 		rsb	r5, r5, r5, lsl #16
 101:../application/Src/axis_to_buttons.c **** 			tmp <= (uint32_t) (axis_to_btn->points[11] * AXIS_FULLSCALE ) && 
 725              		.loc 1 101 10 view .LVU259
 726 01ae AB42     		cmp	r3, r5
 727 01b0 82D9     		bls	.L70
 728              	.L69:
 102:../application/Src/axis_to_buttons.c **** 			btn_num == 10)
 729              		.loc 1 102 42 view .LVU260
 730 01b2 91F8C152 		ldrb	r5, [r1, #705]	@ zero_extendqisi2
 102:../application/Src/axis_to_buttons.c **** 			btn_num == 10)
 731              		.loc 1 102 47 view .LVU261
 732 01b6 C5EB0545 		rsb	r5, r5, r5, lsl #16
 101:../application/Src/axis_to_buttons.c **** 			tmp <= (uint32_t) (axis_to_btn->points[11] * AXIS_FULLSCALE ) && 
 733              		.loc 1 101 71 view .LVU262
 734 01ba AB42     		cmp	r3, r5
 735 01bc 36D8     		bhi	.L71
 102:../application/Src/axis_to_buttons.c **** 			btn_num == 10)
 736              		.loc 1 102 66 view .LVU263
 737 01be D5B2     		uxtb	r5, r2
 111:../application/Src/axis_to_buttons.c **** 	}
 738              		.loc 1 111 7 view .LVU264
 739 01c0 A5F10A05 		sub	r5, #10
 740 01c4 B5FA85F5 		clz	r5, r5
 741 01c8 6D09     		lsrs	r5, r5, #5
 742 01ca 7DE7     		b	.L51
 743              	.L59:
  72:../application/Src/axis_to_buttons.c **** 			btn_num == 5)
 744              		.loc 1 72 42 view .LVU265
 745 01cc 91F8BC52 		ldrb	r5, [r1, #700]	@ zero_extendqisi2
  72:../application/Src/axis_to_buttons.c **** 			btn_num == 5)
 746              		.loc 1 72 46 view .LVU266
 747 01d0 C5EB0545 		rsb	r5, r5, r5, lsl #16
  71:../application/Src/axis_to_buttons.c **** 			tmp <= (uint32_t) (axis_to_btn->points[6] * AXIS_FULLSCALE) && 
 748              		.loc 1 71 70 view .LVU267
 749 01d4 AB42     		cmp	r3, r5
 750 01d6 CED8     		bhi	.L61
  72:../application/Src/axis_to_buttons.c **** 			btn_num == 5)
 751              		.loc 1 72 64 view .LVU268
 752 01d8 D5B2     		uxtb	r5, r2
 753 01da 052D     		cmp	r5, #5
 754 01dc ABD0     		beq	.L81
  83:../application/Src/axis_to_buttons.c **** 			tmp <= (uint32_t) (axis_to_btn->points[8] * AXIS_FULLSCALE) && 
 755              		.loc 1 83 7 is_stmt 1 view .LVU269
  83:../application/Src/axis_to_buttons.c **** 			tmp <= (uint32_t) (axis_to_btn->points[8] * AXIS_FULLSCALE) && 
 756              		.loc 1 83 48 is_stmt 0 view .LVU270
 757 01de 91F8BD52 		ldrb	r5, [r1, #701]	@ zero_extendqisi2
  83:../application/Src/axis_to_buttons.c **** 			tmp <= (uint32_t) (axis_to_btn->points[8] * AXIS_FULLSCALE) && 
 758              		.loc 1 83 52 view .LVU271
 759 01e2 C5EB0545 		rsb	r5, r5, r5, lsl #16
  83:../application/Src/axis_to_buttons.c **** 			tmp <= (uint32_t) (axis_to_btn->points[8] * AXIS_FULLSCALE) && 
 760              		.loc 1 83 10 view .LVU272
ARM GAS  /tmp/cc5LQABx.s 			page 21


 761 01e6 AB42     		cmp	r3, r5
 762 01e8 7FF653AF 		bls	.L64
 763              	.L63:
  84:../application/Src/axis_to_buttons.c **** 			btn_num == 7)
 764              		.loc 1 84 42 view .LVU273
 765 01ec 91F8BE52 		ldrb	r5, [r1, #702]	@ zero_extendqisi2
  84:../application/Src/axis_to_buttons.c **** 			btn_num == 7)
 766              		.loc 1 84 46 view .LVU274
 767 01f0 C5EB0545 		rsb	r5, r5, r5, lsl #16
  83:../application/Src/axis_to_buttons.c **** 			tmp <= (uint32_t) (axis_to_btn->points[8] * AXIS_FULLSCALE) && 
 768              		.loc 1 83 70 view .LVU275
 769 01f4 AB42     		cmp	r3, r5
 770 01f6 CDD8     		bhi	.L65
  84:../application/Src/axis_to_buttons.c **** 			btn_num == 7)
 771              		.loc 1 84 64 view .LVU276
 772 01f8 D5B2     		uxtb	r5, r2
 773 01fa 072D     		cmp	r5, #7
 774 01fc 9BD0     		beq	.L81
  95:../application/Src/axis_to_buttons.c **** 			tmp <= (uint32_t) (axis_to_btn->points[10] * AXIS_FULLSCALE) && 
 775              		.loc 1 95 7 is_stmt 1 view .LVU277
  95:../application/Src/axis_to_buttons.c **** 			tmp <= (uint32_t) (axis_to_btn->points[10] * AXIS_FULLSCALE) && 
 776              		.loc 1 95 48 is_stmt 0 view .LVU278
 777 01fe 91F8BF52 		ldrb	r5, [r1, #703]	@ zero_extendqisi2
  95:../application/Src/axis_to_buttons.c **** 			tmp <= (uint32_t) (axis_to_btn->points[10] * AXIS_FULLSCALE) && 
 778              		.loc 1 95 52 view .LVU279
 779 0202 C5EB0545 		rsb	r5, r5, r5, lsl #16
  95:../application/Src/axis_to_buttons.c **** 			tmp <= (uint32_t) (axis_to_btn->points[10] * AXIS_FULLSCALE) && 
 780              		.loc 1 95 10 view .LVU280
 781 0206 AB42     		cmp	r3, r5
 782 0208 7FF650AF 		bls	.L68
 783              	.L67:
  96:../application/Src/axis_to_buttons.c **** 			btn_num == 9)
 784              		.loc 1 96 42 view .LVU281
 785 020c 91F8C052 		ldrb	r5, [r1, #704]	@ zero_extendqisi2
  96:../application/Src/axis_to_buttons.c **** 			btn_num == 9)
 786              		.loc 1 96 47 view .LVU282
 787 0210 C5EB0545 		rsb	r5, r5, r5, lsl #16
  95:../application/Src/axis_to_buttons.c **** 			tmp <= (uint32_t) (axis_to_btn->points[10] * AXIS_FULLSCALE) && 
 788              		.loc 1 95 70 view .LVU283
 789 0214 AB42     		cmp	r3, r5
 790 0216 CCD8     		bhi	.L69
  96:../application/Src/axis_to_buttons.c **** 			btn_num == 9)
 791              		.loc 1 96 65 view .LVU284
 792 0218 D5B2     		uxtb	r5, r2
 793 021a 092D     		cmp	r5, #9
 794 021c 8BD0     		beq	.L81
 107:../application/Src/axis_to_buttons.c **** 			tmp <= (uint32_t) (axis_to_btn->points[12] * AXIS_FULLSCALE) && 
 795              		.loc 1 107 7 is_stmt 1 view .LVU285
 107:../application/Src/axis_to_buttons.c **** 			tmp <= (uint32_t) (axis_to_btn->points[12] * AXIS_FULLSCALE) && 
 796              		.loc 1 107 48 is_stmt 0 view .LVU286
 797 021e 91F8C152 		ldrb	r5, [r1, #705]	@ zero_extendqisi2
 107:../application/Src/axis_to_buttons.c **** 			tmp <= (uint32_t) (axis_to_btn->points[12] * AXIS_FULLSCALE) && 
 798              		.loc 1 107 53 view .LVU287
 799 0222 C5EB0545 		rsb	r5, r5, r5, lsl #16
 107:../application/Src/axis_to_buttons.c **** 			tmp <= (uint32_t) (axis_to_btn->points[12] * AXIS_FULLSCALE) && 
 800              		.loc 1 107 10 view .LVU288
 801 0226 AB42     		cmp	r3, r5
ARM GAS  /tmp/cc5LQABx.s 			page 22


 802 0228 7FF64DAF 		bls	.L83
 803              	.L71:
 108:../application/Src/axis_to_buttons.c **** 			btn_num == 11)
 804              		.loc 1 108 42 view .LVU289
 805 022c 91F8C252 		ldrb	r5, [r1, #706]	@ zero_extendqisi2
 108:../application/Src/axis_to_buttons.c **** 			btn_num == 11)
 806              		.loc 1 108 47 view .LVU290
 807 0230 C5EB0545 		rsb	r5, r5, r5, lsl #16
 107:../application/Src/axis_to_buttons.c **** 			tmp <= (uint32_t) (axis_to_btn->points[12] * AXIS_FULLSCALE) && 
 808              		.loc 1 107 71 view .LVU291
 809 0234 AB42     		cmp	r3, r5
 810 0236 3FF646AF 		bhi	.L83
 108:../application/Src/axis_to_buttons.c **** 			btn_num == 11)
 811              		.loc 1 108 65 view .LVU292
 812 023a D5B2     		uxtb	r5, r2
 111:../application/Src/axis_to_buttons.c **** 	}
 813              		.loc 1 111 7 view .LVU293
 814 023c A5F10B05 		sub	r5, #11
 815 0240 B5FA85F5 		clz	r5, r5
 816 0244 6D09     		lsrs	r5, r5, #5
 817 0246 3FE7     		b	.L51
 818              	.LVL19:
 819              	.L99:
 111:../application/Src/axis_to_buttons.c **** 	}
 820              		.loc 1 111 7 view .LVU294
 821              	.LBE12:
 822              	.LBE15:
 823              	.LBE16:
 824              	.LBE6:
 143:../application/Src/axis_to_buttons.c **** 				}
 144:../application/Src/axis_to_buttons.c **** 				else break;
 145:../application/Src/axis_to_buttons.c **** 			}
 146:../application/Src/axis_to_buttons.c **** 		}
 147:../application/Src/axis_to_buttons.c **** 	}	
 148:../application/Src/axis_to_buttons.c **** }
 825              		.loc 1 148 1 view .LVU295
 826 0248 05B0     		add	sp, sp, #20
 827              	.LCFI7:
 828              		.cfi_def_cfa_offset 20
 829              		@ sp needed
 830 024a F0BD     		pop	{r4, r5, r6, r7, pc}
 831              		.loc 1 148 1 view .LVU296
 832              		.cfi_endproc
 833              	.LFE30:
 835              		.text
 836              	.Letext0:
 837              		.file 2 "/usr/lib/gcc/arm-none-eabi/9.2.1/include/stdint.h"
 838              		.file 3 "../application/Inc/common_types.h"
 839              		.file 4 "../Drivers/CMSIS/CM3/CoreSupport/core_cm3.h"
 840              		.file 5 "../Drivers/CMSIS/CM3/DeviceSupport/ST/STM32F10x/system_stm32f10x.h"
 841              		.file 6 "../Drivers/CMSIS/CM3/DeviceSupport/ST/STM32F10x/stm32f10x.h"
 842              		.file 7 "/usr/lib/gcc/arm-none-eabi/9.2.1/include/stddef.h"
 843              		.file 8 "/usr/include/newlib/sys/_types.h"
 844              		.file 9 "/usr/include/newlib/sys/reent.h"
 845              		.file 10 "/usr/include/newlib/sys/lock.h"
 846              		.file 11 "../application/Inc/periphery.h"
 847              		.file 12 "../application/Inc/analog.h"
ARM GAS  /tmp/cc5LQABx.s 			page 23


 848              		.file 13 "../application/Inc/buttons.h"
ARM GAS  /tmp/cc5LQABx.s 			page 24


DEFINED SYMBOLS
                            *ABS*:0000000000000000 axis_to_buttons.c
     /tmp/cc5LQABx.s:16     .text.GetPressedFromAxis:0000000000000000 $t
     /tmp/cc5LQABx.s:25     .text.GetPressedFromAxis:0000000000000000 GetPressedFromAxis
     /tmp/cc5LQABx.s:362    .text.AxisToButtonsGet:0000000000000000 $t
     /tmp/cc5LQABx.s:370    .text.AxisToButtonsGet:0000000000000000 AxisToButtonsGet

UNDEFINED SYMBOLS
AnalogGet
