ARM GAS  /tmp/cc3L7pqW.s 			page 1


   1              		.cpu cortex-m3
   2              		.eabi_attribute 20, 1
   3              		.eabi_attribute 21, 1
   4              		.eabi_attribute 23, 3
   5              		.eabi_attribute 24, 1
   6              		.eabi_attribute 25, 1
   7              		.eabi_attribute 26, 1
   8              		.eabi_attribute 30, 2
   9              		.eabi_attribute 34, 1
  10              		.eabi_attribute 18, 4
  11              		.file	"config.c"
  12              		.text
  13              	.Ltext0:
  14              		.cfi_sections	.debug_frame
  15              		.section	.text.DevConfigCheck,"ax",%progbits
  16              		.align	1
  17              		.p2align 2,,3
  18              		.global	DevConfigCheck
  19              		.arch armv7-m
  20              		.syntax unified
  21              		.thumb
  22              		.thumb_func
  23              		.fpu softvfp
  25              	DevConfigCheck:
  26              	.LVL0:
  27              	.LFB29:
  28              		.file 1 "../application/Src/config.c"
   1:../application/Src/config.c **** /**
   2:../application/Src/config.c ****   ******************************************************************************
   3:../application/Src/config.c ****   * @file           : config.c
   4:../application/Src/config.c ****   * @brief          : Config management implementation
   5:../application/Src/config.c **** 		
   6:../application/Src/config.c **** 		FreeJoy software for game device controllers
   7:../application/Src/config.c ****     Copyright (C) 2020  Yury Vostrenkov (yuvostrenkov@gmail.com)
   8:../application/Src/config.c **** 
   9:../application/Src/config.c ****     This program is free software: you can redistribute it and/or modify
  10:../application/Src/config.c ****     it under the terms of the GNU General Public License as published by
  11:../application/Src/config.c ****     the Free Software Foundation, either version 3 of the License, or
  12:../application/Src/config.c ****     (at your option) any later version.
  13:../application/Src/config.c **** 
  14:../application/Src/config.c ****     This program is distributed in the hope that it will be useful,
  15:../application/Src/config.c ****     but WITHOUT ANY WARRANTY; without even the implied warranty of
  16:../application/Src/config.c ****     MERCHANTABILITY or FITNESS FOR A PARTICULAR PURPOSE.  See the
  17:../application/Src/config.c ****     GNU General Public License for more details.
  18:../application/Src/config.c **** 
  19:../application/Src/config.c ****     You should have received a copy of the GNU General Public License
  20:../application/Src/config.c ****     along with this program.  If not, see <https://www.gnu.org/licenses/>.
  21:../application/Src/config.c **** 		
  22:../application/Src/config.c ****   ******************************************************************************
  23:../application/Src/config.c ****   */
  24:../application/Src/config.c **** 
  25:../application/Src/config.c **** #include "config.h"
  26:../application/Src/config.c **** 
  27:../application/Src/config.c **** app_config_t app_config;
  28:../application/Src/config.c **** 
  29:../application/Src/config.c **** uint8_t DevConfigCheck (dev_config_t * p_dev_config)
  30:../application/Src/config.c **** {
ARM GAS  /tmp/cc3L7pqW.s 			page 2


  29              		.loc 1 30 1 view -0
  30              		.cfi_startproc
  31              		@ args = 0, pretend = 0, frame = 0
  32              		@ frame_needed = 0, uses_anonymous_args = 0
  33              		@ link register save eliminated.
  31:../application/Src/config.c **** 	uint8_t ret = 0;
  34              		.loc 1 31 2 view .LVU1
  32:../application/Src/config.c **** 	
  33:../application/Src/config.c **** 	if (p_dev_config == NULL)	ret = 1;
  35              		.loc 1 33 2 view .LVU2
  34:../application/Src/config.c **** 	
  35:../application/Src/config.c **** 	return ret;
  36              		.loc 1 35 2 view .LVU3
  36:../application/Src/config.c **** }
  37              		.loc 1 36 1 is_stmt 0 view .LVU4
  38 0000 B0FA80F0 		clz	r0, r0
  39              	.LVL1:
  40              		.loc 1 36 1 view .LVU5
  41 0004 4009     		lsrs	r0, r0, #5
  42 0006 7047     		bx	lr
  43              		.cfi_endproc
  44              	.LFE29:
  46              		.section	.text.DevConfigSet,"ax",%progbits
  47              		.align	1
  48              		.p2align 2,,3
  49              		.global	DevConfigSet
  50              		.syntax unified
  51              		.thumb
  52              		.thumb_func
  53              		.fpu softvfp
  55              	DevConfigSet:
  56              	.LVL2:
  57              	.LFB30:
  37:../application/Src/config.c **** 
  38:../application/Src/config.c **** void DevConfigSet (dev_config_t * p_dev_config)
  39:../application/Src/config.c **** {
  58              		.loc 1 39 1 is_stmt 1 view -0
  59              		.cfi_startproc
  60              		@ args = 0, pretend = 0, frame = 0
  61              		@ frame_needed = 0, uses_anonymous_args = 0
  40:../application/Src/config.c **** 	uint32_t data_addr = (uint32_t) p_dev_config;
  62              		.loc 1 40 2 view .LVU7
  41:../application/Src/config.c **** 	uint32_t prog_addr;
  63              		.loc 1 41 2 view .LVU8
  42:../application/Src/config.c **** 	
  43:../application/Src/config.c **** 	if (DevConfigCheck(p_dev_config) != 0)
  64              		.loc 1 43 2 view .LVU9
  65              	.LBB5:
  66              	.LBI5:
  29:../application/Src/config.c **** {
  67              		.loc 1 29 9 view .LVU10
  68              	.LBB6:
  31:../application/Src/config.c **** 	
  69              		.loc 1 31 2 view .LVU11
  33:../application/Src/config.c **** 	
  70              		.loc 1 33 2 view .LVU12
  33:../application/Src/config.c **** 	
ARM GAS  /tmp/cc3L7pqW.s 			page 3


  71              		.loc 1 33 5 is_stmt 0 view .LVU13
  72 0000 B0B1     		cbz	r0, .L3
  73              	.LBE6:
  74              	.LBE5:
  39:../application/Src/config.c **** 	uint32_t data_addr = (uint32_t) p_dev_config;
  75              		.loc 1 39 1 view .LVU14
  76 0002 70B5     		push	{r4, r5, r6, lr}
  77              	.LCFI0:
  78              		.cfi_def_cfa_offset 16
  79              		.cfi_offset 4, -16
  80              		.cfi_offset 5, -12
  81              		.cfi_offset 6, -8
  82              		.cfi_offset 14, -4
  83 0004 0546     		mov	r5, r0
  84              	.LBB8:
  85              	.LBB7:
  35:../application/Src/config.c **** }
  86              		.loc 1 35 2 is_stmt 1 view .LVU15
  87              	.LVL3:
  35:../application/Src/config.c **** }
  88              		.loc 1 35 2 is_stmt 0 view .LVU16
  89              	.LBE7:
  90              	.LBE8:
  44:../application/Src/config.c **** 		return;
  45:../application/Src/config.c **** 
  46:../application/Src/config.c **** 	prog_addr = CONFIG_ADDR;
  91              		.loc 1 46 2 is_stmt 1 view .LVU17
  47:../application/Src/config.c **** 	
  48:../application/Src/config.c **** 	FLASH_Unlock();
  92              		.loc 1 48 2 view .LVU18
  93 0006 FFF7FEFF 		bl	FLASH_Unlock
  94              	.LVL4:
  49:../application/Src/config.c **** 	FLASH_ErasePage(prog_addr);
  95              		.loc 1 49 2 view .LVU19
  96 000a 0A48     		ldr	r0, .L10
  97 000c FFF7FEFF 		bl	FLASH_ErasePage
  98              	.LVL5:
  50:../application/Src/config.c **** 	
  51:../application/Src/config.c **** 	for (int i=0; i<sizeof(dev_config_t); i+=4)
  99              		.loc 1 51 2 view .LVU20
 100              	.LBB9:
 101              		.loc 1 51 7 view .LVU21
 102              		.loc 1 51 16 view .LVU22
 103 0010 094E     		ldr	r6, .L10+4
 104 0012 2C1F     		subs	r4, r5, #4
 105 0014 761B     		subs	r6, r6, r5
 106 0016 05F56175 		add	r5, r5, #900
 107              	.LVL6:
 108              	.L5:
  52:../application/Src/config.c **** 	{
  53:../application/Src/config.c **** 		FLASH_ProgramWord(prog_addr+i, *(uint32_t *)(data_addr + i)); 
 109              		.loc 1 53 3 discriminator 3 view .LVU23
 110 001a 3019     		adds	r0, r6, r4
 111 001c 54F8041F 		ldr	r1, [r4, #4]!
 112              	.LVL7:
 113              		.loc 1 53 3 is_stmt 0 discriminator 3 view .LVU24
 114 0020 FFF7FEFF 		bl	FLASH_ProgramWord
ARM GAS  /tmp/cc3L7pqW.s 			page 4


 115              	.LVL8:
  51:../application/Src/config.c **** 	{
 116              		.loc 1 51 40 is_stmt 1 discriminator 3 view .LVU25
  51:../application/Src/config.c **** 	{
 117              		.loc 1 51 16 discriminator 3 view .LVU26
  51:../application/Src/config.c **** 	{
 118              		.loc 1 51 2 is_stmt 0 discriminator 3 view .LVU27
 119 0024 AC42     		cmp	r4, r5
 120 0026 F8D1     		bne	.L5
 121              	.LBE9:
  54:../application/Src/config.c **** 
  55:../application/Src/config.c **** 	}
  56:../application/Src/config.c **** 	FLASH_Lock();
 122              		.loc 1 56 2 is_stmt 1 view .LVU28
  57:../application/Src/config.c **** }
 123              		.loc 1 57 1 is_stmt 0 view .LVU29
 124 0028 BDE87040 		pop	{r4, r5, r6, lr}
 125              	.LCFI1:
 126              		.cfi_restore 14
 127              		.cfi_restore 6
 128              		.cfi_restore 5
 129              		.cfi_restore 4
 130              		.cfi_def_cfa_offset 0
 131              	.LVL9:
  56:../application/Src/config.c **** }
 132              		.loc 1 56 2 view .LVU30
 133 002c FFF7FEBF 		b	FLASH_Lock
 134              	.LVL10:
 135              	.L3:
  56:../application/Src/config.c **** }
 136              		.loc 1 56 2 view .LVU31
 137 0030 7047     		bx	lr
 138              	.L11:
 139 0032 00BF     		.align	2
 140              	.L10:
 141 0034 00FC0008 		.word	134282240
 142 0038 04FC0008 		.word	134282244
 143              		.cfi_endproc
 144              	.LFE30:
 146              		.section	.text.DevConfigGet,"ax",%progbits
 147              		.align	1
 148              		.p2align 2,,3
 149              		.global	DevConfigGet
 150              		.syntax unified
 151              		.thumb
 152              		.thumb_func
 153              		.fpu softvfp
 155              	DevConfigGet:
 156              	.LVL11:
 157              	.LFB31:
  58:../application/Src/config.c **** 
  59:../application/Src/config.c **** void DevConfigGet (dev_config_t * p_dev_config)
  60:../application/Src/config.c **** {
 158              		.loc 1 60 1 is_stmt 1 view -0
 159              		.cfi_startproc
 160              		@ args = 0, pretend = 0, frame = 0
 161              		@ frame_needed = 0, uses_anonymous_args = 0
ARM GAS  /tmp/cc3L7pqW.s 			page 5


 162              		@ link register save eliminated.
  61:../application/Src/config.c **** 	uint32_t read_addr;
 163              		.loc 1 61 2 view .LVU33
  62:../application/Src/config.c **** 	uint32_t data_addr = (uint32_t) p_dev_config;
 164              		.loc 1 62 2 view .LVU34
  63:../application/Src/config.c **** 	
  64:../application/Src/config.c **** 	if (p_dev_config == NULL)
 165              		.loc 1 64 2 view .LVU35
 166              		.loc 1 64 5 is_stmt 0 view .LVU36
 167 0000 60B1     		cbz	r0, .L20
  60:../application/Src/config.c **** 	uint32_t read_addr;
 168              		.loc 1 60 1 view .LVU37
 169 0002 10B4     		push	{r4}
 170              	.LCFI2:
 171              		.cfi_def_cfa_offset 4
 172              		.cfi_offset 4, -4
 173 0004 064C     		ldr	r4, .L23
 174 0006 031F     		subs	r3, r0, #4
 175 0008 241A     		subs	r4, r4, r0
 176 000a 00F56171 		add	r1, r0, #900
 177              	.L14:
 178              	.LVL12:
 179              	.LBB10:
  65:../application/Src/config.c **** 		return;
  66:../application/Src/config.c **** 	
  67:../application/Src/config.c **** 	//read_addr = FLASH_BASE + (*(uint16_t *)FLASHSIZE_BASE - 1)*1024;		// last page
  68:../application/Src/config.c **** 	read_addr = CONFIG_ADDR;
  69:../application/Src/config.c **** 	for (int i=0; i<sizeof(dev_config_t); i+=4)
  70:../application/Src/config.c **** 	{
  71:../application/Src/config.c **** 		*(uint32_t *)(data_addr + i) = *(uint32_t *) (read_addr+i);
 180              		.loc 1 71 3 is_stmt 1 discriminator 3 view .LVU38
 181              		.loc 1 71 34 is_stmt 0 discriminator 3 view .LVU39
 182 000e E258     		ldr	r2, [r4, r3]
 183              		.loc 1 71 32 discriminator 3 view .LVU40
 184 0010 43F8042F 		str	r2, [r3, #4]!
 185              	.LVL13:
  69:../application/Src/config.c **** 	{
 186              		.loc 1 69 40 is_stmt 1 discriminator 3 view .LVU41
  69:../application/Src/config.c **** 	{
 187              		.loc 1 69 16 discriminator 3 view .LVU42
  69:../application/Src/config.c **** 	{
 188              		.loc 1 69 2 is_stmt 0 discriminator 3 view .LVU43
 189 0014 9942     		cmp	r1, r3
 190 0016 FAD1     		bne	.L14
 191              	.LBE10:
  72:../application/Src/config.c **** 	}
  73:../application/Src/config.c **** 	
  74:../application/Src/config.c **** }
 192              		.loc 1 74 1 view .LVU44
 193 0018 10BC     		pop	{r4}
 194              	.LCFI3:
 195              		.cfi_restore 4
 196              		.cfi_def_cfa_offset 0
 197 001a 7047     		bx	lr
 198              	.LVL14:
 199              	.L20:
 200              		.loc 1 74 1 view .LVU45
ARM GAS  /tmp/cc3L7pqW.s 			page 6


 201 001c 7047     		bx	lr
 202              	.L24:
 203 001e 00BF     		.align	2
 204              	.L23:
 205 0020 04FC0008 		.word	134282244
 206              		.cfi_endproc
 207              	.LFE31:
 209              		.section	.text.AppConfigInit,"ax",%progbits
 210              		.align	1
 211              		.p2align 2,,3
 212              		.global	AppConfigInit
 213              		.syntax unified
 214              		.thumb
 215              		.thumb_func
 216              		.fpu softvfp
 218              	AppConfigInit:
 219              	.LVL15:
 220              	.LFB32:
  75:../application/Src/config.c **** 
  76:../application/Src/config.c **** void AppConfigInit (dev_config_t * p_dev_config)
  77:../application/Src/config.c **** {
 221              		.loc 1 77 1 is_stmt 1 view -0
 222              		.cfi_startproc
 223              		@ args = 0, pretend = 0, frame = 0
 224              		@ frame_needed = 0, uses_anonymous_args = 0
  78:../application/Src/config.c **** 	int8_t prev_a = -1;
 225              		.loc 1 78 2 view .LVU47
  79:../application/Src/config.c **** 	int8_t prev_b = -1;
 226              		.loc 1 79 2 view .LVU48
  80:../application/Src/config.c **** 	
  81:../application/Src/config.c **** 	app_config.axis = 0;
 227              		.loc 1 81 2 view .LVU49
  82:../application/Src/config.c **** 	app_config.axis_cnt = 0;
 228              		.loc 1 82 2 view .LVU50
  83:../application/Src/config.c **** 	app_config.buttons_cnt = 0;
 229              		.loc 1 83 2 view .LVU51
  84:../application/Src/config.c **** 	app_config.pov = 0;
 230              		.loc 1 84 2 view .LVU52
  77:../application/Src/config.c **** 	int8_t prev_a = -1;
 231              		.loc 1 77 1 is_stmt 0 view .LVU53
 232 0000 2DE9F041 		push	{r4, r5, r6, r7, r8, lr}
 233              	.LCFI4:
 234              		.cfi_def_cfa_offset 24
 235              		.cfi_offset 4, -24
 236              		.cfi_offset 5, -20
 237              		.cfi_offset 6, -16
 238              		.cfi_offset 7, -12
 239              		.cfi_offset 8, -8
 240              		.cfi_offset 14, -4
  77:../application/Src/config.c **** 	int8_t prev_a = -1;
 241              		.loc 1 77 1 view .LVU54
 242 0004 0446     		mov	r4, r0
 243              	.LBB11:
  85:../application/Src/config.c **** 	app_config.pov_cnt = 0;
  86:../application/Src/config.c **** 	
  87:../application/Src/config.c **** 	for (uint8_t i=0; i<MAX_AXIS_NUM; i++)
  88:../application/Src/config.c **** 	{
ARM GAS  /tmp/cc3L7pqW.s 			page 7


  89:../application/Src/config.c **** 		if (p_dev_config->axis_config[i].out_enabled)	
 244              		.loc 1 89 35 view .LVU55
 245 0006 94F84420 		ldrb	r2, [r4, #68]	@ zero_extendqisi2
 246              	.LBE11:
  81:../application/Src/config.c **** 	app_config.axis_cnt = 0;
 247              		.loc 1 81 18 view .LVU56
 248 000a 0020     		movs	r0, #0
 249              	.LVL16:
 250              	.LBB12:
 251              		.loc 1 89 6 view .LVU57
 252 000c 02F00101 		and	r1, r2, #1
 253 0010 0A46     		mov	r2, r1
 254              	.LBE12:
  81:../application/Src/config.c **** 	app_config.axis_cnt = 0;
 255              		.loc 1 81 18 view .LVU58
 256 0012 7B4D     		ldr	r5, .L90
 257              	.LBB13:
 258              		.loc 1 89 35 view .LVU59
 259 0014 94F86230 		ldrb	r3, [r4, #98]	@ zero_extendqisi2
 260              	.LBE13:
  81:../application/Src/config.c **** 	app_config.axis_cnt = 0;
 261              		.loc 1 81 18 view .LVU60
 262 0018 2860     		str	r0, [r5]	@ unaligned
  85:../application/Src/config.c **** 	app_config.pov_cnt = 0;
 263              		.loc 1 85 2 is_stmt 1 view .LVU61
  85:../application/Src/config.c **** 	app_config.pov_cnt = 0;
 264              		.loc 1 85 21 is_stmt 0 view .LVU62
 265 001a 2871     		strb	r0, [r5, #4]
  87:../application/Src/config.c **** 	{
 266              		.loc 1 87 2 is_stmt 1 view .LVU63
 267              	.LBB14:
  87:../application/Src/config.c **** 	{
 268              		.loc 1 87 7 view .LVU64
 269              	.LVL17:
  87:../application/Src/config.c **** 	{
 270              		.loc 1 87 20 view .LVU65
 271              		.loc 1 89 3 view .LVU66
  87:../application/Src/config.c **** 	{
 272              		.loc 1 87 36 view .LVU67
  87:../application/Src/config.c **** 	{
 273              		.loc 1 87 20 view .LVU68
 274              		.loc 1 89 3 view .LVU69
  90:../application/Src/config.c **** 		{
  91:../application/Src/config.c **** 			app_config.axis |= (1<<i);
 275              		.loc 1 91 4 view .LVU70
  92:../application/Src/config.c **** 			app_config.axis_cnt++;
 276              		.loc 1 92 4 view .LVU71
  87:../application/Src/config.c **** 	{
 277              		.loc 1 87 36 view .LVU72
  87:../application/Src/config.c **** 	{
 278              		.loc 1 87 20 view .LVU73
  89:../application/Src/config.c **** 		{
 279              		.loc 1 89 3 view .LVU74
  89:../application/Src/config.c **** 		{
 280              		.loc 1 89 35 is_stmt 0 view .LVU75
 281 001c 94F88000 		ldrb	r0, [r4, #128]	@ zero_extendqisi2
  89:../application/Src/config.c **** 		{
ARM GAS  /tmp/cc3L7pqW.s 			page 8


 282              		.loc 1 89 6 view .LVU76
 283 0020 13F00103 		ands	r3, r3, #1
 284              		.loc 1 92 23 view .LVU77
 285 0024 17BF     		itett	ne
 286 0026 1946     		movne	r1, r3
  89:../application/Src/config.c **** 		{
 287              		.loc 1 89 6 view .LVU78
 288 0028 1346     		moveq	r3, r2
 289              		.loc 1 92 23 view .LVU79
 290 002a 531C     		addne	r3, r2, #1
  91:../application/Src/config.c **** 			app_config.axis_cnt++;
 291              		.loc 1 91 20 view .LVU80
 292 002c 42F00202 		orrne	r2, r2, #2
  89:../application/Src/config.c **** 		{
 293              		.loc 1 89 6 view .LVU81
 294 0030 10F00100 		ands	r0, r0, #1
 295 0034 04D0     		beq	.L28
  91:../application/Src/config.c **** 			app_config.axis_cnt++;
 296              		.loc 1 91 4 is_stmt 1 view .LVU82
 297              		.loc 1 92 23 is_stmt 0 view .LVU83
 298 0036 0146     		mov	r1, r0
 299 0038 0133     		adds	r3, r3, #1
 300 003a DBB2     		uxtb	r3, r3
  91:../application/Src/config.c **** 			app_config.axis_cnt++;
 301              		.loc 1 91 20 view .LVU84
 302 003c 42F00402 		orr	r2, r2, #4
 303              		.loc 1 92 4 is_stmt 1 view .LVU85
 304              	.L28:
  87:../application/Src/config.c **** 	{
 305              		.loc 1 87 36 view .LVU86
 306              	.LVL18:
  87:../application/Src/config.c **** 	{
 307              		.loc 1 87 20 view .LVU87
  89:../application/Src/config.c **** 		{
 308              		.loc 1 89 3 view .LVU88
  89:../application/Src/config.c **** 		{
 309              		.loc 1 89 35 is_stmt 0 view .LVU89
 310 0040 94F89E00 		ldrb	r0, [r4, #158]	@ zero_extendqisi2
  89:../application/Src/config.c **** 		{
 311              		.loc 1 89 6 view .LVU90
 312 0044 10F00100 		ands	r0, r0, #1
 313 0048 04D0     		beq	.L29
  91:../application/Src/config.c **** 			app_config.axis_cnt++;
 314              		.loc 1 91 4 is_stmt 1 view .LVU91
 315              		.loc 1 92 23 is_stmt 0 view .LVU92
 316 004a 0146     		mov	r1, r0
 317 004c 0133     		adds	r3, r3, #1
 318 004e DBB2     		uxtb	r3, r3
  91:../application/Src/config.c **** 			app_config.axis_cnt++;
 319              		.loc 1 91 20 view .LVU93
 320 0050 42F00802 		orr	r2, r2, #8
 321              		.loc 1 92 4 is_stmt 1 view .LVU94
 322              	.L29:
  87:../application/Src/config.c **** 	{
 323              		.loc 1 87 36 view .LVU95
 324              	.LVL19:
  87:../application/Src/config.c **** 	{
ARM GAS  /tmp/cc3L7pqW.s 			page 9


 325              		.loc 1 87 20 view .LVU96
  89:../application/Src/config.c **** 		{
 326              		.loc 1 89 3 view .LVU97
  89:../application/Src/config.c **** 		{
 327              		.loc 1 89 35 is_stmt 0 view .LVU98
 328 0054 94F8BC00 		ldrb	r0, [r4, #188]	@ zero_extendqisi2
  89:../application/Src/config.c **** 		{
 329              		.loc 1 89 6 view .LVU99
 330 0058 10F00100 		ands	r0, r0, #1
 331 005c 04D0     		beq	.L30
  91:../application/Src/config.c **** 			app_config.axis_cnt++;
 332              		.loc 1 91 4 is_stmt 1 view .LVU100
 333              		.loc 1 92 23 is_stmt 0 view .LVU101
 334 005e 0146     		mov	r1, r0
 335 0060 0133     		adds	r3, r3, #1
 336 0062 DBB2     		uxtb	r3, r3
  91:../application/Src/config.c **** 			app_config.axis_cnt++;
 337              		.loc 1 91 20 view .LVU102
 338 0064 42F01002 		orr	r2, r2, #16
 339              		.loc 1 92 4 is_stmt 1 view .LVU103
 340              	.L30:
  87:../application/Src/config.c **** 	{
 341              		.loc 1 87 36 view .LVU104
 342              	.LVL20:
  87:../application/Src/config.c **** 	{
 343              		.loc 1 87 20 view .LVU105
  89:../application/Src/config.c **** 		{
 344              		.loc 1 89 3 view .LVU106
  89:../application/Src/config.c **** 		{
 345              		.loc 1 89 35 is_stmt 0 view .LVU107
 346 0068 94F8DA00 		ldrb	r0, [r4, #218]	@ zero_extendqisi2
  89:../application/Src/config.c **** 		{
 347              		.loc 1 89 6 view .LVU108
 348 006c 10F00100 		ands	r0, r0, #1
 349 0070 04D0     		beq	.L31
  91:../application/Src/config.c **** 			app_config.axis_cnt++;
 350              		.loc 1 91 4 is_stmt 1 view .LVU109
 351              		.loc 1 92 23 is_stmt 0 view .LVU110
 352 0072 0146     		mov	r1, r0
 353 0074 0133     		adds	r3, r3, #1
 354 0076 DBB2     		uxtb	r3, r3
  91:../application/Src/config.c **** 			app_config.axis_cnt++;
 355              		.loc 1 91 20 view .LVU111
 356 0078 42F02002 		orr	r2, r2, #32
 357              		.loc 1 92 4 is_stmt 1 view .LVU112
 358              	.L31:
  87:../application/Src/config.c **** 	{
 359              		.loc 1 87 36 view .LVU113
 360              	.LVL21:
  87:../application/Src/config.c **** 	{
 361              		.loc 1 87 20 view .LVU114
  89:../application/Src/config.c **** 		{
 362              		.loc 1 89 3 view .LVU115
  89:../application/Src/config.c **** 		{
 363              		.loc 1 89 35 is_stmt 0 view .LVU116
 364 007c 94F8F800 		ldrb	r0, [r4, #248]	@ zero_extendqisi2
  89:../application/Src/config.c **** 		{
ARM GAS  /tmp/cc3L7pqW.s 			page 10


 365              		.loc 1 89 6 view .LVU117
 366 0080 C707     		lsls	r7, r0, #31
 367 0082 40F1B280 		bpl	.L32
  91:../application/Src/config.c **** 			app_config.axis_cnt++;
 368              		.loc 1 91 4 is_stmt 1 view .LVU118
  89:../application/Src/config.c **** 		{
 369              		.loc 1 89 35 is_stmt 0 view .LVU119
 370 0086 94F81611 		ldrb	r1, [r4, #278]	@ zero_extendqisi2
 371              		.loc 1 92 23 view .LVU120
 372 008a 0133     		adds	r3, r3, #1
  89:../application/Src/config.c **** 		{
 373              		.loc 1 89 6 view .LVU121
 374 008c CE07     		lsls	r6, r1, #31
 375              		.loc 1 92 23 view .LVU122
 376 008e DBB2     		uxtb	r3, r3
  91:../application/Src/config.c **** 			app_config.axis_cnt++;
 377              		.loc 1 91 20 view .LVU123
 378 0090 42F04002 		orr	r2, r2, #64
 379              		.loc 1 92 4 is_stmt 1 view .LVU124
  87:../application/Src/config.c **** 	{
 380              		.loc 1 87 36 view .LVU125
 381              	.LVL22:
  87:../application/Src/config.c **** 	{
 382              		.loc 1 87 20 view .LVU126
  89:../application/Src/config.c **** 		{
 383              		.loc 1 89 3 view .LVU127
  89:../application/Src/config.c **** 		{
 384              		.loc 1 89 6 is_stmt 0 view .LVU128
 385 0094 40F1B180 		bpl	.L34
 386              	.L33:
  91:../application/Src/config.c **** 			app_config.axis_cnt++;
 387              		.loc 1 91 4 is_stmt 1 view .LVU129
 388              		.loc 1 92 4 view .LVU130
 389              		.loc 1 92 23 is_stmt 0 view .LVU131
 390 0098 0133     		adds	r3, r3, #1
  91:../application/Src/config.c **** 			app_config.axis_cnt++;
 391              		.loc 1 91 20 view .LVU132
 392 009a 62F07F02 		orn	r2, r2, #127
 393              		.loc 1 92 23 view .LVU133
 394 009e DBB2     		uxtb	r3, r3
  87:../application/Src/config.c **** 	{
 395              		.loc 1 87 36 is_stmt 1 view .LVU134
 396              	.LVL23:
  87:../application/Src/config.c **** 	{
 397              		.loc 1 87 20 view .LVU135
 398 00a0 2A70     		strb	r2, [r5]
 399              	.LVL24:
 400              	.L36:
  87:../application/Src/config.c **** 	{
 401              		.loc 1 87 20 is_stmt 0 view .LVU136
 402 00a2 6B70     		strb	r3, [r5, #1]
 403              	.L37:
 404              		.loc 1 92 23 view .LVU137
 405 00a4 0023     		movs	r3, #0
 406              	.LBE14:
 407              	.LBB15:
  93:../application/Src/config.c **** 		}
ARM GAS  /tmp/cc3L7pqW.s 			page 11


  94:../application/Src/config.c **** 	}
  95:../application/Src/config.c **** 
  96:../application/Src/config.c **** 	for (uint8_t i=0; i<MAX_BUTTONS_NUM; i++)
  97:../application/Src/config.c **** 	{
  98:../application/Src/config.c **** 	
  99:../application/Src/config.c **** 		if (p_dev_config->buttons[i].type == POV1_DOWN ||
 100:../application/Src/config.c **** 					p_dev_config->buttons[i].type == POV1_UP ||
 101:../application/Src/config.c **** 					p_dev_config->buttons[i].type == POV1_LEFT ||
 102:../application/Src/config.c **** 					p_dev_config->buttons[i].type == POV1_RIGHT)
 103:../application/Src/config.c **** 		{
 104:../application/Src/config.c **** 			app_config.pov |= 0x01;
 105:../application/Src/config.c **** 		}
 106:../application/Src/config.c **** 		else if (p_dev_config->buttons[i].type == POV2_DOWN ||
 107:../application/Src/config.c **** 					p_dev_config->buttons[i].type == POV2_UP ||
 108:../application/Src/config.c **** 					p_dev_config->buttons[i].type == POV2_LEFT ||
 109:../application/Src/config.c **** 					p_dev_config->buttons[i].type == POV2_RIGHT)
 110:../application/Src/config.c **** 		{
 111:../application/Src/config.c **** 			app_config.pov |= 0x02;
 112:../application/Src/config.c **** 		}
 113:../application/Src/config.c **** 		else if (p_dev_config->buttons[i].type == POV3_DOWN ||
 114:../application/Src/config.c **** 					p_dev_config->buttons[i].type == POV3_UP ||
 115:../application/Src/config.c **** 					p_dev_config->buttons[i].type == POV3_LEFT ||
 116:../application/Src/config.c **** 					p_dev_config->buttons[i].type == POV3_RIGHT)
 117:../application/Src/config.c **** 		{
 118:../application/Src/config.c **** 			app_config.pov |= 0x04;
 119:../application/Src/config.c **** 		}
 120:../application/Src/config.c **** 		else if (p_dev_config->buttons[i].type == POV4_DOWN ||
 121:../application/Src/config.c **** 					p_dev_config->buttons[i].type == POV4_UP ||
 122:../application/Src/config.c **** 					p_dev_config->buttons[i].type == POV4_LEFT ||
 123:../application/Src/config.c **** 					p_dev_config->buttons[i].type == POV4_RIGHT)
 124:../application/Src/config.c **** 		{
 125:../application/Src/config.c **** 			app_config.pov |= 0x08;
 126:../application/Src/config.c **** 		}
 127:../application/Src/config.c **** 		
 128:../application/Src/config.c **** 		app_config.pov_cnt = ((app_config.pov & 0x08)>>3) + ((app_config.pov & 0x04)>>2) + 
 129:../application/Src/config.c **** 												 ((app_config.pov & 0x02)>>1) + (app_config.pov & 0x01);
 130:../application/Src/config.c **** 		
 131:../application/Src/config.c **** 		if (!p_dev_config->buttons[i].is_disabled && p_dev_config->buttons[i].physical_num >=0)
 408              		.loc 1 131 72 view .LVU138
 409 00a6 04F5977E 		add	lr, r4, #302
 410              	.LBE15:
 411              	.LBB16:
  92:../application/Src/config.c **** 		}
 412              		.loc 1 92 23 view .LVU139
 413 00aa 9846     		mov	r8, r3
 414 00ac 1F46     		mov	r7, r3
 415 00ae 9C46     		mov	ip, r3
 416 00b0 1E46     		mov	r6, r3
 417 00b2 25E0     		b	.L43
 418              	.LVL25:
 419              	.L38:
  92:../application/Src/config.c **** 		}
 420              		.loc 1 92 23 view .LVU140
 421              	.LBE16:
 422              	.LBB17:
 106:../application/Src/config.c **** 					p_dev_config->buttons[i].type == POV2_UP ||
 423              		.loc 1 106 8 is_stmt 1 discriminator 1 view .LVU141
ARM GAS  /tmp/cc3L7pqW.s 			page 12


 106:../application/Src/config.c **** 					p_dev_config->buttons[i].type == POV2_UP ||
 424              		.loc 1 106 55 is_stmt 0 discriminator 1 view .LVU142
 425 00b4 01F11600 		add	r0, r1, #22
 426 00b8 00F01F00 		and	r0, r0, #31
 427 00bc 0328     		cmp	r0, #3
 428 00be 32D9     		bls	.L86
 113:../application/Src/config.c **** 					p_dev_config->buttons[i].type == POV3_UP ||
 429              		.loc 1 113 8 is_stmt 1 discriminator 1 view .LVU143
 113:../application/Src/config.c **** 					p_dev_config->buttons[i].type == POV3_UP ||
 430              		.loc 1 113 55 is_stmt 0 discriminator 1 view .LVU144
 431 00c0 01F11100 		add	r0, r1, #17
 432 00c4 00F01F00 		and	r0, r0, #31
 433 00c8 0328     		cmp	r0, #3
 434 00ca 31D9     		bls	.L87
 120:../application/Src/config.c **** 					p_dev_config->buttons[i].type == POV4_UP ||
 435              		.loc 1 120 8 is_stmt 1 discriminator 1 view .LVU145
 125:../application/Src/config.c **** 		}
 436              		.loc 1 125 4 discriminator 1 view .LVU146
 120:../application/Src/config.c **** 					p_dev_config->buttons[i].type == POV4_UP ||
 437              		.loc 1 120 55 is_stmt 0 discriminator 1 view .LVU147
 438 00cc 0D31     		adds	r1, r1, #13
 439 00ce 01F01F01 		and	r1, r1, #31
 440 00d2 0329     		cmp	r1, #3
 125:../application/Src/config.c **** 		}
 441              		.loc 1 125 19 discriminator 1 view .LVU148
 442 00d4 9CBF     		itt	ls
 443 00d6 4FF0010C 		movls	ip, #1
 444 00da 46F00806 		orrls	r6, r6, #8
 445              	.L39:
 128:../application/Src/config.c **** 												 ((app_config.pov & 0x02)>>1) + (app_config.pov & 0x01);
 446              		.loc 1 128 3 is_stmt 1 view .LVU149
 447              		.loc 1 131 3 view .LVU150
 448              		.loc 1 131 32 is_stmt 0 view .LVU151
 449 00de 1A44     		add	r2, r2, r3
 450 00e0 A118     		adds	r1, r4, r2
 451 00e2 91F83011 		ldrb	r1, [r1, #304]	@ zero_extendqisi2
 452              		.loc 1 131 6 view .LVU152
 453 00e6 8907     		lsls	r1, r1, #30
 454 00e8 07D4     		bmi	.L42
 455              		.loc 1 131 45 discriminator 1 view .LVU153
 456 00ea 1EF90220 		ldrsb	r2, [lr, r2]
 457 00ee 002A     		cmp	r2, #0
 458 00f0 03DB     		blt	.L42
 132:../application/Src/config.c **** 		{
 133:../application/Src/config.c **** 			app_config.buttons_cnt++;
 459              		.loc 1 133 4 is_stmt 1 view .LVU154
 460              		.loc 1 133 26 is_stmt 0 view .LVU155
 461 00f2 4FF00108 		mov	r8, #1
 462 00f6 4744     		add	r7, r7, r8
 463 00f8 FFB2     		uxtb	r7, r7
 464              	.L42:
  96:../application/Src/config.c **** 	{
 465              		.loc 1 96 39 is_stmt 1 discriminator 2 view .LVU156
 466              	.LVL26:
  96:../application/Src/config.c **** 	{
 467              		.loc 1 96 20 discriminator 2 view .LVU157
 468 00fa 0133     		adds	r3, r3, #1
ARM GAS  /tmp/cc3L7pqW.s 			page 13


 469              	.LVL27:
  96:../application/Src/config.c **** 	{
 470              		.loc 1 96 2 is_stmt 0 discriminator 2 view .LVU158
 471 00fc 802B     		cmp	r3, #128
 472 00fe 1CD0     		beq	.L88
 473              	.L43:
 474              	.LVL28:
  99:../application/Src/config.c **** 					p_dev_config->buttons[i].type == POV1_UP ||
 475              		.loc 1 99 3 is_stmt 1 view .LVU159
  99:../application/Src/config.c **** 					p_dev_config->buttons[i].type == POV1_UP ||
 476              		.loc 1 99 31 is_stmt 0 view .LVU160
 477 0100 03EB4302 		add	r2, r3, r3, lsl #1
 478 0104 2244     		add	r2, r2, r4
 479 0106 92F82F11 		ldrb	r1, [r2, #303]	@ zero_extendqisi2
 480 010a 5A00     		lsls	r2, r3, #1
 481 010c 01F01F01 		and	r1, r1, #31
  99:../application/Src/config.c **** 					p_dev_config->buttons[i].type == POV1_UP ||
 482              		.loc 1 99 50 view .LVU161
 483 0110 01F11B00 		add	r0, r1, #27
 484 0114 00F01F00 		and	r0, r0, #31
 485 0118 0328     		cmp	r0, #3
 486 011a CBD8     		bhi	.L38
 104:../application/Src/config.c **** 		}
 487              		.loc 1 104 4 is_stmt 1 view .LVU162
 104:../application/Src/config.c **** 		}
 488              		.loc 1 104 19 is_stmt 0 view .LVU163
 489 011c 4FF0010C 		mov	ip, #1
 490 0120 46F00106 		orr	r6, r6, #1
 491 0124 DBE7     		b	.L39
 492              	.L86:
 111:../application/Src/config.c **** 		}
 493              		.loc 1 111 4 is_stmt 1 view .LVU164
 111:../application/Src/config.c **** 		}
 494              		.loc 1 111 19 is_stmt 0 view .LVU165
 495 0126 4FF0010C 		mov	ip, #1
 496 012a 46F00206 		orr	r6, r6, #2
 497 012e D6E7     		b	.L39
 498              	.L87:
 118:../application/Src/config.c **** 		}
 499              		.loc 1 118 4 is_stmt 1 view .LVU166
 118:../application/Src/config.c **** 		}
 500              		.loc 1 118 19 is_stmt 0 view .LVU167
 501 0130 4FF0010C 		mov	ip, #1
 502 0134 46F00406 		orr	r6, r6, #4
 503 0138 D1E7     		b	.L39
 504              	.LVL29:
 505              	.L88:
 128:../application/Src/config.c **** 												 ((app_config.pov & 0x02)>>1) + (app_config.pov & 0x01);
 506              		.loc 1 128 79 view .LVU168
 507 013a C6F38002 		ubfx	r2, r6, #2, #1
 128:../application/Src/config.c **** 												 ((app_config.pov & 0x02)>>1) + (app_config.pov & 0x01);
 508              		.loc 1 128 48 view .LVU169
 509 013e C6F3C003 		ubfx	r3, r6, #3, #1
 128:../application/Src/config.c **** 												 ((app_config.pov & 0x02)>>1) + (app_config.pov & 0x01);
 510              		.loc 1 128 53 view .LVU170
 511 0142 1344     		add	r3, r3, r2
 129:../application/Src/config.c **** 		
ARM GAS  /tmp/cc3L7pqW.s 			page 14


 512              		.loc 1 129 61 view .LVU171
 513 0144 06F00102 		and	r2, r6, #1
 129:../application/Src/config.c **** 		
 514              		.loc 1 129 43 view .LVU172
 515 0148 1344     		add	r3, r3, r2
 129:../application/Src/config.c **** 		
 516              		.loc 1 129 38 view .LVU173
 517 014a C6F34002 		ubfx	r2, r6, #1, #1
 129:../application/Src/config.c **** 		
 518              		.loc 1 129 43 view .LVU174
 519 014e 1344     		add	r3, r3, r2
 520 0150 2B71     		strb	r3, [r5, #4]
 521 0152 BCF1000F 		cmp	ip, #0
 522 0156 00D0     		beq	.L44
 523 0158 EE70     		strb	r6, [r5, #3]
 524              	.L44:
 525 015a B8F1000F 		cmp	r8, #0
 526 015e 00D0     		beq	.L45
 527 0160 AF70     		strb	r7, [r5, #2]
 528              	.L45:
 529              	.LBE17:
 134:../application/Src/config.c **** 		}
 135:../application/Src/config.c **** 	}
 136:../application/Src/config.c **** 	
 137:../application/Src/config.c **** 	if (p_dev_config->pins[8] == FAST_ENCODER &&
 530              		.loc 1 137 2 is_stmt 1 view .LVU175
 531              		.loc 1 137 5 is_stmt 0 view .LVU176
 532 0162 40F20663 		movw	r3, #1542
 533 0166 B4F92820 		ldrsh	r2, [r4, #40]
 534 016a 9A42     		cmp	r2, r3
 535 016c 02D1     		bne	.L46
 138:../application/Src/config.c **** 			p_dev_config->pins[9] == FAST_ENCODER)
 139:../application/Src/config.c **** 	{
 140:../application/Src/config.c **** 		app_config.fast_encoder_cnt++;
 536              		.loc 1 140 3 is_stmt 1 view .LVU177
 537              		.loc 1 140 30 is_stmt 0 view .LVU178
 538 016e AB79     		ldrb	r3, [r5, #6]	@ zero_extendqisi2
 539 0170 0133     		adds	r3, r3, #1
 540 0172 AB71     		strb	r3, [r5, #6]
 541              	.L46:
 542              	.LBB18:
 133:../application/Src/config.c **** 		}
 543              		.loc 1 133 26 view .LVU179
 544 0174 0026     		movs	r6, #0
 545 0176 6879     		ldrb	r0, [r5, #5]	@ zero_extendqisi2
 546 0178 3346     		mov	r3, r6
 547 017a 02E0     		b	.L50
 548              	.LVL30:
 549              	.L47:
 133:../application/Src/config.c **** 		}
 550              		.loc 1 133 26 view .LVU180
 551              	.LBE18:
 552              	.LBB19:
 141:../application/Src/config.c **** 	}
 142:../application/Src/config.c **** 	
 143:../application/Src/config.c **** 	for (int i=0; i<MAX_BUTTONS_NUM; i++)
 553              		.loc 1 143 35 is_stmt 1 discriminator 2 view .LVU181
ARM GAS  /tmp/cc3L7pqW.s 			page 15


 554              		.loc 1 143 36 is_stmt 0 discriminator 2 view .LVU182
 555 017c 0133     		adds	r3, r3, #1
 556              	.LVL31:
 557              		.loc 1 143 16 is_stmt 1 discriminator 2 view .LVU183
 558              		.loc 1 143 2 is_stmt 0 discriminator 2 view .LVU184
 559 017e 802B     		cmp	r3, #128
 560 0180 1FD0     		beq	.L89
 561              	.LVL32:
 562              	.L50:
 144:../application/Src/config.c **** 	{
 145:../application/Src/config.c **** 		if ((p_dev_config->buttons[i].type) == ENCODER_INPUT_A &&  i > prev_a)
 563              		.loc 1 145 3 is_stmt 1 view .LVU185
 564              		.loc 1 145 32 is_stmt 0 view .LVU186
 565 0182 03EB4302 		add	r2, r3, r3, lsl #1
 566 0186 2244     		add	r2, r2, r4
 567 0188 92F82F21 		ldrb	r2, [r2, #303]	@ zero_extendqisi2
 568              		.loc 1 145 6 view .LVU187
 569 018c 02F01F02 		and	r2, r2, #31
 570 0190 172A     		cmp	r2, #23
 571 0192 F3D1     		bne	.L47
 572 0194 0E28     		cmp	r0, #14
 573 0196 F1D8     		bhi	.L47
 574              	.LBB20:
 146:../application/Src/config.c **** 		{
 147:../application/Src/config.c **** 			for (int j=0; j<MAX_BUTTONS_NUM; j++)
 575              		.loc 1 147 13 view .LVU188
 576 0198 0022     		movs	r2, #0
 577 019a 01E0     		b	.L49
 578              	.LVL33:
 579              	.L48:
 580              		.loc 1 147 4 discriminator 2 view .LVU189
 581 019c 802A     		cmp	r2, #128
 582 019e EDD0     		beq	.L47
 583              	.LVL34:
 584              	.L49:
 148:../application/Src/config.c **** 			{
 149:../application/Src/config.c **** 				if ((p_dev_config->buttons[j].type) == ENCODER_INPUT_B && j > prev_b && app_config.slow_encoder
 585              		.loc 1 149 5 is_stmt 1 view .LVU190
 147:../application/Src/config.c **** 			{
 586              		.loc 1 147 37 view .LVU191
 587              		.loc 1 149 34 is_stmt 0 view .LVU192
 588 01a0 02EB4201 		add	r1, r2, r2, lsl #1
 589 01a4 2144     		add	r1, r1, r4
 590 01a6 91F82F11 		ldrb	r1, [r1, #303]	@ zero_extendqisi2
 147:../application/Src/config.c **** 			{
 591              		.loc 1 147 38 view .LVU193
 592 01aa 0132     		adds	r2, r2, #1
 593              	.LVL35:
 147:../application/Src/config.c **** 			{
 594              		.loc 1 147 18 is_stmt 1 view .LVU194
 595              		.loc 1 149 8 is_stmt 0 view .LVU195
 596 01ac 01F01F01 		and	r1, r1, #31
 597 01b0 1829     		cmp	r1, #24
 598 01b2 F3D1     		bne	.L48
 150:../application/Src/config.c **** 				{
 151:../application/Src/config.c **** 					app_config.slow_encoder_cnt++;
 599              		.loc 1 151 6 is_stmt 1 view .LVU196
ARM GAS  /tmp/cc3L7pqW.s 			page 16


 600              	.LBE20:
 143:../application/Src/config.c **** 	{
 601              		.loc 1 143 36 is_stmt 0 view .LVU197
 602 01b4 0133     		adds	r3, r3, #1
 603              	.LVL36:
 604              	.LBB21:
 605              		.loc 1 151 33 view .LVU198
 606 01b6 0130     		adds	r0, r0, #1
 607              	.LBE21:
 143:../application/Src/config.c **** 	{
 608              		.loc 1 143 2 view .LVU199
 609 01b8 802B     		cmp	r3, #128
 610              	.LBB22:
 152:../application/Src/config.c **** 					break;
 611              		.loc 1 152 6 view .LVU200
 612 01ba 4FF00106 		mov	r6, #1
 151:../application/Src/config.c **** 					break;
 613              		.loc 1 151 33 view .LVU201
 614 01be C0B2     		uxtb	r0, r0
 615              		.loc 1 152 6 is_stmt 1 view .LVU202
 616              	.LVL37:
 617              		.loc 1 152 6 is_stmt 0 view .LVU203
 618              	.LBE22:
 143:../application/Src/config.c **** 	{
 619              		.loc 1 143 35 is_stmt 1 view .LVU204
 143:../application/Src/config.c **** 	{
 620              		.loc 1 143 16 view .LVU205
 143:../application/Src/config.c **** 	{
 621              		.loc 1 143 2 is_stmt 0 view .LVU206
 622 01c0 DFD1     		bne	.L50
 623              	.L89:
 143:../application/Src/config.c **** 	{
 624              		.loc 1 143 2 view .LVU207
 625 01c2 06B1     		cbz	r6, .L51
 626 01c4 6871     		strb	r0, [r5, #5]
 627              	.L51:
 628              	.LBB23:
 629              		.loc 1 152 6 view .LVU208
 630 01c6 0020     		movs	r0, #0
 631 01c8 E979     		ldrb	r1, [r5, #7]	@ zero_extendqisi2
 632 01ca 04F11F03 		add	r3, r4, #31
 633              	.LVL38:
 634              		.loc 1 152 6 view .LVU209
 635 01ce 3D34     		adds	r4, r4, #61
 636              	.LVL39:
 637              	.L53:
 638              		.loc 1 152 6 view .LVU210
 639              	.LBE23:
 640              	.LBE19:
 641              	.LBB24:
 153:../application/Src/config.c **** 				}
 154:../application/Src/config.c **** 			}
 155:../application/Src/config.c **** 		}	
 156:../application/Src/config.c **** 	}
 157:../application/Src/config.c **** 	
 158:../application/Src/config.c **** 	for (uint8_t i=0; i<USED_PINS_NUM; i++)
 159:../application/Src/config.c **** 	{
ARM GAS  /tmp/cc3L7pqW.s 			page 17


 160:../application/Src/config.c **** 		if (p_dev_config->pins[i] == LED_PWM)	app_config.pwm_cnt++;
 642              		.loc 1 160 3 is_stmt 1 view .LVU211
 158:../application/Src/config.c **** 	{
 643              		.loc 1 158 37 view .LVU212
 644              		.loc 1 160 6 is_stmt 0 view .LVU213
 645 01d0 13F9012F 		ldrsb	r2, [r3, #1]!
 646              	.LVL40:
 158:../application/Src/config.c **** 	{
 647              		.loc 1 158 20 is_stmt 1 view .LVU214
 648              		.loc 1 160 6 is_stmt 0 view .LVU215
 649 01d4 152A     		cmp	r2, #21
 650 01d6 02D1     		bne	.L52
 651              		.loc 1 160 41 is_stmt 1 view .LVU216
 652              		.loc 1 160 59 is_stmt 0 view .LVU217
 653 01d8 0120     		movs	r0, #1
 654 01da 0144     		add	r1, r1, r0
 655 01dc C9B2     		uxtb	r1, r1
 656              	.L52:
 158:../application/Src/config.c **** 	{
 657              		.loc 1 158 2 view .LVU218
 658 01de A342     		cmp	r3, r4
 659 01e0 F6D1     		bne	.L53
 660 01e2 00B1     		cbz	r0, .L25
 661 01e4 E971     		strb	r1, [r5, #7]
 662              	.L25:
 663              	.LBE24:
 161:../application/Src/config.c **** 	}
 162:../application/Src/config.c **** }
 664              		.loc 1 162 1 view .LVU219
 665 01e6 BDE8F081 		pop	{r4, r5, r6, r7, r8, pc}
 666              	.LVL41:
 667              	.L32:
 668              	.LBB25:
  87:../application/Src/config.c **** 	{
 669              		.loc 1 87 36 is_stmt 1 view .LVU220
  87:../application/Src/config.c **** 	{
 670              		.loc 1 87 20 view .LVU221
  89:../application/Src/config.c **** 		{
 671              		.loc 1 89 3 view .LVU222
  89:../application/Src/config.c **** 		{
 672              		.loc 1 89 35 is_stmt 0 view .LVU223
 673 01ea 94F81601 		ldrb	r0, [r4, #278]	@ zero_extendqisi2
  89:../application/Src/config.c **** 		{
 674              		.loc 1 89 6 view .LVU224
 675 01ee C007     		lsls	r0, r0, #31
 676 01f0 3FF552AF 		bmi	.L33
  87:../application/Src/config.c **** 	{
 677              		.loc 1 87 36 is_stmt 1 view .LVU225
 678              	.LVL42:
  87:../application/Src/config.c **** 	{
 679              		.loc 1 87 20 view .LVU226
 680 01f4 0029     		cmp	r1, #0
 681 01f6 3FF455AF 		beq	.L37
 682              	.LVL43:
 683              	.L34:
  87:../application/Src/config.c **** 	{
 684              		.loc 1 87 20 is_stmt 0 view .LVU227
ARM GAS  /tmp/cc3L7pqW.s 			page 18


 685 01fa 2A70     		strb	r2, [r5]
 686 01fc 51E7     		b	.L36
 687              	.L91:
 688 01fe 00BF     		.align	2
 689              	.L90:
 690 0200 00000000 		.word	app_config
 691              	.LBE25:
 692              		.cfi_endproc
 693              	.LFE32:
 695              		.section	.text.AppConfigGet,"ax",%progbits
 696              		.align	1
 697              		.p2align 2,,3
 698              		.global	AppConfigGet
 699              		.syntax unified
 700              		.thumb
 701              		.thumb_func
 702              		.fpu softvfp
 704              	AppConfigGet:
 705              	.LVL44:
 706              	.LFB33:
 163:../application/Src/config.c **** 
 164:../application/Src/config.c **** void AppConfigGet (app_config_t * p_app_config)
 165:../application/Src/config.c **** {
 707              		.loc 1 165 1 is_stmt 1 view -0
 708              		.cfi_startproc
 709              		@ args = 0, pretend = 0, frame = 0
 710              		@ frame_needed = 0, uses_anonymous_args = 0
 711              		@ link register save eliminated.
 166:../application/Src/config.c **** 	memcpy(p_app_config, &app_config, sizeof(app_config_t));
 712              		.loc 1 166 2 view .LVU229
 713 0000 024B     		ldr	r3, .L93
 714 0002 1A68     		ldr	r2, [r3]	@ unaligned
 715 0004 5B68     		ldr	r3, [r3, #4]	@ unaligned
 716 0006 0260     		str	r2, [r0]	@ unaligned
 717 0008 4360     		str	r3, [r0, #4]	@ unaligned
 167:../application/Src/config.c **** }
 718              		.loc 1 167 1 is_stmt 0 view .LVU230
 719 000a 7047     		bx	lr
 720              	.L94:
 721              		.align	2
 722              	.L93:
 723 000c 00000000 		.word	app_config
 724              		.cfi_endproc
 725              	.LFE33:
 727              		.comm	app_config,8,4
 728              		.text
 729              	.Letext0:
 730              		.file 2 "/usr/lib/gcc/arm-none-eabi/9.2.1/include/stdint.h"
 731              		.file 3 "../Drivers/CMSIS/CM3/CoreSupport/core_cm3.h"
 732              		.file 4 "../Drivers/CMSIS/CM3/DeviceSupport/ST/STM32F10x/system_stm32f10x.h"
 733              		.file 5 "../Drivers/CMSIS/CM3/DeviceSupport/ST/STM32F10x/stm32f10x.h"
 734              		.file 6 "../application/Inc/common_types.h"
 735              		.file 7 "/usr/lib/gcc/arm-none-eabi/9.2.1/include/stddef.h"
 736              		.file 8 "/usr/include/newlib/sys/_types.h"
 737              		.file 9 "/usr/include/newlib/sys/reent.h"
 738              		.file 10 "/usr/include/newlib/sys/lock.h"
 739              		.file 11 "../application/Inc/periphery.h"
ARM GAS  /tmp/cc3L7pqW.s 			page 19


 740              		.file 12 "../Drivers/STM32F10x_StdPeriph_Driver/inc/stm32f10x_flash.h"
ARM GAS  /tmp/cc3L7pqW.s 			page 20


DEFINED SYMBOLS
                            *ABS*:0000000000000000 config.c
     /tmp/cc3L7pqW.s:16     .text.DevConfigCheck:0000000000000000 $t
     /tmp/cc3L7pqW.s:25     .text.DevConfigCheck:0000000000000000 DevConfigCheck
     /tmp/cc3L7pqW.s:47     .text.DevConfigSet:0000000000000000 $t
     /tmp/cc3L7pqW.s:55     .text.DevConfigSet:0000000000000000 DevConfigSet
     /tmp/cc3L7pqW.s:141    .text.DevConfigSet:0000000000000034 $d
     /tmp/cc3L7pqW.s:147    .text.DevConfigGet:0000000000000000 $t
     /tmp/cc3L7pqW.s:155    .text.DevConfigGet:0000000000000000 DevConfigGet
     /tmp/cc3L7pqW.s:205    .text.DevConfigGet:0000000000000020 $d
     /tmp/cc3L7pqW.s:210    .text.AppConfigInit:0000000000000000 $t
     /tmp/cc3L7pqW.s:218    .text.AppConfigInit:0000000000000000 AppConfigInit
     /tmp/cc3L7pqW.s:690    .text.AppConfigInit:0000000000000200 $d
                            *COM*:0000000000000008 app_config
     /tmp/cc3L7pqW.s:696    .text.AppConfigGet:0000000000000000 $t
     /tmp/cc3L7pqW.s:704    .text.AppConfigGet:0000000000000000 AppConfigGet
     /tmp/cc3L7pqW.s:723    .text.AppConfigGet:000000000000000c $d

UNDEFINED SYMBOLS
FLASH_Unlock
FLASH_ErasePage
FLASH_ProgramWord
FLASH_Lock
