ARM GAS  /tmp/ccpWBpus.s 			page 1


   1              		.cpu cortex-m3
   2              		.eabi_attribute 20, 1
   3              		.eabi_attribute 21, 1
   4              		.eabi_attribute 23, 3
   5              		.eabi_attribute 24, 1
   6              		.eabi_attribute 25, 1
   7              		.eabi_attribute 26, 1
   8              		.eabi_attribute 30, 2
   9              		.eabi_attribute 34, 1
  10              		.eabi_attribute 18, 4
  11              		.file	"misc.c"
  12              		.text
  13              	.Ltext0:
  14              		.cfi_sections	.debug_frame
  15              		.section	.text.NVIC_PriorityGroupConfig,"ax",%progbits
  16              		.align	1
  17              		.p2align 2,,3
  18              		.global	NVIC_PriorityGroupConfig
  19              		.arch armv7-m
  20              		.syntax unified
  21              		.thumb
  22              		.thumb_func
  23              		.fpu softvfp
  25              	NVIC_PriorityGroupConfig:
  26              	.LVL0:
  27              	.LFB29:
  28              		.file 1 "../Drivers/STM32F10x_StdPeriph_Driver/src/misc.c"
   1:../Drivers/STM32F10x_StdPeriph_Driver/src/misc.c **** /**
   2:../Drivers/STM32F10x_StdPeriph_Driver/src/misc.c ****   ******************************************************************************
   3:../Drivers/STM32F10x_StdPeriph_Driver/src/misc.c ****   * @file    misc.c
   4:../Drivers/STM32F10x_StdPeriph_Driver/src/misc.c ****   * @author  MCD Application Team
   5:../Drivers/STM32F10x_StdPeriph_Driver/src/misc.c ****   * @version V3.5.0
   6:../Drivers/STM32F10x_StdPeriph_Driver/src/misc.c ****   * @date    11-March-2011
   7:../Drivers/STM32F10x_StdPeriph_Driver/src/misc.c ****   * @brief   This file provides all the miscellaneous firmware functions (add-on
   8:../Drivers/STM32F10x_StdPeriph_Driver/src/misc.c ****   *          to CMSIS functions).
   9:../Drivers/STM32F10x_StdPeriph_Driver/src/misc.c ****   ******************************************************************************
  10:../Drivers/STM32F10x_StdPeriph_Driver/src/misc.c ****   * @attention
  11:../Drivers/STM32F10x_StdPeriph_Driver/src/misc.c ****   *
  12:../Drivers/STM32F10x_StdPeriph_Driver/src/misc.c ****   * THE PRESENT FIRMWARE WHICH IS FOR GUIDANCE ONLY AIMS AT PROVIDING CUSTOMERS
  13:../Drivers/STM32F10x_StdPeriph_Driver/src/misc.c ****   * WITH CODING INFORMATION REGARDING THEIR PRODUCTS IN ORDER FOR THEM TO SAVE
  14:../Drivers/STM32F10x_StdPeriph_Driver/src/misc.c ****   * TIME. AS A RESULT, STMICROELECTRONICS SHALL NOT BE HELD LIABLE FOR ANY
  15:../Drivers/STM32F10x_StdPeriph_Driver/src/misc.c ****   * DIRECT, INDIRECT OR CONSEQUENTIAL DAMAGES WITH RESPECT TO ANY CLAIMS ARISING
  16:../Drivers/STM32F10x_StdPeriph_Driver/src/misc.c ****   * FROM THE CONTENT OF SUCH FIRMWARE AND/OR THE USE MADE BY CUSTOMERS OF THE
  17:../Drivers/STM32F10x_StdPeriph_Driver/src/misc.c ****   * CODING INFORMATION CONTAINED HEREIN IN CONNECTION WITH THEIR PRODUCTS.
  18:../Drivers/STM32F10x_StdPeriph_Driver/src/misc.c ****   *
  19:../Drivers/STM32F10x_StdPeriph_Driver/src/misc.c ****   * <h2><center>&copy; COPYRIGHT 2011 STMicroelectronics</center></h2>
  20:../Drivers/STM32F10x_StdPeriph_Driver/src/misc.c ****   ******************************************************************************
  21:../Drivers/STM32F10x_StdPeriph_Driver/src/misc.c ****   */
  22:../Drivers/STM32F10x_StdPeriph_Driver/src/misc.c **** 
  23:../Drivers/STM32F10x_StdPeriph_Driver/src/misc.c **** /* Includes ------------------------------------------------------------------*/
  24:../Drivers/STM32F10x_StdPeriph_Driver/src/misc.c **** #include "misc.h"
  25:../Drivers/STM32F10x_StdPeriph_Driver/src/misc.c **** 
  26:../Drivers/STM32F10x_StdPeriph_Driver/src/misc.c **** /** @addtogroup STM32F10x_StdPeriph_Driver
  27:../Drivers/STM32F10x_StdPeriph_Driver/src/misc.c ****   * @{
  28:../Drivers/STM32F10x_StdPeriph_Driver/src/misc.c ****   */
  29:../Drivers/STM32F10x_StdPeriph_Driver/src/misc.c **** 
  30:../Drivers/STM32F10x_StdPeriph_Driver/src/misc.c **** /** @defgroup MISC 
ARM GAS  /tmp/ccpWBpus.s 			page 2


  31:../Drivers/STM32F10x_StdPeriph_Driver/src/misc.c ****   * @brief MISC driver modules
  32:../Drivers/STM32F10x_StdPeriph_Driver/src/misc.c ****   * @{
  33:../Drivers/STM32F10x_StdPeriph_Driver/src/misc.c ****   */
  34:../Drivers/STM32F10x_StdPeriph_Driver/src/misc.c **** 
  35:../Drivers/STM32F10x_StdPeriph_Driver/src/misc.c **** /** @defgroup MISC_Private_TypesDefinitions
  36:../Drivers/STM32F10x_StdPeriph_Driver/src/misc.c ****   * @{
  37:../Drivers/STM32F10x_StdPeriph_Driver/src/misc.c ****   */
  38:../Drivers/STM32F10x_StdPeriph_Driver/src/misc.c **** 
  39:../Drivers/STM32F10x_StdPeriph_Driver/src/misc.c **** /**
  40:../Drivers/STM32F10x_StdPeriph_Driver/src/misc.c ****   * @}
  41:../Drivers/STM32F10x_StdPeriph_Driver/src/misc.c ****   */ 
  42:../Drivers/STM32F10x_StdPeriph_Driver/src/misc.c **** 
  43:../Drivers/STM32F10x_StdPeriph_Driver/src/misc.c **** /** @defgroup MISC_Private_Defines
  44:../Drivers/STM32F10x_StdPeriph_Driver/src/misc.c ****   * @{
  45:../Drivers/STM32F10x_StdPeriph_Driver/src/misc.c ****   */
  46:../Drivers/STM32F10x_StdPeriph_Driver/src/misc.c **** 
  47:../Drivers/STM32F10x_StdPeriph_Driver/src/misc.c **** #define AIRCR_VECTKEY_MASK    ((uint32_t)0x05FA0000)
  48:../Drivers/STM32F10x_StdPeriph_Driver/src/misc.c **** /**
  49:../Drivers/STM32F10x_StdPeriph_Driver/src/misc.c ****   * @}
  50:../Drivers/STM32F10x_StdPeriph_Driver/src/misc.c ****   */
  51:../Drivers/STM32F10x_StdPeriph_Driver/src/misc.c **** 
  52:../Drivers/STM32F10x_StdPeriph_Driver/src/misc.c **** /** @defgroup MISC_Private_Macros
  53:../Drivers/STM32F10x_StdPeriph_Driver/src/misc.c ****   * @{
  54:../Drivers/STM32F10x_StdPeriph_Driver/src/misc.c ****   */
  55:../Drivers/STM32F10x_StdPeriph_Driver/src/misc.c **** 
  56:../Drivers/STM32F10x_StdPeriph_Driver/src/misc.c **** /**
  57:../Drivers/STM32F10x_StdPeriph_Driver/src/misc.c ****   * @}
  58:../Drivers/STM32F10x_StdPeriph_Driver/src/misc.c ****   */
  59:../Drivers/STM32F10x_StdPeriph_Driver/src/misc.c **** 
  60:../Drivers/STM32F10x_StdPeriph_Driver/src/misc.c **** /** @defgroup MISC_Private_Variables
  61:../Drivers/STM32F10x_StdPeriph_Driver/src/misc.c ****   * @{
  62:../Drivers/STM32F10x_StdPeriph_Driver/src/misc.c ****   */
  63:../Drivers/STM32F10x_StdPeriph_Driver/src/misc.c **** 
  64:../Drivers/STM32F10x_StdPeriph_Driver/src/misc.c **** /**
  65:../Drivers/STM32F10x_StdPeriph_Driver/src/misc.c ****   * @}
  66:../Drivers/STM32F10x_StdPeriph_Driver/src/misc.c ****   */
  67:../Drivers/STM32F10x_StdPeriph_Driver/src/misc.c **** 
  68:../Drivers/STM32F10x_StdPeriph_Driver/src/misc.c **** /** @defgroup MISC_Private_FunctionPrototypes
  69:../Drivers/STM32F10x_StdPeriph_Driver/src/misc.c ****   * @{
  70:../Drivers/STM32F10x_StdPeriph_Driver/src/misc.c ****   */
  71:../Drivers/STM32F10x_StdPeriph_Driver/src/misc.c **** 
  72:../Drivers/STM32F10x_StdPeriph_Driver/src/misc.c **** /**
  73:../Drivers/STM32F10x_StdPeriph_Driver/src/misc.c ****   * @}
  74:../Drivers/STM32F10x_StdPeriph_Driver/src/misc.c ****   */
  75:../Drivers/STM32F10x_StdPeriph_Driver/src/misc.c **** 
  76:../Drivers/STM32F10x_StdPeriph_Driver/src/misc.c **** /** @defgroup MISC_Private_Functions
  77:../Drivers/STM32F10x_StdPeriph_Driver/src/misc.c ****   * @{
  78:../Drivers/STM32F10x_StdPeriph_Driver/src/misc.c ****   */
  79:../Drivers/STM32F10x_StdPeriph_Driver/src/misc.c **** 
  80:../Drivers/STM32F10x_StdPeriph_Driver/src/misc.c **** /**
  81:../Drivers/STM32F10x_StdPeriph_Driver/src/misc.c ****   * @brief  Configures the priority grouping: pre-emption priority and subpriority.
  82:../Drivers/STM32F10x_StdPeriph_Driver/src/misc.c ****   * @param  NVIC_PriorityGroup: specifies the priority grouping bits length. 
  83:../Drivers/STM32F10x_StdPeriph_Driver/src/misc.c ****   *   This parameter can be one of the following values:
  84:../Drivers/STM32F10x_StdPeriph_Driver/src/misc.c ****   *     @arg NVIC_PriorityGroup_0: 0 bits for pre-emption priority
  85:../Drivers/STM32F10x_StdPeriph_Driver/src/misc.c ****   *                                4 bits for subpriority
  86:../Drivers/STM32F10x_StdPeriph_Driver/src/misc.c ****   *     @arg NVIC_PriorityGroup_1: 1 bits for pre-emption priority
  87:../Drivers/STM32F10x_StdPeriph_Driver/src/misc.c ****   *                                3 bits for subpriority
ARM GAS  /tmp/ccpWBpus.s 			page 3


  88:../Drivers/STM32F10x_StdPeriph_Driver/src/misc.c ****   *     @arg NVIC_PriorityGroup_2: 2 bits for pre-emption priority
  89:../Drivers/STM32F10x_StdPeriph_Driver/src/misc.c ****   *                                2 bits for subpriority
  90:../Drivers/STM32F10x_StdPeriph_Driver/src/misc.c ****   *     @arg NVIC_PriorityGroup_3: 3 bits for pre-emption priority
  91:../Drivers/STM32F10x_StdPeriph_Driver/src/misc.c ****   *                                1 bits for subpriority
  92:../Drivers/STM32F10x_StdPeriph_Driver/src/misc.c ****   *     @arg NVIC_PriorityGroup_4: 4 bits for pre-emption priority
  93:../Drivers/STM32F10x_StdPeriph_Driver/src/misc.c ****   *                                0 bits for subpriority
  94:../Drivers/STM32F10x_StdPeriph_Driver/src/misc.c ****   * @retval None
  95:../Drivers/STM32F10x_StdPeriph_Driver/src/misc.c ****   */
  96:../Drivers/STM32F10x_StdPeriph_Driver/src/misc.c **** void NVIC_PriorityGroupConfig(uint32_t NVIC_PriorityGroup)
  97:../Drivers/STM32F10x_StdPeriph_Driver/src/misc.c **** {
  29              		.loc 1 97 1 view -0
  30              		.cfi_startproc
  31              		@ args = 0, pretend = 0, frame = 0
  32              		@ frame_needed = 0, uses_anonymous_args = 0
  33              		@ link register save eliminated.
  98:../Drivers/STM32F10x_StdPeriph_Driver/src/misc.c ****   /* Check the parameters */
  99:../Drivers/STM32F10x_StdPeriph_Driver/src/misc.c ****   assert_param(IS_NVIC_PRIORITY_GROUP(NVIC_PriorityGroup));
  34              		.loc 1 99 3 view .LVU1
 100:../Drivers/STM32F10x_StdPeriph_Driver/src/misc.c ****   
 101:../Drivers/STM32F10x_StdPeriph_Driver/src/misc.c ****   /* Set the PRIGROUP[10:8] bits according to NVIC_PriorityGroup value */
 102:../Drivers/STM32F10x_StdPeriph_Driver/src/misc.c ****   SCB->AIRCR = AIRCR_VECTKEY_MASK | NVIC_PriorityGroup;
  35              		.loc 1 102 3 view .LVU2
  36              		.loc 1 102 14 is_stmt 0 view .LVU3
  37 0000 034B     		ldr	r3, .L3
  38              		.loc 1 102 35 view .LVU4
  39 0002 40F0BF60 		orr	r0, r0, #100139008
  40              	.LVL1:
  41              		.loc 1 102 35 view .LVU5
  42 0006 40F40030 		orr	r0, r0, #131072
  43              		.loc 1 102 14 view .LVU6
  44 000a D860     		str	r0, [r3, #12]
 103:../Drivers/STM32F10x_StdPeriph_Driver/src/misc.c **** }
  45              		.loc 1 103 1 view .LVU7
  46 000c 7047     		bx	lr
  47              	.L4:
  48 000e 00BF     		.align	2
  49              	.L3:
  50 0010 00ED00E0 		.word	-536810240
  51              		.cfi_endproc
  52              	.LFE29:
  54              		.section	.text.NVIC_Init,"ax",%progbits
  55              		.align	1
  56              		.p2align 2,,3
  57              		.global	NVIC_Init
  58              		.syntax unified
  59              		.thumb
  60              		.thumb_func
  61              		.fpu softvfp
  63              	NVIC_Init:
  64              	.LVL2:
  65              	.LFB30:
 104:../Drivers/STM32F10x_StdPeriph_Driver/src/misc.c **** 
 105:../Drivers/STM32F10x_StdPeriph_Driver/src/misc.c **** /**
 106:../Drivers/STM32F10x_StdPeriph_Driver/src/misc.c ****   * @brief  Initializes the NVIC peripheral according to the specified
 107:../Drivers/STM32F10x_StdPeriph_Driver/src/misc.c ****   *         parameters in the NVIC_InitStruct.
 108:../Drivers/STM32F10x_StdPeriph_Driver/src/misc.c ****   * @param  NVIC_InitStruct: pointer to a NVIC_InitTypeDef structure that contains
 109:../Drivers/STM32F10x_StdPeriph_Driver/src/misc.c ****   *         the configuration information for the specified NVIC peripheral.
ARM GAS  /tmp/ccpWBpus.s 			page 4


 110:../Drivers/STM32F10x_StdPeriph_Driver/src/misc.c ****   * @retval None
 111:../Drivers/STM32F10x_StdPeriph_Driver/src/misc.c ****   */
 112:../Drivers/STM32F10x_StdPeriph_Driver/src/misc.c **** void NVIC_Init(NVIC_InitTypeDef* NVIC_InitStruct)
 113:../Drivers/STM32F10x_StdPeriph_Driver/src/misc.c **** {
  66              		.loc 1 113 1 is_stmt 1 view -0
  67              		.cfi_startproc
  68              		@ args = 0, pretend = 0, frame = 0
  69              		@ frame_needed = 0, uses_anonymous_args = 0
  70              		@ link register save eliminated.
 114:../Drivers/STM32F10x_StdPeriph_Driver/src/misc.c ****   uint32_t tmppriority = 0x00, tmppre = 0x00, tmpsub = 0x0F;
  71              		.loc 1 114 3 view .LVU9
 115:../Drivers/STM32F10x_StdPeriph_Driver/src/misc.c ****   
 116:../Drivers/STM32F10x_StdPeriph_Driver/src/misc.c ****   /* Check the parameters */
 117:../Drivers/STM32F10x_StdPeriph_Driver/src/misc.c ****   assert_param(IS_FUNCTIONAL_STATE(NVIC_InitStruct->NVIC_IRQChannelCmd));
  72              		.loc 1 117 3 view .LVU10
 118:../Drivers/STM32F10x_StdPeriph_Driver/src/misc.c ****   assert_param(IS_NVIC_PREEMPTION_PRIORITY(NVIC_InitStruct->NVIC_IRQChannelPreemptionPriority));  
  73              		.loc 1 118 3 view .LVU11
 119:../Drivers/STM32F10x_StdPeriph_Driver/src/misc.c ****   assert_param(IS_NVIC_SUB_PRIORITY(NVIC_InitStruct->NVIC_IRQChannelSubPriority));
  74              		.loc 1 119 3 view .LVU12
 120:../Drivers/STM32F10x_StdPeriph_Driver/src/misc.c ****     
 121:../Drivers/STM32F10x_StdPeriph_Driver/src/misc.c ****   if (NVIC_InitStruct->NVIC_IRQChannelCmd != DISABLE)
  75              		.loc 1 121 3 view .LVU13
  76              		.loc 1 121 6 is_stmt 0 view .LVU14
  77 0000 C378     		ldrb	r3, [r0, #3]	@ zero_extendqisi2
  78 0002 FBB1     		cbz	r3, .L6
 122:../Drivers/STM32F10x_StdPeriph_Driver/src/misc.c ****   {
 123:../Drivers/STM32F10x_StdPeriph_Driver/src/misc.c ****     /* Compute the Corresponding IRQ Priority --------------------------------*/    
 124:../Drivers/STM32F10x_StdPeriph_Driver/src/misc.c ****     tmppriority = (0x700 - ((SCB->AIRCR) & (uint32_t)0x700))>> 0x08;
  79              		.loc 1 124 5 is_stmt 1 view .LVU15
  80              		.loc 1 124 33 is_stmt 0 view .LVU16
  81 0004 154A     		ldr	r2, .L12
 125:../Drivers/STM32F10x_StdPeriph_Driver/src/misc.c ****     tmppre = (0x4 - tmppriority);
 126:../Drivers/STM32F10x_StdPeriph_Driver/src/misc.c ****     tmpsub = tmpsub >> tmppriority;
  82              		.loc 1 126 12 view .LVU17
  83 0006 0F23     		movs	r3, #15
 124:../Drivers/STM32F10x_StdPeriph_Driver/src/misc.c ****     tmppre = (0x4 - tmppriority);
  84              		.loc 1 124 33 view .LVU18
  85 0008 D268     		ldr	r2, [r2, #12]
 127:../Drivers/STM32F10x_StdPeriph_Driver/src/misc.c **** 
 128:../Drivers/STM32F10x_StdPeriph_Driver/src/misc.c ****     tmppriority = (uint32_t)NVIC_InitStruct->NVIC_IRQChannelPreemptionPriority << tmppre;
 129:../Drivers/STM32F10x_StdPeriph_Driver/src/misc.c ****     tmppriority |=  NVIC_InitStruct->NVIC_IRQChannelSubPriority & tmpsub;
 130:../Drivers/STM32F10x_StdPeriph_Driver/src/misc.c ****     tmppriority = tmppriority << 0x04;
 131:../Drivers/STM32F10x_StdPeriph_Driver/src/misc.c ****         
 132:../Drivers/STM32F10x_StdPeriph_Driver/src/misc.c ****     NVIC->IP[NVIC_InitStruct->NVIC_IRQChannel] = tmppriority;
 133:../Drivers/STM32F10x_StdPeriph_Driver/src/misc.c ****     
 134:../Drivers/STM32F10x_StdPeriph_Driver/src/misc.c ****     /* Enable the Selected IRQ Channels --------------------------------------*/
 135:../Drivers/STM32F10x_StdPeriph_Driver/src/misc.c ****     NVIC->ISER[NVIC_InitStruct->NVIC_IRQChannel >> 0x05] =
 136:../Drivers/STM32F10x_StdPeriph_Driver/src/misc.c ****       (uint32_t)0x01 << (NVIC_InitStruct->NVIC_IRQChannel & (uint8_t)0x1F);
  86              		.loc 1 136 22 view .LVU19
  87 000a 0121     		movs	r1, #1
 124:../Drivers/STM32F10x_StdPeriph_Driver/src/misc.c ****     tmppre = (0x4 - tmppriority);
  88              		.loc 1 124 26 view .LVU20
  89 000c D243     		mvns	r2, r2
 113:../Drivers/STM32F10x_StdPeriph_Driver/src/misc.c ****   uint32_t tmppriority = 0x00, tmppre = 0x00, tmpsub = 0x0F;
  90              		.loc 1 113 1 view .LVU21
  91 000e 30B4     		push	{r4, r5}
  92              	.LCFI0:
ARM GAS  /tmp/ccpWBpus.s 			page 5


  93              		.cfi_def_cfa_offset 8
  94              		.cfi_offset 4, -8
  95              		.cfi_offset 5, -4
 124:../Drivers/STM32F10x_StdPeriph_Driver/src/misc.c ****     tmppre = (0x4 - tmppriority);
  96              		.loc 1 124 17 view .LVU22
  97 0010 C2F30222 		ubfx	r2, r2, #8, #3
  98              	.LVL3:
 125:../Drivers/STM32F10x_StdPeriph_Driver/src/misc.c ****     tmpsub = tmpsub >> tmppriority;
  99              		.loc 1 125 5 is_stmt 1 view .LVU23
 128:../Drivers/STM32F10x_StdPeriph_Driver/src/misc.c ****     tmppriority |=  NVIC_InitStruct->NVIC_IRQChannelSubPriority & tmpsub;
 100              		.loc 1 128 19 is_stmt 0 view .LVU24
 101 0014 4478     		ldrb	r4, [r0, #1]	@ zero_extendqisi2
 125:../Drivers/STM32F10x_StdPeriph_Driver/src/misc.c ****     tmpsub = tmpsub >> tmppriority;
 102              		.loc 1 125 12 view .LVU25
 103 0016 C2F10405 		rsb	r5, r2, #4
 104              	.LVL4:
 126:../Drivers/STM32F10x_StdPeriph_Driver/src/misc.c **** 
 105              		.loc 1 126 5 is_stmt 1 view .LVU26
 128:../Drivers/STM32F10x_StdPeriph_Driver/src/misc.c ****     tmppriority |=  NVIC_InitStruct->NVIC_IRQChannelSubPriority & tmpsub;
 106              		.loc 1 128 5 view .LVU27
 126:../Drivers/STM32F10x_StdPeriph_Driver/src/misc.c **** 
 107              		.loc 1 126 12 is_stmt 0 view .LVU28
 108 001a 23FA02F2 		lsr	r2, r3, r2
 109              	.LVL5:
 129:../Drivers/STM32F10x_StdPeriph_Driver/src/misc.c ****     tmppriority = tmppriority << 0x04;
 110              		.loc 1 129 36 view .LVU29
 111 001e 8378     		ldrb	r3, [r0, #2]	@ zero_extendqisi2
 128:../Drivers/STM32F10x_StdPeriph_Driver/src/misc.c ****     tmppriority |=  NVIC_InitStruct->NVIC_IRQChannelSubPriority & tmpsub;
 112              		.loc 1 128 17 view .LVU30
 113 0020 AC40     		lsls	r4, r4, r5
 114              	.LVL6:
 129:../Drivers/STM32F10x_StdPeriph_Driver/src/misc.c ****     tmppriority = tmppriority << 0x04;
 115              		.loc 1 129 5 is_stmt 1 view .LVU31
 129:../Drivers/STM32F10x_StdPeriph_Driver/src/misc.c ****     tmppriority = tmppriority << 0x04;
 116              		.loc 1 129 65 is_stmt 0 view .LVU32
 117 0022 1340     		ands	r3, r3, r2
 129:../Drivers/STM32F10x_StdPeriph_Driver/src/misc.c ****     tmppriority = tmppriority << 0x04;
 118              		.loc 1 129 17 view .LVU33
 119 0024 2343     		orrs	r3, r3, r4
 120              	.LVL7:
 130:../Drivers/STM32F10x_StdPeriph_Driver/src/misc.c ****         
 121              		.loc 1 130 5 is_stmt 1 view .LVU34
 132:../Drivers/STM32F10x_StdPeriph_Driver/src/misc.c ****     
 122              		.loc 1 132 5 view .LVU35
 132:../Drivers/STM32F10x_StdPeriph_Driver/src/misc.c ****     
 123              		.loc 1 132 29 is_stmt 0 view .LVU36
 124 0026 0278     		ldrb	r2, [r0]	@ zero_extendqisi2
 125              	.LVL8:
 132:../Drivers/STM32F10x_StdPeriph_Driver/src/misc.c ****     
 126              		.loc 1 132 48 view .LVU37
 127 0028 0D48     		ldr	r0, .L12+4
 128              	.LVL9:
 130:../Drivers/STM32F10x_StdPeriph_Driver/src/misc.c ****         
 129              		.loc 1 130 17 view .LVU38
 130 002a 1B01     		lsls	r3, r3, #4
 131              	.LVL10:
 132              		.loc 1 136 59 view .LVU39
ARM GAS  /tmp/ccpWBpus.s 			page 6


 133 002c 02F01F05 		and	r5, r2, #31
 134              	.LVL11:
 132:../Drivers/STM32F10x_StdPeriph_Driver/src/misc.c ****     
 135              		.loc 1 132 48 view .LVU40
 136 0030 8418     		adds	r4, r0, r2
 137 0032 DBB2     		uxtb	r3, r3
 138              	.LVL12:
 139              		.loc 1 136 22 view .LVU41
 140 0034 A940     		lsls	r1, r1, r5
 132:../Drivers/STM32F10x_StdPeriph_Driver/src/misc.c ****     
 141              		.loc 1 132 48 view .LVU42
 142 0036 84F80033 		strb	r3, [r4, #768]
 135:../Drivers/STM32F10x_StdPeriph_Driver/src/misc.c ****       (uint32_t)0x01 << (NVIC_InitStruct->NVIC_IRQChannel & (uint8_t)0x1F);
 143              		.loc 1 135 5 is_stmt 1 view .LVU43
 135:../Drivers/STM32F10x_StdPeriph_Driver/src/misc.c ****       (uint32_t)0x01 << (NVIC_InitStruct->NVIC_IRQChannel & (uint8_t)0x1F);
 144              		.loc 1 135 49 is_stmt 0 view .LVU44
 145 003a 5209     		lsrs	r2, r2, #5
 135:../Drivers/STM32F10x_StdPeriph_Driver/src/misc.c ****       (uint32_t)0x01 << (NVIC_InitStruct->NVIC_IRQChannel & (uint8_t)0x1F);
 146              		.loc 1 135 58 view .LVU45
 147 003c 40F82210 		str	r1, [r0, r2, lsl #2]
 137:../Drivers/STM32F10x_StdPeriph_Driver/src/misc.c ****   }
 138:../Drivers/STM32F10x_StdPeriph_Driver/src/misc.c ****   else
 139:../Drivers/STM32F10x_StdPeriph_Driver/src/misc.c ****   {
 140:../Drivers/STM32F10x_StdPeriph_Driver/src/misc.c ****     /* Disable the Selected IRQ Channels -------------------------------------*/
 141:../Drivers/STM32F10x_StdPeriph_Driver/src/misc.c ****     NVIC->ICER[NVIC_InitStruct->NVIC_IRQChannel >> 0x05] =
 142:../Drivers/STM32F10x_StdPeriph_Driver/src/misc.c ****       (uint32_t)0x01 << (NVIC_InitStruct->NVIC_IRQChannel & (uint8_t)0x1F);
 143:../Drivers/STM32F10x_StdPeriph_Driver/src/misc.c ****   }
 144:../Drivers/STM32F10x_StdPeriph_Driver/src/misc.c **** }
 148              		.loc 1 144 1 view .LVU46
 149 0040 30BC     		pop	{r4, r5}
 150              	.LCFI1:
 151              		.cfi_restore 5
 152              		.cfi_restore 4
 153              		.cfi_def_cfa_offset 0
 154 0042 7047     		bx	lr
 155              	.LVL13:
 156              	.L6:
 141:../Drivers/STM32F10x_StdPeriph_Driver/src/misc.c ****       (uint32_t)0x01 << (NVIC_InitStruct->NVIC_IRQChannel & (uint8_t)0x1F);
 157              		.loc 1 141 5 is_stmt 1 view .LVU47
 142:../Drivers/STM32F10x_StdPeriph_Driver/src/misc.c ****   }
 158              		.loc 1 142 22 is_stmt 0 view .LVU48
 159 0044 0121     		movs	r1, #1
 142:../Drivers/STM32F10x_StdPeriph_Driver/src/misc.c ****   }
 160              		.loc 1 142 41 view .LVU49
 161 0046 0378     		ldrb	r3, [r0]	@ zero_extendqisi2
 141:../Drivers/STM32F10x_StdPeriph_Driver/src/misc.c ****       (uint32_t)0x01 << (NVIC_InitStruct->NVIC_IRQChannel & (uint8_t)0x1F);
 162              		.loc 1 141 58 view .LVU50
 163 0048 0548     		ldr	r0, .L12+4
 164              	.LVL14:
 141:../Drivers/STM32F10x_StdPeriph_Driver/src/misc.c ****       (uint32_t)0x01 << (NVIC_InitStruct->NVIC_IRQChannel & (uint8_t)0x1F);
 165              		.loc 1 141 49 view .LVU51
 166 004a 5A09     		lsrs	r2, r3, #5
 142:../Drivers/STM32F10x_StdPeriph_Driver/src/misc.c ****   }
 167              		.loc 1 142 59 view .LVU52
 168 004c 03F01F03 		and	r3, r3, #31
 141:../Drivers/STM32F10x_StdPeriph_Driver/src/misc.c ****       (uint32_t)0x01 << (NVIC_InitStruct->NVIC_IRQChannel & (uint8_t)0x1F);
 169              		.loc 1 141 58 view .LVU53
ARM GAS  /tmp/ccpWBpus.s 			page 7


 170 0050 2032     		adds	r2, r2, #32
 142:../Drivers/STM32F10x_StdPeriph_Driver/src/misc.c ****   }
 171              		.loc 1 142 22 view .LVU54
 172 0052 01FA03F3 		lsl	r3, r1, r3
 141:../Drivers/STM32F10x_StdPeriph_Driver/src/misc.c ****       (uint32_t)0x01 << (NVIC_InitStruct->NVIC_IRQChannel & (uint8_t)0x1F);
 173              		.loc 1 141 58 view .LVU55
 174 0056 40F82230 		str	r3, [r0, r2, lsl #2]
 175 005a 7047     		bx	lr
 176              	.L13:
 177              		.align	2
 178              	.L12:
 179 005c 00ED00E0 		.word	-536810240
 180 0060 00E100E0 		.word	-536813312
 181              		.cfi_endproc
 182              	.LFE30:
 184              		.section	.text.NVIC_SetVectorTable,"ax",%progbits
 185              		.align	1
 186              		.p2align 2,,3
 187              		.global	NVIC_SetVectorTable
 188              		.syntax unified
 189              		.thumb
 190              		.thumb_func
 191              		.fpu softvfp
 193              	NVIC_SetVectorTable:
 194              	.LVL15:
 195              	.LFB31:
 145:../Drivers/STM32F10x_StdPeriph_Driver/src/misc.c **** 
 146:../Drivers/STM32F10x_StdPeriph_Driver/src/misc.c **** /**
 147:../Drivers/STM32F10x_StdPeriph_Driver/src/misc.c ****   * @brief  Sets the vector table location and Offset.
 148:../Drivers/STM32F10x_StdPeriph_Driver/src/misc.c ****   * @param  NVIC_VectTab: specifies if the vector table is in RAM or FLASH memory.
 149:../Drivers/STM32F10x_StdPeriph_Driver/src/misc.c ****   *   This parameter can be one of the following values:
 150:../Drivers/STM32F10x_StdPeriph_Driver/src/misc.c ****   *     @arg NVIC_VectTab_RAM
 151:../Drivers/STM32F10x_StdPeriph_Driver/src/misc.c ****   *     @arg NVIC_VectTab_FLASH
 152:../Drivers/STM32F10x_StdPeriph_Driver/src/misc.c ****   * @param  Offset: Vector Table base offset field. This value must be a multiple 
 153:../Drivers/STM32F10x_StdPeriph_Driver/src/misc.c ****   *         of 0x200.
 154:../Drivers/STM32F10x_StdPeriph_Driver/src/misc.c ****   * @retval None
 155:../Drivers/STM32F10x_StdPeriph_Driver/src/misc.c ****   */
 156:../Drivers/STM32F10x_StdPeriph_Driver/src/misc.c **** void NVIC_SetVectorTable(uint32_t NVIC_VectTab, uint32_t Offset)
 157:../Drivers/STM32F10x_StdPeriph_Driver/src/misc.c **** { 
 196              		.loc 1 157 1 is_stmt 1 view -0
 197              		.cfi_startproc
 198              		@ args = 0, pretend = 0, frame = 0
 199              		@ frame_needed = 0, uses_anonymous_args = 0
 200              		@ link register save eliminated.
 158:../Drivers/STM32F10x_StdPeriph_Driver/src/misc.c ****   /* Check the parameters */
 159:../Drivers/STM32F10x_StdPeriph_Driver/src/misc.c ****   assert_param(IS_NVIC_VECTTAB(NVIC_VectTab));
 201              		.loc 1 159 3 view .LVU57
 160:../Drivers/STM32F10x_StdPeriph_Driver/src/misc.c ****   assert_param(IS_NVIC_OFFSET(Offset));  
 202              		.loc 1 160 3 view .LVU58
 161:../Drivers/STM32F10x_StdPeriph_Driver/src/misc.c ****    
 162:../Drivers/STM32F10x_StdPeriph_Driver/src/misc.c ****   SCB->VTOR = NVIC_VectTab | (Offset & (uint32_t)0x1FFFFF80);
 203              		.loc 1 162 3 view .LVU59
 204              		.loc 1 162 38 is_stmt 0 view .LVU60
 205 0000 21F06041 		bic	r1, r1, #-536870912
 206              	.LVL16:
 207              		.loc 1 162 13 view .LVU61
 208 0004 024B     		ldr	r3, .L15
ARM GAS  /tmp/ccpWBpus.s 			page 8


 209              		.loc 1 162 38 view .LVU62
 210 0006 21F07F01 		bic	r1, r1, #127
 211              		.loc 1 162 28 view .LVU63
 212 000a 0143     		orrs	r1, r1, r0
 213              		.loc 1 162 13 view .LVU64
 214 000c 9960     		str	r1, [r3, #8]
 163:../Drivers/STM32F10x_StdPeriph_Driver/src/misc.c **** }
 215              		.loc 1 163 1 view .LVU65
 216 000e 7047     		bx	lr
 217              	.L16:
 218              		.align	2
 219              	.L15:
 220 0010 00ED00E0 		.word	-536810240
 221              		.cfi_endproc
 222              	.LFE31:
 224              		.section	.text.NVIC_SystemLPConfig,"ax",%progbits
 225              		.align	1
 226              		.p2align 2,,3
 227              		.global	NVIC_SystemLPConfig
 228              		.syntax unified
 229              		.thumb
 230              		.thumb_func
 231              		.fpu softvfp
 233              	NVIC_SystemLPConfig:
 234              	.LVL17:
 235              	.LFB32:
 164:../Drivers/STM32F10x_StdPeriph_Driver/src/misc.c **** 
 165:../Drivers/STM32F10x_StdPeriph_Driver/src/misc.c **** /**
 166:../Drivers/STM32F10x_StdPeriph_Driver/src/misc.c ****   * @brief  Selects the condition for the system to enter low power mode.
 167:../Drivers/STM32F10x_StdPeriph_Driver/src/misc.c ****   * @param  LowPowerMode: Specifies the new mode for the system to enter low power mode.
 168:../Drivers/STM32F10x_StdPeriph_Driver/src/misc.c ****   *   This parameter can be one of the following values:
 169:../Drivers/STM32F10x_StdPeriph_Driver/src/misc.c ****   *     @arg NVIC_LP_SEVONPEND
 170:../Drivers/STM32F10x_StdPeriph_Driver/src/misc.c ****   *     @arg NVIC_LP_SLEEPDEEP
 171:../Drivers/STM32F10x_StdPeriph_Driver/src/misc.c ****   *     @arg NVIC_LP_SLEEPONEXIT
 172:../Drivers/STM32F10x_StdPeriph_Driver/src/misc.c ****   * @param  NewState: new state of LP condition. This parameter can be: ENABLE or DISABLE.
 173:../Drivers/STM32F10x_StdPeriph_Driver/src/misc.c ****   * @retval None
 174:../Drivers/STM32F10x_StdPeriph_Driver/src/misc.c ****   */
 175:../Drivers/STM32F10x_StdPeriph_Driver/src/misc.c **** void NVIC_SystemLPConfig(uint8_t LowPowerMode, FunctionalState NewState)
 176:../Drivers/STM32F10x_StdPeriph_Driver/src/misc.c **** {
 236              		.loc 1 176 1 is_stmt 1 view -0
 237              		.cfi_startproc
 238              		@ args = 0, pretend = 0, frame = 0
 239              		@ frame_needed = 0, uses_anonymous_args = 0
 240              		@ link register save eliminated.
 177:../Drivers/STM32F10x_StdPeriph_Driver/src/misc.c ****   /* Check the parameters */
 178:../Drivers/STM32F10x_StdPeriph_Driver/src/misc.c ****   assert_param(IS_NVIC_LP(LowPowerMode));
 241              		.loc 1 178 3 view .LVU67
 179:../Drivers/STM32F10x_StdPeriph_Driver/src/misc.c ****   assert_param(IS_FUNCTIONAL_STATE(NewState));  
 242              		.loc 1 179 3 view .LVU68
 180:../Drivers/STM32F10x_StdPeriph_Driver/src/misc.c ****   
 181:../Drivers/STM32F10x_StdPeriph_Driver/src/misc.c ****   if (NewState != DISABLE)
 243              		.loc 1 181 3 view .LVU69
 244              		.loc 1 181 6 is_stmt 0 view .LVU70
 245 0000 21B1     		cbz	r1, .L18
 182:../Drivers/STM32F10x_StdPeriph_Driver/src/misc.c ****   {
 183:../Drivers/STM32F10x_StdPeriph_Driver/src/misc.c ****     SCB->SCR |= LowPowerMode;
 246              		.loc 1 183 5 is_stmt 1 view .LVU71
ARM GAS  /tmp/ccpWBpus.s 			page 9


 247              		.loc 1 183 14 is_stmt 0 view .LVU72
 248 0002 054B     		ldr	r3, .L20
 249 0004 1A69     		ldr	r2, [r3, #16]
 250 0006 1043     		orrs	r0, r0, r2
 251              	.LVL18:
 252              		.loc 1 183 14 view .LVU73
 253 0008 1861     		str	r0, [r3, #16]
 254 000a 7047     		bx	lr
 255              	.LVL19:
 256              	.L18:
 184:../Drivers/STM32F10x_StdPeriph_Driver/src/misc.c ****   }
 185:../Drivers/STM32F10x_StdPeriph_Driver/src/misc.c ****   else
 186:../Drivers/STM32F10x_StdPeriph_Driver/src/misc.c ****   {
 187:../Drivers/STM32F10x_StdPeriph_Driver/src/misc.c ****     SCB->SCR &= (uint32_t)(~(uint32_t)LowPowerMode);
 257              		.loc 1 187 5 is_stmt 1 view .LVU74
 258              		.loc 1 187 14 is_stmt 0 view .LVU75
 259 000c 024A     		ldr	r2, .L20
 260 000e 1369     		ldr	r3, [r2, #16]
 261 0010 23EA0000 		bic	r0, r3, r0
 262              	.LVL20:
 263              		.loc 1 187 14 view .LVU76
 264 0014 1061     		str	r0, [r2, #16]
 188:../Drivers/STM32F10x_StdPeriph_Driver/src/misc.c ****   }
 189:../Drivers/STM32F10x_StdPeriph_Driver/src/misc.c **** }
 265              		.loc 1 189 1 view .LVU77
 266 0016 7047     		bx	lr
 267              	.L21:
 268              		.align	2
 269              	.L20:
 270 0018 00ED00E0 		.word	-536810240
 271              		.cfi_endproc
 272              	.LFE32:
 274              		.section	.text.SysTick_CLKSourceConfig,"ax",%progbits
 275              		.align	1
 276              		.p2align 2,,3
 277              		.global	SysTick_CLKSourceConfig
 278              		.syntax unified
 279              		.thumb
 280              		.thumb_func
 281              		.fpu softvfp
 283              	SysTick_CLKSourceConfig:
 284              	.LVL21:
 285              	.LFB33:
 190:../Drivers/STM32F10x_StdPeriph_Driver/src/misc.c **** 
 191:../Drivers/STM32F10x_StdPeriph_Driver/src/misc.c **** /**
 192:../Drivers/STM32F10x_StdPeriph_Driver/src/misc.c ****   * @brief  Configures the SysTick clock source.
 193:../Drivers/STM32F10x_StdPeriph_Driver/src/misc.c ****   * @param  SysTick_CLKSource: specifies the SysTick clock source.
 194:../Drivers/STM32F10x_StdPeriph_Driver/src/misc.c ****   *   This parameter can be one of the following values:
 195:../Drivers/STM32F10x_StdPeriph_Driver/src/misc.c ****   *     @arg SysTick_CLKSource_HCLK_Div8: AHB clock divided by 8 selected as SysTick clock source.
 196:../Drivers/STM32F10x_StdPeriph_Driver/src/misc.c ****   *     @arg SysTick_CLKSource_HCLK: AHB clock selected as SysTick clock source.
 197:../Drivers/STM32F10x_StdPeriph_Driver/src/misc.c ****   * @retval None
 198:../Drivers/STM32F10x_StdPeriph_Driver/src/misc.c ****   */
 199:../Drivers/STM32F10x_StdPeriph_Driver/src/misc.c **** void SysTick_CLKSourceConfig(uint32_t SysTick_CLKSource)
 200:../Drivers/STM32F10x_StdPeriph_Driver/src/misc.c **** {
 286              		.loc 1 200 1 is_stmt 1 view -0
 287              		.cfi_startproc
 288              		@ args = 0, pretend = 0, frame = 0
ARM GAS  /tmp/ccpWBpus.s 			page 10


 289              		@ frame_needed = 0, uses_anonymous_args = 0
 290              		@ link register save eliminated.
 201:../Drivers/STM32F10x_StdPeriph_Driver/src/misc.c ****   /* Check the parameters */
 202:../Drivers/STM32F10x_StdPeriph_Driver/src/misc.c ****   assert_param(IS_SYSTICK_CLK_SOURCE(SysTick_CLKSource));
 291              		.loc 1 202 3 view .LVU79
 203:../Drivers/STM32F10x_StdPeriph_Driver/src/misc.c ****   if (SysTick_CLKSource == SysTick_CLKSource_HCLK)
 292              		.loc 1 203 3 view .LVU80
 204:../Drivers/STM32F10x_StdPeriph_Driver/src/misc.c ****   {
 205:../Drivers/STM32F10x_StdPeriph_Driver/src/misc.c ****     SysTick->CTRL |= SysTick_CLKSource_HCLK;
 293              		.loc 1 205 19 is_stmt 0 view .LVU81
 294 0000 044A     		ldr	r2, .L25
 203:../Drivers/STM32F10x_StdPeriph_Driver/src/misc.c ****   if (SysTick_CLKSource == SysTick_CLKSource_HCLK)
 295              		.loc 1 203 6 view .LVU82
 296 0002 0428     		cmp	r0, #4
 297              		.loc 1 205 5 is_stmt 1 view .LVU83
 298              		.loc 1 205 19 is_stmt 0 view .LVU84
 299 0004 1368     		ldr	r3, [r2]
 300 0006 0CBF     		ite	eq
 301 0008 43F00403 		orreq	r3, r3, #4
 206:../Drivers/STM32F10x_StdPeriph_Driver/src/misc.c ****   }
 207:../Drivers/STM32F10x_StdPeriph_Driver/src/misc.c ****   else
 208:../Drivers/STM32F10x_StdPeriph_Driver/src/misc.c ****   {
 209:../Drivers/STM32F10x_StdPeriph_Driver/src/misc.c ****     SysTick->CTRL &= SysTick_CLKSource_HCLK_Div8;
 302              		.loc 1 209 5 is_stmt 1 view .LVU85
 303              		.loc 1 209 19 is_stmt 0 view .LVU86
 304 000c 23F00403 		bicne	r3, r3, #4
 305 0010 1360     		str	r3, [r2]
 210:../Drivers/STM32F10x_StdPeriph_Driver/src/misc.c ****   }
 211:../Drivers/STM32F10x_StdPeriph_Driver/src/misc.c **** }
 306              		.loc 1 211 1 view .LVU87
 307 0012 7047     		bx	lr
 308              	.L26:
 309              		.align	2
 310              	.L25:
 311 0014 10E000E0 		.word	-536813552
 312              		.cfi_endproc
 313              	.LFE33:
 315              		.text
 316              	.Letext0:
 317              		.file 2 "/usr/lib/gcc/arm-none-eabi/9.2.1/include/stdint.h"
 318              		.file 3 "../Drivers/CMSIS/CM3/CoreSupport/core_cm3.h"
 319              		.file 4 "../Drivers/CMSIS/CM3/DeviceSupport/ST/STM32F10x/system_stm32f10x.h"
 320              		.file 5 "../Drivers/CMSIS/CM3/DeviceSupport/ST/STM32F10x/stm32f10x.h"
 321              		.file 6 "../Drivers/STM32F10x_StdPeriph_Driver/inc/misc.h"
ARM GAS  /tmp/ccpWBpus.s 			page 11


DEFINED SYMBOLS
                            *ABS*:0000000000000000 misc.c
     /tmp/ccpWBpus.s:16     .text.NVIC_PriorityGroupConfig:0000000000000000 $t
     /tmp/ccpWBpus.s:25     .text.NVIC_PriorityGroupConfig:0000000000000000 NVIC_PriorityGroupConfig
     /tmp/ccpWBpus.s:50     .text.NVIC_PriorityGroupConfig:0000000000000010 $d
     /tmp/ccpWBpus.s:55     .text.NVIC_Init:0000000000000000 $t
     /tmp/ccpWBpus.s:63     .text.NVIC_Init:0000000000000000 NVIC_Init
     /tmp/ccpWBpus.s:179    .text.NVIC_Init:000000000000005c $d
     /tmp/ccpWBpus.s:185    .text.NVIC_SetVectorTable:0000000000000000 $t
     /tmp/ccpWBpus.s:193    .text.NVIC_SetVectorTable:0000000000000000 NVIC_SetVectorTable
     /tmp/ccpWBpus.s:220    .text.NVIC_SetVectorTable:0000000000000010 $d
     /tmp/ccpWBpus.s:225    .text.NVIC_SystemLPConfig:0000000000000000 $t
     /tmp/ccpWBpus.s:233    .text.NVIC_SystemLPConfig:0000000000000000 NVIC_SystemLPConfig
     /tmp/ccpWBpus.s:270    .text.NVIC_SystemLPConfig:0000000000000018 $d
     /tmp/ccpWBpus.s:275    .text.SysTick_CLKSourceConfig:0000000000000000 $t
     /tmp/ccpWBpus.s:283    .text.SysTick_CLKSourceConfig:0000000000000000 SysTick_CLKSourceConfig
     /tmp/ccpWBpus.s:311    .text.SysTick_CLKSourceConfig:0000000000000014 $d

NO UNDEFINED SYMBOLS
