ARM GAS  /tmp/cc6n6dO6.s 			page 1


   1              		.cpu cortex-m3
   2              		.eabi_attribute 20, 1
   3              		.eabi_attribute 21, 1
   4              		.eabi_attribute 23, 3
   5              		.eabi_attribute 24, 1
   6              		.eabi_attribute 25, 1
   7              		.eabi_attribute 26, 1
   8              		.eabi_attribute 30, 2
   9              		.eabi_attribute 34, 1
  10              		.eabi_attribute 18, 4
  11              		.file	"stm32f10x_dma.c"
  12              		.text
  13              	.Ltext0:
  14              		.cfi_sections	.debug_frame
  15              		.section	.text.DMA_DeInit,"ax",%progbits
  16              		.align	1
  17              		.p2align 2,,3
  18              		.global	DMA_DeInit
  19              		.arch armv7-m
  20              		.syntax unified
  21              		.thumb
  22              		.thumb_func
  23              		.fpu softvfp
  25              	DMA_DeInit:
  26              	.LVL0:
  27              	.LFB29:
  28              		.file 1 "../Drivers/STM32F10x_StdPeriph_Driver/src/stm32f10x_dma.c"
   1:../Drivers/STM32F10x_StdPeriph_Driver/src/stm32f10x_dma.c **** /**
   2:../Drivers/STM32F10x_StdPeriph_Driver/src/stm32f10x_dma.c ****   ******************************************************************************
   3:../Drivers/STM32F10x_StdPeriph_Driver/src/stm32f10x_dma.c ****   * @file    stm32f10x_dma.c
   4:../Drivers/STM32F10x_StdPeriph_Driver/src/stm32f10x_dma.c ****   * @author  MCD Application Team
   5:../Drivers/STM32F10x_StdPeriph_Driver/src/stm32f10x_dma.c ****   * @version V3.5.0
   6:../Drivers/STM32F10x_StdPeriph_Driver/src/stm32f10x_dma.c ****   * @date    11-March-2011
   7:../Drivers/STM32F10x_StdPeriph_Driver/src/stm32f10x_dma.c ****   * @brief   This file provides all the DMA firmware functions.
   8:../Drivers/STM32F10x_StdPeriph_Driver/src/stm32f10x_dma.c ****   ******************************************************************************
   9:../Drivers/STM32F10x_StdPeriph_Driver/src/stm32f10x_dma.c ****   * @attention
  10:../Drivers/STM32F10x_StdPeriph_Driver/src/stm32f10x_dma.c ****   *
  11:../Drivers/STM32F10x_StdPeriph_Driver/src/stm32f10x_dma.c ****   * THE PRESENT FIRMWARE WHICH IS FOR GUIDANCE ONLY AIMS AT PROVIDING CUSTOMERS
  12:../Drivers/STM32F10x_StdPeriph_Driver/src/stm32f10x_dma.c ****   * WITH CODING INFORMATION REGARDING THEIR PRODUCTS IN ORDER FOR THEM TO SAVE
  13:../Drivers/STM32F10x_StdPeriph_Driver/src/stm32f10x_dma.c ****   * TIME. AS A RESULT, STMICROELECTRONICS SHALL NOT BE HELD LIABLE FOR ANY
  14:../Drivers/STM32F10x_StdPeriph_Driver/src/stm32f10x_dma.c ****   * DIRECT, INDIRECT OR CONSEQUENTIAL DAMAGES WITH RESPECT TO ANY CLAIMS ARISING
  15:../Drivers/STM32F10x_StdPeriph_Driver/src/stm32f10x_dma.c ****   * FROM THE CONTENT OF SUCH FIRMWARE AND/OR THE USE MADE BY CUSTOMERS OF THE
  16:../Drivers/STM32F10x_StdPeriph_Driver/src/stm32f10x_dma.c ****   * CODING INFORMATION CONTAINED HEREIN IN CONNECTION WITH THEIR PRODUCTS.
  17:../Drivers/STM32F10x_StdPeriph_Driver/src/stm32f10x_dma.c ****   *
  18:../Drivers/STM32F10x_StdPeriph_Driver/src/stm32f10x_dma.c ****   * <h2><center>&copy; COPYRIGHT 2011 STMicroelectronics</center></h2>
  19:../Drivers/STM32F10x_StdPeriph_Driver/src/stm32f10x_dma.c ****   ******************************************************************************
  20:../Drivers/STM32F10x_StdPeriph_Driver/src/stm32f10x_dma.c ****   */
  21:../Drivers/STM32F10x_StdPeriph_Driver/src/stm32f10x_dma.c **** 
  22:../Drivers/STM32F10x_StdPeriph_Driver/src/stm32f10x_dma.c **** /* Includes ------------------------------------------------------------------*/
  23:../Drivers/STM32F10x_StdPeriph_Driver/src/stm32f10x_dma.c **** #include "stm32f10x_dma.h"
  24:../Drivers/STM32F10x_StdPeriph_Driver/src/stm32f10x_dma.c **** #include "stm32f10x_rcc.h"
  25:../Drivers/STM32F10x_StdPeriph_Driver/src/stm32f10x_dma.c **** 
  26:../Drivers/STM32F10x_StdPeriph_Driver/src/stm32f10x_dma.c **** /** @addtogroup STM32F10x_StdPeriph_Driver
  27:../Drivers/STM32F10x_StdPeriph_Driver/src/stm32f10x_dma.c ****   * @{
  28:../Drivers/STM32F10x_StdPeriph_Driver/src/stm32f10x_dma.c ****   */
  29:../Drivers/STM32F10x_StdPeriph_Driver/src/stm32f10x_dma.c **** 
  30:../Drivers/STM32F10x_StdPeriph_Driver/src/stm32f10x_dma.c **** /** @defgroup DMA 
ARM GAS  /tmp/cc6n6dO6.s 			page 2


  31:../Drivers/STM32F10x_StdPeriph_Driver/src/stm32f10x_dma.c ****   * @brief DMA driver modules
  32:../Drivers/STM32F10x_StdPeriph_Driver/src/stm32f10x_dma.c ****   * @{
  33:../Drivers/STM32F10x_StdPeriph_Driver/src/stm32f10x_dma.c ****   */ 
  34:../Drivers/STM32F10x_StdPeriph_Driver/src/stm32f10x_dma.c **** 
  35:../Drivers/STM32F10x_StdPeriph_Driver/src/stm32f10x_dma.c **** /** @defgroup DMA_Private_TypesDefinitions
  36:../Drivers/STM32F10x_StdPeriph_Driver/src/stm32f10x_dma.c ****   * @{
  37:../Drivers/STM32F10x_StdPeriph_Driver/src/stm32f10x_dma.c ****   */ 
  38:../Drivers/STM32F10x_StdPeriph_Driver/src/stm32f10x_dma.c **** /**
  39:../Drivers/STM32F10x_StdPeriph_Driver/src/stm32f10x_dma.c ****   * @}
  40:../Drivers/STM32F10x_StdPeriph_Driver/src/stm32f10x_dma.c ****   */
  41:../Drivers/STM32F10x_StdPeriph_Driver/src/stm32f10x_dma.c **** 
  42:../Drivers/STM32F10x_StdPeriph_Driver/src/stm32f10x_dma.c **** /** @defgroup DMA_Private_Defines
  43:../Drivers/STM32F10x_StdPeriph_Driver/src/stm32f10x_dma.c ****   * @{
  44:../Drivers/STM32F10x_StdPeriph_Driver/src/stm32f10x_dma.c ****   */
  45:../Drivers/STM32F10x_StdPeriph_Driver/src/stm32f10x_dma.c **** 
  46:../Drivers/STM32F10x_StdPeriph_Driver/src/stm32f10x_dma.c **** 
  47:../Drivers/STM32F10x_StdPeriph_Driver/src/stm32f10x_dma.c **** /* DMA1 Channelx interrupt pending bit masks */
  48:../Drivers/STM32F10x_StdPeriph_Driver/src/stm32f10x_dma.c **** #define DMA1_Channel1_IT_Mask    ((uint32_t)(DMA_ISR_GIF1 | DMA_ISR_TCIF1 | DMA_ISR_HTIF1 | DMA_ISR
  49:../Drivers/STM32F10x_StdPeriph_Driver/src/stm32f10x_dma.c **** #define DMA1_Channel2_IT_Mask    ((uint32_t)(DMA_ISR_GIF2 | DMA_ISR_TCIF2 | DMA_ISR_HTIF2 | DMA_ISR
  50:../Drivers/STM32F10x_StdPeriph_Driver/src/stm32f10x_dma.c **** #define DMA1_Channel3_IT_Mask    ((uint32_t)(DMA_ISR_GIF3 | DMA_ISR_TCIF3 | DMA_ISR_HTIF3 | DMA_ISR
  51:../Drivers/STM32F10x_StdPeriph_Driver/src/stm32f10x_dma.c **** #define DMA1_Channel4_IT_Mask    ((uint32_t)(DMA_ISR_GIF4 | DMA_ISR_TCIF4 | DMA_ISR_HTIF4 | DMA_ISR
  52:../Drivers/STM32F10x_StdPeriph_Driver/src/stm32f10x_dma.c **** #define DMA1_Channel5_IT_Mask    ((uint32_t)(DMA_ISR_GIF5 | DMA_ISR_TCIF5 | DMA_ISR_HTIF5 | DMA_ISR
  53:../Drivers/STM32F10x_StdPeriph_Driver/src/stm32f10x_dma.c **** #define DMA1_Channel6_IT_Mask    ((uint32_t)(DMA_ISR_GIF6 | DMA_ISR_TCIF6 | DMA_ISR_HTIF6 | DMA_ISR
  54:../Drivers/STM32F10x_StdPeriph_Driver/src/stm32f10x_dma.c **** #define DMA1_Channel7_IT_Mask    ((uint32_t)(DMA_ISR_GIF7 | DMA_ISR_TCIF7 | DMA_ISR_HTIF7 | DMA_ISR
  55:../Drivers/STM32F10x_StdPeriph_Driver/src/stm32f10x_dma.c **** 
  56:../Drivers/STM32F10x_StdPeriph_Driver/src/stm32f10x_dma.c **** /* DMA2 Channelx interrupt pending bit masks */
  57:../Drivers/STM32F10x_StdPeriph_Driver/src/stm32f10x_dma.c **** #define DMA2_Channel1_IT_Mask    ((uint32_t)(DMA_ISR_GIF1 | DMA_ISR_TCIF1 | DMA_ISR_HTIF1 | DMA_ISR
  58:../Drivers/STM32F10x_StdPeriph_Driver/src/stm32f10x_dma.c **** #define DMA2_Channel2_IT_Mask    ((uint32_t)(DMA_ISR_GIF2 | DMA_ISR_TCIF2 | DMA_ISR_HTIF2 | DMA_ISR
  59:../Drivers/STM32F10x_StdPeriph_Driver/src/stm32f10x_dma.c **** #define DMA2_Channel3_IT_Mask    ((uint32_t)(DMA_ISR_GIF3 | DMA_ISR_TCIF3 | DMA_ISR_HTIF3 | DMA_ISR
  60:../Drivers/STM32F10x_StdPeriph_Driver/src/stm32f10x_dma.c **** #define DMA2_Channel4_IT_Mask    ((uint32_t)(DMA_ISR_GIF4 | DMA_ISR_TCIF4 | DMA_ISR_HTIF4 | DMA_ISR
  61:../Drivers/STM32F10x_StdPeriph_Driver/src/stm32f10x_dma.c **** #define DMA2_Channel5_IT_Mask    ((uint32_t)(DMA_ISR_GIF5 | DMA_ISR_TCIF5 | DMA_ISR_HTIF5 | DMA_ISR
  62:../Drivers/STM32F10x_StdPeriph_Driver/src/stm32f10x_dma.c **** 
  63:../Drivers/STM32F10x_StdPeriph_Driver/src/stm32f10x_dma.c **** /* DMA2 FLAG mask */
  64:../Drivers/STM32F10x_StdPeriph_Driver/src/stm32f10x_dma.c **** #define FLAG_Mask                ((uint32_t)0x10000000)
  65:../Drivers/STM32F10x_StdPeriph_Driver/src/stm32f10x_dma.c **** 
  66:../Drivers/STM32F10x_StdPeriph_Driver/src/stm32f10x_dma.c **** /* DMA registers Masks */
  67:../Drivers/STM32F10x_StdPeriph_Driver/src/stm32f10x_dma.c **** #define CCR_CLEAR_Mask           ((uint32_t)0xFFFF800F)
  68:../Drivers/STM32F10x_StdPeriph_Driver/src/stm32f10x_dma.c **** 
  69:../Drivers/STM32F10x_StdPeriph_Driver/src/stm32f10x_dma.c **** /**
  70:../Drivers/STM32F10x_StdPeriph_Driver/src/stm32f10x_dma.c ****   * @}
  71:../Drivers/STM32F10x_StdPeriph_Driver/src/stm32f10x_dma.c ****   */
  72:../Drivers/STM32F10x_StdPeriph_Driver/src/stm32f10x_dma.c **** 
  73:../Drivers/STM32F10x_StdPeriph_Driver/src/stm32f10x_dma.c **** /** @defgroup DMA_Private_Macros
  74:../Drivers/STM32F10x_StdPeriph_Driver/src/stm32f10x_dma.c ****   * @{
  75:../Drivers/STM32F10x_StdPeriph_Driver/src/stm32f10x_dma.c ****   */
  76:../Drivers/STM32F10x_StdPeriph_Driver/src/stm32f10x_dma.c **** 
  77:../Drivers/STM32F10x_StdPeriph_Driver/src/stm32f10x_dma.c **** /**
  78:../Drivers/STM32F10x_StdPeriph_Driver/src/stm32f10x_dma.c ****   * @}
  79:../Drivers/STM32F10x_StdPeriph_Driver/src/stm32f10x_dma.c ****   */
  80:../Drivers/STM32F10x_StdPeriph_Driver/src/stm32f10x_dma.c **** 
  81:../Drivers/STM32F10x_StdPeriph_Driver/src/stm32f10x_dma.c **** /** @defgroup DMA_Private_Variables
  82:../Drivers/STM32F10x_StdPeriph_Driver/src/stm32f10x_dma.c ****   * @{
  83:../Drivers/STM32F10x_StdPeriph_Driver/src/stm32f10x_dma.c ****   */
  84:../Drivers/STM32F10x_StdPeriph_Driver/src/stm32f10x_dma.c **** 
  85:../Drivers/STM32F10x_StdPeriph_Driver/src/stm32f10x_dma.c **** /**
  86:../Drivers/STM32F10x_StdPeriph_Driver/src/stm32f10x_dma.c ****   * @}
  87:../Drivers/STM32F10x_StdPeriph_Driver/src/stm32f10x_dma.c ****   */
ARM GAS  /tmp/cc6n6dO6.s 			page 3


  88:../Drivers/STM32F10x_StdPeriph_Driver/src/stm32f10x_dma.c **** 
  89:../Drivers/STM32F10x_StdPeriph_Driver/src/stm32f10x_dma.c **** /** @defgroup DMA_Private_FunctionPrototypes
  90:../Drivers/STM32F10x_StdPeriph_Driver/src/stm32f10x_dma.c ****   * @{
  91:../Drivers/STM32F10x_StdPeriph_Driver/src/stm32f10x_dma.c ****   */
  92:../Drivers/STM32F10x_StdPeriph_Driver/src/stm32f10x_dma.c **** 
  93:../Drivers/STM32F10x_StdPeriph_Driver/src/stm32f10x_dma.c **** /**
  94:../Drivers/STM32F10x_StdPeriph_Driver/src/stm32f10x_dma.c ****   * @}
  95:../Drivers/STM32F10x_StdPeriph_Driver/src/stm32f10x_dma.c ****   */
  96:../Drivers/STM32F10x_StdPeriph_Driver/src/stm32f10x_dma.c **** 
  97:../Drivers/STM32F10x_StdPeriph_Driver/src/stm32f10x_dma.c **** /** @defgroup DMA_Private_Functions
  98:../Drivers/STM32F10x_StdPeriph_Driver/src/stm32f10x_dma.c ****   * @{
  99:../Drivers/STM32F10x_StdPeriph_Driver/src/stm32f10x_dma.c ****   */
 100:../Drivers/STM32F10x_StdPeriph_Driver/src/stm32f10x_dma.c **** 
 101:../Drivers/STM32F10x_StdPeriph_Driver/src/stm32f10x_dma.c **** /**
 102:../Drivers/STM32F10x_StdPeriph_Driver/src/stm32f10x_dma.c ****   * @brief  Deinitializes the DMAy Channelx registers to their default reset
 103:../Drivers/STM32F10x_StdPeriph_Driver/src/stm32f10x_dma.c ****   *         values.
 104:../Drivers/STM32F10x_StdPeriph_Driver/src/stm32f10x_dma.c ****   * @param  DMAy_Channelx: where y can be 1 or 2 to select the DMA and
 105:../Drivers/STM32F10x_StdPeriph_Driver/src/stm32f10x_dma.c ****   *   x can be 1 to 7 for DMA1 and 1 to 5 for DMA2 to select the DMA Channel.
 106:../Drivers/STM32F10x_StdPeriph_Driver/src/stm32f10x_dma.c ****   * @retval None
 107:../Drivers/STM32F10x_StdPeriph_Driver/src/stm32f10x_dma.c ****   */
 108:../Drivers/STM32F10x_StdPeriph_Driver/src/stm32f10x_dma.c **** void DMA_DeInit(DMA_Channel_TypeDef* DMAy_Channelx)
 109:../Drivers/STM32F10x_StdPeriph_Driver/src/stm32f10x_dma.c **** {
  29              		.loc 1 109 1 view -0
  30              		.cfi_startproc
  31              		@ args = 0, pretend = 0, frame = 0
  32              		@ frame_needed = 0, uses_anonymous_args = 0
  33              		@ link register save eliminated.
 110:../Drivers/STM32F10x_StdPeriph_Driver/src/stm32f10x_dma.c ****   /* Check the parameters */
 111:../Drivers/STM32F10x_StdPeriph_Driver/src/stm32f10x_dma.c ****   assert_param(IS_DMA_ALL_PERIPH(DMAy_Channelx));
  34              		.loc 1 111 3 view .LVU1
 112:../Drivers/STM32F10x_StdPeriph_Driver/src/stm32f10x_dma.c ****   
 113:../Drivers/STM32F10x_StdPeriph_Driver/src/stm32f10x_dma.c ****   /* Disable the selected DMAy Channelx */
 114:../Drivers/STM32F10x_StdPeriph_Driver/src/stm32f10x_dma.c ****   DMAy_Channelx->CCR &= (uint16_t)(~DMA_CCR1_EN);
  35              		.loc 1 114 3 view .LVU2
 109:../Drivers/STM32F10x_StdPeriph_Driver/src/stm32f10x_dma.c ****   /* Check the parameters */
  36              		.loc 1 109 1 is_stmt 0 view .LVU3
  37 0000 10B4     		push	{r4}
  38              	.LCFI0:
  39              		.cfi_def_cfa_offset 4
  40              		.cfi_offset 4, -4
  41              		.loc 1 114 22 view .LVU4
  42 0002 4FF6FE74 		movw	r4, #65534
 115:../Drivers/STM32F10x_StdPeriph_Driver/src/stm32f10x_dma.c ****   
 116:../Drivers/STM32F10x_StdPeriph_Driver/src/stm32f10x_dma.c ****   /* Reset DMAy Channelx control register */
 117:../Drivers/STM32F10x_StdPeriph_Driver/src/stm32f10x_dma.c ****   DMAy_Channelx->CCR  = 0;
  43              		.loc 1 117 23 view .LVU5
  44 0006 0023     		movs	r3, #0
 114:../Drivers/STM32F10x_StdPeriph_Driver/src/stm32f10x_dma.c ****   
  45              		.loc 1 114 22 view .LVU6
  46 0008 0268     		ldr	r2, [r0]
 118:../Drivers/STM32F10x_StdPeriph_Driver/src/stm32f10x_dma.c ****   
 119:../Drivers/STM32F10x_StdPeriph_Driver/src/stm32f10x_dma.c ****   /* Reset DMAy Channelx remaining bytes register */
 120:../Drivers/STM32F10x_StdPeriph_Driver/src/stm32f10x_dma.c ****   DMAy_Channelx->CNDTR = 0;
 121:../Drivers/STM32F10x_StdPeriph_Driver/src/stm32f10x_dma.c ****   
 122:../Drivers/STM32F10x_StdPeriph_Driver/src/stm32f10x_dma.c ****   /* Reset DMAy Channelx peripheral address register */
 123:../Drivers/STM32F10x_StdPeriph_Driver/src/stm32f10x_dma.c ****   DMAy_Channelx->CPAR  = 0;
 124:../Drivers/STM32F10x_StdPeriph_Driver/src/stm32f10x_dma.c ****   
ARM GAS  /tmp/cc6n6dO6.s 			page 4


 125:../Drivers/STM32F10x_StdPeriph_Driver/src/stm32f10x_dma.c ****   /* Reset DMAy Channelx memory address register */
 126:../Drivers/STM32F10x_StdPeriph_Driver/src/stm32f10x_dma.c ****   DMAy_Channelx->CMAR = 0;
 127:../Drivers/STM32F10x_StdPeriph_Driver/src/stm32f10x_dma.c ****   
 128:../Drivers/STM32F10x_StdPeriph_Driver/src/stm32f10x_dma.c ****   if (DMAy_Channelx == DMA1_Channel1)
  47              		.loc 1 128 6 view .LVU7
  48 000a 3B49     		ldr	r1, .L27
 114:../Drivers/STM32F10x_StdPeriph_Driver/src/stm32f10x_dma.c ****   
  49              		.loc 1 114 22 view .LVU8
  50 000c 2240     		ands	r2, r2, r4
  51              		.loc 1 128 6 view .LVU9
  52 000e 8842     		cmp	r0, r1
 114:../Drivers/STM32F10x_StdPeriph_Driver/src/stm32f10x_dma.c ****   
  53              		.loc 1 114 22 view .LVU10
  54 0010 0260     		str	r2, [r0]
 117:../Drivers/STM32F10x_StdPeriph_Driver/src/stm32f10x_dma.c ****   
  55              		.loc 1 117 3 is_stmt 1 view .LVU11
 117:../Drivers/STM32F10x_StdPeriph_Driver/src/stm32f10x_dma.c ****   
  56              		.loc 1 117 23 is_stmt 0 view .LVU12
  57 0012 0360     		str	r3, [r0]
 120:../Drivers/STM32F10x_StdPeriph_Driver/src/stm32f10x_dma.c ****   
  58              		.loc 1 120 3 is_stmt 1 view .LVU13
 120:../Drivers/STM32F10x_StdPeriph_Driver/src/stm32f10x_dma.c ****   
  59              		.loc 1 120 24 is_stmt 0 view .LVU14
  60 0014 4360     		str	r3, [r0, #4]
 123:../Drivers/STM32F10x_StdPeriph_Driver/src/stm32f10x_dma.c ****   
  61              		.loc 1 123 3 is_stmt 1 view .LVU15
 123:../Drivers/STM32F10x_StdPeriph_Driver/src/stm32f10x_dma.c ****   
  62              		.loc 1 123 24 is_stmt 0 view .LVU16
  63 0016 8360     		str	r3, [r0, #8]
 126:../Drivers/STM32F10x_StdPeriph_Driver/src/stm32f10x_dma.c ****   
  64              		.loc 1 126 3 is_stmt 1 view .LVU17
 126:../Drivers/STM32F10x_StdPeriph_Driver/src/stm32f10x_dma.c ****   
  65              		.loc 1 126 23 is_stmt 0 view .LVU18
  66 0018 C360     		str	r3, [r0, #12]
  67              		.loc 1 128 3 is_stmt 1 view .LVU19
  68              		.loc 1 128 6 is_stmt 0 view .LVU20
  69 001a 2DD0     		beq	.L16
 129:../Drivers/STM32F10x_StdPeriph_Driver/src/stm32f10x_dma.c ****   {
 130:../Drivers/STM32F10x_StdPeriph_Driver/src/stm32f10x_dma.c ****     /* Reset interrupt pending bits for DMA1 Channel1 */
 131:../Drivers/STM32F10x_StdPeriph_Driver/src/stm32f10x_dma.c ****     DMA1->IFCR |= DMA1_Channel1_IT_Mask;
 132:../Drivers/STM32F10x_StdPeriph_Driver/src/stm32f10x_dma.c ****   }
 133:../Drivers/STM32F10x_StdPeriph_Driver/src/stm32f10x_dma.c ****   else if (DMAy_Channelx == DMA1_Channel2)
  70              		.loc 1 133 8 is_stmt 1 view .LVU21
  71              		.loc 1 133 11 is_stmt 0 view .LVU22
  72 001c 374B     		ldr	r3, .L27+4
  73 001e 9842     		cmp	r0, r3
  74 0020 23D0     		beq	.L17
 134:../Drivers/STM32F10x_StdPeriph_Driver/src/stm32f10x_dma.c ****   {
 135:../Drivers/STM32F10x_StdPeriph_Driver/src/stm32f10x_dma.c ****     /* Reset interrupt pending bits for DMA1 Channel2 */
 136:../Drivers/STM32F10x_StdPeriph_Driver/src/stm32f10x_dma.c ****     DMA1->IFCR |= DMA1_Channel2_IT_Mask;
 137:../Drivers/STM32F10x_StdPeriph_Driver/src/stm32f10x_dma.c ****   }
 138:../Drivers/STM32F10x_StdPeriph_Driver/src/stm32f10x_dma.c ****   else if (DMAy_Channelx == DMA1_Channel3)
  75              		.loc 1 138 8 is_stmt 1 view .LVU23
  76              		.loc 1 138 11 is_stmt 0 view .LVU24
  77 0022 374B     		ldr	r3, .L27+8
  78 0024 9842     		cmp	r0, r3
  79 0026 34D0     		beq	.L18
ARM GAS  /tmp/cc6n6dO6.s 			page 5


 139:../Drivers/STM32F10x_StdPeriph_Driver/src/stm32f10x_dma.c ****   {
 140:../Drivers/STM32F10x_StdPeriph_Driver/src/stm32f10x_dma.c ****     /* Reset interrupt pending bits for DMA1 Channel3 */
 141:../Drivers/STM32F10x_StdPeriph_Driver/src/stm32f10x_dma.c ****     DMA1->IFCR |= DMA1_Channel3_IT_Mask;
 142:../Drivers/STM32F10x_StdPeriph_Driver/src/stm32f10x_dma.c ****   }
 143:../Drivers/STM32F10x_StdPeriph_Driver/src/stm32f10x_dma.c ****   else if (DMAy_Channelx == DMA1_Channel4)
  80              		.loc 1 143 8 is_stmt 1 view .LVU25
  81              		.loc 1 143 11 is_stmt 0 view .LVU26
  82 0028 364B     		ldr	r3, .L27+12
  83 002a 9842     		cmp	r0, r3
  84 002c 38D0     		beq	.L19
 144:../Drivers/STM32F10x_StdPeriph_Driver/src/stm32f10x_dma.c ****   {
 145:../Drivers/STM32F10x_StdPeriph_Driver/src/stm32f10x_dma.c ****     /* Reset interrupt pending bits for DMA1 Channel4 */
 146:../Drivers/STM32F10x_StdPeriph_Driver/src/stm32f10x_dma.c ****     DMA1->IFCR |= DMA1_Channel4_IT_Mask;
 147:../Drivers/STM32F10x_StdPeriph_Driver/src/stm32f10x_dma.c ****   }
 148:../Drivers/STM32F10x_StdPeriph_Driver/src/stm32f10x_dma.c ****   else if (DMAy_Channelx == DMA1_Channel5)
  85              		.loc 1 148 8 is_stmt 1 view .LVU27
  86              		.loc 1 148 11 is_stmt 0 view .LVU28
  87 002e 364B     		ldr	r3, .L27+16
  88 0030 9842     		cmp	r0, r3
  89 0032 28D0     		beq	.L20
 149:../Drivers/STM32F10x_StdPeriph_Driver/src/stm32f10x_dma.c ****   {
 150:../Drivers/STM32F10x_StdPeriph_Driver/src/stm32f10x_dma.c ****     /* Reset interrupt pending bits for DMA1 Channel5 */
 151:../Drivers/STM32F10x_StdPeriph_Driver/src/stm32f10x_dma.c ****     DMA1->IFCR |= DMA1_Channel5_IT_Mask;
 152:../Drivers/STM32F10x_StdPeriph_Driver/src/stm32f10x_dma.c ****   }
 153:../Drivers/STM32F10x_StdPeriph_Driver/src/stm32f10x_dma.c ****   else if (DMAy_Channelx == DMA1_Channel6)
  90              		.loc 1 153 8 is_stmt 1 view .LVU29
  91              		.loc 1 153 11 is_stmt 0 view .LVU30
  92 0034 354B     		ldr	r3, .L27+20
  93 0036 9842     		cmp	r0, r3
  94 0038 39D0     		beq	.L21
 154:../Drivers/STM32F10x_StdPeriph_Driver/src/stm32f10x_dma.c ****   {
 155:../Drivers/STM32F10x_StdPeriph_Driver/src/stm32f10x_dma.c ****     /* Reset interrupt pending bits for DMA1 Channel6 */
 156:../Drivers/STM32F10x_StdPeriph_Driver/src/stm32f10x_dma.c ****     DMA1->IFCR |= DMA1_Channel6_IT_Mask;
 157:../Drivers/STM32F10x_StdPeriph_Driver/src/stm32f10x_dma.c ****   }
 158:../Drivers/STM32F10x_StdPeriph_Driver/src/stm32f10x_dma.c ****   else if (DMAy_Channelx == DMA1_Channel7)
  95              		.loc 1 158 8 is_stmt 1 view .LVU31
  96              		.loc 1 158 11 is_stmt 0 view .LVU32
  97 003a 354B     		ldr	r3, .L27+24
  98 003c 9842     		cmp	r0, r3
  99 003e 42D0     		beq	.L22
 159:../Drivers/STM32F10x_StdPeriph_Driver/src/stm32f10x_dma.c ****   {
 160:../Drivers/STM32F10x_StdPeriph_Driver/src/stm32f10x_dma.c ****     /* Reset interrupt pending bits for DMA1 Channel7 */
 161:../Drivers/STM32F10x_StdPeriph_Driver/src/stm32f10x_dma.c ****     DMA1->IFCR |= DMA1_Channel7_IT_Mask;
 162:../Drivers/STM32F10x_StdPeriph_Driver/src/stm32f10x_dma.c ****   }
 163:../Drivers/STM32F10x_StdPeriph_Driver/src/stm32f10x_dma.c ****   else if (DMAy_Channelx == DMA2_Channel1)
 100              		.loc 1 163 8 is_stmt 1 view .LVU33
 101              		.loc 1 163 11 is_stmt 0 view .LVU34
 102 0040 344B     		ldr	r3, .L27+28
 103 0042 9842     		cmp	r0, r3
 104 0044 45D0     		beq	.L23
 164:../Drivers/STM32F10x_StdPeriph_Driver/src/stm32f10x_dma.c ****   {
 165:../Drivers/STM32F10x_StdPeriph_Driver/src/stm32f10x_dma.c ****     /* Reset interrupt pending bits for DMA2 Channel1 */
 166:../Drivers/STM32F10x_StdPeriph_Driver/src/stm32f10x_dma.c ****     DMA2->IFCR |= DMA2_Channel1_IT_Mask;
 167:../Drivers/STM32F10x_StdPeriph_Driver/src/stm32f10x_dma.c ****   }
 168:../Drivers/STM32F10x_StdPeriph_Driver/src/stm32f10x_dma.c ****   else if (DMAy_Channelx == DMA2_Channel2)
 105              		.loc 1 168 8 is_stmt 1 view .LVU35
 106              		.loc 1 168 11 is_stmt 0 view .LVU36
ARM GAS  /tmp/cc6n6dO6.s 			page 6


 107 0046 344B     		ldr	r3, .L27+32
 108 0048 9842     		cmp	r0, r3
 109 004a 36D0     		beq	.L24
 169:../Drivers/STM32F10x_StdPeriph_Driver/src/stm32f10x_dma.c ****   {
 170:../Drivers/STM32F10x_StdPeriph_Driver/src/stm32f10x_dma.c ****     /* Reset interrupt pending bits for DMA2 Channel2 */
 171:../Drivers/STM32F10x_StdPeriph_Driver/src/stm32f10x_dma.c ****     DMA2->IFCR |= DMA2_Channel2_IT_Mask;
 172:../Drivers/STM32F10x_StdPeriph_Driver/src/stm32f10x_dma.c ****   }
 173:../Drivers/STM32F10x_StdPeriph_Driver/src/stm32f10x_dma.c ****   else if (DMAy_Channelx == DMA2_Channel3)
 110              		.loc 1 173 8 is_stmt 1 view .LVU37
 111              		.loc 1 173 11 is_stmt 0 view .LVU38
 112 004c 334B     		ldr	r3, .L27+36
 113 004e 9842     		cmp	r0, r3
 114 0050 45D0     		beq	.L25
 174:../Drivers/STM32F10x_StdPeriph_Driver/src/stm32f10x_dma.c ****   {
 175:../Drivers/STM32F10x_StdPeriph_Driver/src/stm32f10x_dma.c ****     /* Reset interrupt pending bits for DMA2 Channel3 */
 176:../Drivers/STM32F10x_StdPeriph_Driver/src/stm32f10x_dma.c ****     DMA2->IFCR |= DMA2_Channel3_IT_Mask;
 177:../Drivers/STM32F10x_StdPeriph_Driver/src/stm32f10x_dma.c ****   }
 178:../Drivers/STM32F10x_StdPeriph_Driver/src/stm32f10x_dma.c ****   else if (DMAy_Channelx == DMA2_Channel4)
 115              		.loc 1 178 8 is_stmt 1 view .LVU39
 116              		.loc 1 178 11 is_stmt 0 view .LVU40
 117 0052 334B     		ldr	r3, .L27+40
 118 0054 9842     		cmp	r0, r3
 119 0056 48D0     		beq	.L26
 179:../Drivers/STM32F10x_StdPeriph_Driver/src/stm32f10x_dma.c ****   {
 180:../Drivers/STM32F10x_StdPeriph_Driver/src/stm32f10x_dma.c ****     /* Reset interrupt pending bits for DMA2 Channel4 */
 181:../Drivers/STM32F10x_StdPeriph_Driver/src/stm32f10x_dma.c ****     DMA2->IFCR |= DMA2_Channel4_IT_Mask;
 182:../Drivers/STM32F10x_StdPeriph_Driver/src/stm32f10x_dma.c ****   }
 183:../Drivers/STM32F10x_StdPeriph_Driver/src/stm32f10x_dma.c ****   else
 184:../Drivers/STM32F10x_StdPeriph_Driver/src/stm32f10x_dma.c ****   { 
 185:../Drivers/STM32F10x_StdPeriph_Driver/src/stm32f10x_dma.c ****     if (DMAy_Channelx == DMA2_Channel5)
 120              		.loc 1 185 5 is_stmt 1 view .LVU41
 121              		.loc 1 185 8 is_stmt 0 view .LVU42
 122 0058 324B     		ldr	r3, .L27+44
 123 005a 9842     		cmp	r0, r3
 124 005c 0AD1     		bne	.L1
 186:../Drivers/STM32F10x_StdPeriph_Driver/src/stm32f10x_dma.c ****     {
 187:../Drivers/STM32F10x_StdPeriph_Driver/src/stm32f10x_dma.c ****       /* Reset interrupt pending bits for DMA2 Channel5 */
 188:../Drivers/STM32F10x_StdPeriph_Driver/src/stm32f10x_dma.c ****       DMA2->IFCR |= DMA2_Channel5_IT_Mask;
 125              		.loc 1 188 7 is_stmt 1 view .LVU43
 126              		.loc 1 188 18 is_stmt 0 view .LVU44
 127 005e 324A     		ldr	r2, .L27+48
 128 0060 5368     		ldr	r3, [r2, #4]
 129 0062 43F47023 		orr	r3, r3, #983040
 130 0066 5360     		str	r3, [r2, #4]
 189:../Drivers/STM32F10x_StdPeriph_Driver/src/stm32f10x_dma.c ****     }
 190:../Drivers/STM32F10x_StdPeriph_Driver/src/stm32f10x_dma.c ****   }
 191:../Drivers/STM32F10x_StdPeriph_Driver/src/stm32f10x_dma.c **** }
 131              		.loc 1 191 1 view .LVU45
 132 0068 04E0     		b	.L1
 133              	.L17:
 136:../Drivers/STM32F10x_StdPeriph_Driver/src/stm32f10x_dma.c ****   }
 134              		.loc 1 136 5 is_stmt 1 view .LVU46
 136:../Drivers/STM32F10x_StdPeriph_Driver/src/stm32f10x_dma.c ****   }
 135              		.loc 1 136 16 is_stmt 0 view .LVU47
 136 006a 304A     		ldr	r2, .L27+52
 137 006c 5368     		ldr	r3, [r2, #4]
 138 006e 43F0F003 		orr	r3, r3, #240
ARM GAS  /tmp/cc6n6dO6.s 			page 7


 139 0072 5360     		str	r3, [r2, #4]
 140              	.L1:
 141              		.loc 1 191 1 view .LVU48
 142 0074 10BC     		pop	{r4}
 143              	.LCFI1:
 144              		.cfi_remember_state
 145              		.cfi_restore 4
 146              		.cfi_def_cfa_offset 0
 147 0076 7047     		bx	lr
 148              	.L16:
 149              	.LCFI2:
 150              		.cfi_restore_state
 131:../Drivers/STM32F10x_StdPeriph_Driver/src/stm32f10x_dma.c ****   }
 151              		.loc 1 131 5 is_stmt 1 view .LVU49
 131:../Drivers/STM32F10x_StdPeriph_Driver/src/stm32f10x_dma.c ****   }
 152              		.loc 1 131 16 is_stmt 0 view .LVU50
 153 0078 2C4A     		ldr	r2, .L27+52
 154              		.loc 1 191 1 view .LVU51
 155 007a 10BC     		pop	{r4}
 156              	.LCFI3:
 157              		.cfi_remember_state
 158              		.cfi_restore 4
 159              		.cfi_def_cfa_offset 0
 131:../Drivers/STM32F10x_StdPeriph_Driver/src/stm32f10x_dma.c ****   }
 160              		.loc 1 131 16 view .LVU52
 161 007c 5368     		ldr	r3, [r2, #4]
 162 007e 43F00F03 		orr	r3, r3, #15
 163 0082 5360     		str	r3, [r2, #4]
 164              		.loc 1 191 1 view .LVU53
 165 0084 7047     		bx	lr
 166              	.L20:
 167              	.LCFI4:
 168              		.cfi_restore_state
 151:../Drivers/STM32F10x_StdPeriph_Driver/src/stm32f10x_dma.c ****   }
 169              		.loc 1 151 5 is_stmt 1 view .LVU54
 151:../Drivers/STM32F10x_StdPeriph_Driver/src/stm32f10x_dma.c ****   }
 170              		.loc 1 151 16 is_stmt 0 view .LVU55
 171 0086 294A     		ldr	r2, .L27+52
 172 0088 5368     		ldr	r3, [r2, #4]
 173 008a 43F47023 		orr	r3, r3, #983040
 174 008e 5360     		str	r3, [r2, #4]
 175 0090 F0E7     		b	.L1
 176              	.L18:
 141:../Drivers/STM32F10x_StdPeriph_Driver/src/stm32f10x_dma.c ****   }
 177              		.loc 1 141 5 is_stmt 1 view .LVU56
 141:../Drivers/STM32F10x_StdPeriph_Driver/src/stm32f10x_dma.c ****   }
 178              		.loc 1 141 16 is_stmt 0 view .LVU57
 179 0092 264A     		ldr	r2, .L27+52
 180              		.loc 1 191 1 view .LVU58
 181 0094 10BC     		pop	{r4}
 182              	.LCFI5:
 183              		.cfi_remember_state
 184              		.cfi_restore 4
 185              		.cfi_def_cfa_offset 0
 141:../Drivers/STM32F10x_StdPeriph_Driver/src/stm32f10x_dma.c ****   }
 186              		.loc 1 141 16 view .LVU59
 187 0096 5368     		ldr	r3, [r2, #4]
ARM GAS  /tmp/cc6n6dO6.s 			page 8


 188 0098 43F47063 		orr	r3, r3, #3840
 189 009c 5360     		str	r3, [r2, #4]
 190              		.loc 1 191 1 view .LVU60
 191 009e 7047     		bx	lr
 192              	.L19:
 193              	.LCFI6:
 194              		.cfi_restore_state
 146:../Drivers/STM32F10x_StdPeriph_Driver/src/stm32f10x_dma.c ****   }
 195              		.loc 1 146 5 is_stmt 1 view .LVU61
 146:../Drivers/STM32F10x_StdPeriph_Driver/src/stm32f10x_dma.c ****   }
 196              		.loc 1 146 16 is_stmt 0 view .LVU62
 197 00a0 224A     		ldr	r2, .L27+52
 198              		.loc 1 191 1 view .LVU63
 199 00a2 10BC     		pop	{r4}
 200              	.LCFI7:
 201              		.cfi_remember_state
 202              		.cfi_restore 4
 203              		.cfi_def_cfa_offset 0
 146:../Drivers/STM32F10x_StdPeriph_Driver/src/stm32f10x_dma.c ****   }
 204              		.loc 1 146 16 view .LVU64
 205 00a4 5368     		ldr	r3, [r2, #4]
 206 00a6 43F47043 		orr	r3, r3, #61440
 207 00aa 5360     		str	r3, [r2, #4]
 208              		.loc 1 191 1 view .LVU65
 209 00ac 7047     		bx	lr
 210              	.L21:
 211              	.LCFI8:
 212              		.cfi_restore_state
 156:../Drivers/STM32F10x_StdPeriph_Driver/src/stm32f10x_dma.c ****   }
 213              		.loc 1 156 5 is_stmt 1 view .LVU66
 156:../Drivers/STM32F10x_StdPeriph_Driver/src/stm32f10x_dma.c ****   }
 214              		.loc 1 156 16 is_stmt 0 view .LVU67
 215 00ae 1F4A     		ldr	r2, .L27+52
 216 00b0 5368     		ldr	r3, [r2, #4]
 217 00b2 43F47003 		orr	r3, r3, #15728640
 218 00b6 5360     		str	r3, [r2, #4]
 219 00b8 DCE7     		b	.L1
 220              	.L24:
 171:../Drivers/STM32F10x_StdPeriph_Driver/src/stm32f10x_dma.c ****   }
 221              		.loc 1 171 5 is_stmt 1 view .LVU68
 171:../Drivers/STM32F10x_StdPeriph_Driver/src/stm32f10x_dma.c ****   }
 222              		.loc 1 171 16 is_stmt 0 view .LVU69
 223 00ba 1B4A     		ldr	r2, .L27+48
 224 00bc 5368     		ldr	r3, [r2, #4]
 225 00be 43F0F003 		orr	r3, r3, #240
 226 00c2 5360     		str	r3, [r2, #4]
 227 00c4 D6E7     		b	.L1
 228              	.L22:
 161:../Drivers/STM32F10x_StdPeriph_Driver/src/stm32f10x_dma.c ****   }
 229              		.loc 1 161 5 is_stmt 1 view .LVU70
 161:../Drivers/STM32F10x_StdPeriph_Driver/src/stm32f10x_dma.c ****   }
 230              		.loc 1 161 16 is_stmt 0 view .LVU71
 231 00c6 194A     		ldr	r2, .L27+52
 232 00c8 5368     		ldr	r3, [r2, #4]
 233 00ca 43F07063 		orr	r3, r3, #251658240
 234 00ce 5360     		str	r3, [r2, #4]
 235 00d0 D0E7     		b	.L1
ARM GAS  /tmp/cc6n6dO6.s 			page 9


 236              	.L23:
 166:../Drivers/STM32F10x_StdPeriph_Driver/src/stm32f10x_dma.c ****   }
 237              		.loc 1 166 5 is_stmt 1 view .LVU72
 166:../Drivers/STM32F10x_StdPeriph_Driver/src/stm32f10x_dma.c ****   }
 238              		.loc 1 166 16 is_stmt 0 view .LVU73
 239 00d2 154A     		ldr	r2, .L27+48
 240 00d4 5368     		ldr	r3, [r2, #4]
 241 00d6 43F00F03 		orr	r3, r3, #15
 242 00da 5360     		str	r3, [r2, #4]
 243 00dc CAE7     		b	.L1
 244              	.L25:
 176:../Drivers/STM32F10x_StdPeriph_Driver/src/stm32f10x_dma.c ****   }
 245              		.loc 1 176 5 is_stmt 1 view .LVU74
 176:../Drivers/STM32F10x_StdPeriph_Driver/src/stm32f10x_dma.c ****   }
 246              		.loc 1 176 16 is_stmt 0 view .LVU75
 247 00de 124A     		ldr	r2, .L27+48
 248 00e0 5368     		ldr	r3, [r2, #4]
 249 00e2 43F47063 		orr	r3, r3, #3840
 250 00e6 5360     		str	r3, [r2, #4]
 251 00e8 C4E7     		b	.L1
 252              	.L26:
 181:../Drivers/STM32F10x_StdPeriph_Driver/src/stm32f10x_dma.c ****   }
 253              		.loc 1 181 5 is_stmt 1 view .LVU76
 181:../Drivers/STM32F10x_StdPeriph_Driver/src/stm32f10x_dma.c ****   }
 254              		.loc 1 181 16 is_stmt 0 view .LVU77
 255 00ea 0F4A     		ldr	r2, .L27+48
 256 00ec 5368     		ldr	r3, [r2, #4]
 257 00ee 43F47043 		orr	r3, r3, #61440
 258 00f2 5360     		str	r3, [r2, #4]
 259 00f4 BEE7     		b	.L1
 260              	.L28:
 261 00f6 00BF     		.align	2
 262              	.L27:
 263 00f8 08000240 		.word	1073872904
 264 00fc 1C000240 		.word	1073872924
 265 0100 30000240 		.word	1073872944
 266 0104 44000240 		.word	1073872964
 267 0108 58000240 		.word	1073872984
 268 010c 6C000240 		.word	1073873004
 269 0110 80000240 		.word	1073873024
 270 0114 08040240 		.word	1073873928
 271 0118 1C040240 		.word	1073873948
 272 011c 30040240 		.word	1073873968
 273 0120 44040240 		.word	1073873988
 274 0124 58040240 		.word	1073874008
 275 0128 00040240 		.word	1073873920
 276 012c 00000240 		.word	1073872896
 277              		.cfi_endproc
 278              	.LFE29:
 280              		.section	.text.DMA_Init,"ax",%progbits
 281              		.align	1
 282              		.p2align 2,,3
 283              		.global	DMA_Init
 284              		.syntax unified
 285              		.thumb
 286              		.thumb_func
 287              		.fpu softvfp
ARM GAS  /tmp/cc6n6dO6.s 			page 10


 289              	DMA_Init:
 290              	.LVL1:
 291              	.LFB30:
 192:../Drivers/STM32F10x_StdPeriph_Driver/src/stm32f10x_dma.c **** 
 193:../Drivers/STM32F10x_StdPeriph_Driver/src/stm32f10x_dma.c **** /**
 194:../Drivers/STM32F10x_StdPeriph_Driver/src/stm32f10x_dma.c ****   * @brief  Initializes the DMAy Channelx according to the specified
 195:../Drivers/STM32F10x_StdPeriph_Driver/src/stm32f10x_dma.c ****   *         parameters in the DMA_InitStruct.
 196:../Drivers/STM32F10x_StdPeriph_Driver/src/stm32f10x_dma.c ****   * @param  DMAy_Channelx: where y can be 1 or 2 to select the DMA and 
 197:../Drivers/STM32F10x_StdPeriph_Driver/src/stm32f10x_dma.c ****   *   x can be 1 to 7 for DMA1 and 1 to 5 for DMA2 to select the DMA Channel.
 198:../Drivers/STM32F10x_StdPeriph_Driver/src/stm32f10x_dma.c ****   * @param  DMA_InitStruct: pointer to a DMA_InitTypeDef structure that
 199:../Drivers/STM32F10x_StdPeriph_Driver/src/stm32f10x_dma.c ****   *         contains the configuration information for the specified DMA Channel.
 200:../Drivers/STM32F10x_StdPeriph_Driver/src/stm32f10x_dma.c ****   * @retval None
 201:../Drivers/STM32F10x_StdPeriph_Driver/src/stm32f10x_dma.c ****   */
 202:../Drivers/STM32F10x_StdPeriph_Driver/src/stm32f10x_dma.c **** void DMA_Init(DMA_Channel_TypeDef* DMAy_Channelx, DMA_InitTypeDef* DMA_InitStruct)
 203:../Drivers/STM32F10x_StdPeriph_Driver/src/stm32f10x_dma.c **** {
 292              		.loc 1 203 1 is_stmt 1 view -0
 293              		.cfi_startproc
 294              		@ args = 0, pretend = 0, frame = 0
 295              		@ frame_needed = 0, uses_anonymous_args = 0
 296              		@ link register save eliminated.
 204:../Drivers/STM32F10x_StdPeriph_Driver/src/stm32f10x_dma.c ****   uint32_t tmpreg = 0;
 297              		.loc 1 204 3 view .LVU79
 205:../Drivers/STM32F10x_StdPeriph_Driver/src/stm32f10x_dma.c **** 
 206:../Drivers/STM32F10x_StdPeriph_Driver/src/stm32f10x_dma.c ****   /* Check the parameters */
 207:../Drivers/STM32F10x_StdPeriph_Driver/src/stm32f10x_dma.c ****   assert_param(IS_DMA_ALL_PERIPH(DMAy_Channelx));
 298              		.loc 1 207 3 view .LVU80
 208:../Drivers/STM32F10x_StdPeriph_Driver/src/stm32f10x_dma.c ****   assert_param(IS_DMA_DIR(DMA_InitStruct->DMA_DIR));
 299              		.loc 1 208 3 view .LVU81
 209:../Drivers/STM32F10x_StdPeriph_Driver/src/stm32f10x_dma.c ****   assert_param(IS_DMA_BUFFER_SIZE(DMA_InitStruct->DMA_BufferSize));
 300              		.loc 1 209 3 view .LVU82
 210:../Drivers/STM32F10x_StdPeriph_Driver/src/stm32f10x_dma.c ****   assert_param(IS_DMA_PERIPHERAL_INC_STATE(DMA_InitStruct->DMA_PeripheralInc));
 301              		.loc 1 210 3 view .LVU83
 211:../Drivers/STM32F10x_StdPeriph_Driver/src/stm32f10x_dma.c ****   assert_param(IS_DMA_MEMORY_INC_STATE(DMA_InitStruct->DMA_MemoryInc));   
 302              		.loc 1 211 3 view .LVU84
 212:../Drivers/STM32F10x_StdPeriph_Driver/src/stm32f10x_dma.c ****   assert_param(IS_DMA_PERIPHERAL_DATA_SIZE(DMA_InitStruct->DMA_PeripheralDataSize));
 303              		.loc 1 212 3 view .LVU85
 213:../Drivers/STM32F10x_StdPeriph_Driver/src/stm32f10x_dma.c ****   assert_param(IS_DMA_MEMORY_DATA_SIZE(DMA_InitStruct->DMA_MemoryDataSize));
 304              		.loc 1 213 3 view .LVU86
 214:../Drivers/STM32F10x_StdPeriph_Driver/src/stm32f10x_dma.c ****   assert_param(IS_DMA_MODE(DMA_InitStruct->DMA_Mode));
 305              		.loc 1 214 3 view .LVU87
 215:../Drivers/STM32F10x_StdPeriph_Driver/src/stm32f10x_dma.c ****   assert_param(IS_DMA_PRIORITY(DMA_InitStruct->DMA_Priority));
 306              		.loc 1 215 3 view .LVU88
 216:../Drivers/STM32F10x_StdPeriph_Driver/src/stm32f10x_dma.c ****   assert_param(IS_DMA_M2M_STATE(DMA_InitStruct->DMA_M2M));
 307              		.loc 1 216 3 view .LVU89
 217:../Drivers/STM32F10x_StdPeriph_Driver/src/stm32f10x_dma.c **** 
 218:../Drivers/STM32F10x_StdPeriph_Driver/src/stm32f10x_dma.c **** /*--------------------------- DMAy Channelx CCR Configuration -----------------*/
 219:../Drivers/STM32F10x_StdPeriph_Driver/src/stm32f10x_dma.c ****   /* Get the DMAy_Channelx CCR value */
 220:../Drivers/STM32F10x_StdPeriph_Driver/src/stm32f10x_dma.c ****   tmpreg = DMAy_Channelx->CCR;
 308              		.loc 1 220 3 view .LVU90
 221:../Drivers/STM32F10x_StdPeriph_Driver/src/stm32f10x_dma.c ****   /* Clear MEM2MEM, PL, MSIZE, PSIZE, MINC, PINC, CIRC and DIR bits */
 222:../Drivers/STM32F10x_StdPeriph_Driver/src/stm32f10x_dma.c ****   tmpreg &= CCR_CLEAR_Mask;
 223:../Drivers/STM32F10x_StdPeriph_Driver/src/stm32f10x_dma.c ****   /* Configure DMAy Channelx: data transfer, data size, priority level and mode */
 224:../Drivers/STM32F10x_StdPeriph_Driver/src/stm32f10x_dma.c ****   /* Set DIR bit according to DMA_DIR value */
 225:../Drivers/STM32F10x_StdPeriph_Driver/src/stm32f10x_dma.c ****   /* Set CIRC bit according to DMA_Mode value */
 226:../Drivers/STM32F10x_StdPeriph_Driver/src/stm32f10x_dma.c ****   /* Set PINC bit according to DMA_PeripheralInc value */
 227:../Drivers/STM32F10x_StdPeriph_Driver/src/stm32f10x_dma.c ****   /* Set MINC bit according to DMA_MemoryInc value */
 228:../Drivers/STM32F10x_StdPeriph_Driver/src/stm32f10x_dma.c ****   /* Set PSIZE bits according to DMA_PeripheralDataSize value */
ARM GAS  /tmp/cc6n6dO6.s 			page 11


 229:../Drivers/STM32F10x_StdPeriph_Driver/src/stm32f10x_dma.c ****   /* Set MSIZE bits according to DMA_MemoryDataSize value */
 230:../Drivers/STM32F10x_StdPeriph_Driver/src/stm32f10x_dma.c ****   /* Set PL bits according to DMA_Priority value */
 231:../Drivers/STM32F10x_StdPeriph_Driver/src/stm32f10x_dma.c ****   /* Set the MEM2MEM bit according to DMA_M2M value */
 232:../Drivers/STM32F10x_StdPeriph_Driver/src/stm32f10x_dma.c ****   tmpreg |= DMA_InitStruct->DMA_DIR | DMA_InitStruct->DMA_Mode |
 309              		.loc 1 232 37 is_stmt 0 view .LVU91
 310 0000 8B68     		ldr	r3, [r1, #8]
 203:../Drivers/STM32F10x_StdPeriph_Driver/src/stm32f10x_dma.c ****   uint32_t tmpreg = 0;
 311              		.loc 1 203 1 view .LVU92
 312 0002 30B4     		push	{r4, r5}
 313              	.LCFI9:
 314              		.cfi_def_cfa_offset 8
 315              		.cfi_offset 4, -8
 316              		.cfi_offset 5, -4
 317              		.loc 1 232 37 view .LVU93
 318 0004 0C6A     		ldr	r4, [r1, #32]
 319              		.loc 1 232 64 view .LVU94
 320 0006 0A69     		ldr	r2, [r1, #16]
 321              		.loc 1 232 37 view .LVU95
 322 0008 2343     		orrs	r3, r3, r4
 233:../Drivers/STM32F10x_StdPeriph_Driver/src/stm32f10x_dma.c ****             DMA_InitStruct->DMA_PeripheralInc | DMA_InitStruct->DMA_MemoryInc |
 323              		.loc 1 233 47 view .LVU96
 324 000a 4C69     		ldr	r4, [r1, #20]
 232:../Drivers/STM32F10x_StdPeriph_Driver/src/stm32f10x_dma.c ****             DMA_InitStruct->DMA_PeripheralInc | DMA_InitStruct->DMA_MemoryInc |
 325              		.loc 1 232 64 view .LVU97
 326 000c 1343     		orrs	r3, r3, r2
 327              		.loc 1 233 79 view .LVU98
 328 000e 8A69     		ldr	r2, [r1, #24]
 329              		.loc 1 233 47 view .LVU99
 330 0010 2343     		orrs	r3, r3, r4
 234:../Drivers/STM32F10x_StdPeriph_Driver/src/stm32f10x_dma.c ****             DMA_InitStruct->DMA_PeripheralDataSize | DMA_InitStruct->DMA_MemoryDataSize |
 331              		.loc 1 234 52 view .LVU100
 332 0012 CC69     		ldr	r4, [r1, #28]
 333              		.loc 1 234 89 view .LVU101
 334 0014 4D6A     		ldr	r5, [r1, #36]
 233:../Drivers/STM32F10x_StdPeriph_Driver/src/stm32f10x_dma.c ****             DMA_InitStruct->DMA_PeripheralInc | DMA_InitStruct->DMA_MemoryInc |
 335              		.loc 1 233 79 view .LVU102
 336 0016 1343     		orrs	r3, r3, r2
 220:../Drivers/STM32F10x_StdPeriph_Driver/src/stm32f10x_dma.c ****   /* Clear MEM2MEM, PL, MSIZE, PSIZE, MINC, PINC, CIRC and DIR bits */
 337              		.loc 1 220 10 view .LVU103
 338 0018 0268     		ldr	r2, [r0]
 339              	.LVL2:
 222:../Drivers/STM32F10x_StdPeriph_Driver/src/stm32f10x_dma.c ****   /* Configure DMAy Channelx: data transfer, data size, priority level and mode */
 340              		.loc 1 222 3 is_stmt 1 view .LVU104
 341              		.loc 1 234 52 is_stmt 0 view .LVU105
 342 001a 2343     		orrs	r3, r3, r4
 235:../Drivers/STM32F10x_StdPeriph_Driver/src/stm32f10x_dma.c ****             DMA_InitStruct->DMA_Priority | DMA_InitStruct->DMA_M2M;
 343              		.loc 1 235 42 view .LVU106
 344 001c 8C6A     		ldr	r4, [r1, #40]
 234:../Drivers/STM32F10x_StdPeriph_Driver/src/stm32f10x_dma.c ****             DMA_InitStruct->DMA_Priority | DMA_InitStruct->DMA_M2M;
 345              		.loc 1 234 89 view .LVU107
 346 001e 2B43     		orrs	r3, r3, r5
 222:../Drivers/STM32F10x_StdPeriph_Driver/src/stm32f10x_dma.c ****   /* Configure DMAy Channelx: data transfer, data size, priority level and mode */
 347              		.loc 1 222 10 view .LVU108
 348 0020 22F4FF42 		bic	r2, r2, #32640
 349              	.LVL3:
 236:../Drivers/STM32F10x_StdPeriph_Driver/src/stm32f10x_dma.c **** 
 237:../Drivers/STM32F10x_StdPeriph_Driver/src/stm32f10x_dma.c ****   /* Write to DMAy Channelx CCR */
ARM GAS  /tmp/cc6n6dO6.s 			page 12


 238:../Drivers/STM32F10x_StdPeriph_Driver/src/stm32f10x_dma.c ****   DMAy_Channelx->CCR = tmpreg;
 239:../Drivers/STM32F10x_StdPeriph_Driver/src/stm32f10x_dma.c **** 
 240:../Drivers/STM32F10x_StdPeriph_Driver/src/stm32f10x_dma.c **** /*--------------------------- DMAy Channelx CNDTR Configuration ---------------*/
 241:../Drivers/STM32F10x_StdPeriph_Driver/src/stm32f10x_dma.c ****   /* Write to DMAy Channelx CNDTR */
 242:../Drivers/STM32F10x_StdPeriph_Driver/src/stm32f10x_dma.c ****   DMAy_Channelx->CNDTR = DMA_InitStruct->DMA_BufferSize;
 350              		.loc 1 242 40 view .LVU109
 351 0024 CD68     		ldr	r5, [r1, #12]
 235:../Drivers/STM32F10x_StdPeriph_Driver/src/stm32f10x_dma.c **** 
 352              		.loc 1 235 42 view .LVU110
 353 0026 2343     		orrs	r3, r3, r4
 222:../Drivers/STM32F10x_StdPeriph_Driver/src/stm32f10x_dma.c ****   /* Configure DMAy Channelx: data transfer, data size, priority level and mode */
 354              		.loc 1 222 10 view .LVU111
 355 0028 22F07002 		bic	r2, r2, #112
 356              	.LVL4:
 232:../Drivers/STM32F10x_StdPeriph_Driver/src/stm32f10x_dma.c ****             DMA_InitStruct->DMA_PeripheralInc | DMA_InitStruct->DMA_MemoryInc |
 357              		.loc 1 232 3 is_stmt 1 view .LVU112
 232:../Drivers/STM32F10x_StdPeriph_Driver/src/stm32f10x_dma.c ****             DMA_InitStruct->DMA_PeripheralInc | DMA_InitStruct->DMA_MemoryInc |
 358              		.loc 1 232 10 is_stmt 0 view .LVU113
 359 002c 1343     		orrs	r3, r3, r2
 360              	.LVL5:
 238:../Drivers/STM32F10x_StdPeriph_Driver/src/stm32f10x_dma.c **** 
 361              		.loc 1 238 3 is_stmt 1 view .LVU114
 243:../Drivers/STM32F10x_StdPeriph_Driver/src/stm32f10x_dma.c **** 
 244:../Drivers/STM32F10x_StdPeriph_Driver/src/stm32f10x_dma.c **** /*--------------------------- DMAy Channelx CPAR Configuration ----------------*/
 245:../Drivers/STM32F10x_StdPeriph_Driver/src/stm32f10x_dma.c ****   /* Write to DMAy Channelx CPAR */
 246:../Drivers/STM32F10x_StdPeriph_Driver/src/stm32f10x_dma.c ****   DMAy_Channelx->CPAR = DMA_InitStruct->DMA_PeripheralBaseAddr;
 247:../Drivers/STM32F10x_StdPeriph_Driver/src/stm32f10x_dma.c **** 
 248:../Drivers/STM32F10x_StdPeriph_Driver/src/stm32f10x_dma.c **** /*--------------------------- DMAy Channelx CMAR Configuration ----------------*/
 249:../Drivers/STM32F10x_StdPeriph_Driver/src/stm32f10x_dma.c ****   /* Write to DMAy Channelx CMAR */
 250:../Drivers/STM32F10x_StdPeriph_Driver/src/stm32f10x_dma.c ****   DMAy_Channelx->CMAR = DMA_InitStruct->DMA_MemoryBaseAddr;
 362              		.loc 1 250 39 is_stmt 0 view .LVU115
 363 002e D1E90041 		ldrd	r4, r1, [r1]
 364              	.LVL6:
 238:../Drivers/STM32F10x_StdPeriph_Driver/src/stm32f10x_dma.c **** 
 365              		.loc 1 238 22 view .LVU116
 366 0032 0360     		str	r3, [r0]
 242:../Drivers/STM32F10x_StdPeriph_Driver/src/stm32f10x_dma.c **** 
 367              		.loc 1 242 3 is_stmt 1 view .LVU117
 242:../Drivers/STM32F10x_StdPeriph_Driver/src/stm32f10x_dma.c **** 
 368              		.loc 1 242 24 is_stmt 0 view .LVU118
 369 0034 4560     		str	r5, [r0, #4]
 246:../Drivers/STM32F10x_StdPeriph_Driver/src/stm32f10x_dma.c **** 
 370              		.loc 1 246 3 is_stmt 1 view .LVU119
 246:../Drivers/STM32F10x_StdPeriph_Driver/src/stm32f10x_dma.c **** 
 371              		.loc 1 246 23 is_stmt 0 view .LVU120
 372 0036 8460     		str	r4, [r0, #8]
 373              		.loc 1 250 3 is_stmt 1 view .LVU121
 374              		.loc 1 250 23 is_stmt 0 view .LVU122
 375 0038 C160     		str	r1, [r0, #12]
 251:../Drivers/STM32F10x_StdPeriph_Driver/src/stm32f10x_dma.c **** }
 376              		.loc 1 251 1 view .LVU123
 377 003a 30BC     		pop	{r4, r5}
 378              	.LCFI10:
 379              		.cfi_restore 5
 380              		.cfi_restore 4
 381              		.cfi_def_cfa_offset 0
 382 003c 7047     		bx	lr
ARM GAS  /tmp/cc6n6dO6.s 			page 13


 383              		.cfi_endproc
 384              	.LFE30:
 386 003e 00BF     		.section	.text.DMA_StructInit,"ax",%progbits
 387              		.align	1
 388              		.p2align 2,,3
 389              		.global	DMA_StructInit
 390              		.syntax unified
 391              		.thumb
 392              		.thumb_func
 393              		.fpu softvfp
 395              	DMA_StructInit:
 396              	.LVL7:
 397              	.LFB31:
 252:../Drivers/STM32F10x_StdPeriph_Driver/src/stm32f10x_dma.c **** 
 253:../Drivers/STM32F10x_StdPeriph_Driver/src/stm32f10x_dma.c **** /**
 254:../Drivers/STM32F10x_StdPeriph_Driver/src/stm32f10x_dma.c ****   * @brief  Fills each DMA_InitStruct member with its default value.
 255:../Drivers/STM32F10x_StdPeriph_Driver/src/stm32f10x_dma.c ****   * @param  DMA_InitStruct : pointer to a DMA_InitTypeDef structure which will
 256:../Drivers/STM32F10x_StdPeriph_Driver/src/stm32f10x_dma.c ****   *         be initialized.
 257:../Drivers/STM32F10x_StdPeriph_Driver/src/stm32f10x_dma.c ****   * @retval None
 258:../Drivers/STM32F10x_StdPeriph_Driver/src/stm32f10x_dma.c ****   */
 259:../Drivers/STM32F10x_StdPeriph_Driver/src/stm32f10x_dma.c **** void DMA_StructInit(DMA_InitTypeDef* DMA_InitStruct)
 260:../Drivers/STM32F10x_StdPeriph_Driver/src/stm32f10x_dma.c **** {
 398              		.loc 1 260 1 is_stmt 1 view -0
 399              		.cfi_startproc
 400              		@ args = 0, pretend = 0, frame = 0
 401              		@ frame_needed = 0, uses_anonymous_args = 0
 402              		@ link register save eliminated.
 261:../Drivers/STM32F10x_StdPeriph_Driver/src/stm32f10x_dma.c **** /*-------------- Reset DMA init structure parameters values ------------------*/
 262:../Drivers/STM32F10x_StdPeriph_Driver/src/stm32f10x_dma.c ****   /* Initialize the DMA_PeripheralBaseAddr member */
 263:../Drivers/STM32F10x_StdPeriph_Driver/src/stm32f10x_dma.c ****   DMA_InitStruct->DMA_PeripheralBaseAddr = 0;
 403              		.loc 1 263 3 view .LVU125
 404              		.loc 1 263 42 is_stmt 0 view .LVU126
 405 0000 0023     		movs	r3, #0
 264:../Drivers/STM32F10x_StdPeriph_Driver/src/stm32f10x_dma.c ****   /* Initialize the DMA_MemoryBaseAddr member */
 265:../Drivers/STM32F10x_StdPeriph_Driver/src/stm32f10x_dma.c ****   DMA_InitStruct->DMA_MemoryBaseAddr = 0;
 406              		.loc 1 265 38 view .LVU127
 407 0002 C0E90033 		strd	r3, r3, [r0]
 266:../Drivers/STM32F10x_StdPeriph_Driver/src/stm32f10x_dma.c ****   /* Initialize the DMA_DIR member */
 267:../Drivers/STM32F10x_StdPeriph_Driver/src/stm32f10x_dma.c ****   DMA_InitStruct->DMA_DIR = DMA_DIR_PeripheralSRC;
 408              		.loc 1 267 3 is_stmt 1 view .LVU128
 268:../Drivers/STM32F10x_StdPeriph_Driver/src/stm32f10x_dma.c ****   /* Initialize the DMA_BufferSize member */
 269:../Drivers/STM32F10x_StdPeriph_Driver/src/stm32f10x_dma.c ****   DMA_InitStruct->DMA_BufferSize = 0;
 409              		.loc 1 269 34 is_stmt 0 view .LVU129
 410 0006 C0E90233 		strd	r3, r3, [r0, #8]
 270:../Drivers/STM32F10x_StdPeriph_Driver/src/stm32f10x_dma.c ****   /* Initialize the DMA_PeripheralInc member */
 271:../Drivers/STM32F10x_StdPeriph_Driver/src/stm32f10x_dma.c ****   DMA_InitStruct->DMA_PeripheralInc = DMA_PeripheralInc_Disable;
 411              		.loc 1 271 3 is_stmt 1 view .LVU130
 272:../Drivers/STM32F10x_StdPeriph_Driver/src/stm32f10x_dma.c ****   /* Initialize the DMA_MemoryInc member */
 273:../Drivers/STM32F10x_StdPeriph_Driver/src/stm32f10x_dma.c ****   DMA_InitStruct->DMA_MemoryInc = DMA_MemoryInc_Disable;
 412              		.loc 1 273 33 is_stmt 0 view .LVU131
 413 000a C0E90433 		strd	r3, r3, [r0, #16]
 274:../Drivers/STM32F10x_StdPeriph_Driver/src/stm32f10x_dma.c ****   /* Initialize the DMA_PeripheralDataSize member */
 275:../Drivers/STM32F10x_StdPeriph_Driver/src/stm32f10x_dma.c ****   DMA_InitStruct->DMA_PeripheralDataSize = DMA_PeripheralDataSize_Byte;
 414              		.loc 1 275 3 is_stmt 1 view .LVU132
 276:../Drivers/STM32F10x_StdPeriph_Driver/src/stm32f10x_dma.c ****   /* Initialize the DMA_MemoryDataSize member */
 277:../Drivers/STM32F10x_StdPeriph_Driver/src/stm32f10x_dma.c ****   DMA_InitStruct->DMA_MemoryDataSize = DMA_MemoryDataSize_Byte;
 415              		.loc 1 277 38 is_stmt 0 view .LVU133
ARM GAS  /tmp/cc6n6dO6.s 			page 14


 416 000e C0E90633 		strd	r3, r3, [r0, #24]
 278:../Drivers/STM32F10x_StdPeriph_Driver/src/stm32f10x_dma.c ****   /* Initialize the DMA_Mode member */
 279:../Drivers/STM32F10x_StdPeriph_Driver/src/stm32f10x_dma.c ****   DMA_InitStruct->DMA_Mode = DMA_Mode_Normal;
 417              		.loc 1 279 3 is_stmt 1 view .LVU134
 280:../Drivers/STM32F10x_StdPeriph_Driver/src/stm32f10x_dma.c ****   /* Initialize the DMA_Priority member */
 281:../Drivers/STM32F10x_StdPeriph_Driver/src/stm32f10x_dma.c ****   DMA_InitStruct->DMA_Priority = DMA_Priority_Low;
 418              		.loc 1 281 32 is_stmt 0 view .LVU135
 419 0012 C0E90833 		strd	r3, r3, [r0, #32]
 282:../Drivers/STM32F10x_StdPeriph_Driver/src/stm32f10x_dma.c ****   /* Initialize the DMA_M2M member */
 283:../Drivers/STM32F10x_StdPeriph_Driver/src/stm32f10x_dma.c ****   DMA_InitStruct->DMA_M2M = DMA_M2M_Disable;
 420              		.loc 1 283 3 is_stmt 1 view .LVU136
 421              		.loc 1 283 27 is_stmt 0 view .LVU137
 422 0016 8362     		str	r3, [r0, #40]
 284:../Drivers/STM32F10x_StdPeriph_Driver/src/stm32f10x_dma.c **** }
 423              		.loc 1 284 1 view .LVU138
 424 0018 7047     		bx	lr
 425              		.cfi_endproc
 426              	.LFE31:
 428 001a 00BF     		.section	.text.DMA_Cmd,"ax",%progbits
 429              		.align	1
 430              		.p2align 2,,3
 431              		.global	DMA_Cmd
 432              		.syntax unified
 433              		.thumb
 434              		.thumb_func
 435              		.fpu softvfp
 437              	DMA_Cmd:
 438              	.LVL8:
 439              	.LFB32:
 285:../Drivers/STM32F10x_StdPeriph_Driver/src/stm32f10x_dma.c **** 
 286:../Drivers/STM32F10x_StdPeriph_Driver/src/stm32f10x_dma.c **** /**
 287:../Drivers/STM32F10x_StdPeriph_Driver/src/stm32f10x_dma.c ****   * @brief  Enables or disables the specified DMAy Channelx.
 288:../Drivers/STM32F10x_StdPeriph_Driver/src/stm32f10x_dma.c ****   * @param  DMAy_Channelx: where y can be 1 or 2 to select the DMA and 
 289:../Drivers/STM32F10x_StdPeriph_Driver/src/stm32f10x_dma.c ****   *   x can be 1 to 7 for DMA1 and 1 to 5 for DMA2 to select the DMA Channel.
 290:../Drivers/STM32F10x_StdPeriph_Driver/src/stm32f10x_dma.c ****   * @param  NewState: new state of the DMAy Channelx. 
 291:../Drivers/STM32F10x_StdPeriph_Driver/src/stm32f10x_dma.c ****   *   This parameter can be: ENABLE or DISABLE.
 292:../Drivers/STM32F10x_StdPeriph_Driver/src/stm32f10x_dma.c ****   * @retval None
 293:../Drivers/STM32F10x_StdPeriph_Driver/src/stm32f10x_dma.c ****   */
 294:../Drivers/STM32F10x_StdPeriph_Driver/src/stm32f10x_dma.c **** void DMA_Cmd(DMA_Channel_TypeDef* DMAy_Channelx, FunctionalState NewState)
 295:../Drivers/STM32F10x_StdPeriph_Driver/src/stm32f10x_dma.c **** {
 440              		.loc 1 295 1 is_stmt 1 view -0
 441              		.cfi_startproc
 442              		@ args = 0, pretend = 0, frame = 0
 443              		@ frame_needed = 0, uses_anonymous_args = 0
 444              		@ link register save eliminated.
 296:../Drivers/STM32F10x_StdPeriph_Driver/src/stm32f10x_dma.c ****   /* Check the parameters */
 297:../Drivers/STM32F10x_StdPeriph_Driver/src/stm32f10x_dma.c ****   assert_param(IS_DMA_ALL_PERIPH(DMAy_Channelx));
 445              		.loc 1 297 3 view .LVU140
 298:../Drivers/STM32F10x_StdPeriph_Driver/src/stm32f10x_dma.c ****   assert_param(IS_FUNCTIONAL_STATE(NewState));
 446              		.loc 1 298 3 view .LVU141
 299:../Drivers/STM32F10x_StdPeriph_Driver/src/stm32f10x_dma.c **** 
 300:../Drivers/STM32F10x_StdPeriph_Driver/src/stm32f10x_dma.c ****   if (NewState != DISABLE)
 447              		.loc 1 300 3 view .LVU142
 448              		.loc 1 300 6 is_stmt 0 view .LVU143
 449 0000 21B1     		cbz	r1, .L33
 301:../Drivers/STM32F10x_StdPeriph_Driver/src/stm32f10x_dma.c ****   {
 302:../Drivers/STM32F10x_StdPeriph_Driver/src/stm32f10x_dma.c ****     /* Enable the selected DMAy Channelx */
ARM GAS  /tmp/cc6n6dO6.s 			page 15


 303:../Drivers/STM32F10x_StdPeriph_Driver/src/stm32f10x_dma.c ****     DMAy_Channelx->CCR |= DMA_CCR1_EN;
 450              		.loc 1 303 5 is_stmt 1 view .LVU144
 451              		.loc 1 303 24 is_stmt 0 view .LVU145
 452 0002 0368     		ldr	r3, [r0]
 453 0004 43F00103 		orr	r3, r3, #1
 454 0008 0360     		str	r3, [r0]
 455 000a 7047     		bx	lr
 456              	.L33:
 304:../Drivers/STM32F10x_StdPeriph_Driver/src/stm32f10x_dma.c ****   }
 305:../Drivers/STM32F10x_StdPeriph_Driver/src/stm32f10x_dma.c ****   else
 306:../Drivers/STM32F10x_StdPeriph_Driver/src/stm32f10x_dma.c ****   {
 307:../Drivers/STM32F10x_StdPeriph_Driver/src/stm32f10x_dma.c ****     /* Disable the selected DMAy Channelx */
 308:../Drivers/STM32F10x_StdPeriph_Driver/src/stm32f10x_dma.c ****     DMAy_Channelx->CCR &= (uint16_t)(~DMA_CCR1_EN);
 457              		.loc 1 308 5 is_stmt 1 view .LVU146
 458              		.loc 1 308 24 is_stmt 0 view .LVU147
 459 000c 4FF6FE72 		movw	r2, #65534
 460 0010 0368     		ldr	r3, [r0]
 461 0012 1340     		ands	r3, r3, r2
 462 0014 0360     		str	r3, [r0]
 309:../Drivers/STM32F10x_StdPeriph_Driver/src/stm32f10x_dma.c ****   }
 310:../Drivers/STM32F10x_StdPeriph_Driver/src/stm32f10x_dma.c **** }
 463              		.loc 1 310 1 view .LVU148
 464 0016 7047     		bx	lr
 465              		.cfi_endproc
 466              	.LFE32:
 468              		.section	.text.DMA_ITConfig,"ax",%progbits
 469              		.align	1
 470              		.p2align 2,,3
 471              		.global	DMA_ITConfig
 472              		.syntax unified
 473              		.thumb
 474              		.thumb_func
 475              		.fpu softvfp
 477              	DMA_ITConfig:
 478              	.LVL9:
 479              	.LFB33:
 311:../Drivers/STM32F10x_StdPeriph_Driver/src/stm32f10x_dma.c **** 
 312:../Drivers/STM32F10x_StdPeriph_Driver/src/stm32f10x_dma.c **** /**
 313:../Drivers/STM32F10x_StdPeriph_Driver/src/stm32f10x_dma.c ****   * @brief  Enables or disables the specified DMAy Channelx interrupts.
 314:../Drivers/STM32F10x_StdPeriph_Driver/src/stm32f10x_dma.c ****   * @param  DMAy_Channelx: where y can be 1 or 2 to select the DMA and 
 315:../Drivers/STM32F10x_StdPeriph_Driver/src/stm32f10x_dma.c ****   *   x can be 1 to 7 for DMA1 and 1 to 5 for DMA2 to select the DMA Channel.
 316:../Drivers/STM32F10x_StdPeriph_Driver/src/stm32f10x_dma.c ****   * @param  DMA_IT: specifies the DMA interrupts sources to be enabled
 317:../Drivers/STM32F10x_StdPeriph_Driver/src/stm32f10x_dma.c ****   *   or disabled. 
 318:../Drivers/STM32F10x_StdPeriph_Driver/src/stm32f10x_dma.c ****   *   This parameter can be any combination of the following values:
 319:../Drivers/STM32F10x_StdPeriph_Driver/src/stm32f10x_dma.c ****   *     @arg DMA_IT_TC:  Transfer complete interrupt mask
 320:../Drivers/STM32F10x_StdPeriph_Driver/src/stm32f10x_dma.c ****   *     @arg DMA_IT_HT:  Half transfer interrupt mask
 321:../Drivers/STM32F10x_StdPeriph_Driver/src/stm32f10x_dma.c ****   *     @arg DMA_IT_TE:  Transfer error interrupt mask
 322:../Drivers/STM32F10x_StdPeriph_Driver/src/stm32f10x_dma.c ****   * @param  NewState: new state of the specified DMA interrupts.
 323:../Drivers/STM32F10x_StdPeriph_Driver/src/stm32f10x_dma.c ****   *   This parameter can be: ENABLE or DISABLE.
 324:../Drivers/STM32F10x_StdPeriph_Driver/src/stm32f10x_dma.c ****   * @retval None
 325:../Drivers/STM32F10x_StdPeriph_Driver/src/stm32f10x_dma.c ****   */
 326:../Drivers/STM32F10x_StdPeriph_Driver/src/stm32f10x_dma.c **** void DMA_ITConfig(DMA_Channel_TypeDef* DMAy_Channelx, uint32_t DMA_IT, FunctionalState NewState)
 327:../Drivers/STM32F10x_StdPeriph_Driver/src/stm32f10x_dma.c **** {
 480              		.loc 1 327 1 is_stmt 1 view -0
 481              		.cfi_startproc
 482              		@ args = 0, pretend = 0, frame = 0
 483              		@ frame_needed = 0, uses_anonymous_args = 0
ARM GAS  /tmp/cc6n6dO6.s 			page 16


 484              		@ link register save eliminated.
 328:../Drivers/STM32F10x_StdPeriph_Driver/src/stm32f10x_dma.c ****   /* Check the parameters */
 329:../Drivers/STM32F10x_StdPeriph_Driver/src/stm32f10x_dma.c ****   assert_param(IS_DMA_ALL_PERIPH(DMAy_Channelx));
 485              		.loc 1 329 3 view .LVU150
 330:../Drivers/STM32F10x_StdPeriph_Driver/src/stm32f10x_dma.c ****   assert_param(IS_DMA_CONFIG_IT(DMA_IT));
 486              		.loc 1 330 3 view .LVU151
 331:../Drivers/STM32F10x_StdPeriph_Driver/src/stm32f10x_dma.c ****   assert_param(IS_FUNCTIONAL_STATE(NewState));
 487              		.loc 1 331 3 view .LVU152
 332:../Drivers/STM32F10x_StdPeriph_Driver/src/stm32f10x_dma.c ****   if (NewState != DISABLE)
 488              		.loc 1 332 3 view .LVU153
 333:../Drivers/STM32F10x_StdPeriph_Driver/src/stm32f10x_dma.c ****   {
 334:../Drivers/STM32F10x_StdPeriph_Driver/src/stm32f10x_dma.c ****     /* Enable the selected DMA interrupts */
 335:../Drivers/STM32F10x_StdPeriph_Driver/src/stm32f10x_dma.c ****     DMAy_Channelx->CCR |= DMA_IT;
 489              		.loc 1 335 24 is_stmt 0 view .LVU154
 490 0000 0368     		ldr	r3, [r0]
 332:../Drivers/STM32F10x_StdPeriph_Driver/src/stm32f10x_dma.c ****   if (NewState != DISABLE)
 491              		.loc 1 332 6 view .LVU155
 492 0002 12B1     		cbz	r2, .L36
 493              		.loc 1 335 5 is_stmt 1 view .LVU156
 494              		.loc 1 335 24 is_stmt 0 view .LVU157
 495 0004 1943     		orrs	r1, r1, r3
 496              	.LVL10:
 497              		.loc 1 335 24 view .LVU158
 498 0006 0160     		str	r1, [r0]
 499 0008 7047     		bx	lr
 500              	.LVL11:
 501              	.L36:
 336:../Drivers/STM32F10x_StdPeriph_Driver/src/stm32f10x_dma.c ****   }
 337:../Drivers/STM32F10x_StdPeriph_Driver/src/stm32f10x_dma.c ****   else
 338:../Drivers/STM32F10x_StdPeriph_Driver/src/stm32f10x_dma.c ****   {
 339:../Drivers/STM32F10x_StdPeriph_Driver/src/stm32f10x_dma.c ****     /* Disable the selected DMA interrupts */
 340:../Drivers/STM32F10x_StdPeriph_Driver/src/stm32f10x_dma.c ****     DMAy_Channelx->CCR &= ~DMA_IT;
 502              		.loc 1 340 5 is_stmt 1 view .LVU159
 503              		.loc 1 340 24 is_stmt 0 view .LVU160
 504 000a 23EA0101 		bic	r1, r3, r1
 505              	.LVL12:
 506              		.loc 1 340 24 view .LVU161
 507 000e 0160     		str	r1, [r0]
 341:../Drivers/STM32F10x_StdPeriph_Driver/src/stm32f10x_dma.c ****   }
 342:../Drivers/STM32F10x_StdPeriph_Driver/src/stm32f10x_dma.c **** }
 508              		.loc 1 342 1 view .LVU162
 509 0010 7047     		bx	lr
 510              		.cfi_endproc
 511              	.LFE33:
 513 0012 00BF     		.section	.text.DMA_SetCurrDataCounter,"ax",%progbits
 514              		.align	1
 515              		.p2align 2,,3
 516              		.global	DMA_SetCurrDataCounter
 517              		.syntax unified
 518              		.thumb
 519              		.thumb_func
 520              		.fpu softvfp
 522              	DMA_SetCurrDataCounter:
 523              	.LVL13:
 524              	.LFB34:
 343:../Drivers/STM32F10x_StdPeriph_Driver/src/stm32f10x_dma.c **** 
 344:../Drivers/STM32F10x_StdPeriph_Driver/src/stm32f10x_dma.c **** /**
ARM GAS  /tmp/cc6n6dO6.s 			page 17


 345:../Drivers/STM32F10x_StdPeriph_Driver/src/stm32f10x_dma.c ****   * @brief  Sets the number of data units in the current DMAy Channelx transfer.
 346:../Drivers/STM32F10x_StdPeriph_Driver/src/stm32f10x_dma.c ****   * @param  DMAy_Channelx: where y can be 1 or 2 to select the DMA and 
 347:../Drivers/STM32F10x_StdPeriph_Driver/src/stm32f10x_dma.c ****   *         x can be 1 to 7 for DMA1 and 1 to 5 for DMA2 to select the DMA Channel.
 348:../Drivers/STM32F10x_StdPeriph_Driver/src/stm32f10x_dma.c ****   * @param  DataNumber: The number of data units in the current DMAy Channelx
 349:../Drivers/STM32F10x_StdPeriph_Driver/src/stm32f10x_dma.c ****   *         transfer.   
 350:../Drivers/STM32F10x_StdPeriph_Driver/src/stm32f10x_dma.c ****   * @note   This function can only be used when the DMAy_Channelx is disabled.                 
 351:../Drivers/STM32F10x_StdPeriph_Driver/src/stm32f10x_dma.c ****   * @retval None.
 352:../Drivers/STM32F10x_StdPeriph_Driver/src/stm32f10x_dma.c ****   */
 353:../Drivers/STM32F10x_StdPeriph_Driver/src/stm32f10x_dma.c **** void DMA_SetCurrDataCounter(DMA_Channel_TypeDef* DMAy_Channelx, uint16_t DataNumber)
 354:../Drivers/STM32F10x_StdPeriph_Driver/src/stm32f10x_dma.c **** {
 525              		.loc 1 354 1 is_stmt 1 view -0
 526              		.cfi_startproc
 527              		@ args = 0, pretend = 0, frame = 0
 528              		@ frame_needed = 0, uses_anonymous_args = 0
 529              		@ link register save eliminated.
 355:../Drivers/STM32F10x_StdPeriph_Driver/src/stm32f10x_dma.c ****   /* Check the parameters */
 356:../Drivers/STM32F10x_StdPeriph_Driver/src/stm32f10x_dma.c ****   assert_param(IS_DMA_ALL_PERIPH(DMAy_Channelx));
 530              		.loc 1 356 3 view .LVU164
 357:../Drivers/STM32F10x_StdPeriph_Driver/src/stm32f10x_dma.c ****   
 358:../Drivers/STM32F10x_StdPeriph_Driver/src/stm32f10x_dma.c **** /*--------------------------- DMAy Channelx CNDTR Configuration ---------------*/
 359:../Drivers/STM32F10x_StdPeriph_Driver/src/stm32f10x_dma.c ****   /* Write to DMAy Channelx CNDTR */
 360:../Drivers/STM32F10x_StdPeriph_Driver/src/stm32f10x_dma.c ****   DMAy_Channelx->CNDTR = DataNumber;  
 531              		.loc 1 360 3 view .LVU165
 532              		.loc 1 360 24 is_stmt 0 view .LVU166
 533 0000 4160     		str	r1, [r0, #4]
 361:../Drivers/STM32F10x_StdPeriph_Driver/src/stm32f10x_dma.c **** }
 534              		.loc 1 361 1 view .LVU167
 535 0002 7047     		bx	lr
 536              		.cfi_endproc
 537              	.LFE34:
 539              		.section	.text.DMA_GetCurrDataCounter,"ax",%progbits
 540              		.align	1
 541              		.p2align 2,,3
 542              		.global	DMA_GetCurrDataCounter
 543              		.syntax unified
 544              		.thumb
 545              		.thumb_func
 546              		.fpu softvfp
 548              	DMA_GetCurrDataCounter:
 549              	.LVL14:
 550              	.LFB35:
 362:../Drivers/STM32F10x_StdPeriph_Driver/src/stm32f10x_dma.c **** 
 363:../Drivers/STM32F10x_StdPeriph_Driver/src/stm32f10x_dma.c **** /**
 364:../Drivers/STM32F10x_StdPeriph_Driver/src/stm32f10x_dma.c ****   * @brief  Returns the number of remaining data units in the current
 365:../Drivers/STM32F10x_StdPeriph_Driver/src/stm32f10x_dma.c ****   *         DMAy Channelx transfer.
 366:../Drivers/STM32F10x_StdPeriph_Driver/src/stm32f10x_dma.c ****   * @param  DMAy_Channelx: where y can be 1 or 2 to select the DMA and 
 367:../Drivers/STM32F10x_StdPeriph_Driver/src/stm32f10x_dma.c ****   *   x can be 1 to 7 for DMA1 and 1 to 5 for DMA2 to select the DMA Channel.
 368:../Drivers/STM32F10x_StdPeriph_Driver/src/stm32f10x_dma.c ****   * @retval The number of remaining data units in the current DMAy Channelx
 369:../Drivers/STM32F10x_StdPeriph_Driver/src/stm32f10x_dma.c ****   *         transfer.
 370:../Drivers/STM32F10x_StdPeriph_Driver/src/stm32f10x_dma.c ****   */
 371:../Drivers/STM32F10x_StdPeriph_Driver/src/stm32f10x_dma.c **** uint16_t DMA_GetCurrDataCounter(DMA_Channel_TypeDef* DMAy_Channelx)
 372:../Drivers/STM32F10x_StdPeriph_Driver/src/stm32f10x_dma.c **** {
 551              		.loc 1 372 1 is_stmt 1 view -0
 552              		.cfi_startproc
 553              		@ args = 0, pretend = 0, frame = 0
 554              		@ frame_needed = 0, uses_anonymous_args = 0
 555              		@ link register save eliminated.
ARM GAS  /tmp/cc6n6dO6.s 			page 18


 373:../Drivers/STM32F10x_StdPeriph_Driver/src/stm32f10x_dma.c ****   /* Check the parameters */
 374:../Drivers/STM32F10x_StdPeriph_Driver/src/stm32f10x_dma.c ****   assert_param(IS_DMA_ALL_PERIPH(DMAy_Channelx));
 556              		.loc 1 374 3 view .LVU169
 375:../Drivers/STM32F10x_StdPeriph_Driver/src/stm32f10x_dma.c ****   /* Return the number of remaining data units for DMAy Channelx */
 376:../Drivers/STM32F10x_StdPeriph_Driver/src/stm32f10x_dma.c ****   return ((uint16_t)(DMAy_Channelx->CNDTR));
 557              		.loc 1 376 3 view .LVU170
 558              		.loc 1 376 35 is_stmt 0 view .LVU171
 559 0000 4068     		ldr	r0, [r0, #4]
 560              	.LVL15:
 377:../Drivers/STM32F10x_StdPeriph_Driver/src/stm32f10x_dma.c **** }
 561              		.loc 1 377 1 view .LVU172
 562 0002 80B2     		uxth	r0, r0
 563 0004 7047     		bx	lr
 564              		.cfi_endproc
 565              	.LFE35:
 567 0006 00BF     		.section	.text.DMA_GetFlagStatus,"ax",%progbits
 568              		.align	1
 569              		.p2align 2,,3
 570              		.global	DMA_GetFlagStatus
 571              		.syntax unified
 572              		.thumb
 573              		.thumb_func
 574              		.fpu softvfp
 576              	DMA_GetFlagStatus:
 577              	.LVL16:
 578              	.LFB36:
 378:../Drivers/STM32F10x_StdPeriph_Driver/src/stm32f10x_dma.c **** 
 379:../Drivers/STM32F10x_StdPeriph_Driver/src/stm32f10x_dma.c **** /**
 380:../Drivers/STM32F10x_StdPeriph_Driver/src/stm32f10x_dma.c ****   * @brief  Checks whether the specified DMAy Channelx flag is set or not.
 381:../Drivers/STM32F10x_StdPeriph_Driver/src/stm32f10x_dma.c ****   * @param  DMAy_FLAG: specifies the flag to check.
 382:../Drivers/STM32F10x_StdPeriph_Driver/src/stm32f10x_dma.c ****   *   This parameter can be one of the following values:
 383:../Drivers/STM32F10x_StdPeriph_Driver/src/stm32f10x_dma.c ****   *     @arg DMA1_FLAG_GL1: DMA1 Channel1 global flag.
 384:../Drivers/STM32F10x_StdPeriph_Driver/src/stm32f10x_dma.c ****   *     @arg DMA1_FLAG_TC1: DMA1 Channel1 transfer complete flag.
 385:../Drivers/STM32F10x_StdPeriph_Driver/src/stm32f10x_dma.c ****   *     @arg DMA1_FLAG_HT1: DMA1 Channel1 half transfer flag.
 386:../Drivers/STM32F10x_StdPeriph_Driver/src/stm32f10x_dma.c ****   *     @arg DMA1_FLAG_TE1: DMA1 Channel1 transfer error flag.
 387:../Drivers/STM32F10x_StdPeriph_Driver/src/stm32f10x_dma.c ****   *     @arg DMA1_FLAG_GL2: DMA1 Channel2 global flag.
 388:../Drivers/STM32F10x_StdPeriph_Driver/src/stm32f10x_dma.c ****   *     @arg DMA1_FLAG_TC2: DMA1 Channel2 transfer complete flag.
 389:../Drivers/STM32F10x_StdPeriph_Driver/src/stm32f10x_dma.c ****   *     @arg DMA1_FLAG_HT2: DMA1 Channel2 half transfer flag.
 390:../Drivers/STM32F10x_StdPeriph_Driver/src/stm32f10x_dma.c ****   *     @arg DMA1_FLAG_TE2: DMA1 Channel2 transfer error flag.
 391:../Drivers/STM32F10x_StdPeriph_Driver/src/stm32f10x_dma.c ****   *     @arg DMA1_FLAG_GL3: DMA1 Channel3 global flag.
 392:../Drivers/STM32F10x_StdPeriph_Driver/src/stm32f10x_dma.c ****   *     @arg DMA1_FLAG_TC3: DMA1 Channel3 transfer complete flag.
 393:../Drivers/STM32F10x_StdPeriph_Driver/src/stm32f10x_dma.c ****   *     @arg DMA1_FLAG_HT3: DMA1 Channel3 half transfer flag.
 394:../Drivers/STM32F10x_StdPeriph_Driver/src/stm32f10x_dma.c ****   *     @arg DMA1_FLAG_TE3: DMA1 Channel3 transfer error flag.
 395:../Drivers/STM32F10x_StdPeriph_Driver/src/stm32f10x_dma.c ****   *     @arg DMA1_FLAG_GL4: DMA1 Channel4 global flag.
 396:../Drivers/STM32F10x_StdPeriph_Driver/src/stm32f10x_dma.c ****   *     @arg DMA1_FLAG_TC4: DMA1 Channel4 transfer complete flag.
 397:../Drivers/STM32F10x_StdPeriph_Driver/src/stm32f10x_dma.c ****   *     @arg DMA1_FLAG_HT4: DMA1 Channel4 half transfer flag.
 398:../Drivers/STM32F10x_StdPeriph_Driver/src/stm32f10x_dma.c ****   *     @arg DMA1_FLAG_TE4: DMA1 Channel4 transfer error flag.
 399:../Drivers/STM32F10x_StdPeriph_Driver/src/stm32f10x_dma.c ****   *     @arg DMA1_FLAG_GL5: DMA1 Channel5 global flag.
 400:../Drivers/STM32F10x_StdPeriph_Driver/src/stm32f10x_dma.c ****   *     @arg DMA1_FLAG_TC5: DMA1 Channel5 transfer complete flag.
 401:../Drivers/STM32F10x_StdPeriph_Driver/src/stm32f10x_dma.c ****   *     @arg DMA1_FLAG_HT5: DMA1 Channel5 half transfer flag.
 402:../Drivers/STM32F10x_StdPeriph_Driver/src/stm32f10x_dma.c ****   *     @arg DMA1_FLAG_TE5: DMA1 Channel5 transfer error flag.
 403:../Drivers/STM32F10x_StdPeriph_Driver/src/stm32f10x_dma.c ****   *     @arg DMA1_FLAG_GL6: DMA1 Channel6 global flag.
 404:../Drivers/STM32F10x_StdPeriph_Driver/src/stm32f10x_dma.c ****   *     @arg DMA1_FLAG_TC6: DMA1 Channel6 transfer complete flag.
 405:../Drivers/STM32F10x_StdPeriph_Driver/src/stm32f10x_dma.c ****   *     @arg DMA1_FLAG_HT6: DMA1 Channel6 half transfer flag.
 406:../Drivers/STM32F10x_StdPeriph_Driver/src/stm32f10x_dma.c ****   *     @arg DMA1_FLAG_TE6: DMA1 Channel6 transfer error flag.
 407:../Drivers/STM32F10x_StdPeriph_Driver/src/stm32f10x_dma.c ****   *     @arg DMA1_FLAG_GL7: DMA1 Channel7 global flag.
 408:../Drivers/STM32F10x_StdPeriph_Driver/src/stm32f10x_dma.c ****   *     @arg DMA1_FLAG_TC7: DMA1 Channel7 transfer complete flag.
ARM GAS  /tmp/cc6n6dO6.s 			page 19


 409:../Drivers/STM32F10x_StdPeriph_Driver/src/stm32f10x_dma.c ****   *     @arg DMA1_FLAG_HT7: DMA1 Channel7 half transfer flag.
 410:../Drivers/STM32F10x_StdPeriph_Driver/src/stm32f10x_dma.c ****   *     @arg DMA1_FLAG_TE7: DMA1 Channel7 transfer error flag.
 411:../Drivers/STM32F10x_StdPeriph_Driver/src/stm32f10x_dma.c ****   *     @arg DMA2_FLAG_GL1: DMA2 Channel1 global flag.
 412:../Drivers/STM32F10x_StdPeriph_Driver/src/stm32f10x_dma.c ****   *     @arg DMA2_FLAG_TC1: DMA2 Channel1 transfer complete flag.
 413:../Drivers/STM32F10x_StdPeriph_Driver/src/stm32f10x_dma.c ****   *     @arg DMA2_FLAG_HT1: DMA2 Channel1 half transfer flag.
 414:../Drivers/STM32F10x_StdPeriph_Driver/src/stm32f10x_dma.c ****   *     @arg DMA2_FLAG_TE1: DMA2 Channel1 transfer error flag.
 415:../Drivers/STM32F10x_StdPeriph_Driver/src/stm32f10x_dma.c ****   *     @arg DMA2_FLAG_GL2: DMA2 Channel2 global flag.
 416:../Drivers/STM32F10x_StdPeriph_Driver/src/stm32f10x_dma.c ****   *     @arg DMA2_FLAG_TC2: DMA2 Channel2 transfer complete flag.
 417:../Drivers/STM32F10x_StdPeriph_Driver/src/stm32f10x_dma.c ****   *     @arg DMA2_FLAG_HT2: DMA2 Channel2 half transfer flag.
 418:../Drivers/STM32F10x_StdPeriph_Driver/src/stm32f10x_dma.c ****   *     @arg DMA2_FLAG_TE2: DMA2 Channel2 transfer error flag.
 419:../Drivers/STM32F10x_StdPeriph_Driver/src/stm32f10x_dma.c ****   *     @arg DMA2_FLAG_GL3: DMA2 Channel3 global flag.
 420:../Drivers/STM32F10x_StdPeriph_Driver/src/stm32f10x_dma.c ****   *     @arg DMA2_FLAG_TC3: DMA2 Channel3 transfer complete flag.
 421:../Drivers/STM32F10x_StdPeriph_Driver/src/stm32f10x_dma.c ****   *     @arg DMA2_FLAG_HT3: DMA2 Channel3 half transfer flag.
 422:../Drivers/STM32F10x_StdPeriph_Driver/src/stm32f10x_dma.c ****   *     @arg DMA2_FLAG_TE3: DMA2 Channel3 transfer error flag.
 423:../Drivers/STM32F10x_StdPeriph_Driver/src/stm32f10x_dma.c ****   *     @arg DMA2_FLAG_GL4: DMA2 Channel4 global flag.
 424:../Drivers/STM32F10x_StdPeriph_Driver/src/stm32f10x_dma.c ****   *     @arg DMA2_FLAG_TC4: DMA2 Channel4 transfer complete flag.
 425:../Drivers/STM32F10x_StdPeriph_Driver/src/stm32f10x_dma.c ****   *     @arg DMA2_FLAG_HT4: DMA2 Channel4 half transfer flag.
 426:../Drivers/STM32F10x_StdPeriph_Driver/src/stm32f10x_dma.c ****   *     @arg DMA2_FLAG_TE4: DMA2 Channel4 transfer error flag.
 427:../Drivers/STM32F10x_StdPeriph_Driver/src/stm32f10x_dma.c ****   *     @arg DMA2_FLAG_GL5: DMA2 Channel5 global flag.
 428:../Drivers/STM32F10x_StdPeriph_Driver/src/stm32f10x_dma.c ****   *     @arg DMA2_FLAG_TC5: DMA2 Channel5 transfer complete flag.
 429:../Drivers/STM32F10x_StdPeriph_Driver/src/stm32f10x_dma.c ****   *     @arg DMA2_FLAG_HT5: DMA2 Channel5 half transfer flag.
 430:../Drivers/STM32F10x_StdPeriph_Driver/src/stm32f10x_dma.c ****   *     @arg DMA2_FLAG_TE5: DMA2 Channel5 transfer error flag.
 431:../Drivers/STM32F10x_StdPeriph_Driver/src/stm32f10x_dma.c ****   * @retval The new state of DMAy_FLAG (SET or RESET).
 432:../Drivers/STM32F10x_StdPeriph_Driver/src/stm32f10x_dma.c ****   */
 433:../Drivers/STM32F10x_StdPeriph_Driver/src/stm32f10x_dma.c **** FlagStatus DMA_GetFlagStatus(uint32_t DMAy_FLAG)
 434:../Drivers/STM32F10x_StdPeriph_Driver/src/stm32f10x_dma.c **** {
 579              		.loc 1 434 1 is_stmt 1 view -0
 580              		.cfi_startproc
 581              		@ args = 0, pretend = 0, frame = 0
 582              		@ frame_needed = 0, uses_anonymous_args = 0
 583              		@ link register save eliminated.
 435:../Drivers/STM32F10x_StdPeriph_Driver/src/stm32f10x_dma.c ****   FlagStatus bitstatus = RESET;
 584              		.loc 1 435 3 view .LVU174
 436:../Drivers/STM32F10x_StdPeriph_Driver/src/stm32f10x_dma.c ****   uint32_t tmpreg = 0;
 585              		.loc 1 436 3 view .LVU175
 437:../Drivers/STM32F10x_StdPeriph_Driver/src/stm32f10x_dma.c ****   
 438:../Drivers/STM32F10x_StdPeriph_Driver/src/stm32f10x_dma.c ****   /* Check the parameters */
 439:../Drivers/STM32F10x_StdPeriph_Driver/src/stm32f10x_dma.c ****   assert_param(IS_DMA_GET_FLAG(DMAy_FLAG));
 586              		.loc 1 439 3 view .LVU176
 440:../Drivers/STM32F10x_StdPeriph_Driver/src/stm32f10x_dma.c **** 
 441:../Drivers/STM32F10x_StdPeriph_Driver/src/stm32f10x_dma.c ****   /* Calculate the used DMAy */
 442:../Drivers/STM32F10x_StdPeriph_Driver/src/stm32f10x_dma.c ****   if ((DMAy_FLAG & FLAG_Mask) != (uint32_t)RESET)
 587              		.loc 1 442 3 view .LVU177
 588              		.loc 1 442 6 is_stmt 0 view .LVU178
 589 0000 C300     		lsls	r3, r0, #3
 443:../Drivers/STM32F10x_StdPeriph_Driver/src/stm32f10x_dma.c ****   {
 444:../Drivers/STM32F10x_StdPeriph_Driver/src/stm32f10x_dma.c ****     /* Get DMA2 ISR register value */
 445:../Drivers/STM32F10x_StdPeriph_Driver/src/stm32f10x_dma.c ****     tmpreg = DMA2->ISR ;
 590              		.loc 1 445 5 is_stmt 1 view .LVU179
 591              		.loc 1 445 12 is_stmt 0 view .LVU180
 592 0002 4CBF     		ite	mi
 593 0004 034B     		ldrmi	r3, .L43
 446:../Drivers/STM32F10x_StdPeriph_Driver/src/stm32f10x_dma.c ****   }
 447:../Drivers/STM32F10x_StdPeriph_Driver/src/stm32f10x_dma.c ****   else
 448:../Drivers/STM32F10x_StdPeriph_Driver/src/stm32f10x_dma.c ****   {
 449:../Drivers/STM32F10x_StdPeriph_Driver/src/stm32f10x_dma.c ****     /* Get DMA1 ISR register value */
 450:../Drivers/STM32F10x_StdPeriph_Driver/src/stm32f10x_dma.c ****     tmpreg = DMA1->ISR ;
ARM GAS  /tmp/cc6n6dO6.s 			page 20


 594              		.loc 1 450 5 is_stmt 1 view .LVU181
 595              		.loc 1 450 12 is_stmt 0 view .LVU182
 596 0006 044B     		ldrpl	r3, .L43+4
 597 0008 1B68     		ldr	r3, [r3]
 598              	.LVL17:
 451:../Drivers/STM32F10x_StdPeriph_Driver/src/stm32f10x_dma.c ****   }
 452:../Drivers/STM32F10x_StdPeriph_Driver/src/stm32f10x_dma.c **** 
 453:../Drivers/STM32F10x_StdPeriph_Driver/src/stm32f10x_dma.c ****   /* Check the status of the specified DMAy flag */
 454:../Drivers/STM32F10x_StdPeriph_Driver/src/stm32f10x_dma.c ****   if ((tmpreg & DMAy_FLAG) != (uint32_t)RESET)
 599              		.loc 1 454 3 is_stmt 1 view .LVU183
 455:../Drivers/STM32F10x_StdPeriph_Driver/src/stm32f10x_dma.c ****   {
 456:../Drivers/STM32F10x_StdPeriph_Driver/src/stm32f10x_dma.c ****     /* DMAy_FLAG is set */
 457:../Drivers/STM32F10x_StdPeriph_Driver/src/stm32f10x_dma.c ****     bitstatus = SET;
 458:../Drivers/STM32F10x_StdPeriph_Driver/src/stm32f10x_dma.c ****   }
 459:../Drivers/STM32F10x_StdPeriph_Driver/src/stm32f10x_dma.c ****   else
 460:../Drivers/STM32F10x_StdPeriph_Driver/src/stm32f10x_dma.c ****   {
 461:../Drivers/STM32F10x_StdPeriph_Driver/src/stm32f10x_dma.c ****     /* DMAy_FLAG is reset */
 462:../Drivers/STM32F10x_StdPeriph_Driver/src/stm32f10x_dma.c ****     bitstatus = RESET;
 463:../Drivers/STM32F10x_StdPeriph_Driver/src/stm32f10x_dma.c ****   }
 464:../Drivers/STM32F10x_StdPeriph_Driver/src/stm32f10x_dma.c ****   
 465:../Drivers/STM32F10x_StdPeriph_Driver/src/stm32f10x_dma.c ****   /* Return the DMAy_FLAG status */
 466:../Drivers/STM32F10x_StdPeriph_Driver/src/stm32f10x_dma.c ****   return  bitstatus;
 600              		.loc 1 466 3 view .LVU184
 454:../Drivers/STM32F10x_StdPeriph_Driver/src/stm32f10x_dma.c ****   {
 601              		.loc 1 454 6 is_stmt 0 view .LVU185
 602 000a 0342     		tst	r3, r0
 467:../Drivers/STM32F10x_StdPeriph_Driver/src/stm32f10x_dma.c **** }
 603              		.loc 1 467 1 view .LVU186
 604 000c 14BF     		ite	ne
 605 000e 0120     		movne	r0, #1
 606              	.LVL18:
 607              		.loc 1 467 1 view .LVU187
 608 0010 0020     		moveq	r0, #0
 609 0012 7047     		bx	lr
 610              	.L44:
 611              		.align	2
 612              	.L43:
 613 0014 00040240 		.word	1073873920
 614 0018 00000240 		.word	1073872896
 615              		.cfi_endproc
 616              	.LFE36:
 618              		.section	.text.DMA_ClearFlag,"ax",%progbits
 619              		.align	1
 620              		.p2align 2,,3
 621              		.global	DMA_ClearFlag
 622              		.syntax unified
 623              		.thumb
 624              		.thumb_func
 625              		.fpu softvfp
 627              	DMA_ClearFlag:
 628              	.LVL19:
 629              	.LFB37:
 468:../Drivers/STM32F10x_StdPeriph_Driver/src/stm32f10x_dma.c **** 
 469:../Drivers/STM32F10x_StdPeriph_Driver/src/stm32f10x_dma.c **** /**
 470:../Drivers/STM32F10x_StdPeriph_Driver/src/stm32f10x_dma.c ****   * @brief  Clears the DMAy Channelx's pending flags.
 471:../Drivers/STM32F10x_StdPeriph_Driver/src/stm32f10x_dma.c ****   * @param  DMAy_FLAG: specifies the flag to clear.
 472:../Drivers/STM32F10x_StdPeriph_Driver/src/stm32f10x_dma.c ****   *   This parameter can be any combination (for the same DMA) of the following values:
ARM GAS  /tmp/cc6n6dO6.s 			page 21


 473:../Drivers/STM32F10x_StdPeriph_Driver/src/stm32f10x_dma.c ****   *     @arg DMA1_FLAG_GL1: DMA1 Channel1 global flag.
 474:../Drivers/STM32F10x_StdPeriph_Driver/src/stm32f10x_dma.c ****   *     @arg DMA1_FLAG_TC1: DMA1 Channel1 transfer complete flag.
 475:../Drivers/STM32F10x_StdPeriph_Driver/src/stm32f10x_dma.c ****   *     @arg DMA1_FLAG_HT1: DMA1 Channel1 half transfer flag.
 476:../Drivers/STM32F10x_StdPeriph_Driver/src/stm32f10x_dma.c ****   *     @arg DMA1_FLAG_TE1: DMA1 Channel1 transfer error flag.
 477:../Drivers/STM32F10x_StdPeriph_Driver/src/stm32f10x_dma.c ****   *     @arg DMA1_FLAG_GL2: DMA1 Channel2 global flag.
 478:../Drivers/STM32F10x_StdPeriph_Driver/src/stm32f10x_dma.c ****   *     @arg DMA1_FLAG_TC2: DMA1 Channel2 transfer complete flag.
 479:../Drivers/STM32F10x_StdPeriph_Driver/src/stm32f10x_dma.c ****   *     @arg DMA1_FLAG_HT2: DMA1 Channel2 half transfer flag.
 480:../Drivers/STM32F10x_StdPeriph_Driver/src/stm32f10x_dma.c ****   *     @arg DMA1_FLAG_TE2: DMA1 Channel2 transfer error flag.
 481:../Drivers/STM32F10x_StdPeriph_Driver/src/stm32f10x_dma.c ****   *     @arg DMA1_FLAG_GL3: DMA1 Channel3 global flag.
 482:../Drivers/STM32F10x_StdPeriph_Driver/src/stm32f10x_dma.c ****   *     @arg DMA1_FLAG_TC3: DMA1 Channel3 transfer complete flag.
 483:../Drivers/STM32F10x_StdPeriph_Driver/src/stm32f10x_dma.c ****   *     @arg DMA1_FLAG_HT3: DMA1 Channel3 half transfer flag.
 484:../Drivers/STM32F10x_StdPeriph_Driver/src/stm32f10x_dma.c ****   *     @arg DMA1_FLAG_TE3: DMA1 Channel3 transfer error flag.
 485:../Drivers/STM32F10x_StdPeriph_Driver/src/stm32f10x_dma.c ****   *     @arg DMA1_FLAG_GL4: DMA1 Channel4 global flag.
 486:../Drivers/STM32F10x_StdPeriph_Driver/src/stm32f10x_dma.c ****   *     @arg DMA1_FLAG_TC4: DMA1 Channel4 transfer complete flag.
 487:../Drivers/STM32F10x_StdPeriph_Driver/src/stm32f10x_dma.c ****   *     @arg DMA1_FLAG_HT4: DMA1 Channel4 half transfer flag.
 488:../Drivers/STM32F10x_StdPeriph_Driver/src/stm32f10x_dma.c ****   *     @arg DMA1_FLAG_TE4: DMA1 Channel4 transfer error flag.
 489:../Drivers/STM32F10x_StdPeriph_Driver/src/stm32f10x_dma.c ****   *     @arg DMA1_FLAG_GL5: DMA1 Channel5 global flag.
 490:../Drivers/STM32F10x_StdPeriph_Driver/src/stm32f10x_dma.c ****   *     @arg DMA1_FLAG_TC5: DMA1 Channel5 transfer complete flag.
 491:../Drivers/STM32F10x_StdPeriph_Driver/src/stm32f10x_dma.c ****   *     @arg DMA1_FLAG_HT5: DMA1 Channel5 half transfer flag.
 492:../Drivers/STM32F10x_StdPeriph_Driver/src/stm32f10x_dma.c ****   *     @arg DMA1_FLAG_TE5: DMA1 Channel5 transfer error flag.
 493:../Drivers/STM32F10x_StdPeriph_Driver/src/stm32f10x_dma.c ****   *     @arg DMA1_FLAG_GL6: DMA1 Channel6 global flag.
 494:../Drivers/STM32F10x_StdPeriph_Driver/src/stm32f10x_dma.c ****   *     @arg DMA1_FLAG_TC6: DMA1 Channel6 transfer complete flag.
 495:../Drivers/STM32F10x_StdPeriph_Driver/src/stm32f10x_dma.c ****   *     @arg DMA1_FLAG_HT6: DMA1 Channel6 half transfer flag.
 496:../Drivers/STM32F10x_StdPeriph_Driver/src/stm32f10x_dma.c ****   *     @arg DMA1_FLAG_TE6: DMA1 Channel6 transfer error flag.
 497:../Drivers/STM32F10x_StdPeriph_Driver/src/stm32f10x_dma.c ****   *     @arg DMA1_FLAG_GL7: DMA1 Channel7 global flag.
 498:../Drivers/STM32F10x_StdPeriph_Driver/src/stm32f10x_dma.c ****   *     @arg DMA1_FLAG_TC7: DMA1 Channel7 transfer complete flag.
 499:../Drivers/STM32F10x_StdPeriph_Driver/src/stm32f10x_dma.c ****   *     @arg DMA1_FLAG_HT7: DMA1 Channel7 half transfer flag.
 500:../Drivers/STM32F10x_StdPeriph_Driver/src/stm32f10x_dma.c ****   *     @arg DMA1_FLAG_TE7: DMA1 Channel7 transfer error flag.
 501:../Drivers/STM32F10x_StdPeriph_Driver/src/stm32f10x_dma.c ****   *     @arg DMA2_FLAG_GL1: DMA2 Channel1 global flag.
 502:../Drivers/STM32F10x_StdPeriph_Driver/src/stm32f10x_dma.c ****   *     @arg DMA2_FLAG_TC1: DMA2 Channel1 transfer complete flag.
 503:../Drivers/STM32F10x_StdPeriph_Driver/src/stm32f10x_dma.c ****   *     @arg DMA2_FLAG_HT1: DMA2 Channel1 half transfer flag.
 504:../Drivers/STM32F10x_StdPeriph_Driver/src/stm32f10x_dma.c ****   *     @arg DMA2_FLAG_TE1: DMA2 Channel1 transfer error flag.
 505:../Drivers/STM32F10x_StdPeriph_Driver/src/stm32f10x_dma.c ****   *     @arg DMA2_FLAG_GL2: DMA2 Channel2 global flag.
 506:../Drivers/STM32F10x_StdPeriph_Driver/src/stm32f10x_dma.c ****   *     @arg DMA2_FLAG_TC2: DMA2 Channel2 transfer complete flag.
 507:../Drivers/STM32F10x_StdPeriph_Driver/src/stm32f10x_dma.c ****   *     @arg DMA2_FLAG_HT2: DMA2 Channel2 half transfer flag.
 508:../Drivers/STM32F10x_StdPeriph_Driver/src/stm32f10x_dma.c ****   *     @arg DMA2_FLAG_TE2: DMA2 Channel2 transfer error flag.
 509:../Drivers/STM32F10x_StdPeriph_Driver/src/stm32f10x_dma.c ****   *     @arg DMA2_FLAG_GL3: DMA2 Channel3 global flag.
 510:../Drivers/STM32F10x_StdPeriph_Driver/src/stm32f10x_dma.c ****   *     @arg DMA2_FLAG_TC3: DMA2 Channel3 transfer complete flag.
 511:../Drivers/STM32F10x_StdPeriph_Driver/src/stm32f10x_dma.c ****   *     @arg DMA2_FLAG_HT3: DMA2 Channel3 half transfer flag.
 512:../Drivers/STM32F10x_StdPeriph_Driver/src/stm32f10x_dma.c ****   *     @arg DMA2_FLAG_TE3: DMA2 Channel3 transfer error flag.
 513:../Drivers/STM32F10x_StdPeriph_Driver/src/stm32f10x_dma.c ****   *     @arg DMA2_FLAG_GL4: DMA2 Channel4 global flag.
 514:../Drivers/STM32F10x_StdPeriph_Driver/src/stm32f10x_dma.c ****   *     @arg DMA2_FLAG_TC4: DMA2 Channel4 transfer complete flag.
 515:../Drivers/STM32F10x_StdPeriph_Driver/src/stm32f10x_dma.c ****   *     @arg DMA2_FLAG_HT4: DMA2 Channel4 half transfer flag.
 516:../Drivers/STM32F10x_StdPeriph_Driver/src/stm32f10x_dma.c ****   *     @arg DMA2_FLAG_TE4: DMA2 Channel4 transfer error flag.
 517:../Drivers/STM32F10x_StdPeriph_Driver/src/stm32f10x_dma.c ****   *     @arg DMA2_FLAG_GL5: DMA2 Channel5 global flag.
 518:../Drivers/STM32F10x_StdPeriph_Driver/src/stm32f10x_dma.c ****   *     @arg DMA2_FLAG_TC5: DMA2 Channel5 transfer complete flag.
 519:../Drivers/STM32F10x_StdPeriph_Driver/src/stm32f10x_dma.c ****   *     @arg DMA2_FLAG_HT5: DMA2 Channel5 half transfer flag.
 520:../Drivers/STM32F10x_StdPeriph_Driver/src/stm32f10x_dma.c ****   *     @arg DMA2_FLAG_TE5: DMA2 Channel5 transfer error flag.
 521:../Drivers/STM32F10x_StdPeriph_Driver/src/stm32f10x_dma.c ****   * @retval None
 522:../Drivers/STM32F10x_StdPeriph_Driver/src/stm32f10x_dma.c ****   */
 523:../Drivers/STM32F10x_StdPeriph_Driver/src/stm32f10x_dma.c **** void DMA_ClearFlag(uint32_t DMAy_FLAG)
 524:../Drivers/STM32F10x_StdPeriph_Driver/src/stm32f10x_dma.c **** {
 630              		.loc 1 524 1 is_stmt 1 view -0
 631              		.cfi_startproc
 632              		@ args = 0, pretend = 0, frame = 0
 633              		@ frame_needed = 0, uses_anonymous_args = 0
 634              		@ link register save eliminated.
ARM GAS  /tmp/cc6n6dO6.s 			page 22


 525:../Drivers/STM32F10x_StdPeriph_Driver/src/stm32f10x_dma.c ****   /* Check the parameters */
 526:../Drivers/STM32F10x_StdPeriph_Driver/src/stm32f10x_dma.c ****   assert_param(IS_DMA_CLEAR_FLAG(DMAy_FLAG));
 635              		.loc 1 526 3 view .LVU189
 527:../Drivers/STM32F10x_StdPeriph_Driver/src/stm32f10x_dma.c **** 
 528:../Drivers/STM32F10x_StdPeriph_Driver/src/stm32f10x_dma.c ****   /* Calculate the used DMAy */
 529:../Drivers/STM32F10x_StdPeriph_Driver/src/stm32f10x_dma.c ****   if ((DMAy_FLAG & FLAG_Mask) != (uint32_t)RESET)
 636              		.loc 1 529 3 view .LVU190
 637              		.loc 1 529 6 is_stmt 0 view .LVU191
 638 0000 C300     		lsls	r3, r0, #3
 530:../Drivers/STM32F10x_StdPeriph_Driver/src/stm32f10x_dma.c ****   {
 531:../Drivers/STM32F10x_StdPeriph_Driver/src/stm32f10x_dma.c ****     /* Clear the selected DMAy flags */
 532:../Drivers/STM32F10x_StdPeriph_Driver/src/stm32f10x_dma.c ****     DMA2->IFCR = DMAy_FLAG;
 639              		.loc 1 532 5 is_stmt 1 view .LVU192
 640              		.loc 1 532 16 is_stmt 0 view .LVU193
 641 0002 4CBF     		ite	mi
 642 0004 014B     		ldrmi	r3, .L48
 533:../Drivers/STM32F10x_StdPeriph_Driver/src/stm32f10x_dma.c ****   }
 534:../Drivers/STM32F10x_StdPeriph_Driver/src/stm32f10x_dma.c ****   else
 535:../Drivers/STM32F10x_StdPeriph_Driver/src/stm32f10x_dma.c ****   {
 536:../Drivers/STM32F10x_StdPeriph_Driver/src/stm32f10x_dma.c ****     /* Clear the selected DMAy flags */
 537:../Drivers/STM32F10x_StdPeriph_Driver/src/stm32f10x_dma.c ****     DMA1->IFCR = DMAy_FLAG;
 643              		.loc 1 537 5 is_stmt 1 view .LVU194
 644              		.loc 1 537 16 is_stmt 0 view .LVU195
 645 0006 024B     		ldrpl	r3, .L48+4
 646 0008 5860     		str	r0, [r3, #4]
 538:../Drivers/STM32F10x_StdPeriph_Driver/src/stm32f10x_dma.c ****   }
 539:../Drivers/STM32F10x_StdPeriph_Driver/src/stm32f10x_dma.c **** }
 647              		.loc 1 539 1 view .LVU196
 648 000a 7047     		bx	lr
 649              	.L49:
 650              		.align	2
 651              	.L48:
 652 000c 00040240 		.word	1073873920
 653 0010 00000240 		.word	1073872896
 654              		.cfi_endproc
 655              	.LFE37:
 657              		.section	.text.DMA_GetITStatus,"ax",%progbits
 658              		.align	1
 659              		.p2align 2,,3
 660              		.global	DMA_GetITStatus
 661              		.syntax unified
 662              		.thumb
 663              		.thumb_func
 664              		.fpu softvfp
 666              	DMA_GetITStatus:
 667              	.LFB41:
 668              		.cfi_startproc
 669              		@ args = 0, pretend = 0, frame = 0
 670              		@ frame_needed = 0, uses_anonymous_args = 0
 671              		@ link register save eliminated.
 672 0000 C300     		lsls	r3, r0, #3
 673 0002 4CBF     		ite	mi
 674 0004 034B     		ldrmi	r3, .L53
 675 0006 044B     		ldrpl	r3, .L53+4
 676 0008 1B68     		ldr	r3, [r3]
 677 000a 1842     		tst	r0, r3
 678 000c 14BF     		ite	ne
ARM GAS  /tmp/cc6n6dO6.s 			page 23


 679 000e 0120     		movne	r0, #1
 680 0010 0020     		moveq	r0, #0
 681 0012 7047     		bx	lr
 682              	.L54:
 683              		.align	2
 684              	.L53:
 685 0014 00040240 		.word	1073873920
 686 0018 00000240 		.word	1073872896
 687              		.cfi_endproc
 688              	.LFE41:
 690              		.section	.text.DMA_ClearITPendingBit,"ax",%progbits
 691              		.align	1
 692              		.p2align 2,,3
 693              		.global	DMA_ClearITPendingBit
 694              		.syntax unified
 695              		.thumb
 696              		.thumb_func
 697              		.fpu softvfp
 699              	DMA_ClearITPendingBit:
 700              	.LFB43:
 701              		.cfi_startproc
 702              		@ args = 0, pretend = 0, frame = 0
 703              		@ frame_needed = 0, uses_anonymous_args = 0
 704              		@ link register save eliminated.
 705 0000 C300     		lsls	r3, r0, #3
 706 0002 4CBF     		ite	mi
 707 0004 014B     		ldrmi	r3, .L58
 708 0006 024B     		ldrpl	r3, .L58+4
 709 0008 5860     		str	r0, [r3, #4]
 710 000a 7047     		bx	lr
 711              	.L59:
 712              		.align	2
 713              	.L58:
 714 000c 00040240 		.word	1073873920
 715 0010 00000240 		.word	1073872896
 716              		.cfi_endproc
 717              	.LFE43:
 719              		.text
 720              	.Letext0:
 721              		.file 2 "/usr/lib/gcc/arm-none-eabi/9.2.1/include/stdint.h"
 722              		.file 3 "../Drivers/CMSIS/CM3/CoreSupport/core_cm3.h"
 723              		.file 4 "../Drivers/CMSIS/CM3/DeviceSupport/ST/STM32F10x/system_stm32f10x.h"
 724              		.file 5 "../Drivers/CMSIS/CM3/DeviceSupport/ST/STM32F10x/stm32f10x.h"
 725              		.file 6 "../Drivers/STM32F10x_StdPeriph_Driver/inc/stm32f10x_dma.h"
ARM GAS  /tmp/cc6n6dO6.s 			page 24


DEFINED SYMBOLS
                            *ABS*:0000000000000000 stm32f10x_dma.c
     /tmp/cc6n6dO6.s:16     .text.DMA_DeInit:0000000000000000 $t
     /tmp/cc6n6dO6.s:25     .text.DMA_DeInit:0000000000000000 DMA_DeInit
     /tmp/cc6n6dO6.s:263    .text.DMA_DeInit:00000000000000f8 $d
     /tmp/cc6n6dO6.s:281    .text.DMA_Init:0000000000000000 $t
     /tmp/cc6n6dO6.s:289    .text.DMA_Init:0000000000000000 DMA_Init
     /tmp/cc6n6dO6.s:387    .text.DMA_StructInit:0000000000000000 $t
     /tmp/cc6n6dO6.s:395    .text.DMA_StructInit:0000000000000000 DMA_StructInit
     /tmp/cc6n6dO6.s:429    .text.DMA_Cmd:0000000000000000 $t
     /tmp/cc6n6dO6.s:437    .text.DMA_Cmd:0000000000000000 DMA_Cmd
     /tmp/cc6n6dO6.s:469    .text.DMA_ITConfig:0000000000000000 $t
     /tmp/cc6n6dO6.s:477    .text.DMA_ITConfig:0000000000000000 DMA_ITConfig
     /tmp/cc6n6dO6.s:514    .text.DMA_SetCurrDataCounter:0000000000000000 $t
     /tmp/cc6n6dO6.s:522    .text.DMA_SetCurrDataCounter:0000000000000000 DMA_SetCurrDataCounter
     /tmp/cc6n6dO6.s:540    .text.DMA_GetCurrDataCounter:0000000000000000 $t
     /tmp/cc6n6dO6.s:548    .text.DMA_GetCurrDataCounter:0000000000000000 DMA_GetCurrDataCounter
     /tmp/cc6n6dO6.s:568    .text.DMA_GetFlagStatus:0000000000000000 $t
     /tmp/cc6n6dO6.s:576    .text.DMA_GetFlagStatus:0000000000000000 DMA_GetFlagStatus
     /tmp/cc6n6dO6.s:613    .text.DMA_GetFlagStatus:0000000000000014 $d
     /tmp/cc6n6dO6.s:619    .text.DMA_ClearFlag:0000000000000000 $t
     /tmp/cc6n6dO6.s:627    .text.DMA_ClearFlag:0000000000000000 DMA_ClearFlag
     /tmp/cc6n6dO6.s:652    .text.DMA_ClearFlag:000000000000000c $d
     /tmp/cc6n6dO6.s:658    .text.DMA_GetITStatus:0000000000000000 $t
     /tmp/cc6n6dO6.s:666    .text.DMA_GetITStatus:0000000000000000 DMA_GetITStatus
     /tmp/cc6n6dO6.s:685    .text.DMA_GetITStatus:0000000000000014 $d
     /tmp/cc6n6dO6.s:691    .text.DMA_ClearITPendingBit:0000000000000000 $t
     /tmp/cc6n6dO6.s:699    .text.DMA_ClearITPendingBit:0000000000000000 DMA_ClearITPendingBit
     /tmp/cc6n6dO6.s:714    .text.DMA_ClearITPendingBit:000000000000000c $d

NO UNDEFINED SYMBOLS
