ARM GAS  /tmp/ccJjkDbi.s 			page 1


   1              		.cpu cortex-m3
   2              		.eabi_attribute 20, 1
   3              		.eabi_attribute 21, 1
   4              		.eabi_attribute 23, 3
   5              		.eabi_attribute 24, 1
   6              		.eabi_attribute 25, 1
   7              		.eabi_attribute 26, 1
   8              		.eabi_attribute 30, 2
   9              		.eabi_attribute 34, 1
  10              		.eabi_attribute 18, 4
  11              		.file	"usb_istr.c"
  12              		.text
  13              	.Ltext0:
  14              		.cfi_sections	.debug_frame
  15              		.section	.text.USB_Istr,"ax",%progbits
  16              		.align	1
  17              		.p2align 2,,3
  18              		.global	USB_Istr
  19              		.arch armv7-m
  20              		.syntax unified
  21              		.thumb
  22              		.thumb_func
  23              		.fpu softvfp
  25              	USB_Istr:
  26              	.LFB29:
  27              		.file 1 "../application/Src/usb_istr.c"
   1:../application/Src/usb_istr.c **** /**
   2:../application/Src/usb_istr.c ****   ******************************************************************************
   3:../application/Src/usb_istr.c ****   * @file    usb_istr.c
   4:../application/Src/usb_istr.c ****   * @author  MCD Application Team
   5:../application/Src/usb_istr.c ****   * @version V4.1.0
   6:../application/Src/usb_istr.c ****   * @date    26-May-2017
   7:../application/Src/usb_istr.c ****   * @brief   ISTR events interrupt service routines
   8:../application/Src/usb_istr.c ****   ******************************************************************************
   9:../application/Src/usb_istr.c ****   * @attention
  10:../application/Src/usb_istr.c ****   *
  11:../application/Src/usb_istr.c ****   * <h2><center>&copy; COPYRIGHT(c) 2017 STMicroelectronics</center></h2>
  12:../application/Src/usb_istr.c ****   *
  13:../application/Src/usb_istr.c ****   * Redistribution and use in source and binary forms, with or without modification,
  14:../application/Src/usb_istr.c ****   * are permitted provided that the following conditions are met:
  15:../application/Src/usb_istr.c ****   *   1. Redistributions of source code must retain the above copyright notice,
  16:../application/Src/usb_istr.c ****   *      this list of conditions and the following disclaimer.
  17:../application/Src/usb_istr.c ****   *   2. Redistributions in binary form must reproduce the above copyright notice,
  18:../application/Src/usb_istr.c ****   *      this list of conditions and the following disclaimer in the documentation
  19:../application/Src/usb_istr.c ****   *      and/or other materials provided with the distribution.
  20:../application/Src/usb_istr.c ****   *   3. Neither the name of STMicroelectronics nor the names of its contributors
  21:../application/Src/usb_istr.c ****   *      may be used to endorse or promote products derived from this software
  22:../application/Src/usb_istr.c ****   *      without specific prior written permission.
  23:../application/Src/usb_istr.c ****   *
  24:../application/Src/usb_istr.c ****   * THIS SOFTWARE IS PROVIDED BY THE COPYRIGHT HOLDERS AND CONTRIBUTORS "AS IS"
  25:../application/Src/usb_istr.c ****   * AND ANY EXPRESS OR IMPLIED WARRANTIES, INCLUDING, BUT NOT LIMITED TO, THE
  26:../application/Src/usb_istr.c ****   * IMPLIED WARRANTIES OF MERCHANTABILITY AND FITNESS FOR A PARTICULAR PURPOSE ARE
  27:../application/Src/usb_istr.c ****   * DISCLAIMED. IN NO EVENT SHALL THE COPYRIGHT HOLDER OR CONTRIBUTORS BE LIABLE
  28:../application/Src/usb_istr.c ****   * FOR ANY DIRECT, INDIRECT, INCIDENTAL, SPECIAL, EXEMPLARY, OR CONSEQUENTIAL
  29:../application/Src/usb_istr.c ****   * DAMAGES (INCLUDING, BUT NOT LIMITED TO, PROCUREMENT OF SUBSTITUTE GOODS OR
  30:../application/Src/usb_istr.c ****   * SERVICES; LOSS OF USE, DATA, OR PROFITS; OR BUSINESS INTERRUPTION) HOWEVER
  31:../application/Src/usb_istr.c ****   * CAUSED AND ON ANY THEORY OF LIABILITY, WHETHER IN CONTRACT, STRICT LIABILITY,
ARM GAS  /tmp/ccJjkDbi.s 			page 2


  32:../application/Src/usb_istr.c ****   * OR TORT (INCLUDING NEGLIGENCE OR OTHERWISE) ARISING IN ANY WAY OUT OF THE USE
  33:../application/Src/usb_istr.c ****   * OF THIS SOFTWARE, EVEN IF ADVISED OF THE POSSIBILITY OF SUCH DAMAGE.
  34:../application/Src/usb_istr.c ****   *
  35:../application/Src/usb_istr.c ****   ******************************************************************************
  36:../application/Src/usb_istr.c ****   */
  37:../application/Src/usb_istr.c **** 
  38:../application/Src/usb_istr.c **** 
  39:../application/Src/usb_istr.c **** /* Includes ------------------------------------------------------------------*/
  40:../application/Src/usb_istr.c **** #include "usb_lib.h"
  41:../application/Src/usb_istr.c **** #include "usb_prop.h"
  42:../application/Src/usb_istr.c **** #include "usb_pwr.h"
  43:../application/Src/usb_istr.c **** #include "usb_istr.h"
  44:../application/Src/usb_istr.c **** 
  45:../application/Src/usb_istr.c **** /* Private typedef -----------------------------------------------------------*/
  46:../application/Src/usb_istr.c **** /* Private define ------------------------------------------------------------*/
  47:../application/Src/usb_istr.c **** /* Private macro -------------------------------------------------------------*/
  48:../application/Src/usb_istr.c **** /* Private variables ---------------------------------------------------------*/
  49:../application/Src/usb_istr.c **** __IO uint16_t wIstr;  /* ISTR register last read value */
  50:../application/Src/usb_istr.c **** __IO uint8_t bIntPackSOF = 0;  /* SOFs received between 2 consecutive packets */
  51:../application/Src/usb_istr.c **** __IO uint32_t esof_counter =0; /* expected SOF counter */
  52:../application/Src/usb_istr.c **** __IO uint32_t wCNTR=0;
  53:../application/Src/usb_istr.c **** 
  54:../application/Src/usb_istr.c **** /* Extern variables ----------------------------------------------------------*/
  55:../application/Src/usb_istr.c **** /* Private function prototypes -----------------------------------------------*/
  56:../application/Src/usb_istr.c **** /* Private functions ---------------------------------------------------------*/
  57:../application/Src/usb_istr.c **** /* function pointers to non-control endpoints service routines */
  58:../application/Src/usb_istr.c **** void (*pEpInt_IN[7])(void) =
  59:../application/Src/usb_istr.c ****   {
  60:../application/Src/usb_istr.c ****     EP1_IN_Callback,
  61:../application/Src/usb_istr.c ****     EP2_IN_Callback,
  62:../application/Src/usb_istr.c ****     EP3_IN_Callback,
  63:../application/Src/usb_istr.c ****     EP4_IN_Callback,
  64:../application/Src/usb_istr.c ****     EP5_IN_Callback,
  65:../application/Src/usb_istr.c ****     EP6_IN_Callback,
  66:../application/Src/usb_istr.c ****     EP7_IN_Callback,
  67:../application/Src/usb_istr.c ****   };
  68:../application/Src/usb_istr.c **** 
  69:../application/Src/usb_istr.c **** void (*pEpInt_OUT[7])(void) =
  70:../application/Src/usb_istr.c ****   {
  71:../application/Src/usb_istr.c ****     EP1_OUT_Callback,
  72:../application/Src/usb_istr.c ****     EP2_OUT_Callback,
  73:../application/Src/usb_istr.c ****     EP3_OUT_Callback,
  74:../application/Src/usb_istr.c ****     EP4_OUT_Callback,
  75:../application/Src/usb_istr.c ****     EP5_OUT_Callback,
  76:../application/Src/usb_istr.c ****     EP6_OUT_Callback,
  77:../application/Src/usb_istr.c ****     EP7_OUT_Callback,
  78:../application/Src/usb_istr.c ****   };
  79:../application/Src/usb_istr.c **** 
  80:../application/Src/usb_istr.c **** /*******************************************************************************
  81:../application/Src/usb_istr.c **** * Function Name  : USB_Istr
  82:../application/Src/usb_istr.c **** * Description    : ISTR events interrupt service routine
  83:../application/Src/usb_istr.c **** * Input          : None.
  84:../application/Src/usb_istr.c **** * Output         : None.
  85:../application/Src/usb_istr.c **** * Return         : None.
  86:../application/Src/usb_istr.c **** *******************************************************************************/
  87:../application/Src/usb_istr.c **** void USB_Istr(void)
  88:../application/Src/usb_istr.c **** {
ARM GAS  /tmp/ccJjkDbi.s 			page 3


  28              		.loc 1 88 1 view -0
  29              		.cfi_startproc
  30              		@ args = 0, pretend = 0, frame = 32
  31              		@ frame_needed = 0, uses_anonymous_args = 0
  89:../application/Src/usb_istr.c ****     uint32_t i=0;
  32              		.loc 1 89 5 view .LVU1
  33              	.LVL0:
  90:../application/Src/usb_istr.c ****  __IO uint32_t EP[8];
  34              		.loc 1 90 2 view .LVU2
  91:../application/Src/usb_istr.c ****   
  92:../application/Src/usb_istr.c ****   wIstr = _GetISTR();
  35              		.loc 1 92 3 view .LVU3
  36              		.loc 1 92 11 is_stmt 0 view .LVU4
  37 0000 604B     		ldr	r3, .L37
  88:../application/Src/usb_istr.c ****     uint32_t i=0;
  38              		.loc 1 88 1 view .LVU5
  39 0002 30B5     		push	{r4, r5, lr}
  40              	.LCFI0:
  41              		.cfi_def_cfa_offset 12
  42              		.cfi_offset 4, -12
  43              		.cfi_offset 5, -8
  44              		.cfi_offset 14, -4
  45              		.loc 1 92 11 view .LVU6
  46 0004 1B68     		ldr	r3, [r3]
  47              		.loc 1 92 9 view .LVU7
  48 0006 604C     		ldr	r4, .L37+4
  49              		.loc 1 92 11 view .LVU8
  50 0008 9BB2     		uxth	r3, r3
  93:../application/Src/usb_istr.c **** 
  94:../application/Src/usb_istr.c **** #if (IMR_MSK & ISTR_CTR)
  95:../application/Src/usb_istr.c ****   if (wIstr & ISTR_CTR & wInterrupt_Mask)
  51              		.loc 1 95 24 view .LVU9
  52 000a 604D     		ldr	r5, .L37+8
  92:../application/Src/usb_istr.c **** 
  53              		.loc 1 92 9 view .LVU10
  54 000c 2380     		strh	r3, [r4]	@ movhi
  55              		.loc 1 95 3 is_stmt 1 view .LVU11
  56              		.loc 1 95 13 is_stmt 0 view .LVU12
  57 000e 2288     		ldrh	r2, [r4]
  58              		.loc 1 95 24 view .LVU13
  59 0010 2B88     		ldrh	r3, [r5]
  88:../application/Src/usb_istr.c ****     uint32_t i=0;
  60              		.loc 1 88 1 view .LVU14
  61 0012 89B0     		sub	sp, sp, #36
  62              	.LCFI1:
  63              		.cfi_def_cfa_offset 48
  64              		.loc 1 95 6 view .LVU15
  65 0014 1A40     		ands	r2, r2, r3
  66 0016 1004     		lsls	r0, r2, #16
  67 0018 00F1B080 		bmi	.L33
  68              	.L2:
  96:../application/Src/usb_istr.c ****   {
  97:../application/Src/usb_istr.c ****     /* servicing of the endpoint correct transfer interrupt */
  98:../application/Src/usb_istr.c ****     /* clear of the CTR flag into the sub */
  99:../application/Src/usb_istr.c ****     CTR_LP();
 100:../application/Src/usb_istr.c **** #ifdef CTR_CALLBACK
 101:../application/Src/usb_istr.c ****     CTR_Callback();
ARM GAS  /tmp/ccJjkDbi.s 			page 4


 102:../application/Src/usb_istr.c **** #endif
 103:../application/Src/usb_istr.c ****   }
 104:../application/Src/usb_istr.c **** #endif
 105:../application/Src/usb_istr.c ****   /*-*-*-*-*-*-*-*-*-*-*-*-*-*-*-*-*-*-*-*-*-*-*-*-*-*-*-*-*-*-*-*-*-*-*/  
 106:../application/Src/usb_istr.c **** #if (IMR_MSK & ISTR_RESET)
 107:../application/Src/usb_istr.c ****   if (wIstr & ISTR_RESET & wInterrupt_Mask)
  69              		.loc 1 107 3 is_stmt 1 view .LVU16
  70              		.loc 1 107 13 is_stmt 0 view .LVU17
  71 001c 2288     		ldrh	r2, [r4]
  72              		.loc 1 107 6 view .LVU18
  73 001e 1A40     		ands	r2, r2, r3
  74 0020 5105     		lsls	r1, r2, #21
  75 0022 07D5     		bpl	.L3
 108:../application/Src/usb_istr.c ****   {
 109:../application/Src/usb_istr.c ****     _SetISTR((uint16_t)CLR_RESET);
  76              		.loc 1 109 5 is_stmt 1 view .LVU19
  77 0024 4FF6FF31 		movw	r1, #64511
  78 0028 564A     		ldr	r2, .L37
 110:../application/Src/usb_istr.c ****     Device_Property.Reset();
  79              		.loc 1 110 20 is_stmt 0 view .LVU20
  80 002a 594B     		ldr	r3, .L37+12
 109:../application/Src/usb_istr.c ****     Device_Property.Reset();
  81              		.loc 1 109 5 view .LVU21
  82 002c 1160     		str	r1, [r2]
  83              		.loc 1 110 5 is_stmt 1 view .LVU22
  84 002e 5B68     		ldr	r3, [r3, #4]
  85 0030 9847     		blx	r3
  86              	.LVL1:
  87 0032 2B88     		ldrh	r3, [r5]
  88              	.L3:
 111:../application/Src/usb_istr.c **** #ifdef RESET_CALLBACK
 112:../application/Src/usb_istr.c ****     RESET_Callback();
 113:../application/Src/usb_istr.c **** #endif
 114:../application/Src/usb_istr.c ****   }
 115:../application/Src/usb_istr.c **** #endif
 116:../application/Src/usb_istr.c ****   /*-*-*-*-*-*-*-*-*-*-*-*-*-*-*-*-*-*-*-*-*-*-*-*-*-*-*-*-*-*-*-*-*-*-*/
 117:../application/Src/usb_istr.c **** #if (IMR_MSK & ISTR_DOVR)
 118:../application/Src/usb_istr.c ****   if (wIstr & ISTR_DOVR & wInterrupt_Mask)
 119:../application/Src/usb_istr.c ****   {
 120:../application/Src/usb_istr.c ****     _SetISTR((uint16_t)CLR_DOVR);
 121:../application/Src/usb_istr.c **** #ifdef DOVR_CALLBACK
 122:../application/Src/usb_istr.c ****     DOVR_Callback();
 123:../application/Src/usb_istr.c **** #endif
 124:../application/Src/usb_istr.c ****   }
 125:../application/Src/usb_istr.c **** #endif
 126:../application/Src/usb_istr.c ****   /*-*-*-*-*-*-*-*-*-*-*-*-*-*-*-*-*-*-*-*-*-*-*-*-*-*-*-*-*-*-*-*-*-*-*/
 127:../application/Src/usb_istr.c **** #if (IMR_MSK & ISTR_ERR)
 128:../application/Src/usb_istr.c ****   if (wIstr & ISTR_ERR & wInterrupt_Mask)
  89              		.loc 1 128 3 view .LVU23
  90              		.loc 1 128 13 is_stmt 0 view .LVU24
  91 0034 2288     		ldrh	r2, [r4]
  92              		.loc 1 128 6 view .LVU25
  93 0036 1A40     		ands	r2, r2, r3
  94 0038 9204     		lsls	r2, r2, #18
  95 003a 03D5     		bpl	.L4
 129:../application/Src/usb_istr.c ****   {
 130:../application/Src/usb_istr.c ****     _SetISTR((uint16_t)CLR_ERR);
ARM GAS  /tmp/ccJjkDbi.s 			page 5


  96              		.loc 1 130 5 is_stmt 1 view .LVU26
  97 003c 4DF6FF71 		movw	r1, #57343
  98 0040 504A     		ldr	r2, .L37
  99 0042 1160     		str	r1, [r2]
 100              	.L4:
 131:../application/Src/usb_istr.c **** #ifdef ERR_CALLBACK
 132:../application/Src/usb_istr.c ****     ERR_Callback();
 133:../application/Src/usb_istr.c **** #endif
 134:../application/Src/usb_istr.c ****   }
 135:../application/Src/usb_istr.c **** #endif
 136:../application/Src/usb_istr.c ****   /*-*-*-*-*-*-*-*-*-*-*-*-*-*-*-*-*-*-*-*-*-*-*-*-*-*-*-*-*-*-*-*-*-*-*/
 137:../application/Src/usb_istr.c **** #if (IMR_MSK & ISTR_WKUP)
 138:../application/Src/usb_istr.c ****   if (wIstr & ISTR_WKUP & wInterrupt_Mask)
 101              		.loc 1 138 3 view .LVU27
 102              		.loc 1 138 13 is_stmt 0 view .LVU28
 103 0044 2288     		ldrh	r2, [r4]
 104              		.loc 1 138 6 view .LVU29
 105 0046 1A40     		ands	r2, r2, r3
 106 0048 D004     		lsls	r0, r2, #19
 107 004a 00F18E80 		bmi	.L34
 108              	.L5:
 139:../application/Src/usb_istr.c ****   {
 140:../application/Src/usb_istr.c ****     _SetISTR((uint16_t)CLR_WKUP);
 141:../application/Src/usb_istr.c ****     Resume(RESUME_EXTERNAL);
 142:../application/Src/usb_istr.c **** #ifdef WKUP_CALLBACK
 143:../application/Src/usb_istr.c ****     WKUP_Callback();
 144:../application/Src/usb_istr.c **** #endif
 145:../application/Src/usb_istr.c ****   }
 146:../application/Src/usb_istr.c **** #endif
 147:../application/Src/usb_istr.c ****   /*-*-*-*-*-*-*-*-*-*-*-*-*-*-*-*-*-*-*-*-*-*-*-*-*-*-*-*-*-*-*-*-*-*-*/
 148:../application/Src/usb_istr.c **** #if (IMR_MSK & ISTR_SUSP)
 149:../application/Src/usb_istr.c ****   if (wIstr & ISTR_SUSP & wInterrupt_Mask)
 109              		.loc 1 149 3 is_stmt 1 view .LVU30
 110              		.loc 1 149 13 is_stmt 0 view .LVU31
 111 004e 2288     		ldrh	r2, [r4]
 112              		.loc 1 149 6 view .LVU32
 113 0050 1A40     		ands	r2, r2, r3
 114 0052 1105     		lsls	r1, r2, #20
 115 0054 0AD5     		bpl	.L6
 150:../application/Src/usb_istr.c ****   {
 151:../application/Src/usb_istr.c **** 
 152:../application/Src/usb_istr.c ****     /* check if SUSPEND is possible */
 153:../application/Src/usb_istr.c ****     if (fSuspendEnabled)
 116              		.loc 1 153 5 is_stmt 1 view .LVU33
 117              		.loc 1 153 9 is_stmt 0 view .LVU34
 118 0056 4F4B     		ldr	r3, .L37+16
 119 0058 1B78     		ldrb	r3, [r3]	@ zero_extendqisi2
 120              		.loc 1 153 8 view .LVU35
 121 005a 4BBB     		cbnz	r3, .L35
 154:../application/Src/usb_istr.c ****     {
 155:../application/Src/usb_istr.c ****       Suspend();
 156:../application/Src/usb_istr.c ****     }
 157:../application/Src/usb_istr.c ****     else
 158:../application/Src/usb_istr.c ****     {
 159:../application/Src/usb_istr.c ****       /* if not possible then resume after xx ms */
 160:../application/Src/usb_istr.c ****       Resume(RESUME_LATER);
 122              		.loc 1 160 7 is_stmt 1 view .LVU36
ARM GAS  /tmp/ccJjkDbi.s 			page 6


 123 005c 0220     		movs	r0, #2
 124 005e FFF7FEFF 		bl	Resume
 125              	.LVL2:
 126              	.L8:
 161:../application/Src/usb_istr.c ****     }
 162:../application/Src/usb_istr.c ****     /* clear of the ISTR bit must be done after setting of CNTR_FSUSP */
 163:../application/Src/usb_istr.c ****     _SetISTR((uint16_t)CLR_SUSP);
 127              		.loc 1 163 5 view .LVU37
 128 0062 4FF2FF72 		movw	r2, #63487
 129 0066 474B     		ldr	r3, .L37
 130 0068 1A60     		str	r2, [r3]
 131 006a 2B88     		ldrh	r3, [r5]
 132              	.L6:
 164:../application/Src/usb_istr.c **** #ifdef SUSP_CALLBACK
 165:../application/Src/usb_istr.c ****     SUSP_Callback();
 166:../application/Src/usb_istr.c **** #endif
 167:../application/Src/usb_istr.c ****   }
 168:../application/Src/usb_istr.c **** #endif
 169:../application/Src/usb_istr.c ****   /*-*-*-*-*-*-*-*-*-*-*-*-*-*-*-*-*-*-*-*-*-*-*-*-*-*-*-*-*-*-*-*-*-*-*/
 170:../application/Src/usb_istr.c **** #if (IMR_MSK & ISTR_SOF)
 171:../application/Src/usb_istr.c ****   if (wIstr & ISTR_SOF & wInterrupt_Mask)
 133              		.loc 1 171 3 view .LVU38
 134              		.loc 1 171 13 is_stmt 0 view .LVU39
 135 006c 2288     		ldrh	r2, [r4]
 136              		.loc 1 171 6 view .LVU40
 137 006e 1A40     		ands	r2, r2, r3
 138 0070 9205     		lsls	r2, r2, #22
 139 0072 08D5     		bpl	.L9
 172:../application/Src/usb_istr.c ****   {
 173:../application/Src/usb_istr.c ****     _SetISTR((uint16_t)CLR_SOF);
 140              		.loc 1 173 5 is_stmt 1 view .LVU41
 141 0074 4FF6FF50 		movw	r0, #65023
 142 0078 424A     		ldr	r2, .L37
 174:../application/Src/usb_istr.c ****     bIntPackSOF++;
 143              		.loc 1 174 16 is_stmt 0 view .LVU42
 144 007a 4749     		ldr	r1, .L37+20
 173:../application/Src/usb_istr.c ****     bIntPackSOF++;
 145              		.loc 1 173 5 view .LVU43
 146 007c 1060     		str	r0, [r2]
 147              		.loc 1 174 5 is_stmt 1 view .LVU44
 148              		.loc 1 174 16 is_stmt 0 view .LVU45
 149 007e 0A78     		ldrb	r2, [r1]	@ zero_extendqisi2
 150 0080 0132     		adds	r2, r2, #1
 151 0082 D2B2     		uxtb	r2, r2
 152 0084 0A70     		strb	r2, [r1]
 153              	.L9:
 175:../application/Src/usb_istr.c **** 
 176:../application/Src/usb_istr.c **** #ifdef SOF_CALLBACK
 177:../application/Src/usb_istr.c ****     SOF_Callback();
 178:../application/Src/usb_istr.c **** #endif
 179:../application/Src/usb_istr.c ****   }
 180:../application/Src/usb_istr.c **** #endif
 181:../application/Src/usb_istr.c ****   /*-*-*-*-*-*-*-*-*-*-*-*-*-*-*-*-*-*-*-*-*-*-*-*-*-*-*-*-*-*-*-*-*-*-*/
 182:../application/Src/usb_istr.c **** #if (IMR_MSK & ISTR_ESOF)
 183:../application/Src/usb_istr.c ****   if (wIstr & ISTR_ESOF & wInterrupt_Mask)
 154              		.loc 1 183 3 is_stmt 1 view .LVU46
 155              		.loc 1 183 13 is_stmt 0 view .LVU47
ARM GAS  /tmp/ccJjkDbi.s 			page 7


 156 0086 2288     		ldrh	r2, [r4]
 157              		.loc 1 183 6 view .LVU48
 158 0088 1340     		ands	r3, r3, r2
 159 008a DB05     		lsls	r3, r3, #23
 160 008c 6BD5     		bpl	.L1
 184:../application/Src/usb_istr.c ****   {
 185:../application/Src/usb_istr.c ****     /* clear ESOF flag in ISTR */
 186:../application/Src/usb_istr.c ****     _SetISTR((uint16_t)CLR_ESOF);
 161              		.loc 1 186 5 is_stmt 1 view .LVU49
 162 008e 4FF6FF61 		movw	r1, #65279
 163 0092 3C4B     		ldr	r3, .L37
 187:../application/Src/usb_istr.c ****     
 188:../application/Src/usb_istr.c ****     if ((_GetFNR()&FNR_RXDP)!=0)
 164              		.loc 1 188 10 is_stmt 0 view .LVU50
 165 0094 414A     		ldr	r2, .L37+24
 186:../application/Src/usb_istr.c ****     
 166              		.loc 1 186 5 view .LVU51
 167 0096 1960     		str	r1, [r3]
 168              		.loc 1 188 5 is_stmt 1 view .LVU52
 169              		.loc 1 188 10 is_stmt 0 view .LVU53
 170 0098 1268     		ldr	r2, [r2]
 171              		.loc 1 188 8 view .LVU54
 172 009a 1504     		lsls	r5, r2, #16
 173 009c 0BD4     		bmi	.L36
 189:../application/Src/usb_istr.c ****     {
 190:../application/Src/usb_istr.c ****       /* increment ESOF counter */
 191:../application/Src/usb_istr.c ****       esof_counter ++;
 192:../application/Src/usb_istr.c ****       
 193:../application/Src/usb_istr.c ****       /* test if we enter in ESOF more than 3 times with FSUSP =0 and RXDP =1=>> possible missing S
 194:../application/Src/usb_istr.c ****       if ((esof_counter >3)&&((_GetCNTR()&CNTR_FSUSP)==0))
 195:../application/Src/usb_istr.c ****       {           
 196:../application/Src/usb_istr.c ****         /* this a sequence to apply a force RESET*/
 197:../application/Src/usb_istr.c ****       
 198:../application/Src/usb_istr.c ****         /*Store CNTR value */
 199:../application/Src/usb_istr.c ****         wCNTR = _GetCNTR(); 
 200:../application/Src/usb_istr.c ****       
 201:../application/Src/usb_istr.c ****         /*Store endpoints registers status */
 202:../application/Src/usb_istr.c ****         for (i=0;i<8;i++) EP[i] = _GetENDPOINT(i);
 203:../application/Src/usb_istr.c ****       
 204:../application/Src/usb_istr.c ****         /*apply FRES */
 205:../application/Src/usb_istr.c ****         wCNTR|=CNTR_FRES;
 206:../application/Src/usb_istr.c ****         _SetCNTR(wCNTR);
 207:../application/Src/usb_istr.c ****  
 208:../application/Src/usb_istr.c ****         /*clear FRES*/
 209:../application/Src/usb_istr.c ****         wCNTR&=~CNTR_FRES;
 210:../application/Src/usb_istr.c ****         _SetCNTR(wCNTR);
 211:../application/Src/usb_istr.c ****       
 212:../application/Src/usb_istr.c ****         /*poll for RESET flag in ISTR*/
 213:../application/Src/usb_istr.c ****         while((_GetISTR()&ISTR_RESET) == 0);
 214:../application/Src/usb_istr.c ****   
 215:../application/Src/usb_istr.c ****         /* clear RESET flag in ISTR */
 216:../application/Src/usb_istr.c ****         _SetISTR((uint16_t)CLR_RESET);
 217:../application/Src/usb_istr.c ****    
 218:../application/Src/usb_istr.c ****        /*restore Enpoints*/
 219:../application/Src/usb_istr.c ****         for (i=0;i<8;i++)
 220:../application/Src/usb_istr.c ****         _SetENDPOINT(i, EP[i]);
 221:../application/Src/usb_istr.c ****       
ARM GAS  /tmp/ccJjkDbi.s 			page 8


 222:../application/Src/usb_istr.c ****         esof_counter = 0;
 223:../application/Src/usb_istr.c ****       }
 224:../application/Src/usb_istr.c ****     }
 225:../application/Src/usb_istr.c ****     else
 226:../application/Src/usb_istr.c ****     {
 227:../application/Src/usb_istr.c ****         esof_counter = 0;
 174              		.loc 1 227 9 is_stmt 1 view .LVU55
 175              		.loc 1 227 22 is_stmt 0 view .LVU56
 176 009e 0022     		movs	r2, #0
 177 00a0 3F4B     		ldr	r3, .L37+28
 178 00a2 1A60     		str	r2, [r3]
 179              	.LVL3:
 180              	.L12:
 228:../application/Src/usb_istr.c ****     }
 229:../application/Src/usb_istr.c ****     
 230:../application/Src/usb_istr.c ****     /* resume handling timing is made with ESOFs */
 231:../application/Src/usb_istr.c ****     Resume(RESUME_ESOF); /* request without change of the machine state */
 181              		.loc 1 231 5 is_stmt 1 view .LVU57
 182 00a4 0720     		movs	r0, #7
 232:../application/Src/usb_istr.c **** 
 233:../application/Src/usb_istr.c **** #ifdef ESOF_CALLBACK
 234:../application/Src/usb_istr.c ****     ESOF_Callback();
 235:../application/Src/usb_istr.c **** #endif
 236:../application/Src/usb_istr.c ****   }
 237:../application/Src/usb_istr.c **** #endif
 238:../application/Src/usb_istr.c **** } /* USB_Istr */
 183              		.loc 1 238 1 is_stmt 0 view .LVU58
 184 00a6 09B0     		add	sp, sp, #36
 185              	.LCFI2:
 186              		.cfi_remember_state
 187              		.cfi_def_cfa_offset 12
 188              		@ sp needed
 189 00a8 BDE83040 		pop	{r4, r5, lr}
 190              	.LCFI3:
 191              		.cfi_restore 14
 192              		.cfi_restore 5
 193              		.cfi_restore 4
 194              		.cfi_def_cfa_offset 0
 231:../application/Src/usb_istr.c **** 
 195              		.loc 1 231 5 view .LVU59
 196 00ac FFF7FEBF 		b	Resume
 197              	.LVL4:
 198              	.L35:
 199              	.LCFI4:
 200              		.cfi_restore_state
 155:../application/Src/usb_istr.c ****     }
 201              		.loc 1 155 7 is_stmt 1 view .LVU60
 202 00b0 FFF7FEFF 		bl	Suspend
 203              	.LVL5:
 204 00b4 D5E7     		b	.L8
 205              	.L36:
 191:../application/Src/usb_istr.c ****       
 206              		.loc 1 191 7 view .LVU61
 191:../application/Src/usb_istr.c ****       
 207              		.loc 1 191 20 is_stmt 0 view .LVU62
 208 00b6 3A49     		ldr	r1, .L37+28
 209 00b8 0A68     		ldr	r2, [r1]
ARM GAS  /tmp/ccJjkDbi.s 			page 9


 210 00ba 0132     		adds	r2, r2, #1
 211 00bc 0A60     		str	r2, [r1]
 194:../application/Src/usb_istr.c ****       {           
 212              		.loc 1 194 7 is_stmt 1 view .LVU63
 194:../application/Src/usb_istr.c ****       {           
 213              		.loc 1 194 25 is_stmt 0 view .LVU64
 214 00be 0A68     		ldr	r2, [r1]
 194:../application/Src/usb_istr.c ****       {           
 215              		.loc 1 194 10 view .LVU65
 216 00c0 032A     		cmp	r2, #3
 217 00c2 EFD9     		bls	.L12
 194:../application/Src/usb_istr.c ****       {           
 218              		.loc 1 194 32 discriminator 1 view .LVU66
 219 00c4 3748     		ldr	r0, .L37+32
 220 00c6 0268     		ldr	r2, [r0]
 194:../application/Src/usb_istr.c ****       {           
 221              		.loc 1 194 28 discriminator 1 view .LVU67
 222 00c8 1407     		lsls	r4, r2, #28
 223 00ca EBD4     		bmi	.L12
 199:../application/Src/usb_istr.c ****       
 224              		.loc 1 199 9 is_stmt 1 view .LVU68
 199:../application/Src/usb_istr.c ****       
 225              		.loc 1 199 17 is_stmt 0 view .LVU69
 226 00cc 0468     		ldr	r4, [r0]
 199:../application/Src/usb_istr.c ****       
 227              		.loc 1 199 15 view .LVU70
 228 00ce 364A     		ldr	r2, .L37+36
 202:../application/Src/usb_istr.c ****       
 229              		.loc 1 202 35 view .LVU71
 230 00d0 364D     		ldr	r5, .L37+40
 231 00d2 A4B2     		uxth	r4, r4
 199:../application/Src/usb_istr.c ****       
 232              		.loc 1 199 15 view .LVU72
 233 00d4 1460     		str	r4, [r2]
 202:../application/Src/usb_istr.c ****       
 234              		.loc 1 202 9 is_stmt 1 view .LVU73
 202:../application/Src/usb_istr.c ****       
 235              		.loc 1 202 18 view .LVU74
 202:../application/Src/usb_istr.c ****       
 236              		.loc 1 202 27 view .LVU75
 202:../application/Src/usb_istr.c ****       
 237              		.loc 1 202 35 is_stmt 0 view .LVU76
 238 00d6 2C68     		ldr	r4, [r5]
 239 00d8 A4B2     		uxth	r4, r4
 202:../application/Src/usb_istr.c ****       
 240              		.loc 1 202 33 view .LVU77
 241 00da 0094     		str	r4, [sp]
 202:../application/Src/usb_istr.c ****       
 242              		.loc 1 202 22 is_stmt 1 view .LVU78
 243              	.LVL6:
 202:../application/Src/usb_istr.c ****       
 244              		.loc 1 202 18 view .LVU79
 202:../application/Src/usb_istr.c ****       
 245              		.loc 1 202 27 view .LVU80
 202:../application/Src/usb_istr.c ****       
 246              		.loc 1 202 35 is_stmt 0 view .LVU81
 247 00dc 6C68     		ldr	r4, [r5, #4]
ARM GAS  /tmp/ccJjkDbi.s 			page 10


 248 00de A4B2     		uxth	r4, r4
 202:../application/Src/usb_istr.c ****       
 249              		.loc 1 202 33 view .LVU82
 250 00e0 0194     		str	r4, [sp, #4]
 202:../application/Src/usb_istr.c ****       
 251              		.loc 1 202 22 is_stmt 1 view .LVU83
 252              	.LVL7:
 202:../application/Src/usb_istr.c ****       
 253              		.loc 1 202 18 view .LVU84
 202:../application/Src/usb_istr.c ****       
 254              		.loc 1 202 27 view .LVU85
 202:../application/Src/usb_istr.c ****       
 255              		.loc 1 202 35 is_stmt 0 view .LVU86
 256 00e2 AC68     		ldr	r4, [r5, #8]
 257 00e4 A4B2     		uxth	r4, r4
 202:../application/Src/usb_istr.c ****       
 258              		.loc 1 202 33 view .LVU87
 259 00e6 0294     		str	r4, [sp, #8]
 202:../application/Src/usb_istr.c ****       
 260              		.loc 1 202 22 is_stmt 1 view .LVU88
 261              	.LVL8:
 202:../application/Src/usb_istr.c ****       
 262              		.loc 1 202 18 view .LVU89
 202:../application/Src/usb_istr.c ****       
 263              		.loc 1 202 27 view .LVU90
 202:../application/Src/usb_istr.c ****       
 264              		.loc 1 202 35 is_stmt 0 view .LVU91
 265 00e8 EC68     		ldr	r4, [r5, #12]
 266 00ea A4B2     		uxth	r4, r4
 202:../application/Src/usb_istr.c ****       
 267              		.loc 1 202 33 view .LVU92
 268 00ec 0394     		str	r4, [sp, #12]
 202:../application/Src/usb_istr.c ****       
 269              		.loc 1 202 22 is_stmt 1 view .LVU93
 270              	.LVL9:
 202:../application/Src/usb_istr.c ****       
 271              		.loc 1 202 18 view .LVU94
 202:../application/Src/usb_istr.c ****       
 272              		.loc 1 202 27 view .LVU95
 202:../application/Src/usb_istr.c ****       
 273              		.loc 1 202 35 is_stmt 0 view .LVU96
 274 00ee 2C69     		ldr	r4, [r5, #16]
 275 00f0 A4B2     		uxth	r4, r4
 202:../application/Src/usb_istr.c ****       
 276              		.loc 1 202 33 view .LVU97
 277 00f2 0494     		str	r4, [sp, #16]
 202:../application/Src/usb_istr.c ****       
 278              		.loc 1 202 22 is_stmt 1 view .LVU98
 279              	.LVL10:
 202:../application/Src/usb_istr.c ****       
 280              		.loc 1 202 18 view .LVU99
 202:../application/Src/usb_istr.c ****       
 281              		.loc 1 202 27 view .LVU100
 202:../application/Src/usb_istr.c ****       
 282              		.loc 1 202 35 is_stmt 0 view .LVU101
 283 00f4 6C69     		ldr	r4, [r5, #20]
 284 00f6 A4B2     		uxth	r4, r4
ARM GAS  /tmp/ccJjkDbi.s 			page 11


 202:../application/Src/usb_istr.c ****       
 285              		.loc 1 202 33 view .LVU102
 286 00f8 0594     		str	r4, [sp, #20]
 202:../application/Src/usb_istr.c ****       
 287              		.loc 1 202 22 is_stmt 1 view .LVU103
 288              	.LVL11:
 202:../application/Src/usb_istr.c ****       
 289              		.loc 1 202 18 view .LVU104
 202:../application/Src/usb_istr.c ****       
 290              		.loc 1 202 27 view .LVU105
 202:../application/Src/usb_istr.c ****       
 291              		.loc 1 202 35 is_stmt 0 view .LVU106
 292 00fa AC69     		ldr	r4, [r5, #24]
 293 00fc A4B2     		uxth	r4, r4
 202:../application/Src/usb_istr.c ****       
 294              		.loc 1 202 33 view .LVU107
 295 00fe 0694     		str	r4, [sp, #24]
 202:../application/Src/usb_istr.c ****       
 296              		.loc 1 202 22 is_stmt 1 view .LVU108
 297              	.LVL12:
 202:../application/Src/usb_istr.c ****       
 298              		.loc 1 202 18 view .LVU109
 202:../application/Src/usb_istr.c ****       
 299              		.loc 1 202 27 view .LVU110
 202:../application/Src/usb_istr.c ****       
 300              		.loc 1 202 35 is_stmt 0 view .LVU111
 301 0100 EC69     		ldr	r4, [r5, #28]
 302 0102 A4B2     		uxth	r4, r4
 202:../application/Src/usb_istr.c ****       
 303              		.loc 1 202 33 view .LVU112
 304 0104 0794     		str	r4, [sp, #28]
 202:../application/Src/usb_istr.c ****       
 305              		.loc 1 202 22 is_stmt 1 view .LVU113
 306              	.LVL13:
 202:../application/Src/usb_istr.c ****       
 307              		.loc 1 202 18 view .LVU114
 205:../application/Src/usb_istr.c ****         _SetCNTR(wCNTR);
 308              		.loc 1 205 9 view .LVU115
 205:../application/Src/usb_istr.c ****         _SetCNTR(wCNTR);
 309              		.loc 1 205 14 is_stmt 0 view .LVU116
 310 0106 1468     		ldr	r4, [r2]
 311 0108 44F00104 		orr	r4, r4, #1
 312 010c 1460     		str	r4, [r2]
 206:../application/Src/usb_istr.c ****  
 313              		.loc 1 206 9 is_stmt 1 view .LVU117
 314 010e 1468     		ldr	r4, [r2]
 315 0110 A4B2     		uxth	r4, r4
 316 0112 0460     		str	r4, [r0]
 209:../application/Src/usb_istr.c ****         _SetCNTR(wCNTR);
 317              		.loc 1 209 9 view .LVU118
 209:../application/Src/usb_istr.c ****         _SetCNTR(wCNTR);
 318              		.loc 1 209 14 is_stmt 0 view .LVU119
 319 0114 1468     		ldr	r4, [r2]
 320 0116 24F00104 		bic	r4, r4, #1
 321 011a 1460     		str	r4, [r2]
 210:../application/Src/usb_istr.c ****       
 322              		.loc 1 210 9 is_stmt 1 view .LVU120
ARM GAS  /tmp/ccJjkDbi.s 			page 12


 323 011c 1268     		ldr	r2, [r2]
 324 011e 92B2     		uxth	r2, r2
 325 0120 0260     		str	r2, [r0]
 213:../application/Src/usb_istr.c ****   
 326              		.loc 1 213 9 view .LVU121
 327              	.L13:
 213:../application/Src/usb_istr.c ****   
 328              		.loc 1 213 44 discriminator 1 view .LVU122
 213:../application/Src/usb_istr.c ****   
 329              		.loc 1 213 14 discriminator 1 view .LVU123
 213:../application/Src/usb_istr.c ****   
 330              		.loc 1 213 16 is_stmt 0 discriminator 1 view .LVU124
 331 0122 1A68     		ldr	r2, [r3]
 213:../application/Src/usb_istr.c ****   
 332              		.loc 1 213 14 discriminator 1 view .LVU125
 333 0124 5205     		lsls	r2, r2, #21
 334 0126 FCD5     		bpl	.L13
 216:../application/Src/usb_istr.c ****    
 335              		.loc 1 216 9 is_stmt 1 view .LVU126
 336 0128 4FF6FF30 		movw	r0, #64511
 222:../application/Src/usb_istr.c ****       }
 337              		.loc 1 222 22 is_stmt 0 view .LVU127
 338 012c 0022     		movs	r2, #0
 216:../application/Src/usb_istr.c ****    
 339              		.loc 1 216 9 view .LVU128
 340 012e 1860     		str	r0, [r3]
 219:../application/Src/usb_istr.c ****         _SetENDPOINT(i, EP[i]);
 341              		.loc 1 219 9 is_stmt 1 view .LVU129
 342              	.LVL14:
 219:../application/Src/usb_istr.c ****         _SetENDPOINT(i, EP[i]);
 343              		.loc 1 219 18 view .LVU130
 220:../application/Src/usb_istr.c ****       
 344              		.loc 1 220 9 view .LVU131
 345 0130 009B     		ldr	r3, [sp]
 346 0132 1E48     		ldr	r0, .L37+40
 347 0134 9BB2     		uxth	r3, r3
 348 0136 0360     		str	r3, [r0]
 219:../application/Src/usb_istr.c ****         _SetENDPOINT(i, EP[i]);
 349              		.loc 1 219 22 view .LVU132
 350              	.LVL15:
 219:../application/Src/usb_istr.c ****         _SetENDPOINT(i, EP[i]);
 351              		.loc 1 219 18 view .LVU133
 220:../application/Src/usb_istr.c ****       
 352              		.loc 1 220 9 view .LVU134
 353 0138 019B     		ldr	r3, [sp, #4]
 354 013a 9BB2     		uxth	r3, r3
 355 013c 4360     		str	r3, [r0, #4]
 219:../application/Src/usb_istr.c ****         _SetENDPOINT(i, EP[i]);
 356              		.loc 1 219 22 view .LVU135
 357              	.LVL16:
 219:../application/Src/usb_istr.c ****         _SetENDPOINT(i, EP[i]);
 358              		.loc 1 219 18 view .LVU136
 220:../application/Src/usb_istr.c ****       
 359              		.loc 1 220 9 view .LVU137
 360 013e 029B     		ldr	r3, [sp, #8]
 361 0140 9BB2     		uxth	r3, r3
 362 0142 8360     		str	r3, [r0, #8]
ARM GAS  /tmp/ccJjkDbi.s 			page 13


 219:../application/Src/usb_istr.c ****         _SetENDPOINT(i, EP[i]);
 363              		.loc 1 219 22 view .LVU138
 364              	.LVL17:
 219:../application/Src/usb_istr.c ****         _SetENDPOINT(i, EP[i]);
 365              		.loc 1 219 18 view .LVU139
 220:../application/Src/usb_istr.c ****       
 366              		.loc 1 220 9 view .LVU140
 367 0144 039B     		ldr	r3, [sp, #12]
 368 0146 9BB2     		uxth	r3, r3
 369 0148 C360     		str	r3, [r0, #12]
 219:../application/Src/usb_istr.c ****         _SetENDPOINT(i, EP[i]);
 370              		.loc 1 219 22 view .LVU141
 371              	.LVL18:
 219:../application/Src/usb_istr.c ****         _SetENDPOINT(i, EP[i]);
 372              		.loc 1 219 18 view .LVU142
 220:../application/Src/usb_istr.c ****       
 373              		.loc 1 220 9 view .LVU143
 374 014a 049B     		ldr	r3, [sp, #16]
 375 014c 9BB2     		uxth	r3, r3
 376 014e 0361     		str	r3, [r0, #16]
 219:../application/Src/usb_istr.c ****         _SetENDPOINT(i, EP[i]);
 377              		.loc 1 219 22 view .LVU144
 378              	.LVL19:
 219:../application/Src/usb_istr.c ****         _SetENDPOINT(i, EP[i]);
 379              		.loc 1 219 18 view .LVU145
 220:../application/Src/usb_istr.c ****       
 380              		.loc 1 220 9 view .LVU146
 381 0150 059B     		ldr	r3, [sp, #20]
 382 0152 9BB2     		uxth	r3, r3
 383 0154 4361     		str	r3, [r0, #20]
 219:../application/Src/usb_istr.c ****         _SetENDPOINT(i, EP[i]);
 384              		.loc 1 219 22 view .LVU147
 385              	.LVL20:
 219:../application/Src/usb_istr.c ****         _SetENDPOINT(i, EP[i]);
 386              		.loc 1 219 18 view .LVU148
 220:../application/Src/usb_istr.c ****       
 387              		.loc 1 220 9 view .LVU149
 388 0156 069B     		ldr	r3, [sp, #24]
 389 0158 9BB2     		uxth	r3, r3
 390 015a 8361     		str	r3, [r0, #24]
 219:../application/Src/usb_istr.c ****         _SetENDPOINT(i, EP[i]);
 391              		.loc 1 219 22 view .LVU150
 392              	.LVL21:
 219:../application/Src/usb_istr.c ****         _SetENDPOINT(i, EP[i]);
 393              		.loc 1 219 18 view .LVU151
 220:../application/Src/usb_istr.c ****       
 394              		.loc 1 220 9 view .LVU152
 395 015c 079B     		ldr	r3, [sp, #28]
 396 015e 9BB2     		uxth	r3, r3
 397 0160 C361     		str	r3, [r0, #28]
 219:../application/Src/usb_istr.c ****         _SetENDPOINT(i, EP[i]);
 398              		.loc 1 219 22 view .LVU153
 399              	.LVL22:
 219:../application/Src/usb_istr.c ****         _SetENDPOINT(i, EP[i]);
 400              		.loc 1 219 18 view .LVU154
 222:../application/Src/usb_istr.c ****       }
 401              		.loc 1 222 9 view .LVU155
ARM GAS  /tmp/ccJjkDbi.s 			page 14


 222:../application/Src/usb_istr.c ****       }
 402              		.loc 1 222 22 is_stmt 0 view .LVU156
 403 0162 0A60     		str	r2, [r1]
 404 0164 9EE7     		b	.L12
 405              	.LVL23:
 406              	.L1:
 407              		.loc 1 238 1 view .LVU157
 408 0166 09B0     		add	sp, sp, #36
 409              	.LCFI5:
 410              		.cfi_remember_state
 411              		.cfi_def_cfa_offset 12
 412              		@ sp needed
 413 0168 30BD     		pop	{r4, r5, pc}
 414              	.L34:
 415              	.LCFI6:
 416              		.cfi_restore_state
 140:../application/Src/usb_istr.c ****     Resume(RESUME_EXTERNAL);
 417              		.loc 1 140 5 is_stmt 1 view .LVU158
 418 016a 4EF6FF72 		movw	r2, #61439
 419 016e 054B     		ldr	r3, .L37
 141:../application/Src/usb_istr.c **** #ifdef WKUP_CALLBACK
 420              		.loc 1 141 5 is_stmt 0 view .LVU159
 421 0170 0020     		movs	r0, #0
 140:../application/Src/usb_istr.c ****     Resume(RESUME_EXTERNAL);
 422              		.loc 1 140 5 view .LVU160
 423 0172 1A60     		str	r2, [r3]
 141:../application/Src/usb_istr.c **** #ifdef WKUP_CALLBACK
 424              		.loc 1 141 5 is_stmt 1 view .LVU161
 425 0174 FFF7FEFF 		bl	Resume
 426              	.LVL24:
 427 0178 2B88     		ldrh	r3, [r5]
 428 017a 68E7     		b	.L5
 429              	.L33:
  99:../application/Src/usb_istr.c **** #ifdef CTR_CALLBACK
 430              		.loc 1 99 5 view .LVU162
 431 017c FFF7FEFF 		bl	CTR_LP
 432              	.LVL25:
 433 0180 2B88     		ldrh	r3, [r5]
 434 0182 4BE7     		b	.L2
 435              	.L38:
 436              		.align	2
 437              	.L37:
 438 0184 445C0040 		.word	1073765444
 439 0188 00000000 		.word	wIstr
 440 018c 00000000 		.word	wInterrupt_Mask
 441 0190 00000000 		.word	Device_Property
 442 0194 00000000 		.word	fSuspendEnabled
 443 0198 00000000 		.word	.LANCHOR0
 444 019c 485C0040 		.word	1073765448
 445 01a0 00000000 		.word	.LANCHOR1
 446 01a4 405C0040 		.word	1073765440
 447 01a8 00000000 		.word	.LANCHOR2
 448 01ac 005C0040 		.word	1073765376
 449              		.cfi_endproc
 450              	.LFE29:
 452              		.global	pEpInt_OUT
 453              		.global	pEpInt_IN
ARM GAS  /tmp/ccJjkDbi.s 			page 15


 454              		.global	wCNTR
 455              		.global	esof_counter
 456              		.global	bIntPackSOF
 457              		.comm	wIstr,2,2
 458              		.section	.bss.bIntPackSOF,"aw",%nobits
 459              		.set	.LANCHOR0,. + 0
 462              	bIntPackSOF:
 463 0000 00       		.space	1
 464              		.section	.bss.esof_counter,"aw",%nobits
 465              		.align	2
 466              		.set	.LANCHOR1,. + 0
 469              	esof_counter:
 470 0000 00000000 		.space	4
 471              		.section	.bss.wCNTR,"aw",%nobits
 472              		.align	2
 473              		.set	.LANCHOR2,. + 0
 476              	wCNTR:
 477 0000 00000000 		.space	4
 478              		.section	.data.pEpInt_IN,"aw"
 479              		.align	2
 482              	pEpInt_IN:
 483 0000 00000000 		.word	EP1_IN_Callback
 484 0004 00000000 		.word	EP2_IN_Callback
 485 0008 00000000 		.word	NOP_Process
 486 000c 00000000 		.word	NOP_Process
 487 0010 00000000 		.word	NOP_Process
 488 0014 00000000 		.word	NOP_Process
 489 0018 00000000 		.word	NOP_Process
 490              		.section	.data.pEpInt_OUT,"aw"
 491              		.align	2
 494              	pEpInt_OUT:
 495 0000 00000000 		.word	EP1_OUT_Callback
 496 0004 00000000 		.word	EP2_OUT_Callback
 497 0008 00000000 		.word	NOP_Process
 498 000c 00000000 		.word	NOP_Process
 499 0010 00000000 		.word	NOP_Process
 500 0014 00000000 		.word	NOP_Process
 501 0018 00000000 		.word	NOP_Process
 502              		.text
 503              	.Letext0:
 504              		.file 2 "/usr/lib/gcc/arm-none-eabi/9.2.1/include/stdint.h"
 505              		.file 3 "../Drivers/CMSIS/CM3/CoreSupport/core_cm3.h"
 506              		.file 4 "../Drivers/CMSIS/CM3/DeviceSupport/ST/STM32F10x/system_stm32f10x.h"
 507              		.file 5 "../Drivers/STM32_USB-FS-Device_Driver/inc/usb_type.h"
 508              		.file 6 "../Drivers/STM32_USB-FS-Device_Driver/inc/usb_regs.h"
 509              		.file 7 "../Drivers/STM32_USB-FS-Device_Driver/inc/usb_core.h"
 510              		.file 8 "../Drivers/STM32_USB-FS-Device_Driver/inc/usb_init.h"
 511              		.file 9 "../Drivers/STM32_USB-FS-Device_Driver/inc/usb_lib.h"
 512              		.file 10 "../application/Inc/usb_pwr.h"
 513              		.file 11 "../Drivers/STM32_USB-FS-Device_Driver/inc/usb_int.h"
ARM GAS  /tmp/ccJjkDbi.s 			page 16


DEFINED SYMBOLS
                            *ABS*:0000000000000000 usb_istr.c
     /tmp/ccJjkDbi.s:16     .text.USB_Istr:0000000000000000 $t
     /tmp/ccJjkDbi.s:25     .text.USB_Istr:0000000000000000 USB_Istr
     /tmp/ccJjkDbi.s:438    .text.USB_Istr:0000000000000184 $d
                            *COM*:0000000000000002 wIstr
     /tmp/ccJjkDbi.s:494    .data.pEpInt_OUT:0000000000000000 pEpInt_OUT
     /tmp/ccJjkDbi.s:482    .data.pEpInt_IN:0000000000000000 pEpInt_IN
     /tmp/ccJjkDbi.s:476    .bss.wCNTR:0000000000000000 wCNTR
     /tmp/ccJjkDbi.s:469    .bss.esof_counter:0000000000000000 esof_counter
     /tmp/ccJjkDbi.s:462    .bss.bIntPackSOF:0000000000000000 bIntPackSOF
     /tmp/ccJjkDbi.s:463    .bss.bIntPackSOF:0000000000000000 $d
     /tmp/ccJjkDbi.s:465    .bss.esof_counter:0000000000000000 $d
     /tmp/ccJjkDbi.s:472    .bss.wCNTR:0000000000000000 $d
     /tmp/ccJjkDbi.s:479    .data.pEpInt_IN:0000000000000000 $d
     /tmp/ccJjkDbi.s:491    .data.pEpInt_OUT:0000000000000000 $d

UNDEFINED SYMBOLS
Resume
Suspend
CTR_LP
wInterrupt_Mask
Device_Property
fSuspendEnabled
EP1_IN_Callback
EP2_IN_Callback
NOP_Process
EP1_OUT_Callback
EP2_OUT_Callback
