ARM GAS  /tmp/ccRbhAac.s 			page 1


   1              		.cpu cortex-m3
   2              		.eabi_attribute 20, 1
   3              		.eabi_attribute 21, 1
   4              		.eabi_attribute 23, 3
   5              		.eabi_attribute 24, 1
   6              		.eabi_attribute 25, 1
   7              		.eabi_attribute 26, 1
   8              		.eabi_attribute 30, 2
   9              		.eabi_attribute 34, 1
  10              		.eabi_attribute 18, 4
  11              		.file	"usb_mem.c"
  12              		.text
  13              	.Ltext0:
  14              		.cfi_sections	.debug_frame
  15              		.section	.text.UserToPMABufferCopy,"ax",%progbits
  16              		.align	1
  17              		.p2align 2,,3
  18              		.global	UserToPMABufferCopy
  19              		.arch armv7-m
  20              		.syntax unified
  21              		.thumb
  22              		.thumb_func
  23              		.fpu softvfp
  25              	UserToPMABufferCopy:
  26              	.LVL0:
  27              	.LFB29:
  28              		.file 1 "../Drivers/STM32_USB-FS-Device_Driver/src/usb_mem.c"
   1:../Drivers/STM32_USB-FS-Device_Driver/src/usb_mem.c **** /**
   2:../Drivers/STM32_USB-FS-Device_Driver/src/usb_mem.c ****   ******************************************************************************
   3:../Drivers/STM32_USB-FS-Device_Driver/src/usb_mem.c ****   * @file    usb_mem.c
   4:../Drivers/STM32_USB-FS-Device_Driver/src/usb_mem.c ****   * @author  MCD Application Team
   5:../Drivers/STM32_USB-FS-Device_Driver/src/usb_mem.c ****   * @version V4.1.0
   6:../Drivers/STM32_USB-FS-Device_Driver/src/usb_mem.c ****   * @date    26-May-2017
   7:../Drivers/STM32_USB-FS-Device_Driver/src/usb_mem.c ****   * @brief   Utility functions for memory transfers to/from PMA
   8:../Drivers/STM32_USB-FS-Device_Driver/src/usb_mem.c ****   ******************************************************************************
   9:../Drivers/STM32_USB-FS-Device_Driver/src/usb_mem.c ****   * @attention
  10:../Drivers/STM32_USB-FS-Device_Driver/src/usb_mem.c ****   *
  11:../Drivers/STM32_USB-FS-Device_Driver/src/usb_mem.c ****   * <h2><center>&copy; Copyright (c) 2017 STMicroelectronics International N.V. 
  12:../Drivers/STM32_USB-FS-Device_Driver/src/usb_mem.c ****   * All rights reserved.</center></h2>
  13:../Drivers/STM32_USB-FS-Device_Driver/src/usb_mem.c ****   *
  14:../Drivers/STM32_USB-FS-Device_Driver/src/usb_mem.c ****   * Redistribution and use in source and binary forms, with or without 
  15:../Drivers/STM32_USB-FS-Device_Driver/src/usb_mem.c ****   * modification, are permitted, provided that the following conditions are met:
  16:../Drivers/STM32_USB-FS-Device_Driver/src/usb_mem.c ****   *
  17:../Drivers/STM32_USB-FS-Device_Driver/src/usb_mem.c ****   * 1. Redistribution of source code must retain the above copyright notice, 
  18:../Drivers/STM32_USB-FS-Device_Driver/src/usb_mem.c ****   *    this list of conditions and the following disclaimer.
  19:../Drivers/STM32_USB-FS-Device_Driver/src/usb_mem.c ****   * 2. Redistributions in binary form must reproduce the above copyright notice,
  20:../Drivers/STM32_USB-FS-Device_Driver/src/usb_mem.c ****   *    this list of conditions and the following disclaimer in the documentation
  21:../Drivers/STM32_USB-FS-Device_Driver/src/usb_mem.c ****   *    and/or other materials provided with the distribution.
  22:../Drivers/STM32_USB-FS-Device_Driver/src/usb_mem.c ****   * 3. Neither the name of STMicroelectronics nor the names of other 
  23:../Drivers/STM32_USB-FS-Device_Driver/src/usb_mem.c ****   *    contributors to this software may be used to endorse or promote products 
  24:../Drivers/STM32_USB-FS-Device_Driver/src/usb_mem.c ****   *    derived from this software without specific written permission.
  25:../Drivers/STM32_USB-FS-Device_Driver/src/usb_mem.c ****   * 4. This software, including modifications and/or derivative works of this 
  26:../Drivers/STM32_USB-FS-Device_Driver/src/usb_mem.c ****   *    software, must execute solely and exclusively on microcontroller or
  27:../Drivers/STM32_USB-FS-Device_Driver/src/usb_mem.c ****   *    microprocessor devices manufactured by or for STMicroelectronics.
  28:../Drivers/STM32_USB-FS-Device_Driver/src/usb_mem.c ****   * 5. Redistribution and use of this software other than as permitted under 
  29:../Drivers/STM32_USB-FS-Device_Driver/src/usb_mem.c ****   *    this license is void and will automatically terminate your rights under 
  30:../Drivers/STM32_USB-FS-Device_Driver/src/usb_mem.c ****   *    this license. 
ARM GAS  /tmp/ccRbhAac.s 			page 2


  31:../Drivers/STM32_USB-FS-Device_Driver/src/usb_mem.c ****   *
  32:../Drivers/STM32_USB-FS-Device_Driver/src/usb_mem.c ****   * THIS SOFTWARE IS PROVIDED BY STMICROELECTRONICS AND CONTRIBUTORS "AS IS" 
  33:../Drivers/STM32_USB-FS-Device_Driver/src/usb_mem.c ****   * AND ANY EXPRESS, IMPLIED OR STATUTORY WARRANTIES, INCLUDING, BUT NOT 
  34:../Drivers/STM32_USB-FS-Device_Driver/src/usb_mem.c ****   * LIMITED TO, THE IMPLIED WARRANTIES OF MERCHANTABILITY, FITNESS FOR A 
  35:../Drivers/STM32_USB-FS-Device_Driver/src/usb_mem.c ****   * PARTICULAR PURPOSE AND NON-INFRINGEMENT OF THIRD PARTY INTELLECTUAL PROPERTY
  36:../Drivers/STM32_USB-FS-Device_Driver/src/usb_mem.c ****   * RIGHTS ARE DISCLAIMED TO THE FULLEST EXTENT PERMITTED BY LAW. IN NO EVENT 
  37:../Drivers/STM32_USB-FS-Device_Driver/src/usb_mem.c ****   * SHALL STMICROELECTRONICS OR CONTRIBUTORS BE LIABLE FOR ANY DIRECT, INDIRECT,
  38:../Drivers/STM32_USB-FS-Device_Driver/src/usb_mem.c ****   * INCIDENTAL, SPECIAL, EXEMPLARY, OR CONSEQUENTIAL DAMAGES (INCLUDING, BUT NOT
  39:../Drivers/STM32_USB-FS-Device_Driver/src/usb_mem.c ****   * LIMITED TO, PROCUREMENT OF SUBSTITUTE GOODS OR SERVICES; LOSS OF USE, DATA, 
  40:../Drivers/STM32_USB-FS-Device_Driver/src/usb_mem.c ****   * OR PROFITS; OR BUSINESS INTERRUPTION) HOWEVER CAUSED AND ON ANY THEORY OF 
  41:../Drivers/STM32_USB-FS-Device_Driver/src/usb_mem.c ****   * LIABILITY, WHETHER IN CONTRACT, STRICT LIABILITY, OR TORT (INCLUDING 
  42:../Drivers/STM32_USB-FS-Device_Driver/src/usb_mem.c ****   * NEGLIGENCE OR OTHERWISE) ARISING IN ANY WAY OUT OF THE USE OF THIS SOFTWARE,
  43:../Drivers/STM32_USB-FS-Device_Driver/src/usb_mem.c ****   * EVEN IF ADVISED OF THE POSSIBILITY OF SUCH DAMAGE.
  44:../Drivers/STM32_USB-FS-Device_Driver/src/usb_mem.c ****   *
  45:../Drivers/STM32_USB-FS-Device_Driver/src/usb_mem.c ****   ******************************************************************************
  46:../Drivers/STM32_USB-FS-Device_Driver/src/usb_mem.c ****   */
  47:../Drivers/STM32_USB-FS-Device_Driver/src/usb_mem.c **** 
  48:../Drivers/STM32_USB-FS-Device_Driver/src/usb_mem.c **** /* Includes ------------------------------------------------------------------*/
  49:../Drivers/STM32_USB-FS-Device_Driver/src/usb_mem.c **** #include "usb_lib.h"
  50:../Drivers/STM32_USB-FS-Device_Driver/src/usb_mem.c **** 
  51:../Drivers/STM32_USB-FS-Device_Driver/src/usb_mem.c **** /* Private typedef -----------------------------------------------------------*/
  52:../Drivers/STM32_USB-FS-Device_Driver/src/usb_mem.c **** /* Private define ------------------------------------------------------------*/
  53:../Drivers/STM32_USB-FS-Device_Driver/src/usb_mem.c **** /* Private macro -------------------------------------------------------------*/
  54:../Drivers/STM32_USB-FS-Device_Driver/src/usb_mem.c **** /* Private variables ---------------------------------------------------------*/
  55:../Drivers/STM32_USB-FS-Device_Driver/src/usb_mem.c **** /* Extern variables ----------------------------------------------------------*/
  56:../Drivers/STM32_USB-FS-Device_Driver/src/usb_mem.c **** /* Private function prototypes -----------------------------------------------*/
  57:../Drivers/STM32_USB-FS-Device_Driver/src/usb_mem.c **** /* Private functions ---------------------------------------------------------*/
  58:../Drivers/STM32_USB-FS-Device_Driver/src/usb_mem.c **** 
  59:../Drivers/STM32_USB-FS-Device_Driver/src/usb_mem.c **** /**
  60:../Drivers/STM32_USB-FS-Device_Driver/src/usb_mem.c ****   * Function Name  : UserToPMABufferCopy
  61:../Drivers/STM32_USB-FS-Device_Driver/src/usb_mem.c ****   * Description    : Copy a buffer from user memory area to packet memory area (PMA)
  62:../Drivers/STM32_USB-FS-Device_Driver/src/usb_mem.c ****   * Input          : - pbUsrBuf: pointer to user memory area.
  63:../Drivers/STM32_USB-FS-Device_Driver/src/usb_mem.c ****   *                  - wPMABufAddr: address into PMA.
  64:../Drivers/STM32_USB-FS-Device_Driver/src/usb_mem.c ****   *                  - wNBytes: no. of bytes to be copied.
  65:../Drivers/STM32_USB-FS-Device_Driver/src/usb_mem.c ****   * Output         : None.
  66:../Drivers/STM32_USB-FS-Device_Driver/src/usb_mem.c ****   * Return         : None	.
  67:../Drivers/STM32_USB-FS-Device_Driver/src/usb_mem.c ****   **/
  68:../Drivers/STM32_USB-FS-Device_Driver/src/usb_mem.c **** void UserToPMABufferCopy(uint8_t *pbUsrBuf, uint16_t wPMABufAddr, uint16_t wNBytes)
  69:../Drivers/STM32_USB-FS-Device_Driver/src/usb_mem.c **** {
  29              		.loc 1 69 1 view -0
  30              		.cfi_startproc
  31              		@ args = 0, pretend = 0, frame = 0
  32              		@ frame_needed = 0, uses_anonymous_args = 0
  33              		@ link register save eliminated.
  70:../Drivers/STM32_USB-FS-Device_Driver/src/usb_mem.c **** #if defined STM32F303xE || defined STM32F302x8 
  71:../Drivers/STM32_USB-FS-Device_Driver/src/usb_mem.c ****   uint32_t n = (wNBytes + 1) >> 1;   /* n = (wNBytes + 1) / 2 */
  72:../Drivers/STM32_USB-FS-Device_Driver/src/usb_mem.c ****   uint32_t i;
  73:../Drivers/STM32_USB-FS-Device_Driver/src/usb_mem.c ****   uint16_t *pdwVal;
  74:../Drivers/STM32_USB-FS-Device_Driver/src/usb_mem.c ****   pdwVal = (uint16_t *)(wPMABufAddr + PMAAddr);
  75:../Drivers/STM32_USB-FS-Device_Driver/src/usb_mem.c ****   
  76:../Drivers/STM32_USB-FS-Device_Driver/src/usb_mem.c ****   for (i = n; i != 0; i--)
  77:../Drivers/STM32_USB-FS-Device_Driver/src/usb_mem.c ****   {
  78:../Drivers/STM32_USB-FS-Device_Driver/src/usb_mem.c ****     *pdwVal++ = *(uint16_t*)pbUsrBuf++;
  79:../Drivers/STM32_USB-FS-Device_Driver/src/usb_mem.c ****     pbUsrBuf++;
  80:../Drivers/STM32_USB-FS-Device_Driver/src/usb_mem.c ****   }
  81:../Drivers/STM32_USB-FS-Device_Driver/src/usb_mem.c **** #else
  82:../Drivers/STM32_USB-FS-Device_Driver/src/usb_mem.c ****   uint32_t n = (wNBytes + 1) >> 1;   /* n = (wNBytes + 1) / 2 */
ARM GAS  /tmp/ccRbhAac.s 			page 3


  34              		.loc 1 82 3 view .LVU1
  83:../Drivers/STM32_USB-FS-Device_Driver/src/usb_mem.c ****   uint32_t i, temp1, temp2;
  84:../Drivers/STM32_USB-FS-Device_Driver/src/usb_mem.c ****   uint16_t *pdwVal;
  85:../Drivers/STM32_USB-FS-Device_Driver/src/usb_mem.c ****   pdwVal = (uint16_t *)(wPMABufAddr * 2 + PMAAddr);
  35              		.loc 1 85 41 is_stmt 0 view .LVU2
  36 0000 01F10051 		add	r1, r1, #536870912
  37              	.LVL1:
  82:../Drivers/STM32_USB-FS-Device_Driver/src/usb_mem.c ****   uint32_t i, temp1, temp2;
  38              		.loc 1 82 25 view .LVU3
  39 0004 0132     		adds	r2, r2, #1
  40              	.LVL2:
  83:../Drivers/STM32_USB-FS-Device_Driver/src/usb_mem.c ****   uint32_t i, temp1, temp2;
  41              		.loc 1 83 3 is_stmt 1 view .LVU4
  84:../Drivers/STM32_USB-FS-Device_Driver/src/usb_mem.c ****   pdwVal = (uint16_t *)(wPMABufAddr * 2 + PMAAddr);
  42              		.loc 1 84 3 view .LVU5
  43              		.loc 1 85 3 view .LVU6
  44              		.loc 1 85 41 is_stmt 0 view .LVU7
  45 0006 01F54051 		add	r1, r1, #12288
  86:../Drivers/STM32_USB-FS-Device_Driver/src/usb_mem.c ****   for (i = n; i != 0; i--)
  46              		.loc 1 86 3 view .LVU8
  47 000a 5210     		asrs	r2, r2, #1
  48              	.LVL3:
  85:../Drivers/STM32_USB-FS-Device_Driver/src/usb_mem.c ****   for (i = n; i != 0; i--)
  49              		.loc 1 85 41 view .LVU9
  50 000c 4FEA4101 		lsl	r1, r1, #1
  51              	.LVL4:
  52              		.loc 1 86 3 is_stmt 1 view .LVU10
  53              		.loc 1 86 15 view .LVU11
  54              		.loc 1 86 3 is_stmt 0 view .LVU12
  55 0010 05D0     		beq	.L1
  56              	.LVL5:
  57              	.L2:
  87:../Drivers/STM32_USB-FS-Device_Driver/src/usb_mem.c ****   {
  88:../Drivers/STM32_USB-FS-Device_Driver/src/usb_mem.c ****     temp1 = (uint16_t) * pbUsrBuf;
  58              		.loc 1 88 5 is_stmt 1 discriminator 3 view .LVU13
  89:../Drivers/STM32_USB-FS-Device_Driver/src/usb_mem.c ****     pbUsrBuf++;
  59              		.loc 1 89 5 discriminator 3 view .LVU14
  90:../Drivers/STM32_USB-FS-Device_Driver/src/usb_mem.c ****     temp2 = temp1 | (uint16_t) * pbUsrBuf << 8;
  60              		.loc 1 90 5 discriminator 3 view .LVU15
  61 0012 30F8023B 		ldrh	r3, [r0], #2	@ unaligned
  62              	.LVL6:
  91:../Drivers/STM32_USB-FS-Device_Driver/src/usb_mem.c ****     *pdwVal++ = temp2;
  63              		.loc 1 91 5 discriminator 3 view .LVU16
  86:../Drivers/STM32_USB-FS-Device_Driver/src/usb_mem.c ****   {
  64              		.loc 1 86 3 is_stmt 0 discriminator 3 view .LVU17
  65 0016 013A     		subs	r2, r2, #1
  66              	.LVL7:
  67              		.loc 1 91 15 discriminator 3 view .LVU18
  68 0018 21F8043B 		strh	r3, [r1], #4	@ movhi
  69              	.LVL8:
  92:../Drivers/STM32_USB-FS-Device_Driver/src/usb_mem.c ****     pdwVal++;
  70              		.loc 1 92 5 is_stmt 1 discriminator 3 view .LVU19
  93:../Drivers/STM32_USB-FS-Device_Driver/src/usb_mem.c ****     pbUsrBuf++;
  71              		.loc 1 93 5 discriminator 3 view .LVU20
  86:../Drivers/STM32_USB-FS-Device_Driver/src/usb_mem.c ****   {
  72              		.loc 1 86 23 discriminator 3 view .LVU21
  86:../Drivers/STM32_USB-FS-Device_Driver/src/usb_mem.c ****   {
ARM GAS  /tmp/ccRbhAac.s 			page 4


  73              		.loc 1 86 15 discriminator 3 view .LVU22
  86:../Drivers/STM32_USB-FS-Device_Driver/src/usb_mem.c ****   {
  74              		.loc 1 86 3 is_stmt 0 discriminator 3 view .LVU23
  75 001c F9D1     		bne	.L2
  76              	.L1:
  94:../Drivers/STM32_USB-FS-Device_Driver/src/usb_mem.c ****   }
  95:../Drivers/STM32_USB-FS-Device_Driver/src/usb_mem.c **** #endif
  96:../Drivers/STM32_USB-FS-Device_Driver/src/usb_mem.c **** }
  77              		.loc 1 96 1 view .LVU24
  78 001e 7047     		bx	lr
  79              		.cfi_endproc
  80              	.LFE29:
  82              		.section	.text.PMAToUserBufferCopy,"ax",%progbits
  83              		.align	1
  84              		.p2align 2,,3
  85              		.global	PMAToUserBufferCopy
  86              		.syntax unified
  87              		.thumb
  88              		.thumb_func
  89              		.fpu softvfp
  91              	PMAToUserBufferCopy:
  92              	.LVL9:
  93              	.LFB30:
  97:../Drivers/STM32_USB-FS-Device_Driver/src/usb_mem.c **** 
  98:../Drivers/STM32_USB-FS-Device_Driver/src/usb_mem.c **** /**
  99:../Drivers/STM32_USB-FS-Device_Driver/src/usb_mem.c ****   * Function Name  : PMAToUserBufferCopy
 100:../Drivers/STM32_USB-FS-Device_Driver/src/usb_mem.c ****   * Description    : Copy a buffer from user memory area to packet memory area (PMA)
 101:../Drivers/STM32_USB-FS-Device_Driver/src/usb_mem.c ****   * Input          : - pbUsrBuf    = pointer to user memory area.
 102:../Drivers/STM32_USB-FS-Device_Driver/src/usb_mem.c ****   *                  - wPMABufAddr = address into PMA.
 103:../Drivers/STM32_USB-FS-Device_Driver/src/usb_mem.c ****   *                  - wNBytes     = no. of bytes to be copied.
 104:../Drivers/STM32_USB-FS-Device_Driver/src/usb_mem.c ****   * Output         : None.
 105:../Drivers/STM32_USB-FS-Device_Driver/src/usb_mem.c ****   * Return         : None.
 106:../Drivers/STM32_USB-FS-Device_Driver/src/usb_mem.c ****   **/
 107:../Drivers/STM32_USB-FS-Device_Driver/src/usb_mem.c **** void PMAToUserBufferCopy(uint8_t *pbUsrBuf, uint16_t wPMABufAddr, uint16_t wNBytes)
 108:../Drivers/STM32_USB-FS-Device_Driver/src/usb_mem.c **** {
  94              		.loc 1 108 1 is_stmt 1 view -0
  95              		.cfi_startproc
  96              		@ args = 0, pretend = 0, frame = 0
  97              		@ frame_needed = 0, uses_anonymous_args = 0
  98              		@ link register save eliminated.
 109:../Drivers/STM32_USB-FS-Device_Driver/src/usb_mem.c **** #if defined STM32F303xE || defined STM32F302x8 
 110:../Drivers/STM32_USB-FS-Device_Driver/src/usb_mem.c ****   uint32_t n = (wNBytes + 1) >> 1;/* /2*/
 111:../Drivers/STM32_USB-FS-Device_Driver/src/usb_mem.c ****   uint32_t i;
 112:../Drivers/STM32_USB-FS-Device_Driver/src/usb_mem.c ****   uint16_t *pdwVal;
 113:../Drivers/STM32_USB-FS-Device_Driver/src/usb_mem.c ****   pdwVal = (uint16_t *)(wPMABufAddr + PMAAddr);
 114:../Drivers/STM32_USB-FS-Device_Driver/src/usb_mem.c ****   for (i = n; i != 0; i--)
 115:../Drivers/STM32_USB-FS-Device_Driver/src/usb_mem.c ****   {
 116:../Drivers/STM32_USB-FS-Device_Driver/src/usb_mem.c ****     *(uint16_t*)pbUsrBuf++ = *pdwVal++;
 117:../Drivers/STM32_USB-FS-Device_Driver/src/usb_mem.c ****     pbUsrBuf++;
 118:../Drivers/STM32_USB-FS-Device_Driver/src/usb_mem.c ****   }
 119:../Drivers/STM32_USB-FS-Device_Driver/src/usb_mem.c **** #else
 120:../Drivers/STM32_USB-FS-Device_Driver/src/usb_mem.c ****   uint32_t n = (wNBytes + 1) >> 1;/* /2*/
  99              		.loc 1 120 3 view .LVU26
 121:../Drivers/STM32_USB-FS-Device_Driver/src/usb_mem.c ****   uint32_t i;
 122:../Drivers/STM32_USB-FS-Device_Driver/src/usb_mem.c ****   uint32_t *pdwVal;
 123:../Drivers/STM32_USB-FS-Device_Driver/src/usb_mem.c ****   pdwVal = (uint32_t *)(wPMABufAddr * 2 + PMAAddr);
 100              		.loc 1 123 41 is_stmt 0 view .LVU27
ARM GAS  /tmp/ccRbhAac.s 			page 5


 101 0000 01F10051 		add	r1, r1, #536870912
 102              	.LVL10:
 120:../Drivers/STM32_USB-FS-Device_Driver/src/usb_mem.c ****   uint32_t i;
 103              		.loc 1 120 25 view .LVU28
 104 0004 0132     		adds	r2, r2, #1
 105              	.LVL11:
 121:../Drivers/STM32_USB-FS-Device_Driver/src/usb_mem.c ****   uint32_t i;
 106              		.loc 1 121 3 is_stmt 1 view .LVU29
 122:../Drivers/STM32_USB-FS-Device_Driver/src/usb_mem.c ****   pdwVal = (uint32_t *)(wPMABufAddr * 2 + PMAAddr);
 107              		.loc 1 122 3 view .LVU30
 108              		.loc 1 123 3 view .LVU31
 109              		.loc 1 123 41 is_stmt 0 view .LVU32
 110 0006 01F54051 		add	r1, r1, #12288
 124:../Drivers/STM32_USB-FS-Device_Driver/src/usb_mem.c ****   for (i = n; i != 0; i--)
 111              		.loc 1 124 3 view .LVU33
 112 000a 5210     		asrs	r2, r2, #1
 113              	.LVL12:
 123:../Drivers/STM32_USB-FS-Device_Driver/src/usb_mem.c ****   for (i = n; i != 0; i--)
 114              		.loc 1 123 41 view .LVU34
 115 000c 4FEA4101 		lsl	r1, r1, #1
 116              	.LVL13:
 117              		.loc 1 124 3 is_stmt 1 view .LVU35
 118              		.loc 1 124 15 view .LVU36
 119              		.loc 1 124 3 is_stmt 0 view .LVU37
 120 0010 06D0     		beq	.L7
 121              	.LVL14:
 122              	.L9:
 125:../Drivers/STM32_USB-FS-Device_Driver/src/usb_mem.c ****   {
 126:../Drivers/STM32_USB-FS-Device_Driver/src/usb_mem.c ****     *(uint16_t*)pbUsrBuf++ = *pdwVal++;
 123              		.loc 1 126 5 is_stmt 1 discriminator 3 view .LVU38
 124              		.loc 1 126 28 is_stmt 0 discriminator 3 view .LVU39
 125 0012 0B68     		ldr	r3, [r1]
 124:../Drivers/STM32_USB-FS-Device_Driver/src/usb_mem.c ****   {
 126              		.loc 1 124 3 discriminator 3 view .LVU40
 127 0014 013A     		subs	r2, r2, #1
 128              	.LVL15:
 129              		.loc 1 126 37 discriminator 3 view .LVU41
 130 0016 01F10401 		add	r1, r1, #4
 131              	.LVL16:
 132              		.loc 1 126 28 discriminator 3 view .LVU42
 133 001a 20F8023B 		strh	r3, [r0], #2	@ movhi
 134              	.LVL17:
 127:../Drivers/STM32_USB-FS-Device_Driver/src/usb_mem.c ****     pbUsrBuf++;
 135              		.loc 1 127 5 is_stmt 1 discriminator 3 view .LVU43
 124:../Drivers/STM32_USB-FS-Device_Driver/src/usb_mem.c ****   {
 136              		.loc 1 124 23 discriminator 3 view .LVU44
 124:../Drivers/STM32_USB-FS-Device_Driver/src/usb_mem.c ****   {
 137              		.loc 1 124 15 discriminator 3 view .LVU45
 124:../Drivers/STM32_USB-FS-Device_Driver/src/usb_mem.c ****   {
 138              		.loc 1 124 3 is_stmt 0 discriminator 3 view .LVU46
 139 001e F8D1     		bne	.L9
 140              	.L7:
 128:../Drivers/STM32_USB-FS-Device_Driver/src/usb_mem.c ****   }
 129:../Drivers/STM32_USB-FS-Device_Driver/src/usb_mem.c **** #endif
 130:../Drivers/STM32_USB-FS-Device_Driver/src/usb_mem.c **** }
 141              		.loc 1 130 1 view .LVU47
 142 0020 7047     		bx	lr
ARM GAS  /tmp/ccRbhAac.s 			page 6


 143              		.cfi_endproc
 144              	.LFE30:
 146 0022 00BF     		.text
 147              	.Letext0:
 148              		.file 2 "/usr/lib/gcc/arm-none-eabi/9.2.1/include/stdint.h"
 149              		.file 3 "../Drivers/CMSIS/CM3/CoreSupport/core_cm3.h"
 150              		.file 4 "../Drivers/CMSIS/CM3/DeviceSupport/ST/STM32F10x/system_stm32f10x.h"
 151              		.file 5 "../Drivers/STM32_USB-FS-Device_Driver/inc/usb_regs.h"
 152              		.file 6 "../Drivers/STM32_USB-FS-Device_Driver/inc/usb_core.h"
 153              		.file 7 "../Drivers/STM32_USB-FS-Device_Driver/inc/usb_init.h"
 154              		.file 8 "../Drivers/STM32_USB-FS-Device_Driver/inc/usb_lib.h"
ARM GAS  /tmp/ccRbhAac.s 			page 7


DEFINED SYMBOLS
                            *ABS*:0000000000000000 usb_mem.c
     /tmp/ccRbhAac.s:16     .text.UserToPMABufferCopy:0000000000000000 $t
     /tmp/ccRbhAac.s:25     .text.UserToPMABufferCopy:0000000000000000 UserToPMABufferCopy
     /tmp/ccRbhAac.s:83     .text.PMAToUserBufferCopy:0000000000000000 $t
     /tmp/ccRbhAac.s:91     .text.PMAToUserBufferCopy:0000000000000000 PMAToUserBufferCopy

NO UNDEFINED SYMBOLS
