ARM GAS  /tmp/ccrjBodl.s 			page 1


   1              		.cpu cortex-m3
   2              		.eabi_attribute 20, 1
   3              		.eabi_attribute 21, 1
   4              		.eabi_attribute 23, 3
   5              		.eabi_attribute 24, 1
   6              		.eabi_attribute 25, 1
   7              		.eabi_attribute 26, 1
   8              		.eabi_attribute 30, 2
   9              		.eabi_attribute 34, 1
  10              		.eabi_attribute 18, 4
  11              		.file	"usb_desc.c"
  12              		.text
  13              	.Ltext0:
  14              		.cfi_sections	.debug_frame
  15              		.global	Composite_StringSerial
  16              		.global	Composite_StringProduct
  17              		.global	Composite_StringVendor
  18              		.global	Composite_StringLangID
  19              		.global	CustomHID_ReportDescriptor
  20              		.global	JoystickHID_ReportDescriptor
  21              		.global	Composite_ConfigDescriptor
  22              		.global	Composite_DeviceDescriptor
  23              		.global	usb_pid
  24              		.global	usb_vid
  25              		.section	.data.Composite_ConfigDescriptor,"aw"
  26              		.align	2
  29              	Composite_ConfigDescriptor:
  30 0000 09024200 		.ascii	"\011\002B\000\002\001\000\2002\011\004\000\000\001\003"
  30      02010080 
  30      32090400 
  30      000103
  31 000f 00000009 		.ascii	"\000\000\000\011!\020\001\000\001\"\000\000\007\005"
  31      21100100 
  31      01220000 
  31      0705
  32 001d 81034000 		.ascii	"\201\003@\000\001\011\004\001\000\002\003\000\000\000"
  32      01090401 
  32      00020300 
  32      0000
  33 002b 09211001 		.ascii	"\011!\020\001\000\001\"X\000\007\005\202\003@\000\020"
  33      00012258 
  33      00070582 
  33      03400010 
  34 003b 07050203 		.ascii	"\007\005\002\003@\000\020"
  34      400010
  35              		.section	.data.Composite_DeviceDescriptor,"aw"
  36              		.align	2
  39              	Composite_DeviceDescriptor:
  40 0000 12010002 		.ascii	"\022\001\000\002\000\000\000@\203\004PW\000\002\001"
  40      00000040 
  40      83045057 
  40      000201
  41 000f 020301   		.ascii	"\002\003\001"
  42              		.section	.data.Composite_StringLangID,"aw"
  43              		.align	2
  46              	Composite_StringLangID:
  47 0000 04030904 		.ascii	"\004\003\011\004"
ARM GAS  /tmp/ccrjBodl.s 			page 2


  48              		.section	.data.Composite_StringProduct,"aw"
  49              		.align	2
  52              	Composite_StringProduct:
  53 0000 34035300 		.ascii	"4\003S\000T\000M\0003\0002\000 \000C\000u\000s\000t"
  53      54004D00 
  53      33003200 
  53      20004300 
  53      75007300 
  54 0015 006D0020 		.ascii	"\000m\000 \000H\000I\000D\000\000"
  54      00480049 
  54      00440000 
  55 0021 00000000 		.space	19
  55      00000000 
  55      00000000 
  55      00000000 
  55      000000
  56              		.section	.data.Composite_StringSerial,"aw"
  57              		.align	2
  60              	Composite_StringSerial:
  61 0000 1A035300 		.ascii	"\032\003S\000T\000M\0003\0002\000\000"
  61      54004D00 
  61      33003200 
  61      00
  62 000d 00000000 		.space	13
  62      00000000 
  62      00000000 
  62      00
  63              		.section	.data.Composite_StringVendor,"aw"
  64              		.align	2
  67              	Composite_StringVendor:
  68 0000 26034600 		.ascii	"&\003F\000r\000e\000e\000J\000o\000y\000\000"
  68      72006500 
  68      65004A00 
  68      6F007900 
  68      00
  69 0011 00000000 		.space	21
  69      00000000 
  69      00000000 
  69      00000000 
  69      00000000 
  70              		.section	.data.CustomHID_ReportDescriptor,"aw"
  71              		.align	2
  74              	CustomHID_ReportDescriptor:
  75 0000 0600FF09 		.ascii	"\006\000\377\011\001\241\001\205\002\006\000\377\011"
  75      01A10185 
  75      020600FF 
  75      09
  76 000d 02150026 		.ascii	"\002\025\000&\377\000u\010\225?\201\000\205\003\006"
  76      FF007508 
  76      953F8100 
  76      850306
  77 001c 00FF0903 		.ascii	"\000\377\011\003\025\000&\377\000u\010\225?\201\000"
  77      150026FF 
  77      00750895 
  77      3F8100
  78 002b 09037508 		.ascii	"\011\003u\010\225\001\221\000\205\004\011\004u\010\225"
  78      95019100 
ARM GAS  /tmp/ccrjBodl.s 			page 3


  78      85040904 
  78      750895
  79 003a 01810009 		.ascii	"\001\201\000\011\005u\010\225?\221\000\205\005\011\006"
  79      05750895 
  79      3F910085 
  79      050906
  80 0049 75089502 		.ascii	"u\010\225\002\201\000\011\007u\010\225?\221\000\300"
  80      81000907 
  80      7508953F 
  80      9100C0
  81              		.section	.data.JoystickHID_ReportDescriptor,"aw"
  82              		.align	2
  85              	JoystickHID_ReportDescriptor:
  86 0000 05010904 		.ascii	"\005\001\011\004\241\001\205\001\005\011\031\001)\200"
  86      A1018501 
  86      05091901 
  86      2980
  87 000e 15002501 		.ascii	"\025\000%\001u\001\225\200\201\000\005\001\0110\011"
  87      75019580 
  87      81000501 
  87      093009
  88 001d 31093209 		.ascii	"1\0112\0113\0114\0115\0116\0116\026\001\200&\377\177"
  88      33093409 
  88      35093609 
  88      36160180 
  88      26FF7F
  89 0030 75109508 		.ascii	"u\020\225\010\201\002\0119\025\000%\0075\000F;\001e"
  89      81020939 
  89      15002507 
  89      3500463B 
  89      0165
  90 0042 12750895 		.ascii	"\022u\010\225\001\201\002\0119\201\002\0119\201\002"
  90      01810209 
  90      39810209 
  90      398102
  91 0051 09398102 		.ascii	"\0119\201\002\300"
  91      C0
  92              		.section	.data.usb_pid,"aw"
  93              		.align	1
  96              	usb_pid:
  97 0000 5057     		.short	22352
  98              		.section	.data.usb_vid,"aw"
  99              		.align	1
 102              	usb_vid:
 103 0000 8304     		.short	1155
 104              		.text
 105              	.Letext0:
 106              		.file 1 "/usr/lib/gcc/arm-none-eabi/9.2.1/include/stdint.h"
 107              		.file 2 "../Drivers/CMSIS/CM3/CoreSupport/core_cm3.h"
 108              		.file 3 "../Drivers/CMSIS/CM3/DeviceSupport/ST/STM32F10x/system_stm32f10x.h"
 109              		.file 4 "../Drivers/STM32_USB-FS-Device_Driver/inc/usb_regs.h"
 110              		.file 5 "../Drivers/STM32_USB-FS-Device_Driver/inc/usb_core.h"
 111              		.file 6 "../Drivers/STM32_USB-FS-Device_Driver/inc/usb_init.h"
 112              		.file 7 "../Drivers/STM32_USB-FS-Device_Driver/inc/usb_lib.h"
 113              		.file 8 "../application/Inc/usb_desc.h"
 114              		.file 9 "../application/Src/usb_desc.c"
 115              		.file 10 "../application/Inc/common_defines.h"
ARM GAS  /tmp/ccrjBodl.s 			page 4


ARM GAS  /tmp/ccrjBodl.s 			page 5


DEFINED SYMBOLS
                            *ABS*:0000000000000000 usb_desc.c
     /tmp/ccrjBodl.s:60     .data.Composite_StringSerial:0000000000000000 Composite_StringSerial
     /tmp/ccrjBodl.s:52     .data.Composite_StringProduct:0000000000000000 Composite_StringProduct
     /tmp/ccrjBodl.s:67     .data.Composite_StringVendor:0000000000000000 Composite_StringVendor
     /tmp/ccrjBodl.s:46     .data.Composite_StringLangID:0000000000000000 Composite_StringLangID
     /tmp/ccrjBodl.s:74     .data.CustomHID_ReportDescriptor:0000000000000000 CustomHID_ReportDescriptor
     /tmp/ccrjBodl.s:85     .data.JoystickHID_ReportDescriptor:0000000000000000 JoystickHID_ReportDescriptor
     /tmp/ccrjBodl.s:29     .data.Composite_ConfigDescriptor:0000000000000000 Composite_ConfigDescriptor
     /tmp/ccrjBodl.s:39     .data.Composite_DeviceDescriptor:0000000000000000 Composite_DeviceDescriptor
     /tmp/ccrjBodl.s:96     .data.usb_pid:0000000000000000 usb_pid
     /tmp/ccrjBodl.s:102    .data.usb_vid:0000000000000000 usb_vid
     /tmp/ccrjBodl.s:26     .data.Composite_ConfigDescriptor:0000000000000000 $d
     /tmp/ccrjBodl.s:36     .data.Composite_DeviceDescriptor:0000000000000000 $d
     /tmp/ccrjBodl.s:43     .data.Composite_StringLangID:0000000000000000 $d
     /tmp/ccrjBodl.s:49     .data.Composite_StringProduct:0000000000000000 $d
     /tmp/ccrjBodl.s:57     .data.Composite_StringSerial:0000000000000000 $d
     /tmp/ccrjBodl.s:64     .data.Composite_StringVendor:0000000000000000 $d
     /tmp/ccrjBodl.s:71     .data.CustomHID_ReportDescriptor:0000000000000000 $d
     /tmp/ccrjBodl.s:82     .data.JoystickHID_ReportDescriptor:0000000000000000 $d
     /tmp/ccrjBodl.s:93     .data.usb_pid:0000000000000000 $d
     /tmp/ccrjBodl.s:99     .data.usb_vid:0000000000000000 $d

NO UNDEFINED SYMBOLS
