ARM GAS  /tmp/cc942C1M.s 			page 1


   1              		.cpu cortex-m3
   2              		.eabi_attribute 20, 1
   3              		.eabi_attribute 21, 1
   4              		.eabi_attribute 23, 3
   5              		.eabi_attribute 24, 1
   6              		.eabi_attribute 25, 1
   7              		.eabi_attribute 26, 1
   8              		.eabi_attribute 30, 2
   9              		.eabi_attribute 34, 1
  10              		.eabi_attribute 18, 4
  11              		.file	"usb_sil.c"
  12              		.text
  13              	.Ltext0:
  14              		.cfi_sections	.debug_frame
  15              		.section	.text.USB_SIL_Init,"ax",%progbits
  16              		.align	1
  17              		.p2align 2,,3
  18              		.global	USB_SIL_Init
  19              		.arch armv7-m
  20              		.syntax unified
  21              		.thumb
  22              		.thumb_func
  23              		.fpu softvfp
  25              	USB_SIL_Init:
  26              	.LFB29:
  27              		.file 1 "../Drivers/STM32_USB-FS-Device_Driver/src/usb_sil.c"
   1:../Drivers/STM32_USB-FS-Device_Driver/src/usb_sil.c **** /**
   2:../Drivers/STM32_USB-FS-Device_Driver/src/usb_sil.c ****   ******************************************************************************
   3:../Drivers/STM32_USB-FS-Device_Driver/src/usb_sil.c ****   * @file    usb_sil.c
   4:../Drivers/STM32_USB-FS-Device_Driver/src/usb_sil.c ****   * @author  MCD Application Team
   5:../Drivers/STM32_USB-FS-Device_Driver/src/usb_sil.c ****   * @version V4.1.0
   6:../Drivers/STM32_USB-FS-Device_Driver/src/usb_sil.c ****   * @date    26-May-2017
   7:../Drivers/STM32_USB-FS-Device_Driver/src/usb_sil.c ****   * @brief   Simplified Interface Layer for Global Initialization and Endpoint
   8:../Drivers/STM32_USB-FS-Device_Driver/src/usb_sil.c ****   *          Rea/Write operations.
   9:../Drivers/STM32_USB-FS-Device_Driver/src/usb_sil.c ****   ******************************************************************************
  10:../Drivers/STM32_USB-FS-Device_Driver/src/usb_sil.c ****   * @attention
  11:../Drivers/STM32_USB-FS-Device_Driver/src/usb_sil.c ****   *
  12:../Drivers/STM32_USB-FS-Device_Driver/src/usb_sil.c ****   * <h2><center>&copy; Copyright (c) 2017 STMicroelectronics International N.V. 
  13:../Drivers/STM32_USB-FS-Device_Driver/src/usb_sil.c ****   * All rights reserved.</center></h2>
  14:../Drivers/STM32_USB-FS-Device_Driver/src/usb_sil.c ****   *
  15:../Drivers/STM32_USB-FS-Device_Driver/src/usb_sil.c ****   * Redistribution and use in source and binary forms, with or without 
  16:../Drivers/STM32_USB-FS-Device_Driver/src/usb_sil.c ****   * modification, are permitted, provided that the following conditions are met:
  17:../Drivers/STM32_USB-FS-Device_Driver/src/usb_sil.c ****   *
  18:../Drivers/STM32_USB-FS-Device_Driver/src/usb_sil.c ****   * 1. Redistribution of source code must retain the above copyright notice, 
  19:../Drivers/STM32_USB-FS-Device_Driver/src/usb_sil.c ****   *    this list of conditions and the following disclaimer.
  20:../Drivers/STM32_USB-FS-Device_Driver/src/usb_sil.c ****   * 2. Redistributions in binary form must reproduce the above copyright notice,
  21:../Drivers/STM32_USB-FS-Device_Driver/src/usb_sil.c ****   *    this list of conditions and the following disclaimer in the documentation
  22:../Drivers/STM32_USB-FS-Device_Driver/src/usb_sil.c ****   *    and/or other materials provided with the distribution.
  23:../Drivers/STM32_USB-FS-Device_Driver/src/usb_sil.c ****   * 3. Neither the name of STMicroelectronics nor the names of other 
  24:../Drivers/STM32_USB-FS-Device_Driver/src/usb_sil.c ****   *    contributors to this software may be used to endorse or promote products 
  25:../Drivers/STM32_USB-FS-Device_Driver/src/usb_sil.c ****   *    derived from this software without specific written permission.
  26:../Drivers/STM32_USB-FS-Device_Driver/src/usb_sil.c ****   * 4. This software, including modifications and/or derivative works of this 
  27:../Drivers/STM32_USB-FS-Device_Driver/src/usb_sil.c ****   *    software, must execute solely and exclusively on microcontroller or
  28:../Drivers/STM32_USB-FS-Device_Driver/src/usb_sil.c ****   *    microprocessor devices manufactured by or for STMicroelectronics.
  29:../Drivers/STM32_USB-FS-Device_Driver/src/usb_sil.c ****   * 5. Redistribution and use of this software other than as permitted under 
  30:../Drivers/STM32_USB-FS-Device_Driver/src/usb_sil.c ****   *    this license is void and will automatically terminate your rights under 
  31:../Drivers/STM32_USB-FS-Device_Driver/src/usb_sil.c ****   *    this license. 
ARM GAS  /tmp/cc942C1M.s 			page 2


  32:../Drivers/STM32_USB-FS-Device_Driver/src/usb_sil.c ****   *
  33:../Drivers/STM32_USB-FS-Device_Driver/src/usb_sil.c ****   * THIS SOFTWARE IS PROVIDED BY STMICROELECTRONICS AND CONTRIBUTORS "AS IS" 
  34:../Drivers/STM32_USB-FS-Device_Driver/src/usb_sil.c ****   * AND ANY EXPRESS, IMPLIED OR STATUTORY WARRANTIES, INCLUDING, BUT NOT 
  35:../Drivers/STM32_USB-FS-Device_Driver/src/usb_sil.c ****   * LIMITED TO, THE IMPLIED WARRANTIES OF MERCHANTABILITY, FITNESS FOR A 
  36:../Drivers/STM32_USB-FS-Device_Driver/src/usb_sil.c ****   * PARTICULAR PURPOSE AND NON-INFRINGEMENT OF THIRD PARTY INTELLECTUAL PROPERTY
  37:../Drivers/STM32_USB-FS-Device_Driver/src/usb_sil.c ****   * RIGHTS ARE DISCLAIMED TO THE FULLEST EXTENT PERMITTED BY LAW. IN NO EVENT 
  38:../Drivers/STM32_USB-FS-Device_Driver/src/usb_sil.c ****   * SHALL STMICROELECTRONICS OR CONTRIBUTORS BE LIABLE FOR ANY DIRECT, INDIRECT,
  39:../Drivers/STM32_USB-FS-Device_Driver/src/usb_sil.c ****   * INCIDENTAL, SPECIAL, EXEMPLARY, OR CONSEQUENTIAL DAMAGES (INCLUDING, BUT NOT
  40:../Drivers/STM32_USB-FS-Device_Driver/src/usb_sil.c ****   * LIMITED TO, PROCUREMENT OF SUBSTITUTE GOODS OR SERVICES; LOSS OF USE, DATA, 
  41:../Drivers/STM32_USB-FS-Device_Driver/src/usb_sil.c ****   * OR PROFITS; OR BUSINESS INTERRUPTION) HOWEVER CAUSED AND ON ANY THEORY OF 
  42:../Drivers/STM32_USB-FS-Device_Driver/src/usb_sil.c ****   * LIABILITY, WHETHER IN CONTRACT, STRICT LIABILITY, OR TORT (INCLUDING 
  43:../Drivers/STM32_USB-FS-Device_Driver/src/usb_sil.c ****   * NEGLIGENCE OR OTHERWISE) ARISING IN ANY WAY OUT OF THE USE OF THIS SOFTWARE,
  44:../Drivers/STM32_USB-FS-Device_Driver/src/usb_sil.c ****   * EVEN IF ADVISED OF THE POSSIBILITY OF SUCH DAMAGE.
  45:../Drivers/STM32_USB-FS-Device_Driver/src/usb_sil.c ****   *
  46:../Drivers/STM32_USB-FS-Device_Driver/src/usb_sil.c ****   ******************************************************************************
  47:../Drivers/STM32_USB-FS-Device_Driver/src/usb_sil.c ****   */
  48:../Drivers/STM32_USB-FS-Device_Driver/src/usb_sil.c **** 
  49:../Drivers/STM32_USB-FS-Device_Driver/src/usb_sil.c **** 
  50:../Drivers/STM32_USB-FS-Device_Driver/src/usb_sil.c **** /* Includes ------------------------------------------------------------------*/
  51:../Drivers/STM32_USB-FS-Device_Driver/src/usb_sil.c **** #include "usb_lib.h"
  52:../Drivers/STM32_USB-FS-Device_Driver/src/usb_sil.c **** 
  53:../Drivers/STM32_USB-FS-Device_Driver/src/usb_sil.c **** /* Private typedef -----------------------------------------------------------*/
  54:../Drivers/STM32_USB-FS-Device_Driver/src/usb_sil.c **** /* Private define ------------------------------------------------------------*/
  55:../Drivers/STM32_USB-FS-Device_Driver/src/usb_sil.c **** /* Private macro -------------------------------------------------------------*/
  56:../Drivers/STM32_USB-FS-Device_Driver/src/usb_sil.c **** /* Private variables ---------------------------------------------------------*/
  57:../Drivers/STM32_USB-FS-Device_Driver/src/usb_sil.c **** /* Extern variables ----------------------------------------------------------*/
  58:../Drivers/STM32_USB-FS-Device_Driver/src/usb_sil.c **** /* Private function prototypes -----------------------------------------------*/
  59:../Drivers/STM32_USB-FS-Device_Driver/src/usb_sil.c **** /* Private functions ---------------------------------------------------------*/
  60:../Drivers/STM32_USB-FS-Device_Driver/src/usb_sil.c **** 
  61:../Drivers/STM32_USB-FS-Device_Driver/src/usb_sil.c **** /**
  62:../Drivers/STM32_USB-FS-Device_Driver/src/usb_sil.c ****   * Function Name  : USB_SIL_Init
  63:../Drivers/STM32_USB-FS-Device_Driver/src/usb_sil.c ****   * Description    : Initialize the USB Device IP and the Endpoint 0.
  64:../Drivers/STM32_USB-FS-Device_Driver/src/usb_sil.c ****   * Input          : None.
  65:../Drivers/STM32_USB-FS-Device_Driver/src/usb_sil.c ****   * Output         : None.
  66:../Drivers/STM32_USB-FS-Device_Driver/src/usb_sil.c ****   * Return         : Status.
  67:../Drivers/STM32_USB-FS-Device_Driver/src/usb_sil.c ****   **/
  68:../Drivers/STM32_USB-FS-Device_Driver/src/usb_sil.c **** uint32_t USB_SIL_Init(void)
  69:../Drivers/STM32_USB-FS-Device_Driver/src/usb_sil.c **** {
  28              		.loc 1 69 1 view -0
  29              		.cfi_startproc
  30              		@ args = 0, pretend = 0, frame = 0
  31              		@ frame_needed = 0, uses_anonymous_args = 0
  32              		@ link register save eliminated.
  70:../Drivers/STM32_USB-FS-Device_Driver/src/usb_sil.c ****   /* USB interrupts initialization */
  71:../Drivers/STM32_USB-FS-Device_Driver/src/usb_sil.c ****   /* clear pending interrupts */
  72:../Drivers/STM32_USB-FS-Device_Driver/src/usb_sil.c ****   _SetISTR(0);
  33              		.loc 1 72 3 view .LVU1
  34 0000 0020     		movs	r0, #0
  73:../Drivers/STM32_USB-FS-Device_Driver/src/usb_sil.c ****   wInterrupt_Mask = IMR_MSK;
  35              		.loc 1 73 19 is_stmt 0 view .LVU2
  36 0002 4FF43F43 		mov	r3, #48896
  69:../Drivers/STM32_USB-FS-Device_Driver/src/usb_sil.c ****   /* USB interrupts initialization */
  37              		.loc 1 69 1 view .LVU3
  38 0006 10B4     		push	{r4}
  39              	.LCFI0:
  40              		.cfi_def_cfa_offset 4
  41              		.cfi_offset 4, -4
ARM GAS  /tmp/cc942C1M.s 			page 3


  42              		.loc 1 73 19 view .LVU4
  43 0008 0349     		ldr	r1, .L4
  72:../Drivers/STM32_USB-FS-Device_Driver/src/usb_sil.c ****   wInterrupt_Mask = IMR_MSK;
  44              		.loc 1 72 3 view .LVU5
  45 000a 044C     		ldr	r4, .L4+4
  74:../Drivers/STM32_USB-FS-Device_Driver/src/usb_sil.c ****   /* set interrupts mask */
  75:../Drivers/STM32_USB-FS-Device_Driver/src/usb_sil.c ****   _SetCNTR(wInterrupt_Mask);
  46              		.loc 1 75 3 view .LVU6
  47 000c 044A     		ldr	r2, .L4+8
  72:../Drivers/STM32_USB-FS-Device_Driver/src/usb_sil.c ****   wInterrupt_Mask = IMR_MSK;
  48              		.loc 1 72 3 view .LVU7
  49 000e 2060     		str	r0, [r4]
  73:../Drivers/STM32_USB-FS-Device_Driver/src/usb_sil.c ****   /* set interrupts mask */
  50              		.loc 1 73 3 is_stmt 1 view .LVU8
  73:../Drivers/STM32_USB-FS-Device_Driver/src/usb_sil.c ****   /* set interrupts mask */
  51              		.loc 1 73 19 is_stmt 0 view .LVU9
  52 0010 0B80     		strh	r3, [r1]	@ movhi
  53              		.loc 1 75 3 is_stmt 1 view .LVU10
  76:../Drivers/STM32_USB-FS-Device_Driver/src/usb_sil.c ****   return 0;
  77:../Drivers/STM32_USB-FS-Device_Driver/src/usb_sil.c **** }
  54              		.loc 1 77 1 is_stmt 0 view .LVU11
  55 0012 10BC     		pop	{r4}
  56              	.LCFI1:
  57              		.cfi_restore 4
  58              		.cfi_def_cfa_offset 0
  75:../Drivers/STM32_USB-FS-Device_Driver/src/usb_sil.c ****   return 0;
  59              		.loc 1 75 3 view .LVU12
  60 0014 1360     		str	r3, [r2]
  76:../Drivers/STM32_USB-FS-Device_Driver/src/usb_sil.c ****   return 0;
  61              		.loc 1 76 3 is_stmt 1 view .LVU13
  62              		.loc 1 77 1 is_stmt 0 view .LVU14
  63 0016 7047     		bx	lr
  64              	.L5:
  65              		.align	2
  66              	.L4:
  67 0018 00000000 		.word	wInterrupt_Mask
  68 001c 445C0040 		.word	1073765444
  69 0020 405C0040 		.word	1073765440
  70              		.cfi_endproc
  71              	.LFE29:
  73              		.section	.text.USB_SIL_Write,"ax",%progbits
  74              		.align	1
  75              		.p2align 2,,3
  76              		.global	USB_SIL_Write
  77              		.syntax unified
  78              		.thumb
  79              		.thumb_func
  80              		.fpu softvfp
  82              	USB_SIL_Write:
  83              	.LVL0:
  84              	.LFB30:
  78:../Drivers/STM32_USB-FS-Device_Driver/src/usb_sil.c **** 
  79:../Drivers/STM32_USB-FS-Device_Driver/src/usb_sil.c **** /**
  80:../Drivers/STM32_USB-FS-Device_Driver/src/usb_sil.c ****   * Function Name  : USB_SIL_Write
  81:../Drivers/STM32_USB-FS-Device_Driver/src/usb_sil.c ****   * Description    : Write a buffer of data to a selected endpoint.
  82:../Drivers/STM32_USB-FS-Device_Driver/src/usb_sil.c ****   * Input          : - bEpAddr: The address of the non control endpoint.
  83:../Drivers/STM32_USB-FS-Device_Driver/src/usb_sil.c ****   *                  - pBufferPointer: The pointer to the buffer of data to be written
ARM GAS  /tmp/cc942C1M.s 			page 4


  84:../Drivers/STM32_USB-FS-Device_Driver/src/usb_sil.c ****   *                    to the endpoint.
  85:../Drivers/STM32_USB-FS-Device_Driver/src/usb_sil.c ****   *                  - wBufferSize: Number of data to be written (in bytes).
  86:../Drivers/STM32_USB-FS-Device_Driver/src/usb_sil.c ****   * Output         : None.
  87:../Drivers/STM32_USB-FS-Device_Driver/src/usb_sil.c ****   * Return         : Status.
  88:../Drivers/STM32_USB-FS-Device_Driver/src/usb_sil.c ****   **/
  89:../Drivers/STM32_USB-FS-Device_Driver/src/usb_sil.c **** uint32_t USB_SIL_Write(uint8_t bEpAddr, uint8_t* pBufferPointer, uint32_t wBufferSize)
  90:../Drivers/STM32_USB-FS-Device_Driver/src/usb_sil.c **** {
  85              		.loc 1 90 1 is_stmt 1 view -0
  86              		.cfi_startproc
  87              		@ args = 0, pretend = 0, frame = 0
  88              		@ frame_needed = 0, uses_anonymous_args = 0
  91:../Drivers/STM32_USB-FS-Device_Driver/src/usb_sil.c ****   /* Use the memory interface function to write to the selected endpoint */
  92:../Drivers/STM32_USB-FS-Device_Driver/src/usb_sil.c ****   UserToPMABufferCopy(pBufferPointer, GetEPTxAddr(bEpAddr & 0x7F), wBufferSize);
  89              		.loc 1 92 3 view .LVU16
  90:../Drivers/STM32_USB-FS-Device_Driver/src/usb_sil.c ****   /* Use the memory interface function to write to the selected endpoint */
  90              		.loc 1 90 1 is_stmt 0 view .LVU17
  91 0000 70B5     		push	{r4, r5, r6, lr}
  92              	.LCFI2:
  93              		.cfi_def_cfa_offset 16
  94              		.cfi_offset 4, -16
  95              		.cfi_offset 5, -12
  96              		.cfi_offset 6, -8
  97              		.cfi_offset 14, -4
  98              		.loc 1 92 3 view .LVU18
  99 0002 00F07F05 		and	r5, r0, #127
  90:../Drivers/STM32_USB-FS-Device_Driver/src/usb_sil.c ****   /* Use the memory interface function to write to the selected endpoint */
 100              		.loc 1 90 1 view .LVU19
 101 0006 1446     		mov	r4, r2
 102              		.loc 1 92 3 view .LVU20
 103 0008 2846     		mov	r0, r5
 104              	.LVL1:
  90:../Drivers/STM32_USB-FS-Device_Driver/src/usb_sil.c ****   /* Use the memory interface function to write to the selected endpoint */
 105              		.loc 1 90 1 view .LVU21
 106 000a 0E46     		mov	r6, r1
 107              		.loc 1 92 3 view .LVU22
 108 000c FFF7FEFF 		bl	GetEPTxAddr
 109              	.LVL2:
 110              		.loc 1 92 3 view .LVU23
 111 0010 A4B2     		uxth	r4, r4
 112              	.LVL3:
 113              		.loc 1 92 3 view .LVU24
 114 0012 0146     		mov	r1, r0
 115 0014 2246     		mov	r2, r4
 116 0016 3046     		mov	r0, r6
 117 0018 FFF7FEFF 		bl	UserToPMABufferCopy
 118              	.LVL4:
  93:../Drivers/STM32_USB-FS-Device_Driver/src/usb_sil.c **** 
  94:../Drivers/STM32_USB-FS-Device_Driver/src/usb_sil.c ****   /* Update the data length in the control register */
  95:../Drivers/STM32_USB-FS-Device_Driver/src/usb_sil.c ****   SetEPTxCount((bEpAddr & 0x7F), wBufferSize);
 119              		.loc 1 95 3 is_stmt 1 view .LVU25
 120 001c 2846     		mov	r0, r5
 121 001e 2146     		mov	r1, r4
 122 0020 FFF7FEFF 		bl	SetEPTxCount
 123              	.LVL5:
  96:../Drivers/STM32_USB-FS-Device_Driver/src/usb_sil.c ****   
  97:../Drivers/STM32_USB-FS-Device_Driver/src/usb_sil.c ****   return 0;
 124              		.loc 1 97 3 view .LVU26
ARM GAS  /tmp/cc942C1M.s 			page 5


  98:../Drivers/STM32_USB-FS-Device_Driver/src/usb_sil.c **** }
 125              		.loc 1 98 1 is_stmt 0 view .LVU27
 126 0024 0020     		movs	r0, #0
 127 0026 70BD     		pop	{r4, r5, r6, pc}
 128              		.loc 1 98 1 view .LVU28
 129              		.cfi_endproc
 130              	.LFE30:
 132              		.section	.text.USB_SIL_Read,"ax",%progbits
 133              		.align	1
 134              		.p2align 2,,3
 135              		.global	USB_SIL_Read
 136              		.syntax unified
 137              		.thumb
 138              		.thumb_func
 139              		.fpu softvfp
 141              	USB_SIL_Read:
 142              	.LVL6:
 143              	.LFB31:
  99:../Drivers/STM32_USB-FS-Device_Driver/src/usb_sil.c **** 
 100:../Drivers/STM32_USB-FS-Device_Driver/src/usb_sil.c **** /**
 101:../Drivers/STM32_USB-FS-Device_Driver/src/usb_sil.c ****   * Function Name  : USB_SIL_Read
 102:../Drivers/STM32_USB-FS-Device_Driver/src/usb_sil.c ****   * Description    : Write a buffer of data to a selected endpoint.
 103:../Drivers/STM32_USB-FS-Device_Driver/src/usb_sil.c ****   * Input          : - bEpAddr: The address of the non control endpoint.
 104:../Drivers/STM32_USB-FS-Device_Driver/src/usb_sil.c ****   *                  - pBufferPointer: The pointer to which will be saved the 
 105:../Drivers/STM32_USB-FS-Device_Driver/src/usb_sil.c ****   *                     received data buffer.
 106:../Drivers/STM32_USB-FS-Device_Driver/src/usb_sil.c ****   * Output         : None.
 107:../Drivers/STM32_USB-FS-Device_Driver/src/usb_sil.c ****   * Return         : Number of received data (in Bytes).
 108:../Drivers/STM32_USB-FS-Device_Driver/src/usb_sil.c ****   **/
 109:../Drivers/STM32_USB-FS-Device_Driver/src/usb_sil.c **** uint32_t USB_SIL_Read(uint8_t bEpAddr, uint8_t* pBufferPointer)
 110:../Drivers/STM32_USB-FS-Device_Driver/src/usb_sil.c **** {
 144              		.loc 1 110 1 is_stmt 1 view -0
 145              		.cfi_startproc
 146              		@ args = 0, pretend = 0, frame = 0
 147              		@ frame_needed = 0, uses_anonymous_args = 0
 111:../Drivers/STM32_USB-FS-Device_Driver/src/usb_sil.c ****   uint32_t DataLength = 0;
 148              		.loc 1 111 3 view .LVU30
 112:../Drivers/STM32_USB-FS-Device_Driver/src/usb_sil.c **** 
 113:../Drivers/STM32_USB-FS-Device_Driver/src/usb_sil.c ****   /* Get the number of received data on the selected Endpoint */
 114:../Drivers/STM32_USB-FS-Device_Driver/src/usb_sil.c ****   DataLength = GetEPRxCount(bEpAddr & 0x7F);
 149              		.loc 1 114 3 view .LVU31
 110:../Drivers/STM32_USB-FS-Device_Driver/src/usb_sil.c ****   uint32_t DataLength = 0;
 150              		.loc 1 110 1 is_stmt 0 view .LVU32
 151 0000 70B5     		push	{r4, r5, r6, lr}
 152              	.LCFI3:
 153              		.cfi_def_cfa_offset 16
 154              		.cfi_offset 4, -16
 155              		.cfi_offset 5, -12
 156              		.cfi_offset 6, -8
 157              		.cfi_offset 14, -4
 158              		.loc 1 114 16 view .LVU33
 159 0002 00F07F05 		and	r5, r0, #127
 160 0006 2846     		mov	r0, r5
 161              	.LVL7:
 110:../Drivers/STM32_USB-FS-Device_Driver/src/usb_sil.c ****   uint32_t DataLength = 0;
 162              		.loc 1 110 1 view .LVU34
 163 0008 0E46     		mov	r6, r1
 164              		.loc 1 114 16 view .LVU35
ARM GAS  /tmp/cc942C1M.s 			page 6


 165 000a FFF7FEFF 		bl	GetEPRxCount
 166              	.LVL8:
 167              		.loc 1 114 16 view .LVU36
 168 000e 0446     		mov	r4, r0
 115:../Drivers/STM32_USB-FS-Device_Driver/src/usb_sil.c ****   
 116:../Drivers/STM32_USB-FS-Device_Driver/src/usb_sil.c ****   /* Use the memory interface function to write to the selected endpoint */
 117:../Drivers/STM32_USB-FS-Device_Driver/src/usb_sil.c ****   PMAToUserBufferCopy(pBufferPointer, GetEPRxAddr(bEpAddr & 0x7F), DataLength);
 169              		.loc 1 117 3 view .LVU37
 170 0010 2846     		mov	r0, r5
 171              	.LVL9:
 172              		.loc 1 117 3 is_stmt 1 view .LVU38
 173 0012 FFF7FEFF 		bl	GetEPRxAddr
 174              	.LVL10:
 175 0016 2246     		mov	r2, r4
 176 0018 0146     		mov	r1, r0
 177 001a 3046     		mov	r0, r6
 178 001c FFF7FEFF 		bl	PMAToUserBufferCopy
 179              	.LVL11:
 118:../Drivers/STM32_USB-FS-Device_Driver/src/usb_sil.c **** 
 119:../Drivers/STM32_USB-FS-Device_Driver/src/usb_sil.c ****   /* Return the number of received data */
 120:../Drivers/STM32_USB-FS-Device_Driver/src/usb_sil.c ****   return DataLength;
 180              		.loc 1 120 3 view .LVU39
 121:../Drivers/STM32_USB-FS-Device_Driver/src/usb_sil.c **** }
 181              		.loc 1 121 1 is_stmt 0 view .LVU40
 182 0020 2046     		mov	r0, r4
 183 0022 70BD     		pop	{r4, r5, r6, pc}
 184              		.loc 1 121 1 view .LVU41
 185              		.cfi_endproc
 186              	.LFE31:
 188              		.text
 189              	.Letext0:
 190              		.file 2 "/usr/lib/gcc/arm-none-eabi/9.2.1/include/stdint.h"
 191              		.file 3 "../Drivers/CMSIS/CM3/CoreSupport/core_cm3.h"
 192              		.file 4 "../Drivers/CMSIS/CM3/DeviceSupport/ST/STM32F10x/system_stm32f10x.h"
 193              		.file 5 "../Drivers/STM32_USB-FS-Device_Driver/inc/usb_regs.h"
 194              		.file 6 "../Drivers/STM32_USB-FS-Device_Driver/inc/usb_core.h"
 195              		.file 7 "../Drivers/STM32_USB-FS-Device_Driver/inc/usb_init.h"
 196              		.file 8 "../Drivers/STM32_USB-FS-Device_Driver/inc/usb_lib.h"
 197              		.file 9 "../Drivers/STM32_USB-FS-Device_Driver/inc/usb_mem.h"
ARM GAS  /tmp/cc942C1M.s 			page 7


DEFINED SYMBOLS
                            *ABS*:0000000000000000 usb_sil.c
     /tmp/cc942C1M.s:16     .text.USB_SIL_Init:0000000000000000 $t
     /tmp/cc942C1M.s:25     .text.USB_SIL_Init:0000000000000000 USB_SIL_Init
     /tmp/cc942C1M.s:67     .text.USB_SIL_Init:0000000000000018 $d
     /tmp/cc942C1M.s:74     .text.USB_SIL_Write:0000000000000000 $t
     /tmp/cc942C1M.s:82     .text.USB_SIL_Write:0000000000000000 USB_SIL_Write
     /tmp/cc942C1M.s:133    .text.USB_SIL_Read:0000000000000000 $t
     /tmp/cc942C1M.s:141    .text.USB_SIL_Read:0000000000000000 USB_SIL_Read

UNDEFINED SYMBOLS
wInterrupt_Mask
GetEPTxAddr
UserToPMABufferCopy
SetEPTxCount
GetEPRxCount
GetEPRxAddr
PMAToUserBufferCopy
