ARM GAS  /tmp/ccnjNwZc.s 			page 1


   1              		.cpu cortex-m3
   2              		.eabi_attribute 20, 1
   3              		.eabi_attribute 21, 1
   4              		.eabi_attribute 23, 3
   5              		.eabi_attribute 24, 1
   6              		.eabi_attribute 25, 1
   7              		.eabi_attribute 26, 1
   8              		.eabi_attribute 30, 4
   9              		.eabi_attribute 34, 1
  10              		.eabi_attribute 18, 4
  11              		.file	"usb_init.c"
  12              		.text
  13              	.Ltext0:
  14              		.cfi_sections	.debug_frame
  15              		.section	.text.USB_Init,"ax",%progbits
  16              		.align	1
  17              		.global	USB_Init
  18              		.arch armv7-m
  19              		.syntax unified
  20              		.thumb
  21              		.thumb_func
  22              		.fpu softvfp
  24              	USB_Init:
  25              	.LFB29:
  26              		.file 1 "../Drivers/STM32_USB-FS-Device_Driver/src/usb_init.c"
   1:../Drivers/STM32_USB-FS-Device_Driver/src/usb_init.c **** /**
   2:../Drivers/STM32_USB-FS-Device_Driver/src/usb_init.c ****   ******************************************************************************
   3:../Drivers/STM32_USB-FS-Device_Driver/src/usb_init.c ****   * @file    usb_init.c
   4:../Drivers/STM32_USB-FS-Device_Driver/src/usb_init.c ****   * @author  MCD Application Team
   5:../Drivers/STM32_USB-FS-Device_Driver/src/usb_init.c ****   * @version V4.1.0
   6:../Drivers/STM32_USB-FS-Device_Driver/src/usb_init.c ****   * @date    26-May-2017
   7:../Drivers/STM32_USB-FS-Device_Driver/src/usb_init.c ****   * @brief   Initialization routines & global variables
   8:../Drivers/STM32_USB-FS-Device_Driver/src/usb_init.c ****   ******************************************************************************
   9:../Drivers/STM32_USB-FS-Device_Driver/src/usb_init.c ****   * @attention
  10:../Drivers/STM32_USB-FS-Device_Driver/src/usb_init.c ****   *
  11:../Drivers/STM32_USB-FS-Device_Driver/src/usb_init.c ****   * <h2><center>&copy; Copyright (c) 2017 STMicroelectronics International N.V. 
  12:../Drivers/STM32_USB-FS-Device_Driver/src/usb_init.c ****   * All rights reserved.</center></h2>
  13:../Drivers/STM32_USB-FS-Device_Driver/src/usb_init.c ****   *
  14:../Drivers/STM32_USB-FS-Device_Driver/src/usb_init.c ****   * Redistribution and use in source and binary forms, with or without 
  15:../Drivers/STM32_USB-FS-Device_Driver/src/usb_init.c ****   * modification, are permitted, provided that the following conditions are met:
  16:../Drivers/STM32_USB-FS-Device_Driver/src/usb_init.c ****   *
  17:../Drivers/STM32_USB-FS-Device_Driver/src/usb_init.c ****   * 1. Redistribution of source code must retain the above copyright notice, 
  18:../Drivers/STM32_USB-FS-Device_Driver/src/usb_init.c ****   *    this list of conditions and the following disclaimer.
  19:../Drivers/STM32_USB-FS-Device_Driver/src/usb_init.c ****   * 2. Redistributions in binary form must reproduce the above copyright notice,
  20:../Drivers/STM32_USB-FS-Device_Driver/src/usb_init.c ****   *    this list of conditions and the following disclaimer in the documentation
  21:../Drivers/STM32_USB-FS-Device_Driver/src/usb_init.c ****   *    and/or other materials provided with the distribution.
  22:../Drivers/STM32_USB-FS-Device_Driver/src/usb_init.c ****   * 3. Neither the name of STMicroelectronics nor the names of other 
  23:../Drivers/STM32_USB-FS-Device_Driver/src/usb_init.c ****   *    contributors to this software may be used to endorse or promote products 
  24:../Drivers/STM32_USB-FS-Device_Driver/src/usb_init.c ****   *    derived from this software without specific written permission.
  25:../Drivers/STM32_USB-FS-Device_Driver/src/usb_init.c ****   * 4. This software, including modifications and/or derivative works of this 
  26:../Drivers/STM32_USB-FS-Device_Driver/src/usb_init.c ****   *    software, must execute solely and exclusively on microcontroller or
  27:../Drivers/STM32_USB-FS-Device_Driver/src/usb_init.c ****   *    microprocessor devices manufactured by or for STMicroelectronics.
  28:../Drivers/STM32_USB-FS-Device_Driver/src/usb_init.c ****   * 5. Redistribution and use of this software other than as permitted under 
  29:../Drivers/STM32_USB-FS-Device_Driver/src/usb_init.c ****   *    this license is void and will automatically terminate your rights under 
  30:../Drivers/STM32_USB-FS-Device_Driver/src/usb_init.c ****   *    this license. 
  31:../Drivers/STM32_USB-FS-Device_Driver/src/usb_init.c ****   *
  32:../Drivers/STM32_USB-FS-Device_Driver/src/usb_init.c ****   * THIS SOFTWARE IS PROVIDED BY STMICROELECTRONICS AND CONTRIBUTORS "AS IS" 
ARM GAS  /tmp/ccnjNwZc.s 			page 2


  33:../Drivers/STM32_USB-FS-Device_Driver/src/usb_init.c ****   * AND ANY EXPRESS, IMPLIED OR STATUTORY WARRANTIES, INCLUDING, BUT NOT 
  34:../Drivers/STM32_USB-FS-Device_Driver/src/usb_init.c ****   * LIMITED TO, THE IMPLIED WARRANTIES OF MERCHANTABILITY, FITNESS FOR A 
  35:../Drivers/STM32_USB-FS-Device_Driver/src/usb_init.c ****   * PARTICULAR PURPOSE AND NON-INFRINGEMENT OF THIRD PARTY INTELLECTUAL PROPERTY
  36:../Drivers/STM32_USB-FS-Device_Driver/src/usb_init.c ****   * RIGHTS ARE DISCLAIMED TO THE FULLEST EXTENT PERMITTED BY LAW. IN NO EVENT 
  37:../Drivers/STM32_USB-FS-Device_Driver/src/usb_init.c ****   * SHALL STMICROELECTRONICS OR CONTRIBUTORS BE LIABLE FOR ANY DIRECT, INDIRECT,
  38:../Drivers/STM32_USB-FS-Device_Driver/src/usb_init.c ****   * INCIDENTAL, SPECIAL, EXEMPLARY, OR CONSEQUENTIAL DAMAGES (INCLUDING, BUT NOT
  39:../Drivers/STM32_USB-FS-Device_Driver/src/usb_init.c ****   * LIMITED TO, PROCUREMENT OF SUBSTITUTE GOODS OR SERVICES; LOSS OF USE, DATA, 
  40:../Drivers/STM32_USB-FS-Device_Driver/src/usb_init.c ****   * OR PROFITS; OR BUSINESS INTERRUPTION) HOWEVER CAUSED AND ON ANY THEORY OF 
  41:../Drivers/STM32_USB-FS-Device_Driver/src/usb_init.c ****   * LIABILITY, WHETHER IN CONTRACT, STRICT LIABILITY, OR TORT (INCLUDING 
  42:../Drivers/STM32_USB-FS-Device_Driver/src/usb_init.c ****   * NEGLIGENCE OR OTHERWISE) ARISING IN ANY WAY OUT OF THE USE OF THIS SOFTWARE,
  43:../Drivers/STM32_USB-FS-Device_Driver/src/usb_init.c ****   * EVEN IF ADVISED OF THE POSSIBILITY OF SUCH DAMAGE.
  44:../Drivers/STM32_USB-FS-Device_Driver/src/usb_init.c ****   *
  45:../Drivers/STM32_USB-FS-Device_Driver/src/usb_init.c ****   ******************************************************************************
  46:../Drivers/STM32_USB-FS-Device_Driver/src/usb_init.c ****   */
  47:../Drivers/STM32_USB-FS-Device_Driver/src/usb_init.c **** 
  48:../Drivers/STM32_USB-FS-Device_Driver/src/usb_init.c **** 
  49:../Drivers/STM32_USB-FS-Device_Driver/src/usb_init.c **** /* Includes ------------------------------------------------------------------*/
  50:../Drivers/STM32_USB-FS-Device_Driver/src/usb_init.c **** #include "usb_lib.h"
  51:../Drivers/STM32_USB-FS-Device_Driver/src/usb_init.c **** 
  52:../Drivers/STM32_USB-FS-Device_Driver/src/usb_init.c **** /* Private typedef -----------------------------------------------------------*/
  53:../Drivers/STM32_USB-FS-Device_Driver/src/usb_init.c **** /* Private define ------------------------------------------------------------*/
  54:../Drivers/STM32_USB-FS-Device_Driver/src/usb_init.c **** /* Private macro -------------------------------------------------------------*/
  55:../Drivers/STM32_USB-FS-Device_Driver/src/usb_init.c **** /* Private variables ---------------------------------------------------------*/
  56:../Drivers/STM32_USB-FS-Device_Driver/src/usb_init.c **** /*  The number of current endpoint, it will be used to specify an endpoint */
  57:../Drivers/STM32_USB-FS-Device_Driver/src/usb_init.c ****  uint8_t	EPindex;
  58:../Drivers/STM32_USB-FS-Device_Driver/src/usb_init.c **** /*  The number of current device, it is an index to the Device_Table */
  59:../Drivers/STM32_USB-FS-Device_Driver/src/usb_init.c **** /* uint8_t	Device_no; */
  60:../Drivers/STM32_USB-FS-Device_Driver/src/usb_init.c **** /*  Points to the DEVICE_INFO structure of current device */
  61:../Drivers/STM32_USB-FS-Device_Driver/src/usb_init.c **** /*  The purpose of this register is to speed up the execution */
  62:../Drivers/STM32_USB-FS-Device_Driver/src/usb_init.c **** DEVICE_INFO *pInformation;
  63:../Drivers/STM32_USB-FS-Device_Driver/src/usb_init.c **** /*  Points to the DEVICE_PROP structure of current device */
  64:../Drivers/STM32_USB-FS-Device_Driver/src/usb_init.c **** /*  The purpose of this register is to speed up the execution */
  65:../Drivers/STM32_USB-FS-Device_Driver/src/usb_init.c **** DEVICE_PROP *pProperty;
  66:../Drivers/STM32_USB-FS-Device_Driver/src/usb_init.c **** /*  Temporary save the state of Rx & Tx status. */
  67:../Drivers/STM32_USB-FS-Device_Driver/src/usb_init.c **** /*  Whenever the Rx or Tx state is changed, its value is saved */
  68:../Drivers/STM32_USB-FS-Device_Driver/src/usb_init.c **** /*  in this variable first and will be set to the EPRB or EPRA */
  69:../Drivers/STM32_USB-FS-Device_Driver/src/usb_init.c **** /*  at the end of interrupt process */
  70:../Drivers/STM32_USB-FS-Device_Driver/src/usb_init.c **** uint16_t	SaveState ;
  71:../Drivers/STM32_USB-FS-Device_Driver/src/usb_init.c **** uint16_t  wInterrupt_Mask;
  72:../Drivers/STM32_USB-FS-Device_Driver/src/usb_init.c **** DEVICE_INFO	Device_Info;
  73:../Drivers/STM32_USB-FS-Device_Driver/src/usb_init.c **** USER_STANDARD_REQUESTS  *pUser_Standard_Requests;
  74:../Drivers/STM32_USB-FS-Device_Driver/src/usb_init.c **** 
  75:../Drivers/STM32_USB-FS-Device_Driver/src/usb_init.c **** /* Extern variables ----------------------------------------------------------*/
  76:../Drivers/STM32_USB-FS-Device_Driver/src/usb_init.c **** /* Private function prototypes -----------------------------------------------*/
  77:../Drivers/STM32_USB-FS-Device_Driver/src/usb_init.c **** /* Private functions ---------------------------------------------------------*/
  78:../Drivers/STM32_USB-FS-Device_Driver/src/usb_init.c **** 
  79:../Drivers/STM32_USB-FS-Device_Driver/src/usb_init.c **** /**
  80:../Drivers/STM32_USB-FS-Device_Driver/src/usb_init.c ****   * Function Name  : USB_Init
  81:../Drivers/STM32_USB-FS-Device_Driver/src/usb_init.c ****   * Description    : USB system initialization
  82:../Drivers/STM32_USB-FS-Device_Driver/src/usb_init.c ****   * Input          : None.
  83:../Drivers/STM32_USB-FS-Device_Driver/src/usb_init.c ****   * Output         : None.
  84:../Drivers/STM32_USB-FS-Device_Driver/src/usb_init.c ****   * Return         : None.
  85:../Drivers/STM32_USB-FS-Device_Driver/src/usb_init.c ****   **/
  86:../Drivers/STM32_USB-FS-Device_Driver/src/usb_init.c **** void USB_Init(void)
  87:../Drivers/STM32_USB-FS-Device_Driver/src/usb_init.c **** {
  27              		.loc 1 87 1 view -0
  28              		.cfi_startproc
ARM GAS  /tmp/ccnjNwZc.s 			page 3


  29              		@ args = 0, pretend = 0, frame = 0
  30              		@ frame_needed = 0, uses_anonymous_args = 0
  31              		@ link register save eliminated.
  88:../Drivers/STM32_USB-FS-Device_Driver/src/usb_init.c ****   pInformation = &Device_Info;
  32              		.loc 1 88 3 view .LVU1
  33              		.loc 1 88 16 is_stmt 0 view .LVU2
  34 0000 064B     		ldr	r3, .L2
  35 0002 074A     		ldr	r2, .L2+4
  89:../Drivers/STM32_USB-FS-Device_Driver/src/usb_init.c ****   pInformation->ControlState = 2;
  90:../Drivers/STM32_USB-FS-Device_Driver/src/usb_init.c ****   pProperty = &Device_Property;
  91:../Drivers/STM32_USB-FS-Device_Driver/src/usb_init.c ****   pUser_Standard_Requests = &User_Standard_Requests;
  36              		.loc 1 91 27 view .LVU3
  37 0004 0749     		ldr	r1, .L2+8
  88:../Drivers/STM32_USB-FS-Device_Driver/src/usb_init.c ****   pInformation = &Device_Info;
  38              		.loc 1 88 16 view .LVU4
  39 0006 1360     		str	r3, [r2]
  89:../Drivers/STM32_USB-FS-Device_Driver/src/usb_init.c ****   pInformation->ControlState = 2;
  40              		.loc 1 89 3 is_stmt 1 view .LVU5
  89:../Drivers/STM32_USB-FS-Device_Driver/src/usb_init.c ****   pInformation->ControlState = 2;
  41              		.loc 1 89 30 is_stmt 0 view .LVU6
  42 0008 0222     		movs	r2, #2
  43 000a 1A72     		strb	r2, [r3, #8]
  90:../Drivers/STM32_USB-FS-Device_Driver/src/usb_init.c ****   pUser_Standard_Requests = &User_Standard_Requests;
  44              		.loc 1 90 3 is_stmt 1 view .LVU7
  90:../Drivers/STM32_USB-FS-Device_Driver/src/usb_init.c ****   pUser_Standard_Requests = &User_Standard_Requests;
  45              		.loc 1 90 13 is_stmt 0 view .LVU8
  46 000c 064B     		ldr	r3, .L2+12
  47 000e 074A     		ldr	r2, .L2+16
  48 0010 1360     		str	r3, [r2]
  49              		.loc 1 91 3 is_stmt 1 view .LVU9
  50              		.loc 1 91 27 is_stmt 0 view .LVU10
  51 0012 074A     		ldr	r2, .L2+20
  92:../Drivers/STM32_USB-FS-Device_Driver/src/usb_init.c ****   /* Initialize devices one by one */
  93:../Drivers/STM32_USB-FS-Device_Driver/src/usb_init.c ****   pProperty->Init();
  52              		.loc 1 93 3 view .LVU11
  53 0014 1B68     		ldr	r3, [r3]
  91:../Drivers/STM32_USB-FS-Device_Driver/src/usb_init.c ****   /* Initialize devices one by one */
  54              		.loc 1 91 27 view .LVU12
  55 0016 1160     		str	r1, [r2]
  56              		.loc 1 93 3 is_stmt 1 view .LVU13
  57 0018 1847     		bx	r3	@ indirect register sibling call
  58              	.LVL0:
  59              	.L3:
  60 001a 00BF     		.align	2
  61              	.L2:
  62 001c 00000000 		.word	Device_Info
  63 0020 00000000 		.word	pInformation
  64 0024 00000000 		.word	User_Standard_Requests
  65 0028 00000000 		.word	Device_Property
  66 002c 00000000 		.word	pProperty
  67 0030 00000000 		.word	pUser_Standard_Requests
  68              		.cfi_endproc
  69              	.LFE29:
  71              		.comm	pUser_Standard_Requests,4,4
  72              		.comm	Device_Info,28,4
  73              		.comm	wInterrupt_Mask,2,2
  74              		.comm	SaveState,2,2
ARM GAS  /tmp/ccnjNwZc.s 			page 4


  75              		.comm	pProperty,4,4
  76              		.comm	pInformation,4,4
  77              		.comm	EPindex,1,1
  78              		.text
  79              	.Letext0:
  80              		.file 2 "/usr/lib/gcc/arm-none-eabi/9.2.1/include/stdint.h"
  81              		.file 3 "../Drivers/CMSIS/CM3/CoreSupport/core_cm3.h"
  82              		.file 4 "../Drivers/CMSIS/CM3/DeviceSupport/ST/STM32F10x/system_stm32f10x.h"
  83              		.file 5 "../Drivers/STM32_USB-FS-Device_Driver/inc/usb_type.h"
  84              		.file 6 "../bootloader/Inc/usb_hw.h"
  85              		.file 7 "../Drivers/STM32_USB-FS-Device_Driver/inc/usb_regs.h"
  86              		.file 8 "../Drivers/STM32_USB-FS-Device_Driver/inc/usb_core.h"
  87              		.file 9 "../Drivers/STM32_USB-FS-Device_Driver/inc/usb_init.h"
  88              		.file 10 "../Drivers/STM32_USB-FS-Device_Driver/inc/usb_lib.h"
ARM GAS  /tmp/ccnjNwZc.s 			page 5


DEFINED SYMBOLS
                            *ABS*:0000000000000000 usb_init.c
     /tmp/ccnjNwZc.s:16     .text.USB_Init:0000000000000000 $t
     /tmp/ccnjNwZc.s:24     .text.USB_Init:0000000000000000 USB_Init
     /tmp/ccnjNwZc.s:62     .text.USB_Init:000000000000001c $d
                            *COM*:000000000000001c Device_Info
                            *COM*:0000000000000004 pInformation
                            *COM*:0000000000000004 pProperty
                            *COM*:0000000000000004 pUser_Standard_Requests
                            *COM*:0000000000000002 wInterrupt_Mask
                            *COM*:0000000000000002 SaveState
                            *COM*:0000000000000001 EPindex

UNDEFINED SYMBOLS
User_Standard_Requests
Device_Property
