ARM GAS  /tmp/ccsXuwNq.s 			page 1


   1              		.cpu cortex-m3
   2              		.eabi_attribute 20, 1
   3              		.eabi_attribute 21, 1
   4              		.eabi_attribute 23, 3
   5              		.eabi_attribute 24, 1
   6              		.eabi_attribute 25, 1
   7              		.eabi_attribute 26, 1
   8              		.eabi_attribute 30, 4
   9              		.eabi_attribute 34, 1
  10              		.eabi_attribute 18, 4
  11              		.file	"usb_sil.c"
  12              		.text
  13              	.Ltext0:
  14              		.cfi_sections	.debug_frame
  15              		.section	.text.USB_SIL_Init,"ax",%progbits
  16              		.align	1
  17              		.global	USB_SIL_Init
  18              		.arch armv7-m
  19              		.syntax unified
  20              		.thumb
  21              		.thumb_func
  22              		.fpu softvfp
  24              	USB_SIL_Init:
  25              	.LFB29:
  26              		.file 1 "../Drivers/STM32_USB-FS-Device_Driver/src/usb_sil.c"
   1:../Drivers/STM32_USB-FS-Device_Driver/src/usb_sil.c **** /**
   2:../Drivers/STM32_USB-FS-Device_Driver/src/usb_sil.c ****   ******************************************************************************
   3:../Drivers/STM32_USB-FS-Device_Driver/src/usb_sil.c ****   * @file    usb_sil.c
   4:../Drivers/STM32_USB-FS-Device_Driver/src/usb_sil.c ****   * @author  MCD Application Team
   5:../Drivers/STM32_USB-FS-Device_Driver/src/usb_sil.c ****   * @version V4.1.0
   6:../Drivers/STM32_USB-FS-Device_Driver/src/usb_sil.c ****   * @date    26-May-2017
   7:../Drivers/STM32_USB-FS-Device_Driver/src/usb_sil.c ****   * @brief   Simplified Interface Layer for Global Initialization and Endpoint
   8:../Drivers/STM32_USB-FS-Device_Driver/src/usb_sil.c ****   *          Rea/Write operations.
   9:../Drivers/STM32_USB-FS-Device_Driver/src/usb_sil.c ****   ******************************************************************************
  10:../Drivers/STM32_USB-FS-Device_Driver/src/usb_sil.c ****   * @attention
  11:../Drivers/STM32_USB-FS-Device_Driver/src/usb_sil.c ****   *
  12:../Drivers/STM32_USB-FS-Device_Driver/src/usb_sil.c ****   * <h2><center>&copy; Copyright (c) 2017 STMicroelectronics International N.V. 
  13:../Drivers/STM32_USB-FS-Device_Driver/src/usb_sil.c ****   * All rights reserved.</center></h2>
  14:../Drivers/STM32_USB-FS-Device_Driver/src/usb_sil.c ****   *
  15:../Drivers/STM32_USB-FS-Device_Driver/src/usb_sil.c ****   * Redistribution and use in source and binary forms, with or without 
  16:../Drivers/STM32_USB-FS-Device_Driver/src/usb_sil.c ****   * modification, are permitted, provided that the following conditions are met:
  17:../Drivers/STM32_USB-FS-Device_Driver/src/usb_sil.c ****   *
  18:../Drivers/STM32_USB-FS-Device_Driver/src/usb_sil.c ****   * 1. Redistribution of source code must retain the above copyright notice, 
  19:../Drivers/STM32_USB-FS-Device_Driver/src/usb_sil.c ****   *    this list of conditions and the following disclaimer.
  20:../Drivers/STM32_USB-FS-Device_Driver/src/usb_sil.c ****   * 2. Redistributions in binary form must reproduce the above copyright notice,
  21:../Drivers/STM32_USB-FS-Device_Driver/src/usb_sil.c ****   *    this list of conditions and the following disclaimer in the documentation
  22:../Drivers/STM32_USB-FS-Device_Driver/src/usb_sil.c ****   *    and/or other materials provided with the distribution.
  23:../Drivers/STM32_USB-FS-Device_Driver/src/usb_sil.c ****   * 3. Neither the name of STMicroelectronics nor the names of other 
  24:../Drivers/STM32_USB-FS-Device_Driver/src/usb_sil.c ****   *    contributors to this software may be used to endorse or promote products 
  25:../Drivers/STM32_USB-FS-Device_Driver/src/usb_sil.c ****   *    derived from this software without specific written permission.
  26:../Drivers/STM32_USB-FS-Device_Driver/src/usb_sil.c ****   * 4. This software, including modifications and/or derivative works of this 
  27:../Drivers/STM32_USB-FS-Device_Driver/src/usb_sil.c ****   *    software, must execute solely and exclusively on microcontroller or
  28:../Drivers/STM32_USB-FS-Device_Driver/src/usb_sil.c ****   *    microprocessor devices manufactured by or for STMicroelectronics.
  29:../Drivers/STM32_USB-FS-Device_Driver/src/usb_sil.c ****   * 5. Redistribution and use of this software other than as permitted under 
  30:../Drivers/STM32_USB-FS-Device_Driver/src/usb_sil.c ****   *    this license is void and will automatically terminate your rights under 
  31:../Drivers/STM32_USB-FS-Device_Driver/src/usb_sil.c ****   *    this license. 
  32:../Drivers/STM32_USB-FS-Device_Driver/src/usb_sil.c ****   *
ARM GAS  /tmp/ccsXuwNq.s 			page 2


  33:../Drivers/STM32_USB-FS-Device_Driver/src/usb_sil.c ****   * THIS SOFTWARE IS PROVIDED BY STMICROELECTRONICS AND CONTRIBUTORS "AS IS" 
  34:../Drivers/STM32_USB-FS-Device_Driver/src/usb_sil.c ****   * AND ANY EXPRESS, IMPLIED OR STATUTORY WARRANTIES, INCLUDING, BUT NOT 
  35:../Drivers/STM32_USB-FS-Device_Driver/src/usb_sil.c ****   * LIMITED TO, THE IMPLIED WARRANTIES OF MERCHANTABILITY, FITNESS FOR A 
  36:../Drivers/STM32_USB-FS-Device_Driver/src/usb_sil.c ****   * PARTICULAR PURPOSE AND NON-INFRINGEMENT OF THIRD PARTY INTELLECTUAL PROPERTY
  37:../Drivers/STM32_USB-FS-Device_Driver/src/usb_sil.c ****   * RIGHTS ARE DISCLAIMED TO THE FULLEST EXTENT PERMITTED BY LAW. IN NO EVENT 
  38:../Drivers/STM32_USB-FS-Device_Driver/src/usb_sil.c ****   * SHALL STMICROELECTRONICS OR CONTRIBUTORS BE LIABLE FOR ANY DIRECT, INDIRECT,
  39:../Drivers/STM32_USB-FS-Device_Driver/src/usb_sil.c ****   * INCIDENTAL, SPECIAL, EXEMPLARY, OR CONSEQUENTIAL DAMAGES (INCLUDING, BUT NOT
  40:../Drivers/STM32_USB-FS-Device_Driver/src/usb_sil.c ****   * LIMITED TO, PROCUREMENT OF SUBSTITUTE GOODS OR SERVICES; LOSS OF USE, DATA, 
  41:../Drivers/STM32_USB-FS-Device_Driver/src/usb_sil.c ****   * OR PROFITS; OR BUSINESS INTERRUPTION) HOWEVER CAUSED AND ON ANY THEORY OF 
  42:../Drivers/STM32_USB-FS-Device_Driver/src/usb_sil.c ****   * LIABILITY, WHETHER IN CONTRACT, STRICT LIABILITY, OR TORT (INCLUDING 
  43:../Drivers/STM32_USB-FS-Device_Driver/src/usb_sil.c ****   * NEGLIGENCE OR OTHERWISE) ARISING IN ANY WAY OUT OF THE USE OF THIS SOFTWARE,
  44:../Drivers/STM32_USB-FS-Device_Driver/src/usb_sil.c ****   * EVEN IF ADVISED OF THE POSSIBILITY OF SUCH DAMAGE.
  45:../Drivers/STM32_USB-FS-Device_Driver/src/usb_sil.c ****   *
  46:../Drivers/STM32_USB-FS-Device_Driver/src/usb_sil.c ****   ******************************************************************************
  47:../Drivers/STM32_USB-FS-Device_Driver/src/usb_sil.c ****   */
  48:../Drivers/STM32_USB-FS-Device_Driver/src/usb_sil.c **** 
  49:../Drivers/STM32_USB-FS-Device_Driver/src/usb_sil.c **** 
  50:../Drivers/STM32_USB-FS-Device_Driver/src/usb_sil.c **** /* Includes ------------------------------------------------------------------*/
  51:../Drivers/STM32_USB-FS-Device_Driver/src/usb_sil.c **** #include "usb_lib.h"
  52:../Drivers/STM32_USB-FS-Device_Driver/src/usb_sil.c **** 
  53:../Drivers/STM32_USB-FS-Device_Driver/src/usb_sil.c **** /* Private typedef -----------------------------------------------------------*/
  54:../Drivers/STM32_USB-FS-Device_Driver/src/usb_sil.c **** /* Private define ------------------------------------------------------------*/
  55:../Drivers/STM32_USB-FS-Device_Driver/src/usb_sil.c **** /* Private macro -------------------------------------------------------------*/
  56:../Drivers/STM32_USB-FS-Device_Driver/src/usb_sil.c **** /* Private variables ---------------------------------------------------------*/
  57:../Drivers/STM32_USB-FS-Device_Driver/src/usb_sil.c **** /* Extern variables ----------------------------------------------------------*/
  58:../Drivers/STM32_USB-FS-Device_Driver/src/usb_sil.c **** /* Private function prototypes -----------------------------------------------*/
  59:../Drivers/STM32_USB-FS-Device_Driver/src/usb_sil.c **** /* Private functions ---------------------------------------------------------*/
  60:../Drivers/STM32_USB-FS-Device_Driver/src/usb_sil.c **** 
  61:../Drivers/STM32_USB-FS-Device_Driver/src/usb_sil.c **** /**
  62:../Drivers/STM32_USB-FS-Device_Driver/src/usb_sil.c ****   * Function Name  : USB_SIL_Init
  63:../Drivers/STM32_USB-FS-Device_Driver/src/usb_sil.c ****   * Description    : Initialize the USB Device IP and the Endpoint 0.
  64:../Drivers/STM32_USB-FS-Device_Driver/src/usb_sil.c ****   * Input          : None.
  65:../Drivers/STM32_USB-FS-Device_Driver/src/usb_sil.c ****   * Output         : None.
  66:../Drivers/STM32_USB-FS-Device_Driver/src/usb_sil.c ****   * Return         : Status.
  67:../Drivers/STM32_USB-FS-Device_Driver/src/usb_sil.c ****   **/
  68:../Drivers/STM32_USB-FS-Device_Driver/src/usb_sil.c **** uint32_t USB_SIL_Init(void)
  69:../Drivers/STM32_USB-FS-Device_Driver/src/usb_sil.c **** {
  27              		.loc 1 69 1 view -0
  28              		.cfi_startproc
  29              		@ args = 0, pretend = 0, frame = 0
  30              		@ frame_needed = 0, uses_anonymous_args = 0
  31              		@ link register save eliminated.
  70:../Drivers/STM32_USB-FS-Device_Driver/src/usb_sil.c ****   /* USB interrupts initialization */
  71:../Drivers/STM32_USB-FS-Device_Driver/src/usb_sil.c ****   /* clear pending interrupts */
  72:../Drivers/STM32_USB-FS-Device_Driver/src/usb_sil.c ****   _SetISTR(0);
  32              		.loc 1 72 3 view .LVU1
  33 0000 0020     		movs	r0, #0
  34 0002 044B     		ldr	r3, .L2
  73:../Drivers/STM32_USB-FS-Device_Driver/src/usb_sil.c ****   wInterrupt_Mask = IMR_MSK;
  35              		.loc 1 73 19 is_stmt 0 view .LVU2
  36 0004 044A     		ldr	r2, .L2+4
  72:../Drivers/STM32_USB-FS-Device_Driver/src/usb_sil.c ****   wInterrupt_Mask = IMR_MSK;
  37              		.loc 1 72 3 view .LVU3
  38 0006 1860     		str	r0, [r3]
  39              		.loc 1 73 3 is_stmt 1 view .LVU4
  40              		.loc 1 73 19 is_stmt 0 view .LVU5
  41 0008 4FF43F43 		mov	r3, #48896
ARM GAS  /tmp/ccsXuwNq.s 			page 3


  42 000c 1380     		strh	r3, [r2]	@ movhi
  74:../Drivers/STM32_USB-FS-Device_Driver/src/usb_sil.c ****   /* set interrupts mask */
  75:../Drivers/STM32_USB-FS-Device_Driver/src/usb_sil.c ****   _SetCNTR(wInterrupt_Mask);
  43              		.loc 1 75 3 is_stmt 1 view .LVU6
  44 000e 034A     		ldr	r2, .L2+8
  45 0010 1360     		str	r3, [r2]
  76:../Drivers/STM32_USB-FS-Device_Driver/src/usb_sil.c ****   return 0;
  46              		.loc 1 76 3 view .LVU7
  77:../Drivers/STM32_USB-FS-Device_Driver/src/usb_sil.c **** }
  47              		.loc 1 77 1 is_stmt 0 view .LVU8
  48 0012 7047     		bx	lr
  49              	.L3:
  50              		.align	2
  51              	.L2:
  52 0014 445C0040 		.word	1073765444
  53 0018 00000000 		.word	wInterrupt_Mask
  54 001c 405C0040 		.word	1073765440
  55              		.cfi_endproc
  56              	.LFE29:
  58              		.section	.text.USB_SIL_Write,"ax",%progbits
  59              		.align	1
  60              		.global	USB_SIL_Write
  61              		.syntax unified
  62              		.thumb
  63              		.thumb_func
  64              		.fpu softvfp
  66              	USB_SIL_Write:
  67              	.LVL0:
  68              	.LFB30:
  78:../Drivers/STM32_USB-FS-Device_Driver/src/usb_sil.c **** 
  79:../Drivers/STM32_USB-FS-Device_Driver/src/usb_sil.c **** /**
  80:../Drivers/STM32_USB-FS-Device_Driver/src/usb_sil.c ****   * Function Name  : USB_SIL_Write
  81:../Drivers/STM32_USB-FS-Device_Driver/src/usb_sil.c ****   * Description    : Write a buffer of data to a selected endpoint.
  82:../Drivers/STM32_USB-FS-Device_Driver/src/usb_sil.c ****   * Input          : - bEpAddr: The address of the non control endpoint.
  83:../Drivers/STM32_USB-FS-Device_Driver/src/usb_sil.c ****   *                  - pBufferPointer: The pointer to the buffer of data to be written
  84:../Drivers/STM32_USB-FS-Device_Driver/src/usb_sil.c ****   *                    to the endpoint.
  85:../Drivers/STM32_USB-FS-Device_Driver/src/usb_sil.c ****   *                  - wBufferSize: Number of data to be written (in bytes).
  86:../Drivers/STM32_USB-FS-Device_Driver/src/usb_sil.c ****   * Output         : None.
  87:../Drivers/STM32_USB-FS-Device_Driver/src/usb_sil.c ****   * Return         : Status.
  88:../Drivers/STM32_USB-FS-Device_Driver/src/usb_sil.c ****   **/
  89:../Drivers/STM32_USB-FS-Device_Driver/src/usb_sil.c **** uint32_t USB_SIL_Write(uint8_t bEpAddr, uint8_t* pBufferPointer, uint32_t wBufferSize)
  90:../Drivers/STM32_USB-FS-Device_Driver/src/usb_sil.c **** {
  69              		.loc 1 90 1 is_stmt 1 view -0
  70              		.cfi_startproc
  71              		@ args = 0, pretend = 0, frame = 0
  72              		@ frame_needed = 0, uses_anonymous_args = 0
  91:../Drivers/STM32_USB-FS-Device_Driver/src/usb_sil.c ****   /* Use the memory interface function to write to the selected endpoint */
  92:../Drivers/STM32_USB-FS-Device_Driver/src/usb_sil.c ****   UserToPMABufferCopy(pBufferPointer, GetEPTxAddr(bEpAddr & 0x7F), wBufferSize);
  73              		.loc 1 92 3 view .LVU10
  90:../Drivers/STM32_USB-FS-Device_Driver/src/usb_sil.c ****   /* Use the memory interface function to write to the selected endpoint */
  74              		.loc 1 90 1 is_stmt 0 view .LVU11
  75 0000 70B5     		push	{r4, r5, r6, lr}
  76              	.LCFI0:
  77              		.cfi_def_cfa_offset 16
  78              		.cfi_offset 4, -16
  79              		.cfi_offset 5, -12
  80              		.cfi_offset 6, -8
ARM GAS  /tmp/ccsXuwNq.s 			page 4


  81              		.cfi_offset 14, -4
  82              		.loc 1 92 3 view .LVU12
  83 0002 00F07F05 		and	r5, r0, #127
  90:../Drivers/STM32_USB-FS-Device_Driver/src/usb_sil.c ****   /* Use the memory interface function to write to the selected endpoint */
  84              		.loc 1 90 1 view .LVU13
  85 0006 1446     		mov	r4, r2
  86              		.loc 1 92 3 view .LVU14
  87 0008 2846     		mov	r0, r5
  88              	.LVL1:
  90:../Drivers/STM32_USB-FS-Device_Driver/src/usb_sil.c ****   /* Use the memory interface function to write to the selected endpoint */
  89              		.loc 1 90 1 view .LVU15
  90 000a 0E46     		mov	r6, r1
  91              		.loc 1 92 3 view .LVU16
  92 000c FFF7FEFF 		bl	GetEPTxAddr
  93              	.LVL2:
  94              		.loc 1 92 3 view .LVU17
  95 0010 A4B2     		uxth	r4, r4
  96              	.LVL3:
  97              		.loc 1 92 3 view .LVU18
  98 0012 0146     		mov	r1, r0
  99 0014 2246     		mov	r2, r4
 100 0016 3046     		mov	r0, r6
 101 0018 FFF7FEFF 		bl	UserToPMABufferCopy
 102              	.LVL4:
  93:../Drivers/STM32_USB-FS-Device_Driver/src/usb_sil.c **** 
  94:../Drivers/STM32_USB-FS-Device_Driver/src/usb_sil.c ****   /* Update the data length in the control register */
  95:../Drivers/STM32_USB-FS-Device_Driver/src/usb_sil.c ****   SetEPTxCount((bEpAddr & 0x7F), wBufferSize);
 103              		.loc 1 95 3 is_stmt 1 view .LVU19
 104 001c 2846     		mov	r0, r5
 105 001e 2146     		mov	r1, r4
 106 0020 FFF7FEFF 		bl	SetEPTxCount
 107              	.LVL5:
  96:../Drivers/STM32_USB-FS-Device_Driver/src/usb_sil.c ****   
  97:../Drivers/STM32_USB-FS-Device_Driver/src/usb_sil.c ****   return 0;
 108              		.loc 1 97 3 view .LVU20
  98:../Drivers/STM32_USB-FS-Device_Driver/src/usb_sil.c **** }
 109              		.loc 1 98 1 is_stmt 0 view .LVU21
 110 0024 0020     		movs	r0, #0
 111 0026 70BD     		pop	{r4, r5, r6, pc}
 112              		.loc 1 98 1 view .LVU22
 113              		.cfi_endproc
 114              	.LFE30:
 116              		.section	.text.USB_SIL_Read,"ax",%progbits
 117              		.align	1
 118              		.global	USB_SIL_Read
 119              		.syntax unified
 120              		.thumb
 121              		.thumb_func
 122              		.fpu softvfp
 124              	USB_SIL_Read:
 125              	.LVL6:
 126              	.LFB31:
  99:../Drivers/STM32_USB-FS-Device_Driver/src/usb_sil.c **** 
 100:../Drivers/STM32_USB-FS-Device_Driver/src/usb_sil.c **** /**
 101:../Drivers/STM32_USB-FS-Device_Driver/src/usb_sil.c ****   * Function Name  : USB_SIL_Read
 102:../Drivers/STM32_USB-FS-Device_Driver/src/usb_sil.c ****   * Description    : Write a buffer of data to a selected endpoint.
 103:../Drivers/STM32_USB-FS-Device_Driver/src/usb_sil.c ****   * Input          : - bEpAddr: The address of the non control endpoint.
ARM GAS  /tmp/ccsXuwNq.s 			page 5


 104:../Drivers/STM32_USB-FS-Device_Driver/src/usb_sil.c ****   *                  - pBufferPointer: The pointer to which will be saved the 
 105:../Drivers/STM32_USB-FS-Device_Driver/src/usb_sil.c ****   *                     received data buffer.
 106:../Drivers/STM32_USB-FS-Device_Driver/src/usb_sil.c ****   * Output         : None.
 107:../Drivers/STM32_USB-FS-Device_Driver/src/usb_sil.c ****   * Return         : Number of received data (in Bytes).
 108:../Drivers/STM32_USB-FS-Device_Driver/src/usb_sil.c ****   **/
 109:../Drivers/STM32_USB-FS-Device_Driver/src/usb_sil.c **** uint32_t USB_SIL_Read(uint8_t bEpAddr, uint8_t* pBufferPointer)
 110:../Drivers/STM32_USB-FS-Device_Driver/src/usb_sil.c **** {
 127              		.loc 1 110 1 is_stmt 1 view -0
 128              		.cfi_startproc
 129              		@ args = 0, pretend = 0, frame = 0
 130              		@ frame_needed = 0, uses_anonymous_args = 0
 111:../Drivers/STM32_USB-FS-Device_Driver/src/usb_sil.c ****   uint32_t DataLength = 0;
 131              		.loc 1 111 3 view .LVU24
 112:../Drivers/STM32_USB-FS-Device_Driver/src/usb_sil.c **** 
 113:../Drivers/STM32_USB-FS-Device_Driver/src/usb_sil.c ****   /* Get the number of received data on the selected Endpoint */
 114:../Drivers/STM32_USB-FS-Device_Driver/src/usb_sil.c ****   DataLength = GetEPRxCount(bEpAddr & 0x7F);
 132              		.loc 1 114 3 view .LVU25
 110:../Drivers/STM32_USB-FS-Device_Driver/src/usb_sil.c ****   uint32_t DataLength = 0;
 133              		.loc 1 110 1 is_stmt 0 view .LVU26
 134 0000 70B5     		push	{r4, r5, r6, lr}
 135              	.LCFI1:
 136              		.cfi_def_cfa_offset 16
 137              		.cfi_offset 4, -16
 138              		.cfi_offset 5, -12
 139              		.cfi_offset 6, -8
 140              		.cfi_offset 14, -4
 141              		.loc 1 114 16 view .LVU27
 142 0002 00F07F05 		and	r5, r0, #127
 143 0006 2846     		mov	r0, r5
 144              	.LVL7:
 110:../Drivers/STM32_USB-FS-Device_Driver/src/usb_sil.c ****   uint32_t DataLength = 0;
 145              		.loc 1 110 1 view .LVU28
 146 0008 0E46     		mov	r6, r1
 147              		.loc 1 114 16 view .LVU29
 148 000a FFF7FEFF 		bl	GetEPRxCount
 149              	.LVL8:
 150              		.loc 1 114 16 view .LVU30
 151 000e 0446     		mov	r4, r0
 152              	.LVL9:
 115:../Drivers/STM32_USB-FS-Device_Driver/src/usb_sil.c ****   
 116:../Drivers/STM32_USB-FS-Device_Driver/src/usb_sil.c ****   /* Use the memory interface function to write to the selected endpoint */
 117:../Drivers/STM32_USB-FS-Device_Driver/src/usb_sil.c ****   PMAToUserBufferCopy(pBufferPointer, GetEPRxAddr(bEpAddr & 0x7F), DataLength);
 153              		.loc 1 117 3 is_stmt 1 view .LVU31
 154 0010 2846     		mov	r0, r5
 155 0012 FFF7FEFF 		bl	GetEPRxAddr
 156              	.LVL10:
 157 0016 2246     		mov	r2, r4
 158 0018 0146     		mov	r1, r0
 159 001a 3046     		mov	r0, r6
 160 001c FFF7FEFF 		bl	PMAToUserBufferCopy
 161              	.LVL11:
 118:../Drivers/STM32_USB-FS-Device_Driver/src/usb_sil.c **** 
 119:../Drivers/STM32_USB-FS-Device_Driver/src/usb_sil.c ****   /* Return the number of received data */
 120:../Drivers/STM32_USB-FS-Device_Driver/src/usb_sil.c ****   return DataLength;
 162              		.loc 1 120 3 view .LVU32
 121:../Drivers/STM32_USB-FS-Device_Driver/src/usb_sil.c **** }
 163              		.loc 1 121 1 is_stmt 0 view .LVU33
ARM GAS  /tmp/ccsXuwNq.s 			page 6


 164 0020 2046     		mov	r0, r4
 165 0022 70BD     		pop	{r4, r5, r6, pc}
 166              		.loc 1 121 1 view .LVU34
 167              		.cfi_endproc
 168              	.LFE31:
 170              		.text
 171              	.Letext0:
 172              		.file 2 "/usr/lib/gcc/arm-none-eabi/9.2.1/include/stdint.h"
 173              		.file 3 "../Drivers/CMSIS/CM3/CoreSupport/core_cm3.h"
 174              		.file 4 "../Drivers/CMSIS/CM3/DeviceSupport/ST/STM32F10x/system_stm32f10x.h"
 175              		.file 5 "../Drivers/STM32_USB-FS-Device_Driver/inc/usb_type.h"
 176              		.file 6 "../bootloader/Inc/usb_hw.h"
 177              		.file 7 "../Drivers/STM32_USB-FS-Device_Driver/inc/usb_regs.h"
 178              		.file 8 "../Drivers/STM32_USB-FS-Device_Driver/inc/usb_core.h"
 179              		.file 9 "../Drivers/STM32_USB-FS-Device_Driver/inc/usb_init.h"
 180              		.file 10 "../Drivers/STM32_USB-FS-Device_Driver/inc/usb_lib.h"
 181              		.file 11 "../Drivers/STM32_USB-FS-Device_Driver/inc/usb_mem.h"
ARM GAS  /tmp/ccsXuwNq.s 			page 7


DEFINED SYMBOLS
                            *ABS*:0000000000000000 usb_sil.c
     /tmp/ccsXuwNq.s:16     .text.USB_SIL_Init:0000000000000000 $t
     /tmp/ccsXuwNq.s:24     .text.USB_SIL_Init:0000000000000000 USB_SIL_Init
     /tmp/ccsXuwNq.s:52     .text.USB_SIL_Init:0000000000000014 $d
     /tmp/ccsXuwNq.s:59     .text.USB_SIL_Write:0000000000000000 $t
     /tmp/ccsXuwNq.s:66     .text.USB_SIL_Write:0000000000000000 USB_SIL_Write
     /tmp/ccsXuwNq.s:117    .text.USB_SIL_Read:0000000000000000 $t
     /tmp/ccsXuwNq.s:124    .text.USB_SIL_Read:0000000000000000 USB_SIL_Read

UNDEFINED SYMBOLS
wInterrupt_Mask
GetEPTxAddr
UserToPMABufferCopy
SetEPTxCount
GetEPRxCount
GetEPRxAddr
PMAToUserBufferCopy
