ARM GAS  /tmp/ccUct61a.s 			page 1


   1              		.cpu cortex-m3
   2              		.eabi_attribute 20, 1
   3              		.eabi_attribute 21, 1
   4              		.eabi_attribute 23, 3
   5              		.eabi_attribute 24, 1
   6              		.eabi_attribute 25, 1
   7              		.eabi_attribute 26, 1
   8              		.eabi_attribute 30, 4
   9              		.eabi_attribute 34, 1
  10              		.eabi_attribute 18, 4
  11              		.file	"usb_desc.c"
  12              		.text
  13              	.Ltext0:
  14              		.cfi_sections	.debug_frame
  15              		.global	CustomHID_StringSerial
  16              		.global	CustomHID_StringProduct
  17              		.global	CustomHID_StringVendor
  18              		.global	CustomHID_StringLangID
  19              		.global	CustomHID_ReportDescriptor
  20              		.global	CustomHID_ConfigDescriptor
  21              		.global	CustomHID_DeviceDescriptor
  22              		.global	usb_pid
  23              		.global	usb_vid
  24              		.section	.data.CustomHID_ConfigDescriptor,"aw"
  27              	CustomHID_ConfigDescriptor:
  28 0000 09022900 		.ascii	"\011\002)\000\001\001\000\2002\011\004\000\000\002\003"
  28      01010080 
  28      32090400 
  28      000203
  29 000f 00000009 		.ascii	"\000\000\000\011!\020\001\000\001\"\031\000\007\005"
  29      21100100 
  29      01221900 
  29      0705
  30 001d 81034000 		.ascii	"\201\003@\000\001\007\005\001\003@\000\020"
  30      01070501 
  30      03400010 
  31              		.section	.data.CustomHID_DeviceDescriptor,"aw"
  34              	CustomHID_DeviceDescriptor:
  35 0000 12010002 		.ascii	"\022\001\000\002\000\000\000@\203\004\272\276\000\002"
  35      00000040 
  35      8304BABE 
  35      0002
  36 000e 01020301 		.ascii	"\001\002\003\001"
  37              		.section	.data.CustomHID_ReportDescriptor,"aw"
  40              	CustomHID_ReportDescriptor:
  41 0000 05010904 		.ascii	"\005\001\011\004\241\001\205\004\011\006u\010\225\002"
  41      A1018504 
  41      09067508 
  41      9502
  42 000e 81000907 		.ascii	"\201\000\011\007u\010\225?\221\000\300"
  42      7508953F 
  42      9100C0
  43              		.section	.data.CustomHID_StringLangID,"aw"
  46              	CustomHID_StringLangID:
  47 0000 04030904 		.ascii	"\004\003\011\004"
  48              		.section	.data.CustomHID_StringProduct,"aw"
  51              	CustomHID_StringProduct:
ARM GAS  /tmp/ccUct61a.s 			page 2


  52 0000 20034600 		.ascii	" \003F\000r\000e\000e\000J\000o\000y\000 \000F\000l"
  52      72006500 
  52      65004A00 
  52      6F007900 
  52      20004600 
  53 0015 00610073 		.ascii	"\000a\000s\000h\000e\000r\000"
  53      00680065 
  53      007200
  54              		.section	.data.CustomHID_StringSerial,"aw"
  57              	CustomHID_StringSerial:
  58 0000 1A035300 		.ascii	"\032\003S\000T\000M\0003\0002\000\000"
  58      54004D00 
  58      33003200 
  58      00
  59 000d 00000000 		.space	13
  59      00000000 
  59      00000000 
  59      00
  60              		.section	.data.CustomHID_StringVendor,"aw"
  63              	CustomHID_StringVendor:
  64 0000 26035300 		.ascii	"&\003S\000T\000M\000i\000c\000r\000o\000e\000l\000e"
  64      54004D00 
  64      69006300 
  64      72006F00 
  64      65006C00 
  65 0015 00630074 		.ascii	"\000c\000t\000r\000o\000n\000i\000c\000s\000"
  65      0072006F 
  65      006E0069 
  65      00630073 
  65      00
  66              		.section	.data.usb_pid,"aw"
  67              		.align	1
  70              	usb_pid:
  71 0000 BABE     		.short	-16710
  72              		.section	.data.usb_vid,"aw"
  73              		.align	1
  76              	usb_vid:
  77 0000 8304     		.short	1155
  78              		.text
  79              	.Letext0:
  80              		.file 1 "/usr/lib/gcc/arm-none-eabi/9.2.1/include/stdint.h"
  81              		.file 2 "../Drivers/CMSIS/CM3/CoreSupport/core_cm3.h"
  82              		.file 3 "../Drivers/CMSIS/CM3/DeviceSupport/ST/STM32F10x/system_stm32f10x.h"
  83              		.file 4 "../Drivers/STM32_USB-FS-Device_Driver/inc/usb_type.h"
  84              		.file 5 "../bootloader/Inc/usb_hw.h"
  85              		.file 6 "../Drivers/STM32_USB-FS-Device_Driver/inc/usb_regs.h"
  86              		.file 7 "../Drivers/STM32_USB-FS-Device_Driver/inc/usb_core.h"
  87              		.file 8 "../Drivers/STM32_USB-FS-Device_Driver/inc/usb_init.h"
  88              		.file 9 "../Drivers/STM32_USB-FS-Device_Driver/inc/usb_lib.h"
  89              		.file 10 "../bootloader/Inc/usb_desc.h"
  90              		.file 11 "../bootloader/Src/usb_desc.c"
ARM GAS  /tmp/ccUct61a.s 			page 3


DEFINED SYMBOLS
                            *ABS*:0000000000000000 usb_desc.c
     /tmp/ccUct61a.s:57     .data.CustomHID_StringSerial:0000000000000000 CustomHID_StringSerial
     /tmp/ccUct61a.s:51     .data.CustomHID_StringProduct:0000000000000000 CustomHID_StringProduct
     /tmp/ccUct61a.s:63     .data.CustomHID_StringVendor:0000000000000000 CustomHID_StringVendor
     /tmp/ccUct61a.s:46     .data.CustomHID_StringLangID:0000000000000000 CustomHID_StringLangID
     /tmp/ccUct61a.s:40     .data.CustomHID_ReportDescriptor:0000000000000000 CustomHID_ReportDescriptor
     /tmp/ccUct61a.s:27     .data.CustomHID_ConfigDescriptor:0000000000000000 CustomHID_ConfigDescriptor
     /tmp/ccUct61a.s:34     .data.CustomHID_DeviceDescriptor:0000000000000000 CustomHID_DeviceDescriptor
     /tmp/ccUct61a.s:70     .data.usb_pid:0000000000000000 usb_pid
     /tmp/ccUct61a.s:76     .data.usb_vid:0000000000000000 usb_vid
     /tmp/ccUct61a.s:59     .data.CustomHID_StringSerial:000000000000000d $d
     /tmp/ccUct61a.s:67     .data.usb_pid:0000000000000000 $d
     /tmp/ccUct61a.s:73     .data.usb_vid:0000000000000000 $d

NO UNDEFINED SYMBOLS
